Log file open, 04/25/17 11:46:51
LogInit:Display: Running engine for game: IskyRestrubel
LogPlatformFile: Not using cached read wrapper
LogInit:Display: RandInit(-1241858582) SRandInit(-1241858581).
LogTaskGraph: Started task graph with 5 named threads and 6 total threads with 1 sets of task threads.
LogStats: Stats thread started at 0.182331
LogInit: Using libcurl 7.47.1
LogInit:  - built for x86_64-pc-win32
LogInit:  - supports SSL with OpenSSL/1.0.2g
LogInit:  - supports HTTP deflate (compression) using libz 1.2.8
LogInit:  - other features:
LogInit:      CURL_VERSION_SSL
LogInit:      CURL_VERSION_LIBZ
LogInit:      CURL_VERSION_IPV6
LogInit:      CURL_VERSION_ASYNCHDNS
LogInit:      CURL_VERSION_LARGEFILE
LogInit:      CURL_VERSION_IDN
LogInit:  CurlRequestOptions (configurable via config and command line):
LogInit:  - bVerifyPeer = false  - Libcurl will NOT verify peer certificate
LogInit:  - bUseHttpProxy = false  - Libcurl will NOT use HTTP proxy
LogInit:  - bDontReuseConnections = false  - Libcurl will reuse connections
LogInit:  - CertBundlePath = nullptr  - Libcurl will use whatever was configured at build time.
LogInit: Build: ++UE4+Release-4.15-CL-3348071
LogInit: Engine Version: 4.15.1-3348071+++UE4+Release-4.15
LogInit: Compatible Engine Version: 4.15.0-3299760+++UE4+Release-4.15
LogInit: Net CL: 3299760
LogDevObjectVersion: Number of dev versions registered: 14
LogDevObjectVersion:   Dev-Blueprints (B0D832E4-1F89-4F0D-ACCF-7EB736FD4AA2): 8
LogDevObjectVersion:   Dev-Build (E1C64328-A22C-4D53-A36C-8E866417BD8C): 0
LogDevObjectVersion:   Dev-Core (375EC13C-06E4-48FB-B500-84F0262A717E): 2
LogDevObjectVersion:   Dev-Editor (E4B068ED-F494-42E9-A231-DA0B2E46BB41): 14
LogDevObjectVersion:   Dev-Framework (CFFC743F-43B0-4480-9391-14DF171D2073): 22
LogDevObjectVersion:   Dev-Mobile (B02B49B5-BB20-44E9-A304-32B752E40360): 0
LogDevObjectVersion:   Dev-Networking (A4E4105C-59A1-49B5-A7C5-40C4547EDFEE): 0
LogDevObjectVersion:   Dev-Online (39C831C9-5AE6-47DC-9A44-9C173E1C8E7C): 0
LogDevObjectVersion:   Dev-Physics (78F01B33-EBEA-4F98-B9B4-84EACCB95AA2): 0
LogDevObjectVersion:   Dev-Platform (6631380F-2D4D-43E0-8009-CF276956A95A): 0
LogDevObjectVersion:   Dev-Rendering (12F88B9F-8875-4AFC-A67C-D90C383ABD29): 12
LogDevObjectVersion:   Dev-Sequencer (7B5AE74C-D270-4C10-A958-57980B212A5A): 3
LogDevObjectVersion:   Dev-VR (D7296918-1DD6-4BDD-9DE2-64A83CC13884): 0
LogDevObjectVersion:   Dev-LoadTimes (C2A15278-BFE7-4AFE-6C17-90FF531DF755): 1
LogInit: Compiled (64-bit): Mar 15 2017 16:52:47
LogInit: Compiled with Visual C++: 19.00.23026.00
LogInit: Build Configuration: Development
LogInit: Branch Name: ++UE4+Release-4.15
LogInit: Command line:  /Temp/Autosaves/Game/Maps/UEDPCMapMain -game -PIEVIACONSOLE -ResX=1280 -ResY=720  -Multiprocess -messaging -SessionName="Play in Standalone Game" -windowed 
LogInit: Base directory: C:/Program Files/Epic Games/UE_4.15/Engine/Binaries/Win64/
LogInit: Installed Engine Build: 1
LogInit: Presizing for max 8388607 objects, including 0 objects not considered by GC, pre-allocating 0 bytes for permanent pool.
LogInit: Object subsystem initialized
[2017.04.25-15.46.53:937][  0]LogInit: Selected Device Profile: [Windows]
[2017.04.25-15.46.53:937][  0]LogInit: Applying CVar settings loaded from the selected device profile: [Windows]
[2017.04.25-15.46.53:961][  0]LogInit: Computer: PRG22740
[2017.04.25-15.46.53:961][  0]LogInit: User: arodriguez
[2017.04.25-15.46.53:961][  0]LogInit: CPU Page size=65536, Cores=2
[2017.04.25-15.46.53:961][  0]LogInit: High frequency timer resolution =2.435888 MHz
[2017.04.25-15.46.53:961][  0]LogMemory: Memory total: Physical=7.9GB (8GB approx)
[2017.04.25-15.46.53:961][  0]LogMemory: Platform Memory Stats for Windows
[2017.04.25-15.46.53:961][  0]LogMemory: Process Physical Memory: 262.41 MB used, 262.41 MB peak
[2017.04.25-15.46.53:961][  0]LogMemory: Process Virtual Memory: 263.90 MB used, 263.90 MB peak
[2017.04.25-15.46.53:961][  0]LogMemory: Physical Memory: 5020.19 MB used,  3076.95 MB free, 8097.14 MB total
[2017.04.25-15.46.53:961][  0]LogMemory: Virtual Memory: 628.97 MB used,  3076.95 MB free, 8388608.00 MB total
[2017.04.25-15.46.54:134][  0]LogTextLocalizationManager: No specific translations for ('en-US') exist, so ('en') translations will be used.
[2017.04.25-15.46.54:820][  0]LogD3D11RHI: D3D11 adapters:
[2017.04.25-15.46.54:851][  0]LogD3D11RHI:    0. 'Intel(R) HD Graphics 4600' (Feature Level 11_0)
[2017.04.25-15.46.54:851][  0]LogD3D11RHI:       2094/0/3792 MB DedicatedVideo/DedicatedSystem/SharedSystem, Outputs:2, VendorId:0x8086
[2017.04.25-15.46.54:851][  0]LogD3D11RHI: Chosen D3D11 Adapter: 0
[2017.04.25-15.46.54:871][  0]LogD3D11RHI: Creating new Direct3DDevice
[2017.04.25-15.46.54:872][  0]LogD3D11RHI:     GPU DeviceId: 0x416 (for the marketing name, search the web for "GPU Device Id")
[2017.04.25-15.46.54:872][  0]LogWindows: EnumDisplayDevices:
[2017.04.25-15.46.54:873][  0]LogWindows:    0. 'Intel(R) HD Graphics 4600' (P:1 D:1)
[2017.04.25-15.46.54:874][  0]LogWindows:    1. 'Intel(R) HD Graphics 4600' (P:0 D:1)
[2017.04.25-15.46.54:875][  0]LogWindows:    2. 'Intel(R) HD Graphics 4600' (P:0 D:0)
[2017.04.25-15.46.54:876][  0]LogWindows:    3. 'Intel(R) HD Graphics 4600' (P:0 D:0)
[2017.04.25-15.46.54:877][  0]LogWindows:    4. 'Intel(R) HD Graphics 4600' (P:0 D:0)
[2017.04.25-15.46.54:878][  0]LogWindows:    5. 'Intel(R) HD Graphics 4600' (P:0 D:0)
[2017.04.25-15.46.54:878][  0]LogWindows:    6. 'Intel(R) HD Graphics 4600' (P:0 D:0)
[2017.04.25-15.46.54:879][  0]LogWindows:    7. 'Intel(R) HD Graphics 4600' (P:0 D:0)
[2017.04.25-15.46.54:880][  0]LogWindows:    8. 'Intel(R) HD Graphics 4600' (P:0 D:0)
[2017.04.25-15.46.54:881][  0]LogWindows:    9. 'RDPDD Chained DD' (P:0 D:0)
[2017.04.25-15.46.54:882][  0]LogWindows:    10. 'RDP Encoder Mirror Driver' (P:0 D:0)
[2017.04.25-15.46.54:883][  0]LogWindows:    11. 'RDP Reflector Display Driver' (P:0 D:0)
[2017.04.25-15.46.54:883][  0]LogWindows: DebugString: GetVideoDriverDetailsInvalid PrimaryIsNotTheChoosenAdapter GetVideoDriverDetailsInvalid PrimaryIsNotTheChoosenAdapter GetVideoDriverDetailsInvalid PrimaryIsNotTheChoosenAdapter FoundDriverCount:9 
[2017.04.25-15.46.54:883][  0]LogD3D11RHI:     Adapter Name: Intel(R) HD Graphics 4600
[2017.04.25-15.46.54:883][  0]LogD3D11RHI:   Driver Version: 10.18.14.4099 (internal:10.18.14.4099, unified:10.18.14.4099)
[2017.04.25-15.46.54:883][  0]LogD3D11RHI:      Driver Date: 1-19-2015
[2017.04.25-15.46.54:883][  0]LogRHI: Texture pool is 1361 MB (70% of 1945 MB)
[2017.04.25-15.46.54:906][  0]LogD3D11RHI: Async texture creation enabled
[2017.04.25-15.46.54:916][  0]LogD3D11RHI: GPU Timing Frequency: 12.500000 (Debug: 2 1)
[2017.04.25-15.46.54:921][  0]LogShaderCompilers: Guid format shader working directory is 17 characters bigger than the processId version (H:/RusskyIstrebetel2/IskyRestrubel/Intermediate/Shaders/WorkingDirectory/8988/).
[2017.04.25-15.46.54:921][  0]LogShaderCompilers: Cleaned the shader compiler working directory 'C:/Users/arodriguez/AppData/Local/Temp/UnrealShaderWorkingDir/5176015D43C309235606C9B9FEBE3108/'.
[2017.04.25-15.46.54:921][  0]LogShaderCompilers:Display: Using Local Shader Compiler.
[2017.04.25-15.46.56:463][  0]LogTemp:Display: Loaded TP WindowsClientTargetPlatform
[2017.04.25-15.46.56:542][  0]LogTemp:Display: Loaded TP WindowsNoEditorTargetPlatform
[2017.04.25-15.46.56:629][  0]LogTemp:Display: Loaded TP WindowsServerTargetPlatform
[2017.04.25-15.46.56:703][  0]LogTemp:Display: Loaded TP WindowsTargetPlatform
[2017.04.25-15.46.56:703][  0]LogTargetPlatformManager:Display: Building Assets For Windows
[2017.04.25-15.46.57:384][  0]LogDerivedDataCache:Display: Max Cache Size: 512 MB
[2017.04.25-15.46.57:456][  0]LogDerivedDataCache: Loaded boot cache 0.07s 50MB C:/Users/arodriguez/AppData/Local/UnrealEngine/4.15/DerivedDataCache/Boot.ddc.
[2017.04.25-15.46.57:456][  0]LogDerivedDataCache:Display: Loaded Boot cache: C:/Users/arodriguez/AppData/Local/UnrealEngine/4.15/DerivedDataCache/Boot.ddc
[2017.04.25-15.46.57:457][  0]LogDerivedDataCache: FDerivedDataBackendGraph:  Pak pak cache file H:/RusskyIstrebetel2/IskyRestrubel/DerivedDataCache/DDC.ddp not found, will not use a pak cache.
[2017.04.25-15.46.57:457][  0]LogDerivedDataCache: Unable to find inner node Pak for hierarchical cache Hierarchy.
[2017.04.25-15.46.57:458][  0]LogDerivedDataCache: FDerivedDataBackendGraph:  CompressedPak pak cache file H:/RusskyIstrebetel2/IskyRestrubel/DerivedDataCache/Compressed.ddp not found, will not use a pak cache.
[2017.04.25-15.46.57:458][  0]LogDerivedDataCache: Unable to find inner node CompressedPak for hierarchical cache Hierarchy.
[2017.04.25-15.46.57:489][  0]LogDerivedDataCache:Display: Pak cache opened for reading ../../../Engine/DerivedDataCache/Compressed.ddp.
[2017.04.25-15.46.57:501][  0]LogDerivedDataCache: Using Local data cache path C:/Users/arodriguez/AppData/Local/UnrealEngine/Common/DerivedDataCache: Writable
[2017.04.25-15.46.57:513][  0]LogSlate: Using Freetype 2.6.0
[2017.04.25-15.46.57:513][  0]LogSlate: SlateFontCache - WITH_FREETYPE: 1, WITH_HARFBUZZ: 1
[2017.04.25-15.46.57:513][  0]LogSlate: SlateFontCache - WITH_FREETYPE: 1, WITH_HARFBUZZ: 1
[2017.04.25-15.46.57:984][  0]LogAssetRegistry: FAssetRegistry took 0.0001 seconds to start up
[2017.04.25-15.46.58:003][  0]LogPackageLocalizationCache: Processed 3 localized package path(s) for 2 prioritized culture(s) in 0.018929 seconds
[2017.04.25-15.46.58:061][  0]LogInit: Selected Device Profile: [Windows]
[2017.04.25-15.46.58:064][  0]LogContentStreaming: Texture pool size is 1000.00 MB
[2017.04.25-15.46.58:400][  0]LogMeshUtilities: Using QuadricMeshReduction for automatic static mesh reduction
[2017.04.25-15.46.58:465][  0]LogSimplygon: Simplygon DLL not present - disabling.
[2017.04.25-15.46.58:541][  0]LogMeshUtilities: Using SimplygonSwarm for distributed automatic mesh merging
[2017.04.25-15.46.58:541][  0]LogMeshUtilities: No automatic skeletal mesh reduction module available
[2017.04.25-15.46.58:541][  0]LogMeshUtilities: No automatic mesh merging module available
[2017.04.25-15.46.59:317][  0]LogNetVersion: GetLocalNetworkVersion: CL: 3299760, ProjectName: iskyrestrubel, ProjectVersion: , EngineNetworkVersion: 2, GameNetworkVersion: 0, NetworkChecksum: 3238313141
[2017.04.25-15.46.59:418][  0]LogInit: WinSock: version 1.1 (2.2), MaxSocks=32767, MaxUdp=65467
[2017.04.25-15.47.00:583][  0]LogMoviePlayer: Initializing movie player
[2017.04.25-15.47.01:083][  0]LogTcpMessaging: Initializing TcpMessaging bridge
[2017.04.25-15.47.01:131][  0]LogUdpMessaging: Initializing bridge on interface 0.0.0.0:0 to multicast group 230.0.0.1:6666.
[2017.04.25-15.47.01:535][  0]SourceControl: Info Source control is disabled
[2017.04.25-15.47.01:535][  0]SourceControl: Info Source control is disabled
[2017.04.25-15.47.01:622][  0]SourceControl: Info Source control is disabled
[2017.04.25-15.47.02:643][  0]LogUObjectArray: 34408 objects as part of root set at end of initial load.
[2017.04.25-15.47.02:643][  0]LogUObjectAllocator: 7639320 out of 0 bytes used by permanent object pool.
[2017.04.25-15.47.02:643][  0]LogUObjectArray: CloseDisregardForGC: 0/0 objects in disregard for GC pool
[2017.04.25-15.47.02:782][  0]LogEngine: Initializing Engine...
[2017.04.25-15.47.02:783][  0]LogHMD: Failed to initialize OpenVR with code 110
[2017.04.25-15.47.02:927][  0]LogInit: XAudio2 using 'Speakers / Headphones (Realtek High Definition Audio)' : 2 channels at 48 kHz using 32 bits per sample (channel mask 0x3)
[2017.04.25-15.47.02:942][  0]LogInit: FAudioDevice initialized.
[2017.04.25-15.47.02:987][  0]LogInit: Texture streaming: Enabled
[2017.04.25-15.47.03:032][  0]LogMaterial: Uniform references updated for custom material expression Custom.
[2017.04.25-15.47.03:644][  0]LogInit:Display: Game Engine Initialized.
[2017.04.25-15.47.03:938][  0]LogInit:Display: Starting Game.
[2017.04.25-15.47.03:938][  0]LogNet: Browse: /Temp/Autosaves/Game/Maps/UEDPCMapMain?Name=Player
[2017.04.25-15.47.03:978][  0]LogLoad: LoadMap: /Temp/Autosaves/Game/Maps/UEDPCMapMain?Name=Player
[2017.04.25-15.47.04:015][  0]LogMemory: Platform Memory Stats for Windows
[2017.04.25-15.47.04:015][  0]LogMemory: Process Physical Memory: 620.01 MB used, 648.63 MB peak
[2017.04.25-15.47.04:015][  0]LogMemory: Process Virtual Memory: 606.25 MB used, 639.15 MB peak
[2017.04.25-15.47.04:015][  0]LogMemory: Physical Memory: 5419.82 MB used,  2677.32 MB free, 8097.14 MB total
[2017.04.25-15.47.04:015][  0]LogMemory: Virtual Memory: 1149.22 MB used,  2677.32 MB free, 8388608.00 MB total
[2017.04.25-15.47.04:015][  0]LogMemory: 
[2017.04.25-15.47.04:015][  0]Allocator Stats for TBB: (not implemented)
[2017.04.25-15.47.04:114][  0]LogLinker:Warning: Can't find file '/Game/ExampleContent/Materials/StarterContent/Materials/M_Metal_Steel'
[2017.04.25-15.47.04:115][  0]LogUObjectGlobals:Warning: Failed to load '/Game/ExampleContent/Materials/StarterContent/Materials/M_Metal_Steel': Can't find file '/Game/ExampleContent/Materials/StarterContent/Materials/M_Metal_Steel'
[2017.04.25-15.47.04:115][  0]LogLinker:Warning: Can't find file for asset '/Game/ExampleContent/Materials/StarterContent/Materials/M_Metal_Steel' while loading NULL.
[2017.04.25-15.47.04:115][  0]LogUObjectGlobals:Warning: Failed to load '/Game/ExampleContent/Materials/StarterContent/Materials/M_Metal_Steel': Can't find file for asset '/Game/ExampleContent/Materials/StarterContent/Materials/M_Metal_Steel' while loading NULL.
[2017.04.25-15.47.04:124][  0]LogLinker:Warning: Can't find file '/Game/ExampleContent/Materials/StarterContent/Materials/M_Metal_Steel'
[2017.04.25-15.47.04:124][  0]LoadErrors: Info Failed to load /Game/ExampleContent/Materials/StarterContent/Materials/M_Metal_Steel.M_Metal_Steel Referenced by StaticMesh_GEN_VARIABLE
[2017.04.25-15.47.04:124][  0]LogUObjectGlobals:Warning: Failed to load '/Game/ExampleContent/Materials/StarterContent/Materials/M_Metal_Steel': Can't find file '/Game/ExampleContent/Materials/StarterContent/Materials/M_Metal_Steel'
[2017.04.25-15.47.04:125][  0]LogLinker:Warning: Can't find file for asset '/Game/ExampleContent/Materials/StarterContent/Materials/M_Metal_Steel' while loading NULL.
[2017.04.25-15.47.04:125][  0]LoadErrors: Info Failed to load /Game/ExampleContent/Materials/StarterContent/Materials/M_Metal_Steel.M_Metal_Steel Referenced by StaticMesh_GEN_VARIABLE
[2017.04.25-15.47.04:125][  0]LogUObjectGlobals:Warning: Failed to load '/Game/ExampleContent/Materials/StarterContent/Materials/M_Metal_Steel': Can't find file for asset '/Game/ExampleContent/Materials/StarterContent/Materials/M_Metal_Steel' while loading NULL.
[2017.04.25-15.47.04:125][  0]LogLinker:Warning: Can't find file '/Game/ExampleContent/Materials/StarterContent/Materials/M_Metal_Steel'
[2017.04.25-15.47.04:126][  0]LoadErrors: Info Failed to load /Game/ExampleContent/Materials/StarterContent/Materials/M_Metal_Steel.M_Metal_Steel Referenced by StaticMesh_GEN_VARIABLE
[2017.04.25-15.47.04:126][  0]LogUObjectGlobals:Warning: Failed to load '/Game/ExampleContent/Materials/StarterContent/Materials/M_Metal_Steel': Can't find file '/Game/ExampleContent/Materials/StarterContent/Materials/M_Metal_Steel'
[2017.04.25-15.47.04:126][  0]LogLinker:Warning: Can't find file for asset '/Game/ExampleContent/Materials/StarterContent/Materials/M_Metal_Steel' while loading NULL.
[2017.04.25-15.47.04:126][  0]LoadErrors: Info Failed to load /Game/ExampleContent/Materials/StarterContent/Materials/M_Metal_Steel.M_Metal_Steel Referenced by StaticMesh_GEN_VARIABLE
[2017.04.25-15.47.04:126][  0]LogUObjectGlobals:Warning: Failed to load '/Game/ExampleContent/Materials/StarterContent/Materials/M_Metal_Steel': Can't find file for asset '/Game/ExampleContent/Materials/StarterContent/Materials/M_Metal_Steel' while loading NULL.
[2017.04.25-15.47.04:127][  0]LogLinker:Warning: Can't find file '/Game/ExampleContent/Materials/StarterContent/Materials/M_Metal_Steel'
[2017.04.25-15.47.04:127][  0]LoadErrors: Info Failed to load /Game/ExampleContent/Materials/StarterContent/Materials/M_Metal_Steel.M_Metal_Steel Referenced by StaticMesh_GEN_VARIABLE
[2017.04.25-15.47.04:127][  0]LogUObjectGlobals:Warning: Failed to load '/Game/ExampleContent/Materials/StarterContent/Materials/M_Metal_Steel': Can't find file '/Game/ExampleContent/Materials/StarterContent/Materials/M_Metal_Steel'
[2017.04.25-15.47.04:127][  0]LogLinker:Warning: Can't find file for asset '/Game/ExampleContent/Materials/StarterContent/Materials/M_Metal_Steel' while loading NULL.
[2017.04.25-15.47.04:127][  0]LoadErrors: Info Failed to load /Game/ExampleContent/Materials/StarterContent/Materials/M_Metal_Steel.M_Metal_Steel Referenced by StaticMesh_GEN_VARIABLE
[2017.04.25-15.47.04:127][  0]LogUObjectGlobals:Warning: Failed to load '/Game/ExampleContent/Materials/StarterContent/Materials/M_Metal_Steel': Can't find file for asset '/Game/ExampleContent/Materials/StarterContent/Materials/M_Metal_Steel' while loading NULL.
[2017.04.25-15.47.04:128][  0]LogLinker:Warning: Can't find file '/Game/ExampleContent/Materials/StarterContent/Materials/M_Metal_Steel'
[2017.04.25-15.47.04:128][  0]LoadErrors: Info Failed to load /Game/ExampleContent/Materials/StarterContent/Materials/M_Metal_Steel.M_Metal_Steel Referenced by StaticMesh_GEN_VARIABLE
[2017.04.25-15.47.04:128][  0]LogUObjectGlobals:Warning: Failed to load '/Game/ExampleContent/Materials/StarterContent/Materials/M_Metal_Steel': Can't find file '/Game/ExampleContent/Materials/StarterContent/Materials/M_Metal_Steel'
[2017.04.25-15.47.04:128][  0]LogLinker:Warning: Can't find file for asset '/Game/ExampleContent/Materials/StarterContent/Materials/M_Metal_Steel' while loading NULL.
[2017.04.25-15.47.04:128][  0]LoadErrors: Info Failed to load /Game/ExampleContent/Materials/StarterContent/Materials/M_Metal_Steel.M_Metal_Steel Referenced by StaticMesh_GEN_VARIABLE
[2017.04.25-15.47.04:128][  0]LogUObjectGlobals:Warning: Failed to load '/Game/ExampleContent/Materials/StarterContent/Materials/M_Metal_Steel': Can't find file for asset '/Game/ExampleContent/Materials/StarterContent/Materials/M_Metal_Steel' while loading NULL.
[2017.04.25-15.47.04:129][  0]LogLinker:Warning: Can't find file '/Game/ExampleContent/Materials/StarterContent/Materials/M_Metal_Steel'
[2017.04.25-15.47.04:129][  0]LoadErrors: Info Failed to load /Game/ExampleContent/Materials/StarterContent/Materials/M_Metal_Steel.M_Metal_Steel Referenced by StaticMesh_GEN_VARIABLE
[2017.04.25-15.47.04:129][  0]LogUObjectGlobals:Warning: Failed to load '/Game/ExampleContent/Materials/StarterContent/Materials/M_Metal_Steel': Can't find file '/Game/ExampleContent/Materials/StarterContent/Materials/M_Metal_Steel'
[2017.04.25-15.47.04:130][  0]LogLinker:Warning: Can't find file for asset '/Game/ExampleContent/Materials/StarterContent/Materials/M_Metal_Steel' while loading NULL.
[2017.04.25-15.47.04:130][  0]LoadErrors: Info Failed to load /Game/ExampleContent/Materials/StarterContent/Materials/M_Metal_Steel.M_Metal_Steel Referenced by StaticMesh_GEN_VARIABLE
[2017.04.25-15.47.04:130][  0]LogUObjectGlobals:Warning: Failed to load '/Game/ExampleContent/Materials/StarterContent/Materials/M_Metal_Steel': Can't find file for asset '/Game/ExampleContent/Materials/StarterContent/Materials/M_Metal_Steel' while loading NULL.
[2017.04.25-15.47.04:130][  0]LogLinker:Warning: Can't find file '/Game/ExampleContent/Materials/StarterContent/Materials/M_Metal_Steel'
[2017.04.25-15.47.04:130][  0]LoadErrors: Info Failed to load /Game/ExampleContent/Materials/StarterContent/Materials/M_Metal_Steel.M_Metal_Steel Referenced by StaticMesh_GEN_VARIABLE
[2017.04.25-15.47.04:130][  0]LogUObjectGlobals:Warning: Failed to load '/Game/ExampleContent/Materials/StarterContent/Materials/M_Metal_Steel': Can't find file '/Game/ExampleContent/Materials/StarterContent/Materials/M_Metal_Steel'
[2017.04.25-15.47.04:131][  0]LogLinker:Warning: Can't find file for asset '/Game/ExampleContent/Materials/StarterContent/Materials/M_Metal_Steel' while loading NULL.
[2017.04.25-15.47.04:131][  0]LoadErrors: Info Failed to load /Game/ExampleContent/Materials/StarterContent/Materials/M_Metal_Steel.M_Metal_Steel Referenced by StaticMesh_GEN_VARIABLE
[2017.04.25-15.47.04:131][  0]LogUObjectGlobals:Warning: Failed to load '/Game/ExampleContent/Materials/StarterContent/Materials/M_Metal_Steel': Can't find file for asset '/Game/ExampleContent/Materials/StarterContent/Materials/M_Metal_Steel' while loading NULL.
[2017.04.25-15.47.04:132][  0]LogLinker:Warning: Can't find file '/Game/ExampleContent/Materials/StarterContent/Materials/M_Metal_Steel'
[2017.04.25-15.47.04:132][  0]LoadErrors: Info Failed to load /Game/ExampleContent/Materials/StarterContent/Materials/M_Metal_Steel.M_Metal_Steel Referenced by StaticMesh_GEN_VARIABLE
[2017.04.25-15.47.04:132][  0]LogUObjectGlobals:Warning: Failed to load '/Game/ExampleContent/Materials/StarterContent/Materials/M_Metal_Steel': Can't find file '/Game/ExampleContent/Materials/StarterContent/Materials/M_Metal_Steel'
[2017.04.25-15.47.04:132][  0]LogLinker:Warning: Can't find file for asset '/Game/ExampleContent/Materials/StarterContent/Materials/M_Metal_Steel' while loading NULL.
[2017.04.25-15.47.04:132][  0]LoadErrors: Info Failed to load /Game/ExampleContent/Materials/StarterContent/Materials/M_Metal_Steel.M_Metal_Steel Referenced by StaticMesh_GEN_VARIABLE
[2017.04.25-15.47.04:132][  0]LogUObjectGlobals:Warning: Failed to load '/Game/ExampleContent/Materials/StarterContent/Materials/M_Metal_Steel': Can't find file for asset '/Game/ExampleContent/Materials/StarterContent/Materials/M_Metal_Steel' while loading NULL.
[2017.04.25-15.47.04:133][  0]LogLinker:Warning: Can't find file '/Game/ExampleContent/Materials/StarterContent/Materials/M_Metal_Steel'
[2017.04.25-15.47.04:133][  0]LoadErrors: Info Failed to load /Game/ExampleContent/Materials/StarterContent/Materials/M_Metal_Steel.M_Metal_Steel Referenced by StaticMesh_GEN_VARIABLE
[2017.04.25-15.47.04:133][  0]LogUObjectGlobals:Warning: Failed to load '/Game/ExampleContent/Materials/StarterContent/Materials/M_Metal_Steel': Can't find file '/Game/ExampleContent/Materials/StarterContent/Materials/M_Metal_Steel'
[2017.04.25-15.47.04:134][  0]LogLinker:Warning: Can't find file for asset '/Game/ExampleContent/Materials/StarterContent/Materials/M_Metal_Steel' while loading NULL.
[2017.04.25-15.47.04:134][  0]LoadErrors: Info Failed to load /Game/ExampleContent/Materials/StarterContent/Materials/M_Metal_Steel.M_Metal_Steel Referenced by StaticMesh_GEN_VARIABLE
[2017.04.25-15.47.04:134][  0]LogUObjectGlobals:Warning: Failed to load '/Game/ExampleContent/Materials/StarterContent/Materials/M_Metal_Steel': Can't find file for asset '/Game/ExampleContent/Materials/StarterContent/Materials/M_Metal_Steel' while loading NULL.
[2017.04.25-15.47.04:134][  0]LogLinker:Warning: Can't find file '/Game/ExampleContent/Materials/StarterContent/Materials/M_Metal_Steel'
[2017.04.25-15.47.04:134][  0]LoadErrors: Info Failed to load /Game/ExampleContent/Materials/StarterContent/Materials/M_Metal_Steel.M_Metal_Steel Referenced by StaticMesh_GEN_VARIABLE
[2017.04.25-15.47.04:134][  0]LogUObjectGlobals:Warning: Failed to load '/Game/ExampleContent/Materials/StarterContent/Materials/M_Metal_Steel': Can't find file '/Game/ExampleContent/Materials/StarterContent/Materials/M_Metal_Steel'
[2017.04.25-15.47.04:135][  0]LogLinker:Warning: Can't find file for asset '/Game/ExampleContent/Materials/StarterContent/Materials/M_Metal_Steel' while loading NULL.
[2017.04.25-15.47.04:135][  0]LoadErrors: Info Failed to load /Game/ExampleContent/Materials/StarterContent/Materials/M_Metal_Steel.M_Metal_Steel Referenced by StaticMesh_GEN_VARIABLE
[2017.04.25-15.47.04:135][  0]LogUObjectGlobals:Warning: Failed to load '/Game/ExampleContent/Materials/StarterContent/Materials/M_Metal_Steel': Can't find file for asset '/Game/ExampleContent/Materials/StarterContent/Materials/M_Metal_Steel' while loading NULL.
[2017.04.25-15.47.04:136][  0]LogLinker:Warning: Can't find file '/Game/ExampleContent/Materials/StarterContent/Materials/M_Metal_Steel'
[2017.04.25-15.47.04:136][  0]LoadErrors: Info Failed to load /Game/ExampleContent/Materials/StarterContent/Materials/M_Metal_Steel.M_Metal_Steel Referenced by StaticMesh_GEN_VARIABLE
[2017.04.25-15.47.04:136][  0]LogUObjectGlobals:Warning: Failed to load '/Game/ExampleContent/Materials/StarterContent/Materials/M_Metal_Steel': Can't find file '/Game/ExampleContent/Materials/StarterContent/Materials/M_Metal_Steel'
[2017.04.25-15.47.04:136][  0]LogLinker:Warning: Can't find file for asset '/Game/ExampleContent/Materials/StarterContent/Materials/M_Metal_Steel' while loading NULL.
[2017.04.25-15.47.04:137][  0]LoadErrors: Info Failed to load /Game/ExampleContent/Materials/StarterContent/Materials/M_Metal_Steel.M_Metal_Steel Referenced by StaticMesh_GEN_VARIABLE
[2017.04.25-15.47.04:137][  0]LogUObjectGlobals:Warning: Failed to load '/Game/ExampleContent/Materials/StarterContent/Materials/M_Metal_Steel': Can't find file for asset '/Game/ExampleContent/Materials/StarterContent/Materials/M_Metal_Steel' while loading NULL.
[2017.04.25-15.47.04:138][  0]LogLinker:Warning: Can't find file '/Game/ExampleContent/Materials/StarterContent/Materials/M_Metal_Steel'
[2017.04.25-15.47.04:138][  0]LoadErrors: Info Failed to load /Game/ExampleContent/Materials/StarterContent/Materials/M_Metal_Steel.M_Metal_Steel Referenced by StaticMesh_GEN_VARIABLE
[2017.04.25-15.47.04:138][  0]LogUObjectGlobals:Warning: Failed to load '/Game/ExampleContent/Materials/StarterContent/Materials/M_Metal_Steel': Can't find file '/Game/ExampleContent/Materials/StarterContent/Materials/M_Metal_Steel'
[2017.04.25-15.47.04:139][  0]LogLinker:Warning: Can't find file for asset '/Game/ExampleContent/Materials/StarterContent/Materials/M_Metal_Steel' while loading NULL.
[2017.04.25-15.47.04:139][  0]LoadErrors: Info Failed to load /Game/ExampleContent/Materials/StarterContent/Materials/M_Metal_Steel.M_Metal_Steel Referenced by StaticMesh_GEN_VARIABLE
[2017.04.25-15.47.04:139][  0]LogUObjectGlobals:Warning: Failed to load '/Game/ExampleContent/Materials/StarterContent/Materials/M_Metal_Steel': Can't find file for asset '/Game/ExampleContent/Materials/StarterContent/Materials/M_Metal_Steel' while loading NULL.
[2017.04.25-15.47.04:139][  0]LogLinker:Warning: Can't find file '/Game/ExampleContent/Materials/StarterContent/Materials/M_Metal_Steel'
[2017.04.25-15.47.04:140][  0]LoadErrors: Info Failed to load /Game/ExampleContent/Materials/StarterContent/Materials/M_Metal_Steel.M_Metal_Steel Referenced by StaticMesh_GEN_VARIABLE
[2017.04.25-15.47.04:140][  0]LogUObjectGlobals:Warning: Failed to load '/Game/ExampleContent/Materials/StarterContent/Materials/M_Metal_Steel': Can't find file '/Game/ExampleContent/Materials/StarterContent/Materials/M_Metal_Steel'
[2017.04.25-15.47.04:140][  0]LogLinker:Warning: Can't find file for asset '/Game/ExampleContent/Materials/StarterContent/Materials/M_Metal_Steel' while loading NULL.
[2017.04.25-15.47.04:140][  0]LoadErrors: Info Failed to load /Game/ExampleContent/Materials/StarterContent/Materials/M_Metal_Steel.M_Metal_Steel Referenced by StaticMesh_GEN_VARIABLE
[2017.04.25-15.47.04:140][  0]LogUObjectGlobals:Warning: Failed to load '/Game/ExampleContent/Materials/StarterContent/Materials/M_Metal_Steel': Can't find file for asset '/Game/ExampleContent/Materials/StarterContent/Materials/M_Metal_Steel' while loading NULL.
[2017.04.25-15.47.04:141][  0]LogLinker:Warning: Can't find file '/Game/ExampleContent/Materials/StarterContent/Materials/M_Metal_Steel'
[2017.04.25-15.47.04:141][  0]LoadErrors: Info Failed to load /Game/ExampleContent/Materials/StarterContent/Materials/M_Metal_Steel.M_Metal_Steel Referenced by StaticMesh_GEN_VARIABLE
[2017.04.25-15.47.04:141][  0]LogUObjectGlobals:Warning: Failed to load '/Game/ExampleContent/Materials/StarterContent/Materials/M_Metal_Steel': Can't find file '/Game/ExampleContent/Materials/StarterContent/Materials/M_Metal_Steel'
[2017.04.25-15.47.04:142][  0]LogLinker:Warning: Can't find file for asset '/Game/ExampleContent/Materials/StarterContent/Materials/M_Metal_Steel' while loading NULL.
[2017.04.25-15.47.04:142][  0]LoadErrors: Info Failed to load /Game/ExampleContent/Materials/StarterContent/Materials/M_Metal_Steel.M_Metal_Steel Referenced by StaticMesh_GEN_VARIABLE
[2017.04.25-15.47.04:142][  0]LogUObjectGlobals:Warning: Failed to load '/Game/ExampleContent/Materials/StarterContent/Materials/M_Metal_Steel': Can't find file for asset '/Game/ExampleContent/Materials/StarterContent/Materials/M_Metal_Steel' while loading NULL.
[2017.04.25-15.47.04:142][  0]LogLinker:Warning: Can't find file '/Game/ExampleContent/Materials/StarterContent/Materials/M_Metal_Steel'
[2017.04.25-15.47.04:142][  0]LoadErrors: Info Failed to load /Game/ExampleContent/Materials/StarterContent/Materials/M_Metal_Steel.M_Metal_Steel Referenced by StaticMesh_GEN_VARIABLE
[2017.04.25-15.47.04:142][  0]LogUObjectGlobals:Warning: Failed to load '/Game/ExampleContent/Materials/StarterContent/Materials/M_Metal_Steel': Can't find file '/Game/ExampleContent/Materials/StarterContent/Materials/M_Metal_Steel'
[2017.04.25-15.47.04:143][  0]LogLinker:Warning: Can't find file for asset '/Game/ExampleContent/Materials/StarterContent/Materials/M_Metal_Steel' while loading NULL.
[2017.04.25-15.47.04:143][  0]LoadErrors: Info Failed to load /Game/ExampleContent/Materials/StarterContent/Materials/M_Metal_Steel.M_Metal_Steel Referenced by StaticMesh_GEN_VARIABLE
[2017.04.25-15.47.04:143][  0]LogUObjectGlobals:Warning: Failed to load '/Game/ExampleContent/Materials/StarterContent/Materials/M_Metal_Steel': Can't find file for asset '/Game/ExampleContent/Materials/StarterContent/Materials/M_Metal_Steel' while loading NULL.
[2017.04.25-15.47.04:579][  0]LogAIModule: Creating AISystem for world MapMain
[2017.04.25-15.47.04:585][  0]LogLoad: Game class is 'Shooter_C'
[2017.04.25-15.47.04:588][  0]LogWorld: Bringing World /Temp/Autosaves/Game/Maps/UEDPCMapMain.MapMain up for play (max tick rate 0) at 2017.04.25-11.47.04
[2017.04.25-15.47.04:589][  0]LogWorld: Bringing up level for play took: 0.003255
[2017.04.25-15.47.04:605][  0]LogLoad: Took 0.626688 seconds to LoadMap(/Temp/Autosaves/Game/Maps/UEDPCMapMain)
[2017.04.25-15.47.05:341][  0]LogRenderer: Reallocating scene render targets to support 1280x720 NumSamples 1 (Frame:2).
[2017.04.25-15.47.05:341][  0]LogLoad: (Engine Initialization) Total time: 16.76 seconds
[2017.04.25-15.47.05:341][  0]LogLoad: (Engine Initialization) Total Blueprint compile time: 0.17 seconds
[2017.04.25-15.47.05:341][  0]LogExternalProfiler: Found external profiler: VSPerf
[2017.04.25-15.47.05:341][  0]LogExternalProfiler: Using external profiler: VSPerf
[2017.04.25-15.47.05:366][  0]LogOcInput: OculusInput pre-init called
[2017.04.25-15.47.50:936][399]LogEngine: All Windows Closed
[2017.04.25-15.47.50:936][399]LogWindows: FPlatformMisc::RequestExit(0)
[2017.04.25-15.47.50:938][400]LogMoviePlayer: Shutting down movie player
[2017.04.25-15.47.51:796][400]LogExit: Preparing to exit.
[2017.04.25-15.47.52:312][400]LogExit: Game engine shut down
[2017.04.25-15.47.52:503][400]LogObj: Freed 0b from 0 cluster array pools.
[2017.04.25-15.47.52:503][400]LogExit: Object subsystem successfully closed.
[2017.04.25-15.47.52:519][400]LogD3D11RHI: Shutdown
[2017.04.25-15.47.52:519][400]LogD3D11RHI: CleanupD3DDevice
[2017.04.25-15.47.52:704][400]LogD3D11RHI: ~FD3D11DynamicRHI
[2017.04.25-15.47.52:725][400]LogModuleManager: Shutting down and abandoning module SequenceRecorderSections (264)
[2017.04.25-15.47.52:725][400]LogModuleManager: Shutting down and abandoning module SequenceRecorder (262)
[2017.04.25-15.47.52:725][400]LogModuleManager: Shutting down and abandoning module AutomationController (260)
[2017.04.25-15.47.52:725][400]LogModuleManager: Shutting down and abandoning module AutomationWorker (258)
[2017.04.25-15.47.52:725][400]LogModuleManager: Shutting down and abandoning module AIModule (256)
[2017.04.25-15.47.52:725][400]LogModuleManager: Shutting down and abandoning module GameplayDebugger (255)
[2017.04.25-15.47.52:731][400]LogModuleManager: Shutting down and abandoning module AITestSuite (253)
[2017.04.25-15.47.52:731][400]LogModuleManager: Shutting down and abandoning module WmfMediaFactory (250)
[2017.04.25-15.47.52:731][400]LogModuleManager: Shutting down and abandoning module MfMediaFactory (248)
[2017.04.25-15.47.52:731][400]LogModuleManager: Shutting down and abandoning module AvfMediaFactory (246)
[2017.04.25-15.47.52:731][400]LogModuleManager: Shutting down and abandoning module AndroidMediaFactory (244)
[2017.04.25-15.47.52:731][400]LogModuleManager: Shutting down and abandoning module Media (243)
[2017.04.25-15.47.52:731][400]LogModuleManager: Shutting down and abandoning module CharacterAI (240)
[2017.04.25-15.47.52:731][400]LogModuleManager: Shutting down and abandoning module SessionServices (238)
[2017.04.25-15.47.52:731][400]LogModuleManager: Shutting down and abandoning module MovieSceneCapture (236)
[2017.04.25-15.47.52:732][400]LogModuleManager: Shutting down and abandoning module GeometryCache (234)
[2017.04.25-15.47.52:732][400]LogModuleManager: Shutting down and abandoning module GeometryCacheEd (233)
[2017.04.25-15.47.52:732][400]LogModuleManager: Shutting down and abandoning module Niagara (230)
[2017.04.25-15.47.52:732][400]LogModuleManager: Shutting down and abandoning module StreamingPauseRendering (228)
[2017.04.25-15.47.52:732][400]LogModuleManager: Shutting down and abandoning module PortalServices (226)
[2017.04.25-15.47.52:732][400]LogModuleManager: Shutting down and abandoning module PortalRpc (224)
[2017.04.25-15.47.52:732][400]LogModuleManager: Shutting down and abandoning module MessagingRpc (222)
[2017.04.25-15.47.52:732][400]LogModuleManager: Shutting down and abandoning module ProfilerService (220)
[2017.04.25-15.47.52:809][400]LogModuleManager: Shutting down and abandoning module TaskGraph (218)
[2017.04.25-15.47.52:809][400]LogModuleManager: Shutting down and abandoning module SteamVRController (216)
[2017.04.25-15.47.52:809][400]LogModuleManager: Shutting down and abandoning module SteamVR (214)
[2017.04.25-15.47.52:809][400]LogModuleManager: Shutting down and abandoning module ProceduralMeshComponent (212)
[2017.04.25-15.47.52:810][400]LogModuleManager: Shutting down and abandoning module OculusLibrary (210)
[2017.04.25-15.47.52:810][400]LogModuleManager: Shutting down and abandoning module OculusInput (208)
[2017.04.25-15.47.52:810][400]LogModuleManager: Shutting down and abandoning module MobilePatchingUtils (206)
[2017.04.25-15.47.52:810][400]LogModuleManager: Shutting down and abandoning module CustomMeshComponent (204)
[2017.04.25-15.47.52:810][400]LogModuleManager: Shutting down and abandoning module CableComponent (202)
[2017.04.25-15.47.52:810][400]LogModuleManager: Shutting down and abandoning module ArchVisCharacter (200)
[2017.04.25-15.47.52:810][400]LogModuleManager: Shutting down and abandoning module HTML5Networking (196)
[2017.04.25-15.47.52:810][400]LogModuleManager: Shutting down and abandoning module VisualStudioSourceCodeAccess (194)
[2017.04.25-15.47.52:810][400]LogModuleManager: Shutting down and abandoning module DesktopPlatform (193)
[2017.04.25-15.47.52:810][400]LogModuleManager: Shutting down and abandoning module HotReload (191)
[2017.04.25-15.47.52:810][400]LogModuleManager: Shutting down and abandoning module DirectoryWatcher (190)
[2017.04.25-15.47.52:810][400]LogModuleManager: Shutting down and abandoning module UObjectPlugin (186)
[2017.04.25-15.47.52:810][400]LogModuleManager: Shutting down and abandoning module SubversionSourceControl (184)
[2017.04.25-15.47.52:810][400]LogModuleManager: Shutting down and abandoning module PerforceSourceControl (182)
[2017.04.25-15.47.52:810][400]LogModuleManager: Shutting down and abandoning module SourceControl (181)
[2017.04.25-15.47.52:810][400]LogModuleManager: Shutting down and abandoning module PhysXVehiclesEditor (178)
[2017.04.25-15.47.52:810][400]LogModuleManager: Shutting down and abandoning module PhysXVehicles (176)
[2017.04.25-15.47.52:810][400]LogModuleManager: Shutting down and abandoning module LocationServicesBPLibrary (174)
[2017.04.25-15.47.52:810][400]LogModuleManager: Shutting down and abandoning module UdpMessaging (172)
[2017.04.25-15.47.52:910][400]LogModuleManager: Shutting down and abandoning module TcpMessaging (170)
[2017.04.25-15.47.53:105][400]LogModuleManager: Shutting down and abandoning module GameplayTagsEditor (168)
[2017.04.25-15.47.53:105][400]LogModuleManager: Shutting down and abandoning module FacialAnimation (166)
[2017.04.25-15.47.53:105][400]LogModuleManager: Shutting down and abandoning module LightPropagationVolumeRuntime (164)
[2017.04.25-15.47.53:105][400]LogModuleManager: Shutting down and abandoning module Paper2D (162)
[2017.04.25-15.47.53:105][400]LogModuleManager: Shutting down and abandoning module WindowsMoviePlayer (160)
[2017.04.25-15.47.53:105][400]LogModuleManager: Shutting down and abandoning module WmfMedia (158)
[2017.04.25-15.47.53:114][400]LogModuleManager: Shutting down and abandoning module MfMedia (156)
[2017.04.25-15.47.53:114][400]LogModuleManager: Shutting down and abandoning module MediaAssets (154)
[2017.04.25-15.47.53:114][400]LogModuleManager: Shutting down and abandoning module GameLiveStreaming (152)
[2017.04.25-15.47.53:114][400]LogModuleManager: Shutting down and abandoning module VREditor (150)
[2017.04.25-15.47.53:114][400]LogModuleManager: Shutting down and abandoning module GameplayTasksEditor (148)
[2017.04.25-15.47.53:114][400]LogModuleManager: Shutting down and abandoning module BehaviorTreeEditor (146)
[2017.04.25-15.47.53:121][400]LogModuleManager: Shutting down and abandoning module FunctionalTesting (144)
[2017.04.25-15.47.53:121][400]LogModuleManager: Shutting down and abandoning module CollisionAnalyzer (142)
[2017.04.25-15.47.53:132][400]LogModuleManager: Shutting down and abandoning module UMG (140)
[2017.04.25-15.47.53:132][400]LogModuleManager: Shutting down and abandoning module UMGEditor (139)
[2017.04.25-15.47.53:132][400]LogModuleManager: Shutting down and abandoning module Sequencer (138)
[2017.04.25-15.47.53:133][400]LogModuleManager: Shutting down and abandoning module AssetTools (136)
[2017.04.25-15.47.53:140][400]LogModuleManager: Shutting down and abandoning module MessageLog (135)
[2017.04.25-15.47.53:140][400]LogModuleManager: Shutting down and abandoning module WorkspaceMenuStructure (134)
[2017.04.25-15.47.53:140][400]LogModuleManager: Shutting down and abandoning module SlateReflector (128)
[2017.04.25-15.47.53:159][400]LogModuleManager: Shutting down and abandoning module Slate (126)
[2017.04.25-15.47.53:159][400]LogModuleManager: Shutting down and abandoning module EditorStyle (124)
[2017.04.25-15.47.53:165][400]LogModuleManager: Shutting down and abandoning module Messaging (122)
[2017.04.25-15.47.53:165][400]LogModuleManager: Shutting down and abandoning module SourceCodeAccess (120)
[2017.04.25-15.47.53:165][400]LogModuleManager: Shutting down and abandoning module HeadMountedDisplay (118)
[2017.04.25-15.47.53:165][400]LogModuleManager: Shutting down and abandoning module XAudio2 (116)
[2017.04.25-15.47.53:165][400]LogModuleManager: Shutting down and abandoning module Networking (114)
[2017.04.25-15.47.53:165][400]LogModuleManager: Shutting down and abandoning module Core (110)
[2017.04.25-15.47.53:165][400]LogModuleManager: Shutting down and abandoning module KismetCompiler (108)
[2017.04.25-15.47.53:165][400]LogModuleManager: Shutting down and abandoning module PhysXFormats (106)
[2017.04.25-15.47.53:165][400]LogModuleManager: Shutting down and abandoning module MeshUtilities (104)
[2017.04.25-15.47.53:165][400]LogModuleManager: Shutting down and abandoning module SimplygonSwarm (103)
[2017.04.25-15.47.53:165][400]LogModuleManager: Shutting down and abandoning module SimplygonMeshReduction (101)
[2017.04.25-15.47.53:165][400]LogModuleManager: Shutting down and abandoning module QuadricMeshReduction (99)
[2017.04.25-15.47.53:165][400]LogModuleManager: Shutting down and abandoning module PropertyEditor (97)
[2017.04.25-15.47.53:165][400]LogModuleManager: Shutting down and abandoning module AssetRegistry (94)
[2017.04.25-15.47.53:166][400]LogModuleManager: Shutting down and abandoning module DerivedDataCache (92)
[2017.04.25-15.47.53:496][400]LogDerivedDataCache: Shutdown
[2017.04.25-15.47.53:496][400]LogModuleManager: Shutting down and abandoning module TargetPlatform (90)
[2017.04.25-15.47.53:496][400]LogModuleManager: Shutting down and abandoning module VulkanShaderFormat (89)
[2017.04.25-15.47.53:496][400]LogModuleManager: Shutting down and abandoning module ShaderFormatOpenGL (87)
[2017.04.25-15.47.53:497][400]LogModuleManager: Shutting down and abandoning module ShaderFormatD3D (85)
[2017.04.25-15.47.53:497][400]LogModuleManager: Shutting down and abandoning module MetalShaderFormat (83)
[2017.04.25-15.47.53:497][400]LogModuleManager: Shutting down and abandoning module TextureFormatUncompressed (81)
[2017.04.25-15.47.53:497][400]LogModuleManager: Shutting down and abandoning module TextureFormatPVR (79)
[2017.04.25-15.47.53:497][400]LogModuleManager: Shutting down and abandoning module TextureFormatDXT (77)
[2017.04.25-15.47.53:497][400]LogModuleManager: Shutting down and abandoning module TextureFormatIntelISPCTexComp (75)
[2017.04.25-15.47.53:497][400]LogModuleManager: Shutting down and abandoning module TextureFormatASTC (73)
[2017.04.25-15.47.53:497][400]LogModuleManager: Shutting down and abandoning module ImageWrapper (72)
[2017.04.25-15.47.53:497][400]LogModuleManager: Shutting down and abandoning module TextureFormatAndroid (69)
[2017.04.25-15.47.53:497][400]LogModuleManager: Shutting down and abandoning module AudioFormatOpus (67)
[2017.04.25-15.47.53:506][400]LogModuleManager: Shutting down and abandoning module AudioFormatOgg (65)
[2017.04.25-15.47.53:506][400]LogModuleManager: Shutting down and abandoning module AudioFormatADPCM (63)
[2017.04.25-15.47.53:506][400]LogModuleManager: Shutting down and abandoning module WindowsTargetPlatform (61)
[2017.04.25-15.47.53:506][400]LogModuleManager: Shutting down and abandoning module WindowsServerTargetPlatform (59)
[2017.04.25-15.47.53:506][400]LogModuleManager: Shutting down and abandoning module WindowsNoEditorTargetPlatform (57)
[2017.04.25-15.47.53:506][400]LogModuleManager: Shutting down and abandoning module WindowsClientTargetPlatform (55)
[2017.04.25-15.47.53:506][400]LogModuleManager: Shutting down and abandoning module InputCore (52)
[2017.04.25-15.47.53:506][400]LogModuleManager: Shutting down and abandoning module Settings (50)
[2017.04.25-15.47.53:506][400]LogModuleManager: Shutting down and abandoning module OculusRift (48)
[2017.04.25-15.47.53:506][400]LogModuleManager: Shutting down and abandoning module GearVR (46)
[2017.04.25-15.47.53:518][400]LogModuleManager: Shutting down and abandoning module ExampleDeviceProfileSelector (44)
[2017.04.25-15.47.53:518][400]LogModuleManager: Shutting down and abandoning module OnlineBlueprintSupport (42)
[2017.04.25-15.47.53:518][400]LogModuleManager: Shutting down and abandoning module OnlineSubsystem (38)
[2017.04.25-15.47.53:518][400]LogOnline:Display: Unloading online subsystem: NULL
[2017.04.25-15.47.53:518][400]LogModuleManager: Shutting down and abandoning module XMPP (37)
[2017.04.25-15.47.53:534][400]LogModuleManager: Shutting down and abandoning module HTTP (35)
[2017.04.25-15.47.53:542][400]LogModuleManager: Shutting down and abandoning module SSL (34)
[2017.04.25-15.47.53:559][400]LogModuleManager: Shutting down and abandoning module AudioEditor (30)
[2017.04.25-15.47.53:559][400]LogModuleManager: Shutting down and abandoning module TextureCompressor (28)
[2017.04.25-15.47.53:560][400]LogModuleManager: Shutting down and abandoning module ShaderCore (26)
[2017.04.25-15.47.53:560][400]LogModuleManager: Shutting down and abandoning module Landscape (24)
[2017.04.25-15.47.53:560][400]LogModuleManager: Shutting down and abandoning module SlateRHIRenderer (22)
[2017.04.25-15.47.53:560][400]LogModuleManager: Shutting down and abandoning module OpenGLDrv (20)
[2017.04.25-15.47.53:560][400]LogModuleManager: Shutting down and abandoning module D3D11RHI (18)
[2017.04.25-15.47.53:560][400]LogModuleManager: Shutting down and abandoning module AnimGraphRuntime (16)
[2017.04.25-15.47.53:560][400]LogModuleManager: Shutting down and abandoning module Renderer (14)
[2017.04.25-15.47.53:560][400]LogModuleManager: Shutting down and abandoning module Engine (12)
[2017.04.25-15.47.53:560][400]LogModuleManager: Shutting down and abandoning module CoreUObject (10)
[2017.04.25-15.47.53:560][400]LogModuleManager: Shutting down and abandoning module NetworkFile (8)
[2017.04.25-15.47.53:560][400]LogModuleManager: Shutting down and abandoning module StreamingFile (6)
[2017.04.25-15.47.53:560][400]LogModuleManager: Shutting down and abandoning module SandboxFile (4)
[2017.04.25-15.47.53:560][400]LogModuleManager: Shutting down and abandoning module PakFile (2)
[2017.04.25-15.47.53:563][400]LogExit: Exiting.
[2017.04.25-15.47.53:569][400]Log file closed, 04/25/17 11:47:53
