Log file open, 04/18/17 12:03:42
LogInit:Display: Running engine for game: IskyRestrubel
LogPlatformFile: Not using cached read wrapper
LogInit:Display: RandInit(1263589852) SRandInit(1263589852).
LogTaskGraph: Started task graph with 5 named threads and 6 total threads with 1 sets of task threads.
LogStats: Stats thread started at 0.094834
LogInit: Using libcurl 7.47.1
LogInit:  - built for x86_64-pc-win32
LogInit:  - supports SSL with OpenSSL/1.0.2g
LogInit:  - supports HTTP deflate (compression) using libz 1.2.8
LogInit:  - other features:
LogInit:      CURL_VERSION_SSL
LogInit:      CURL_VERSION_LIBZ
LogInit:      CURL_VERSION_IPV6
LogInit:      CURL_VERSION_ASYNCHDNS
LogInit:      CURL_VERSION_LARGEFILE
LogInit:      CURL_VERSION_IDN
LogInit:  CurlRequestOptions (configurable via config and command line):
LogInit:  - bVerifyPeer = false  - Libcurl will NOT verify peer certificate
LogInit:  - bUseHttpProxy = false  - Libcurl will NOT use HTTP proxy
LogInit:  - bDontReuseConnections = false  - Libcurl will reuse connections
LogInit:  - CertBundlePath = nullptr  - Libcurl will use whatever was configured at build time.
LogInit: Build: ++UE4+Release-4.15-CL-3348071
LogInit: Engine Version: 4.15.1-3348071+++UE4+Release-4.15
LogInit: Compatible Engine Version: 4.15.0-3299760+++UE4+Release-4.15
LogInit: Net CL: 3299760
LogDevObjectVersion: Number of dev versions registered: 14
LogDevObjectVersion:   Dev-Blueprints (B0D832E4-1F89-4F0D-ACCF-7EB736FD4AA2): 8
LogDevObjectVersion:   Dev-Build (E1C64328-A22C-4D53-A36C-8E866417BD8C): 0
LogDevObjectVersion:   Dev-Core (375EC13C-06E4-48FB-B500-84F0262A717E): 2
LogDevObjectVersion:   Dev-Editor (E4B068ED-F494-42E9-A231-DA0B2E46BB41): 14
LogDevObjectVersion:   Dev-Framework (CFFC743F-43B0-4480-9391-14DF171D2073): 22
LogDevObjectVersion:   Dev-Mobile (B02B49B5-BB20-44E9-A304-32B752E40360): 0
LogDevObjectVersion:   Dev-Networking (A4E4105C-59A1-49B5-A7C5-40C4547EDFEE): 0
LogDevObjectVersion:   Dev-Online (39C831C9-5AE6-47DC-9A44-9C173E1C8E7C): 0
LogDevObjectVersion:   Dev-Physics (78F01B33-EBEA-4F98-B9B4-84EACCB95AA2): 0
LogDevObjectVersion:   Dev-Platform (6631380F-2D4D-43E0-8009-CF276956A95A): 0
LogDevObjectVersion:   Dev-Rendering (12F88B9F-8875-4AFC-A67C-D90C383ABD29): 12
LogDevObjectVersion:   Dev-Sequencer (7B5AE74C-D270-4C10-A958-57980B212A5A): 3
LogDevObjectVersion:   Dev-VR (D7296918-1DD6-4BDD-9DE2-64A83CC13884): 0
LogDevObjectVersion:   Dev-LoadTimes (C2A15278-BFE7-4AFE-6C17-90FF531DF755): 1
LogInit: Compiled (64-bit): Mar 15 2017 16:52:47
LogInit: Compiled with Visual C++: 19.00.23026.00
LogInit: Build Configuration: Development
LogInit: Branch Name: ++UE4+Release-4.15
LogInit: Command line: -EpicPortal 
LogInit: Base directory: C:/Program Files/Epic Games/UE_4.15/Engine/Binaries/Win64/
LogInit: Installed Engine Build: 1
LogInit: Presizing for max 8388607 objects, including 0 objects not considered by GC, pre-allocating 0 bytes for permanent pool.
LogInit: Object subsystem initialized
[2017.04.18-16.03.43:883][  0]LogInit: Selected Device Profile: [Windows]
[2017.04.18-16.03.43:883][  0]LogInit: Applying CVar settings loaded from the selected device profile: [Windows]
[2017.04.18-16.03.43:896][  0]LogInit: Computer: PRG22740
[2017.04.18-16.03.43:896][  0]LogInit: User: arodriguez
[2017.04.18-16.03.43:896][  0]LogInit: CPU Page size=65536, Cores=2
[2017.04.18-16.03.43:896][  0]LogInit: High frequency timer resolution =2.435888 MHz
[2017.04.18-16.03.43:896][  0]LogMemory: Memory total: Physical=7.9GB (8GB approx)
[2017.04.18-16.03.43:896][  0]LogMemory: Platform Memory Stats for Windows
[2017.04.18-16.03.43:896][  0]LogMemory: Process Physical Memory: 262.39 MB used, 262.39 MB peak
[2017.04.18-16.03.43:896][  0]LogMemory: Process Virtual Memory: 263.88 MB used, 263.88 MB peak
[2017.04.18-16.03.43:896][  0]LogMemory: Physical Memory: 4069.25 MB used,  4027.89 MB free, 8097.14 MB total
[2017.04.18-16.03.43:896][  0]LogMemory: Virtual Memory: 628.97 MB used,  4027.89 MB free, 8388608.00 MB total
[2017.04.18-16.03.43:975][  0]LogTextLocalizationManager: No specific translations for ('en-US') exist, so ('en') translations will be used.
[2017.04.18-16.03.46:127][  0]LogD3D11RHI: D3D11 adapters:
[2017.04.18-16.03.46:155][  0]LogD3D11RHI:    0. 'Intel(R) HD Graphics 4600' (Feature Level 11_0)
[2017.04.18-16.03.46:155][  0]LogD3D11RHI:       2094/0/3792 MB DedicatedVideo/DedicatedSystem/SharedSystem, Outputs:1, VendorId:0x8086
[2017.04.18-16.03.46:155][  0]LogD3D11RHI: Chosen D3D11 Adapter: 0
[2017.04.18-16.03.46:168][  0]LogD3D11RHI: Creating new Direct3DDevice
[2017.04.18-16.03.46:169][  0]LogD3D11RHI:     GPU DeviceId: 0x416 (for the marketing name, search the web for "GPU Device Id")
[2017.04.18-16.03.46:169][  0]LogWindows: EnumDisplayDevices:
[2017.04.18-16.03.46:169][  0]LogWindows:    0. 'Intel(R) HD Graphics 4600' (P:1 D:1)
[2017.04.18-16.03.46:169][  0]LogWindows:    1. 'Intel(R) HD Graphics 4600' (P:0 D:0)
[2017.04.18-16.03.46:170][  0]LogWindows:    2. 'Intel(R) HD Graphics 4600' (P:0 D:0)
[2017.04.18-16.03.46:170][  0]LogWindows:    3. 'Intel(R) HD Graphics 4600' (P:0 D:0)
[2017.04.18-16.03.46:171][  0]LogWindows:    4. 'Intel(R) HD Graphics 4600' (P:0 D:0)
[2017.04.18-16.03.46:171][  0]LogWindows:    5. 'Intel(R) HD Graphics 4600' (P:0 D:0)
[2017.04.18-16.03.46:172][  0]LogWindows:    6. 'Intel(R) HD Graphics 4600' (P:0 D:0)
[2017.04.18-16.03.46:172][  0]LogWindows:    7. 'Intel(R) HD Graphics 4600' (P:0 D:0)
[2017.04.18-16.03.46:173][  0]LogWindows:    8. 'Intel(R) HD Graphics 4600' (P:0 D:0)
[2017.04.18-16.03.46:173][  0]LogWindows:    9. 'RDPDD Chained DD' (P:0 D:0)
[2017.04.18-16.03.46:173][  0]LogWindows:    10. 'RDP Encoder Mirror Driver' (P:0 D:0)
[2017.04.18-16.03.46:173][  0]LogWindows:    11. 'RDP Reflector Display Driver' (P:0 D:0)
[2017.04.18-16.03.46:173][  0]LogWindows: DebugString: GetVideoDriverDetailsInvalid PrimaryIsNotTheChoosenAdapter GetVideoDriverDetailsInvalid PrimaryIsNotTheChoosenAdapter GetVideoDriverDetailsInvalid PrimaryIsNotTheChoosenAdapter FoundDriverCount:9 
[2017.04.18-16.03.46:173][  0]LogD3D11RHI:     Adapter Name: Intel(R) HD Graphics 4600
[2017.04.18-16.03.46:173][  0]LogD3D11RHI:   Driver Version: 10.18.14.4099 (internal:10.18.14.4099, unified:10.18.14.4099)
[2017.04.18-16.03.46:173][  0]LogD3D11RHI:      Driver Date: 1-19-2015
[2017.04.18-16.03.46:174][  0]LogRHI: Texture pool is 1361 MB (70% of 1945 MB)
[2017.04.18-16.03.46:200][  0]LogD3D11RHI: Async texture creation enabled
[2017.04.18-16.03.46:215][  0]LogD3D11RHI: GPU Timing Frequency: 12.500000 (Debug: 2 1)
[2017.04.18-16.03.46:218][  0]LogShaderCompilers: Guid format shader working directory is -5 characters bigger than the processId version (../../../../../../Users/arodriguez/Desktop/IskyRestrubel/Intermediate/Shaders/WorkingDirectory/8704/).
[2017.04.18-16.03.46:218][  0]LogShaderCompilers: Cleaned the shader compiler working directory 'C:/Users/arodriguez/AppData/Local/Temp/UnrealShaderWorkingDir/72387CA9430318360BBDF282724F9C55/'.
[2017.04.18-16.03.46:218][  0]LogShaderCompilers:Display: Using Local Shader Compiler.
[2017.04.18-16.03.48:650][  0]LogTemp:Display: Loaded TP AllDesktopTargetPlatform
[2017.04.18-16.03.48:741][  0]LogTemp:Display: Loaded TP MacClientTargetPlatform
[2017.04.18-16.03.48:833][  0]LogTemp:Display: Loaded TP MacNoEditorTargetPlatform
[2017.04.18-16.03.48:927][  0]LogTemp:Display: Loaded TP MacServerTargetPlatform
[2017.04.18-16.03.49:019][  0]LogTemp:Display: Loaded TP MacTargetPlatform
[2017.04.18-16.03.49:107][  0]LogTemp:Display: Loaded TP WindowsClientTargetPlatform
[2017.04.18-16.03.49:199][  0]LogTemp:Display: Loaded TP WindowsNoEditorTargetPlatform
[2017.04.18-16.03.49:402][  0]LogTemp:Display: Loaded TP WindowsServerTargetPlatform
[2017.04.18-16.03.49:564][  0]LogTemp:Display: Loaded TP WindowsTargetPlatform
[2017.04.18-16.03.49:759][  0]LogTemp:Display: Loaded TP AndroidTargetPlatform
[2017.04.18-16.03.49:937][  0]LogTemp:Display: Loaded TP Android_ASTCTargetPlatform
[2017.04.18-16.03.50:120][  0]LogTemp:Display: Loaded TP Android_ATCTargetPlatform
[2017.04.18-16.03.50:296][  0]LogTemp:Display: Loaded TP Android_DXTTargetPlatform
[2017.04.18-16.03.50:473][  0]LogTemp:Display: Loaded TP Android_ETC1TargetPlatform
[2017.04.18-16.03.50:646][  0]LogTemp:Display: Loaded TP Android_ETC2TargetPlatform
[2017.04.18-16.03.50:956][  0]LogTemp:Display: Loaded TP Android_MultiTargetPlatform
[2017.04.18-16.03.50:956][  0]LogTemp:Display: Loaded TP Android_PVRTCTargetPlatform
[2017.04.18-16.03.51:057][  0]LogTemp:Display: Loaded TP HTML5TargetPlatform
[2017.04.18-16.03.51:281][  0]LogTemp:Display: Loaded TP IOSTargetPlatform
[2017.04.18-16.03.51:365][  0]LogTemp:Display: Loaded TP TVOSTargetPlatform
[2017.04.18-16.03.51:545][  0]LogTemp:Display: Loaded TP LinuxClientTargetPlatform
[2017.04.18-16.03.51:745][  0]LogTemp:Display: Loaded TP LinuxNoEditorTargetPlatform
[2017.04.18-16.03.51:946][  0]LogTemp:Display: Loaded TP LinuxServerTargetPlatform
[2017.04.18-16.03.52:128][  0]LogTemp:Display: Loaded TP LinuxTargetPlatform
[2017.04.18-16.03.52:128][  0]LogTargetPlatformManager:Display: Building Assets For Windows
[2017.04.18-16.03.53:417][  0]LogDerivedDataCache:Display: Max Cache Size: 512 MB
[2017.04.18-16.03.53:538][  0]LogDerivedDataCache: Loaded boot cache 0.12s 50MB C:/Users/arodriguez/AppData/Local/UnrealEngine/4.15/DerivedDataCache/Boot.ddc.
[2017.04.18-16.03.53:538][  0]LogDerivedDataCache:Display: Loaded Boot cache: C:/Users/arodriguez/AppData/Local/UnrealEngine/4.15/DerivedDataCache/Boot.ddc
[2017.04.18-16.03.53:538][  0]LogDerivedDataCache: FDerivedDataBackendGraph:  Pak pak cache file ../../../../../../Users/arodriguez/Desktop/IskyRestrubel/DerivedDataCache/DDC.ddp not found, will not use a pak cache.
[2017.04.18-16.03.53:538][  0]LogDerivedDataCache: Unable to find inner node Pak for hierarchical cache Hierarchy.
[2017.04.18-16.03.53:538][  0]LogDerivedDataCache: FDerivedDataBackendGraph:  CompressedPak pak cache file ../../../../../../Users/arodriguez/Desktop/IskyRestrubel/DerivedDataCache/Compressed.ddp not found, will not use a pak cache.
[2017.04.18-16.03.53:538][  0]LogDerivedDataCache: Unable to find inner node CompressedPak for hierarchical cache Hierarchy.
[2017.04.18-16.03.53:593][  0]LogDerivedDataCache:Display: Pak cache opened for reading ../../../Engine/DerivedDataCache/Compressed.ddp.
[2017.04.18-16.03.53:605][  0]LogDerivedDataCache: Using Local data cache path C:/Users/arodriguez/AppData/Local/UnrealEngine/Common/DerivedDataCache: Writable
[2017.04.18-16.03.53:630][  0]LogSlate: Using Freetype 2.6.0
[2017.04.18-16.03.53:632][  0]LogSlate: SlateFontCache - WITH_FREETYPE: 1, WITH_HARFBUZZ: 1
[2017.04.18-16.03.53:632][  0]LogSlate: SlateFontCache - WITH_FREETYPE: 1, WITH_HARFBUZZ: 1
[2017.04.18-16.03.54:361][  0]LogInit: Selected Device Profile: [Windows]
[2017.04.18-16.03.54:367][  0]LogContentStreaming: Texture pool size is 0.00 MB
[2017.04.18-16.03.54:798][  0]LogMeshUtilities: Using QuadricMeshReduction for automatic static mesh reduction
[2017.04.18-16.03.54:874][  0]LogSimplygon: Simplygon DLL not present - disabling.
[2017.04.18-16.03.54:954][  0]LogMeshUtilities: Using SimplygonSwarm for distributed automatic mesh merging
[2017.04.18-16.03.54:954][  0]LogMeshUtilities: No automatic skeletal mesh reduction module available
[2017.04.18-16.03.54:954][  0]LogMeshUtilities: No automatic mesh merging module available
[2017.04.18-16.03.55:987][  0]LogNetVersion: GetLocalNetworkVersion: CL: 3299760, ProjectName: iskyrestrubel, ProjectVersion: , EngineNetworkVersion: 2, GameNetworkVersion: 0, NetworkChecksum: 3238313141
[2017.04.18-16.03.56:039][  0]LogAssetRegistry: FAssetRegistry took 0.0205 seconds to start up
[2017.04.18-16.03.56:106][  0]LogPackageLocalizationCache: Processed 3 localized package path(s) for 2 prioritized culture(s) in 0.040889 seconds
[2017.04.18-16.03.56:117][  0]LogUObjectArray: 32493 objects as part of root set at end of initial load.
[2017.04.18-16.03.56:117][  0]LogUObjectAllocator: 7077024 out of 0 bytes used by permanent object pool.
[2017.04.18-16.03.56:117][  0]LogUObjectArray: CloseDisregardForGC: 0/0 objects in disregard for GC pool
[2017.04.18-16.03.56:204][  0]LogInit: WinSock: version 1.1 (2.2), MaxSocks=32767, MaxUdp=65467
[2017.04.18-16.03.58:321][  0]LogTcpMessaging: Initializing TcpMessaging bridge
[2017.04.18-16.03.58:363][  0]LogUdpMessaging: Initializing bridge on interface 0.0.0.0:0 to multicast group 230.0.0.1:6666.
[2017.04.18-16.03.58:881][  0]LogMaterial: Uniform references updated for custom material expression Custom.
[2017.04.18-16.03.59:297][  0]SourceControl: Info Source control is disabled
[2017.04.18-16.03.59:332][  0]SourceControl: Info Source control is disabled
[2017.04.18-16.03.59:383][  0]SourceControl: Info Source control is disabled
[2017.04.18-16.03.59:427][  0]SourceControl: Info Source control is disabled
[2017.04.18-16.04.00:665][  0]LogEngine: Initializing Engine...
[2017.04.18-16.04.00:665][  0]LogHMD: Failed to initialize OpenVR with code 110
[2017.04.18-16.04.00:931][  0]LogAIModule: Creating AISystem for world Untitled
[2017.04.18-16.04.00:944][  0]LogInit: XAudio2 using 'Speakers / Headphones (Realtek High Definition Audio)' : 2 channels at 48 kHz using 32 bits per sample (channel mask 0x3)
[2017.04.18-16.04.01:033][  0]LogInit: FAudioDevice initialized.
[2017.04.18-16.04.01:080][  0]LogDerivedDataCache: Saved boot cache 0.05s 50MB C:/Users/arodriguez/AppData/Local/UnrealEngine/4.15/DerivedDataCache/Boot.ddc.
[2017.04.18-16.04.01:087][  0]LogInit: Texture streaming: Enabled
[2017.04.18-16.04.01:169][  0]LogEngineSessionManager: EngineSessionManager initialized
[2017.04.18-16.04.01:258][  0]LogInit: Transaction tracking system initialized
[2017.04.18-16.04.01:606][  0]BlueprintLog: New page: Editor Load
[2017.04.18-16.04.02:452][  0]LocalizationService: Info Localization service is disabled
[2017.04.18-16.04.03:110][  0]LogConsoleResponse:Display: 
[2017.04.18-16.04.03:278][  0]LogCook:Display: Max memory allowance for cook 16384mb min free memory 0mb
[2017.04.18-16.04.03:278][  0]LogCook:Display: Mobile HDR setting 1
[2017.04.18-16.04.03:636][  0]LogFileCache: Scanning file cache for directory 'C:/Users/arodriguez/Desktop/IskyRestrubel/Content/' took 0.01s
[2017.04.18-16.04.04:233][  0]SourceControl: Info Source control is disabled
[2017.04.18-16.04.04:233][  0]Cmd: MAP LOAD FILE="../../../../../../Users/arodriguez/Desktop/IskyRestrubel/Content/Maps/MapMain.umap" TEMPLATE=0 SHOWPROGRESS=1 FEATURELEVEL=3
[2017.04.18-16.04.04:234][  0]LightingResults: New page: Lighting Build
[2017.04.18-16.04.04:270][  0]MapCheck: New page: Map Check
[2017.04.18-16.04.04:271][  0]LightingResults: New page: Lighting Build
[2017.04.18-16.04.04:430][  0]LogAIModule: Creating AISystem for world MapMain
[2017.04.18-16.04.04:459][  0]LogEditorServer: Finished looking for orphan Actors (0.000 secs)
[2017.04.18-16.04.04:460][  0]Cmd: MAP CHECKDEP NOCLEARLOG
[2017.04.18-16.04.04:499][  0]MapCheck: Info Map check complete: 0 Error(s), 0 Warning(s), took 39.14ms to complete.
[2017.04.18-16.04.04:499][  0]LogFileHelpers: Loading map 'MapMain' took 0.266
[2017.04.18-16.04.04:687][  0]LogCollectionManager: Loaded 0 collections in 0.001542 seconds
[2017.04.18-16.04.04:764][  0]LogFileCache: Scanning file cache for directory 'C:/Users/arodriguez/Desktop/IskyRestrubel/Saved/Collections/' took 0.01s
[2017.04.18-16.04.04:764][  0]LogFileCache: Scanning file cache for directory 'C:/Users/arodriguez/Desktop/IskyRestrubel/Content/Developers/arodriguez/Collections/' took 0.01s
[2017.04.18-16.04.04:764][  0]LogFileCache: Scanning file cache for directory 'C:/Users/arodriguez/Desktop/IskyRestrubel/Content/Collections/' took 0.01s
[2017.04.18-16.04.04:764][  0]LogCollectionManager: Rebuilt the GUID cache for 0 collections in 0.000002 seconds
[2017.04.18-16.04.04:776][  0]LogContentBrowser: Native class hierarchy populated in 0.0113 seconds. Added 2245 classes and 453 folders.
[2017.04.18-16.04.04:780][  0]LogStats: UGameplayTagsManager::ConstructGameplayTagTree: Construct from data asset -  0.000 s
[2017.04.18-16.04.04:780][  0]LogStats: UGameplayTagsManager::ConstructGameplayTagTree: GameplayTagTreeChangedEvent.Broadcast -  0.000 s
[2017.04.18-16.04.04:842][  0]LogContentBrowser: Native class hierarchy updated for 'WidgetCarousel' in 0.0008 seconds. Added 0 classes and 0 folders.
[2017.04.18-16.04.04:881][  0]LogContentBrowser: Native class hierarchy updated for 'AddContentDialog' in 0.0006 seconds. Added 0 classes and 0 folders.
[2017.04.18-16.04.04:921][  0]LogContentBrowser: Native class hierarchy updated for 'SceneOutliner' in 0.0005 seconds. Added 1 classes and 2 folders.
[2017.04.18-16.04.04:970][  0]LogCrashTracker: Crashtracker disabled due to settings.
[2017.04.18-16.04.04:975][  0]LogUObjectGlobals:Warning: Failed to find object 'Class None.'
[2017.04.18-16.04.05:042][  0]LogContentBrowser: Native class hierarchy updated for 'HierarchicalLODOutliner' in 0.0006 seconds. Added 1 classes and 2 folders.
[2017.04.18-16.04.05:042][  0]LogLoad: (Engine Initialization) Total time: 24.21 seconds
[2017.04.18-16.04.05:042][  0]LogLoad: (Engine Initialization) Total Blueprint compile time: 0.09 seconds
[2017.04.18-16.04.05:042][  0]LogExternalProfiler: Found external profiler: VSPerf
[2017.04.18-16.04.05:042][  0]LogExternalProfiler: Using external profiler: VSPerf
[2017.04.18-16.04.05:060][  0]LogOcInput: OculusInput pre-init called
[2017.04.18-16.04.05:074][  0]LogContentStreaming: Texture pool size now 1000 MB
[2017.04.18-16.04.05:075][  0]LogSlate: Took 0.000198 seconds to synchronously load lazily loaded font '../../../Engine/Content/Slate/Fonts/Roboto-Regular.ttf' (155K)
[2017.04.18-16.04.05:078][  0]LogSlate: Took 0.000197 seconds to synchronously load lazily loaded font '../../../Engine/Content/Slate/Fonts/Roboto-Bold.ttf' (160K)
[2017.04.18-16.04.05:084][  0]LogSlate: Took 0.000184 seconds to synchronously load lazily loaded font '../../../Engine/Content/Editor/Slate/Fonts/FontAwesome.ttf' (139K)
[2017.04.18-16.04.05:168][  0]LogSlate: Took 0.000179 seconds to synchronously load lazily loaded font '../../../Engine/Content/Slate/Fonts/Roboto-Light.ttf' (159K)
[2017.04.18-16.04.05:213][  0]LogRenderer: Reallocating scene render targets to support 856x376 NumSamples 1 (Frame:2).
[2017.04.18-16.04.06:217][ 12]LogSlate: Took 0.000933 seconds to synchronously load lazily loaded font '../../../Engine/Content/Slate/Fonts/Roboto-Light.ttf' (159K)
[2017.04.18-16.04.24:611][390]LogAssetRegistry: Asset discovery search completed in 28.5865 seconds
[2017.04.18-16.04.24:611][390]LogCollectionManager: Rebuilt the object cache for 0 collections in 0.000015 seconds (found 0 objects)
[2017.04.18-16.04.24:611][390]LogCollectionManager: Fixed up redirectors for 0 collections in 0.000069 seconds (updated 0 objects)
[2017.04.18-16.04.29:266][481]LogSlate: Took 0.000404 seconds to synchronously load lazily loaded font '../../../Engine/Content/Slate/Fonts/Roboto-Light.ttf' (159K)
[2017.04.18-16.04.30:029][481]LogSlate: Took 0.000359 seconds to synchronously load lazily loaded font '../../../Engine/Content/Slate/Fonts/Roboto-Regular.ttf' (155K)
[2017.04.18-16.04.30:715][481]LogContentBrowser: Native class hierarchy updated for 'BlueprintGraph' in 0.0026 seconds. Added 112 classes and 0 folders.
[2017.04.18-16.04.32:355][481]LogSlate: Took 0.000474 seconds to synchronously load lazily loaded font '../../../Engine/Content/Editor/Slate/Fonts/Roboto-BoldCondensed.ttf' (158K)
[2017.04.18-16.04.32:774][482]LogSlate: Took 0.000381 seconds to synchronously load lazily loaded font '../../../Engine/Content/Editor/Slate/Fonts/Roboto-Italic.ttf' (157K)
[2017.04.18-16.06.16:277][ 74]Error: BEGIN OBJECT: Invalid class specified:    Begin Object Class=EdGraphPin Name="EdGraphPin_10986"
[2017.04.18-16.06.16:278][ 74]Error: BEGIN OBJECT: Invalid class specified:    Begin Object Class=EdGraphPin Name="EdGraphPin_10189"
[2017.04.18-16.06.16:278][ 74]Error: BEGIN OBJECT: Invalid class specified:    Begin Object Class=EdGraphPin Name="EdGraphPin_10174"
[2017.04.18-16.06.16:278][ 74]Error: BEGIN OBJECT: Invalid class specified:    Begin Object Class=EdGraphPin Name="EdGraphPin_11007"
[2017.04.18-16.06.16:278][ 74]Error: BEGIN OBJECT: Invalid class specified:    Begin Object Class=EdGraphPin Name="EdGraphPin_10090"
[2017.04.18-16.06.16:278][ 74]Error: BEGIN OBJECT: Invalid class specified:    Begin Object Class=EdGraphPin Name="EdGraphPin_10075"
[2017.04.18-16.06.16:278][ 74]Error: BEGIN OBJECT: Invalid class specified:    Begin Object Class=EdGraphPin Name="EdGraphPin_10069"
[2017.04.18-16.06.16:278][ 74]Error: BEGIN OBJECT: Invalid class specified:    Begin Object Class=EdGraphPin Name="EdGraphPin_11028"
[2017.04.18-16.06.16:278][ 74]Error: BEGIN OBJECT: Invalid class specified:    Begin Object Class=EdGraphPin Name="EdGraphPin_10024"
[2017.04.18-16.06.23:680][225]Error: BEGIN OBJECT: Invalid class specified:    Begin Object Class=EdGraphPin Name="EdGraphPin_10986"
[2017.04.18-16.06.23:680][225]Error: BEGIN OBJECT: Invalid class specified:    Begin Object Class=EdGraphPin Name="EdGraphPin_10189"
[2017.04.18-16.06.23:680][225]Error: BEGIN OBJECT: Invalid class specified:    Begin Object Class=EdGraphPin Name="EdGraphPin_10174"
[2017.04.18-16.06.23:680][225]Error: BEGIN OBJECT: Invalid class specified:    Begin Object Class=EdGraphPin Name="EdGraphPin_11007"
[2017.04.18-16.06.23:680][225]Error: BEGIN OBJECT: Invalid class specified:    Begin Object Class=EdGraphPin Name="EdGraphPin_10090"
[2017.04.18-16.06.23:681][225]Error: BEGIN OBJECT: Invalid class specified:    Begin Object Class=EdGraphPin Name="EdGraphPin_10075"
[2017.04.18-16.06.23:681][225]Error: BEGIN OBJECT: Invalid class specified:    Begin Object Class=EdGraphPin Name="EdGraphPin_10069"
[2017.04.18-16.06.23:681][225]Error: BEGIN OBJECT: Invalid class specified:    Begin Object Class=EdGraphPin Name="EdGraphPin_11028"
[2017.04.18-16.06.23:681][225]Error: BEGIN OBJECT: Invalid class specified:    Begin Object Class=EdGraphPin Name="EdGraphPin_10024"
[2017.04.18-16.06.25:508][269]Error: BEGIN OBJECT: Invalid class specified:    Begin Object Class=EdGraphPin Name="EdGraphPin_10986"
[2017.04.18-16.06.25:509][269]Error: BEGIN OBJECT: Invalid class specified:    Begin Object Class=EdGraphPin Name="EdGraphPin_10189"
[2017.04.18-16.06.25:509][269]Error: BEGIN OBJECT: Invalid class specified:    Begin Object Class=EdGraphPin Name="EdGraphPin_10174"
[2017.04.18-16.06.25:509][269]Error: BEGIN OBJECT: Invalid class specified:    Begin Object Class=EdGraphPin Name="EdGraphPin_11007"
[2017.04.18-16.06.25:509][269]Error: BEGIN OBJECT: Invalid class specified:    Begin Object Class=EdGraphPin Name="EdGraphPin_10090"
[2017.04.18-16.06.25:509][269]Error: BEGIN OBJECT: Invalid class specified:    Begin Object Class=EdGraphPin Name="EdGraphPin_10075"
[2017.04.18-16.06.25:509][269]Error: BEGIN OBJECT: Invalid class specified:    Begin Object Class=EdGraphPin Name="EdGraphPin_10069"
[2017.04.18-16.06.25:509][269]Error: BEGIN OBJECT: Invalid class specified:    Begin Object Class=EdGraphPin Name="EdGraphPin_11028"
[2017.04.18-16.06.25:509][269]Error: BEGIN OBJECT: Invalid class specified:    Begin Object Class=EdGraphPin Name="EdGraphPin_10024"
[2017.04.18-16.06.27:216][304]LogEditorTransaction: Undo Paste clipboard contents
[2017.04.18-16.06.27:635][306]LogEditorTransaction: Undo Paste clipboard contents
[2017.04.18-16.06.34:325][366]LogUObjectHash:Warning: Ambiguous search, could be K2Node_CallFunction /Game/Blueprints/BPGameController.BPGameController:UserConstructionScript.K2Node_CallFunction_2716 or K2Node_CallFunction /Game/Blueprints/BPGameController.BPGameController:UserConstructionScript.K2Node_CallFunction_2716
[2017.04.18-16.06.34:327][366]LogUObjectHash:Warning: Ambiguous search, could be K2Node_VariableGet /Game/Blueprints/BPGameController.BPGameController:UserConstructionScript.K2Node_VariableGet_361 or K2Node_VariableGet /Game/Blueprints/BPGameController.BPGameController:UserConstructionScript.K2Node_VariableGet_361
[2017.04.18-16.06.34:327][366]LogUObjectHash:Warning: Ambiguous search, could be K2Node_VariableGet /Game/Blueprints/BPGameController.BPGameController:UserConstructionScript.K2Node_VariableGet_361 or K2Node_VariableGet /Game/Blueprints/BPGameController.BPGameController:UserConstructionScript.K2Node_VariableGet_361
[2017.04.18-16.06.34:327][366]LogUObjectHash:Warning: Ambiguous search, could be K2Node_VariableGet /Game/Blueprints/BPGameController.BPGameController:UserConstructionScript.K2Node_VariableGet_361 or K2Node_VariableGet /Game/Blueprints/BPGameController.BPGameController:UserConstructionScript.K2Node_VariableGet_361
[2017.04.18-16.06.34:327][366]LogUObjectHash:Warning: Ambiguous search, could be K2Node_VariableGet /Game/Blueprints/BPGameController.BPGameController:UserConstructionScript.K2Node_VariableGet_432 or K2Node_VariableGet /Game/Blueprints/BPGameController.BPGameController:UserConstructionScript.K2Node_VariableGet_432
[2017.04.18-16.06.34:327][366]LogUObjectHash:Warning: Ambiguous search, could be K2Node_VariableGet /Game/Blueprints/BPGameController.BPGameController:UserConstructionScript.K2Node_VariableGet_432 or K2Node_VariableGet /Game/Blueprints/BPGameController.BPGameController:UserConstructionScript.K2Node_VariableGet_432
[2017.04.18-16.06.34:327][366]LogUObjectHash:Warning: Ambiguous search, could be K2Node_VariableGet /Game/Blueprints/BPGameController.BPGameController:UserConstructionScript.K2Node_VariableGet_432 or K2Node_VariableGet /Game/Blueprints/BPGameController.BPGameController:UserConstructionScript.K2Node_VariableGet_432
[2017.04.18-16.06.34:327][366]LogUObjectHash:Warning: Ambiguous search, could be K2Node_CallFunction /Game/Blueprints/BPGameController.BPGameController:UserConstructionScript.K2Node_CallFunction_2717 or K2Node_CallFunction /Game/Blueprints/BPGameController.BPGameController:UserConstructionScript.K2Node_CallFunction_2717
[2017.04.18-16.06.34:328][366]LogUObjectHash:Warning: Ambiguous search, could be K2Node_VariableGet /Game/Blueprints/BPGameController.BPGameController:UserConstructionScript.K2Node_VariableGet_433 or K2Node_VariableGet /Game/Blueprints/BPGameController.BPGameController:UserConstructionScript.K2Node_VariableGet_433
[2017.04.18-16.06.34:328][366]LogUObjectHash:Warning: Ambiguous search, could be K2Node_VariableGet /Game/Blueprints/BPGameController.BPGameController:UserConstructionScript.K2Node_VariableGet_433 or K2Node_VariableGet /Game/Blueprints/BPGameController.BPGameController:UserConstructionScript.K2Node_VariableGet_433
[2017.04.18-16.06.34:328][366]LogUObjectHash:Warning: Ambiguous search, could be K2Node_VariableGet /Game/Blueprints/BPGameController.BPGameController:UserConstructionScript.K2Node_VariableGet_433 or K2Node_VariableGet /Game/Blueprints/BPGameController.BPGameController:UserConstructionScript.K2Node_VariableGet_433
[2017.04.18-16.06.34:328][366]LogUObjectHash:Warning: Ambiguous search, could be K2Node_VariableGet /Game/Blueprints/BPGameController.BPGameController:UserConstructionScript.K2Node_VariableGet_441 or K2Node_VariableGet /Game/Blueprints/BPGameController.BPGameController:UserConstructionScript.K2Node_VariableGet_441
[2017.04.18-16.06.34:328][366]LogUObjectHash:Warning: Ambiguous search, could be K2Node_VariableGet /Game/Blueprints/BPGameController.BPGameController:UserConstructionScript.K2Node_VariableGet_441 or K2Node_VariableGet /Game/Blueprints/BPGameController.BPGameController:UserConstructionScript.K2Node_VariableGet_441
[2017.04.18-16.06.34:328][366]LogUObjectHash:Warning: Ambiguous search, could be K2Node_VariableGet /Game/Blueprints/BPGameController.BPGameController:UserConstructionScript.K2Node_VariableGet_441 or K2Node_VariableGet /Game/Blueprints/BPGameController.BPGameController:UserConstructionScript.K2Node_VariableGet_441
[2017.04.18-16.06.34:328][366]LogUObjectHash:Warning: Ambiguous search, could be K2Node_VariableGet /Game/Blueprints/BPGameController.BPGameController:UserConstructionScript.K2Node_VariableGet_444 or K2Node_VariableGet /Game/Blueprints/BPGameController.BPGameController:UserConstructionScript.K2Node_VariableGet_444
[2017.04.18-16.06.34:328][366]LogUObjectHash:Warning: Ambiguous search, could be K2Node_VariableGet /Game/Blueprints/BPGameController.BPGameController:UserConstructionScript.K2Node_VariableGet_444 or K2Node_VariableGet /Game/Blueprints/BPGameController.BPGameController:UserConstructionScript.K2Node_VariableGet_444
[2017.04.18-16.06.34:328][366]LogUObjectHash:Warning: Ambiguous search, could be K2Node_VariableGet /Game/Blueprints/BPGameController.BPGameController:UserConstructionScript.K2Node_VariableGet_444 or K2Node_VariableGet /Game/Blueprints/BPGameController.BPGameController:UserConstructionScript.K2Node_VariableGet_444
[2017.04.18-16.06.34:329][366]LogUObjectHash:Warning: Ambiguous search, could be K2Node_CallFunction /Game/Blueprints/BPGameController.BPGameController:UserConstructionScript.K2Node_CallFunction_3354 or K2Node_CallFunction /Game/Blueprints/BPGameController.BPGameController:UserConstructionScript.K2Node_CallFunction_3354
[2017.04.18-16.06.34:329][366]LogUObjectHash:Warning: Ambiguous search, could be K2Node_VariableGet /Game/Blueprints/BPGameController.BPGameController:UserConstructionScript.K2Node_VariableGet_481 or K2Node_VariableGet /Game/Blueprints/BPGameController.BPGameController:UserConstructionScript.K2Node_VariableGet_481
[2017.04.18-16.06.34:329][366]LogUObjectHash:Warning: Ambiguous search, could be K2Node_VariableGet /Game/Blueprints/BPGameController.BPGameController:UserConstructionScript.K2Node_VariableGet_481 or K2Node_VariableGet /Game/Blueprints/BPGameController.BPGameController:UserConstructionScript.K2Node_VariableGet_481
[2017.04.18-16.06.34:329][366]LogUObjectHash:Warning: Ambiguous search, could be K2Node_VariableGet /Game/Blueprints/BPGameController.BPGameController:UserConstructionScript.K2Node_VariableGet_481 or K2Node_VariableGet /Game/Blueprints/BPGameController.BPGameController:UserConstructionScript.K2Node_VariableGet_481
[2017.04.18-16.06.34:329][366]Error: BEGIN OBJECT: Invalid class specified:    Begin Object Class=EdGraphPin Name="EdGraphPin_10986"
[2017.04.18-16.06.34:329][366]Error: BEGIN OBJECT: Invalid class specified:    Begin Object Class=EdGraphPin Name="EdGraphPin_10189"
[2017.04.18-16.06.34:330][366]Error: BEGIN OBJECT: Invalid class specified:    Begin Object Class=EdGraphPin Name="EdGraphPin_10174"
[2017.04.18-16.06.34:330][366]Error: BEGIN OBJECT: Invalid class specified:    Begin Object Class=EdGraphPin Name="EdGraphPin_11007"
[2017.04.18-16.06.34:330][366]Error: BEGIN OBJECT: Invalid class specified:    Begin Object Class=EdGraphPin Name="EdGraphPin_10090"
[2017.04.18-16.06.34:330][366]Error: BEGIN OBJECT: Invalid class specified:    Begin Object Class=EdGraphPin Name="EdGraphPin_10075"
[2017.04.18-16.06.34:330][366]Error: BEGIN OBJECT: Invalid class specified:    Begin Object Class=EdGraphPin Name="EdGraphPin_10069"
[2017.04.18-16.06.34:330][366]Error: BEGIN OBJECT: Invalid class specified:    Begin Object Class=EdGraphPin Name="EdGraphPin_11028"
[2017.04.18-16.06.34:330][366]Error: BEGIN OBJECT: Invalid class specified:    Begin Object Class=EdGraphPin Name="EdGraphPin_10024"
[2017.04.18-16.06.35:451][396]LogEditorTransaction: Undo Paste clipboard contents
[2017.04.18-16.06.36:023][404]LogEditorTransaction: Undo Delete current selection
[2017.04.18-16.06.36:549][407]LogEditorTransaction: Undo Paste clipboard contents
[2017.04.18-16.06.39:157][443]LogUObjectHash:Warning: Ambiguous search, could be K2Node_CallFunction /Game/Blueprints/BPGameController.BPGameController:UserConstructionScript.K2Node_CallFunction_2716 or K2Node_CallFunction /Game/Blueprints/BPGameController.BPGameController:UserConstructionScript.K2Node_CallFunction_2716
[2017.04.18-16.06.39:157][443]LogUObjectHash:Warning: Ambiguous search, could be K2Node_CallFunction /Game/Blueprints/BPGameController.BPGameController:UserConstructionScript.K2Node_CallFunction_2716 or K2Node_CallFunction /Game/Blueprints/BPGameController.BPGameController:UserConstructionScript.K2Node_CallFunction_2716
[2017.04.18-16.06.39:157][443]LogUObjectHash:Warning: Ambiguous search, could be K2Node_CallFunction /Game/Blueprints/BPGameController.BPGameController:UserConstructionScript.K2Node_CallFunction_2716 or K2Node_CallFunction /Game/Blueprints/BPGameController.BPGameController:UserConstructionScript.K2Node_CallFunction_2716
[2017.04.18-16.06.39:157][443]LogUObjectHash:Warning: Ambiguous search, could be K2Node_VariableGet /Game/Blueprints/BPGameController.BPGameController:UserConstructionScript.K2Node_VariableGet_361 or K2Node_VariableGet /Game/Blueprints/BPGameController.BPGameController:UserConstructionScript.K2Node_VariableGet_361
[2017.04.18-16.06.39:157][443]LogUObjectHash:Warning: Ambiguous search, could be K2Node_VariableGet /Game/Blueprints/BPGameController.BPGameController:UserConstructionScript.K2Node_VariableGet_361 or K2Node_VariableGet /Game/Blueprints/BPGameController.BPGameController:UserConstructionScript.K2Node_VariableGet_361
[2017.04.18-16.06.39:158][443]LogUObjectHash:Warning: Ambiguous search, could be K2Node_VariableGet /Game/Blueprints/BPGameController.BPGameController:UserConstructionScript.K2Node_VariableGet_361 or K2Node_VariableGet /Game/Blueprints/BPGameController.BPGameController:UserConstructionScript.K2Node_VariableGet_361
[2017.04.18-16.06.39:158][443]LogUObjectHash:Warning: Ambiguous search, could be K2Node_VariableGet /Game/Blueprints/BPGameController.BPGameController:UserConstructionScript.K2Node_VariableGet_432 or K2Node_VariableGet /Game/Blueprints/BPGameController.BPGameController:UserConstructionScript.K2Node_VariableGet_432
[2017.04.18-16.06.39:158][443]LogUObjectHash:Warning: Ambiguous search, could be K2Node_VariableGet /Game/Blueprints/BPGameController.BPGameController:UserConstructionScript.K2Node_VariableGet_432 or K2Node_VariableGet /Game/Blueprints/BPGameController.BPGameController:UserConstructionScript.K2Node_VariableGet_432
[2017.04.18-16.06.39:158][443]LogUObjectHash:Warning: Ambiguous search, could be K2Node_VariableGet /Game/Blueprints/BPGameController.BPGameController:UserConstructionScript.K2Node_VariableGet_432 or K2Node_VariableGet /Game/Blueprints/BPGameController.BPGameController:UserConstructionScript.K2Node_VariableGet_432
[2017.04.18-16.06.39:158][443]LogUObjectHash:Warning: Ambiguous search, could be K2Node_CallFunction /Game/Blueprints/BPGameController.BPGameController:UserConstructionScript.K2Node_CallFunction_2717 or K2Node_CallFunction /Game/Blueprints/BPGameController.BPGameController:UserConstructionScript.K2Node_CallFunction_2717
[2017.04.18-16.06.39:158][443]LogUObjectHash:Warning: Ambiguous search, could be K2Node_CallFunction /Game/Blueprints/BPGameController.BPGameController:UserConstructionScript.K2Node_CallFunction_2717 or K2Node_CallFunction /Game/Blueprints/BPGameController.BPGameController:UserConstructionScript.K2Node_CallFunction_2717
[2017.04.18-16.06.39:158][443]LogUObjectHash:Warning: Ambiguous search, could be K2Node_CallFunction /Game/Blueprints/BPGameController.BPGameController:UserConstructionScript.K2Node_CallFunction_2717 or K2Node_CallFunction /Game/Blueprints/BPGameController.BPGameController:UserConstructionScript.K2Node_CallFunction_2717
[2017.04.18-16.06.39:159][443]LogUObjectHash:Warning: Ambiguous search, could be K2Node_VariableGet /Game/Blueprints/BPGameController.BPGameController:UserConstructionScript.K2Node_VariableGet_433 or K2Node_VariableGet /Game/Blueprints/BPGameController.BPGameController:UserConstructionScript.K2Node_VariableGet_433
[2017.04.18-16.06.39:159][443]LogUObjectHash:Warning: Ambiguous search, could be K2Node_VariableGet /Game/Blueprints/BPGameController.BPGameController:UserConstructionScript.K2Node_VariableGet_433 or K2Node_VariableGet /Game/Blueprints/BPGameController.BPGameController:UserConstructionScript.K2Node_VariableGet_433
[2017.04.18-16.06.39:159][443]LogUObjectHash:Warning: Ambiguous search, could be K2Node_VariableGet /Game/Blueprints/BPGameController.BPGameController:UserConstructionScript.K2Node_VariableGet_433 or K2Node_VariableGet /Game/Blueprints/BPGameController.BPGameController:UserConstructionScript.K2Node_VariableGet_433
[2017.04.18-16.06.39:159][443]LogUObjectHash:Warning: Ambiguous search, could be K2Node_VariableGet /Game/Blueprints/BPGameController.BPGameController:UserConstructionScript.K2Node_VariableGet_441 or K2Node_VariableGet /Game/Blueprints/BPGameController.BPGameController:UserConstructionScript.K2Node_VariableGet_441
[2017.04.18-16.06.39:159][443]LogUObjectHash:Warning: Ambiguous search, could be K2Node_VariableGet /Game/Blueprints/BPGameController.BPGameController:UserConstructionScript.K2Node_VariableGet_441 or K2Node_VariableGet /Game/Blueprints/BPGameController.BPGameController:UserConstructionScript.K2Node_VariableGet_441
[2017.04.18-16.06.39:159][443]LogUObjectHash:Warning: Ambiguous search, could be K2Node_VariableGet /Game/Blueprints/BPGameController.BPGameController:UserConstructionScript.K2Node_VariableGet_441 or K2Node_VariableGet /Game/Blueprints/BPGameController.BPGameController:UserConstructionScript.K2Node_VariableGet_441
[2017.04.18-16.06.39:159][443]LogUObjectHash:Warning: Ambiguous search, could be K2Node_VariableGet /Game/Blueprints/BPGameController.BPGameController:UserConstructionScript.K2Node_VariableGet_444 or K2Node_VariableGet /Game/Blueprints/BPGameController.BPGameController:UserConstructionScript.K2Node_VariableGet_444
[2017.04.18-16.06.39:159][443]LogUObjectHash:Warning: Ambiguous search, could be K2Node_VariableGet /Game/Blueprints/BPGameController.BPGameController:UserConstructionScript.K2Node_VariableGet_444 or K2Node_VariableGet /Game/Blueprints/BPGameController.BPGameController:UserConstructionScript.K2Node_VariableGet_444
[2017.04.18-16.06.39:160][443]LogUObjectHash:Warning: Ambiguous search, could be K2Node_VariableGet /Game/Blueprints/BPGameController.BPGameController:UserConstructionScript.K2Node_VariableGet_444 or K2Node_VariableGet /Game/Blueprints/BPGameController.BPGameController:UserConstructionScript.K2Node_VariableGet_444
[2017.04.18-16.06.39:160][443]LogUObjectHash:Warning: Ambiguous search, could be K2Node_CallFunction /Game/Blueprints/BPGameController.BPGameController:UserConstructionScript.K2Node_CallFunction_3354 or K2Node_CallFunction /Game/Blueprints/BPGameController.BPGameController:UserConstructionScript.K2Node_CallFunction_3354
[2017.04.18-16.06.39:160][443]LogUObjectHash:Warning: Ambiguous search, could be K2Node_CallFunction /Game/Blueprints/BPGameController.BPGameController:UserConstructionScript.K2Node_CallFunction_3354 or K2Node_CallFunction /Game/Blueprints/BPGameController.BPGameController:UserConstructionScript.K2Node_CallFunction_3354
[2017.04.18-16.06.39:160][443]LogUObjectHash:Warning: Ambiguous search, could be K2Node_CallFunction /Game/Blueprints/BPGameController.BPGameController:UserConstructionScript.K2Node_CallFunction_3354 or K2Node_CallFunction /Game/Blueprints/BPGameController.BPGameController:UserConstructionScript.K2Node_CallFunction_3354
[2017.04.18-16.06.39:160][443]LogUObjectHash:Warning: Ambiguous search, could be K2Node_VariableGet /Game/Blueprints/BPGameController.BPGameController:UserConstructionScript.K2Node_VariableGet_481 or K2Node_VariableGet /Game/Blueprints/BPGameController.BPGameController:UserConstructionScript.K2Node_VariableGet_481
[2017.04.18-16.06.39:160][443]LogUObjectHash:Warning: Ambiguous search, could be K2Node_VariableGet /Game/Blueprints/BPGameController.BPGameController:UserConstructionScript.K2Node_VariableGet_481 or K2Node_VariableGet /Game/Blueprints/BPGameController.BPGameController:UserConstructionScript.K2Node_VariableGet_481
[2017.04.18-16.06.39:160][443]LogUObjectHash:Warning: Ambiguous search, could be K2Node_VariableGet /Game/Blueprints/BPGameController.BPGameController:UserConstructionScript.K2Node_VariableGet_481 or K2Node_VariableGet /Game/Blueprints/BPGameController.BPGameController:UserConstructionScript.K2Node_VariableGet_481
[2017.04.18-16.06.39:161][443]Error: BEGIN OBJECT: Invalid class specified:    Begin Object Class=EdGraphPin Name="EdGraphPin_10986"
[2017.04.18-16.06.39:161][443]Error: BEGIN OBJECT: Invalid class specified:    Begin Object Class=EdGraphPin Name="EdGraphPin_10189"
[2017.04.18-16.06.39:161][443]Error: BEGIN OBJECT: Invalid class specified:    Begin Object Class=EdGraphPin Name="EdGraphPin_10174"
[2017.04.18-16.06.39:161][443]Error: BEGIN OBJECT: Invalid class specified:    Begin Object Class=EdGraphPin Name="EdGraphPin_11007"
[2017.04.18-16.06.39:161][443]Error: BEGIN OBJECT: Invalid class specified:    Begin Object Class=EdGraphPin Name="EdGraphPin_10090"
[2017.04.18-16.06.39:161][443]Error: BEGIN OBJECT: Invalid class specified:    Begin Object Class=EdGraphPin Name="EdGraphPin_10075"
[2017.04.18-16.06.39:161][443]Error: BEGIN OBJECT: Invalid class specified:    Begin Object Class=EdGraphPin Name="EdGraphPin_10069"
[2017.04.18-16.06.39:161][443]Error: BEGIN OBJECT: Invalid class specified:    Begin Object Class=EdGraphPin Name="EdGraphPin_11028"
[2017.04.18-16.06.39:161][443]Error: BEGIN OBJECT: Invalid class specified:    Begin Object Class=EdGraphPin Name="EdGraphPin_10024"
[2017.04.18-16.07.35:246][817]Error: BEGIN OBJECT: Invalid class specified:    Begin Object Class=EdGraphPin Name="EdGraphPin_1909"
[2017.04.18-16.07.35:246][817]Error: BEGIN OBJECT: Invalid class specified:    Begin Object Class=EdGraphPin Name="EdGraphPin_2495"
[2017.04.18-16.07.35:246][817]Error: BEGIN OBJECT: Invalid class specified:    Begin Object Class=EdGraphPin Name="EdGraphPin_1998"
[2017.04.18-16.07.35:246][817]Error: BEGIN OBJECT: Invalid class specified:    Begin Object Class=EdGraphPin Name="EdGraphPin_2133"
[2017.04.18-16.07.35:246][817]Error: BEGIN OBJECT: Invalid class specified:    Begin Object Class=EdGraphPin Name="EdGraphPin_2190"
[2017.04.18-16.07.35:246][817]Error: BEGIN OBJECT: Invalid class specified:    Begin Object Class=EdGraphPin Name="EdGraphPin_2034"
[2017.04.18-16.07.35:246][817]Error: BEGIN OBJECT: Invalid class specified:    Begin Object Class=EdGraphPin Name="EdGraphPin_1960"
[2017.04.18-16.07.35:247][817]Error: BEGIN OBJECT: Invalid class specified:    Begin Object Class=EdGraphPin Name="EdGraphPin_2214"
[2017.04.18-16.07.35:247][817]Error: BEGIN OBJECT: Invalid class specified:    Begin Object Class=EdGraphPin Name="EdGraphPin_19901"
[2017.04.18-16.07.35:247][817]Error: BEGIN OBJECT: Invalid class specified:    Begin Object Class=EdGraphPin Name="EdGraphPin_2525"
[2017.04.18-16.07.35:247][817]Error: BEGIN OBJECT: Invalid class specified:    Begin Object Class=EdGraphPin Name="EdGraphPin_2322"
[2017.04.18-16.07.35:247][817]Error: BEGIN OBJECT: Invalid class specified:    Begin Object Class=EdGraphPin Name="EdGraphPin_2343"
[2017.04.18-16.07.35:247][817]Error: BEGIN OBJECT: Invalid class specified:    Begin Object Class=EdGraphPin Name="EdGraphPin_2531"
[2017.04.18-16.07.35:247][817]Error: BEGIN OBJECT: Invalid class specified:    Begin Object Class=EdGraphPin Name="EdGraphPin_2543"
[2017.04.18-16.07.35:247][817]Error: BEGIN OBJECT: Invalid class specified:    Begin Object Class=EdGraphPin Name="EdGraphPin_2172"
[2017.04.18-16.07.35:247][817]Error: BEGIN OBJECT: Invalid class specified:    Begin Object Class=EdGraphPin Name="EdGraphPin_2555"
[2017.04.18-16.07.35:247][817]Error: BEGIN OBJECT: Invalid class specified:    Begin Object Class=EdGraphPin Name="EdGraphPin_1952"
[2017.04.18-16.07.35:247][817]Error: BEGIN OBJECT: Invalid class specified:    Begin Object Class=EdGraphPin Name="EdGraphPin_2199"
[2017.04.18-16.07.35:247][817]Error: BEGIN OBJECT: Invalid class specified:    Begin Object Class=EdGraphPin Name="EdGraphPin_1944"
[2017.04.18-16.07.35:247][817]Error: BEGIN OBJECT: Invalid class specified:    Begin Object Class=EdGraphPin Name="EdGraphPin_2223"
[2017.04.18-16.07.35:247][817]Error: BEGIN OBJECT: Invalid class specified:    Begin Object Class=EdGraphPin Name="EdGraphPin_2567"
[2017.04.18-16.07.35:247][817]Error: BEGIN OBJECT: Invalid class specified:    Begin Object Class=EdGraphPin Name="EdGraphPin_2591"
[2017.04.18-16.07.35:247][817]Error: BEGIN OBJECT: Invalid class specified:    Begin Object Class=EdGraphPin Name="EdGraphPin_2268"
[2017.04.18-16.07.35:247][817]Error: BEGIN OBJECT: Invalid class specified:    Begin Object Class=EdGraphPin Name="EdGraphPin_2271"
[2017.04.18-16.07.35:247][817]Error: BEGIN OBJECT: Invalid class specified:    Begin Object Class=EdGraphPin Name="EdGraphPin_2603"
[2017.04.18-16.07.35:247][817]Error: BEGIN OBJECT: Invalid class specified:    Begin Object Class=EdGraphPin Name="EdGraphPin_2627"
[2017.04.18-16.07.35:247][817]Error: BEGIN OBJECT: Invalid class specified:    Begin Object Class=EdGraphPin Name="EdGraphPin_2304"
[2017.04.18-16.07.35:247][817]Error: BEGIN OBJECT: Invalid class specified:    Begin Object Class=EdGraphPin Name="EdGraphPin_2313"
[2017.04.18-16.07.35:247][817]Error: BEGIN OBJECT: Invalid class specified:    Begin Object Class=EdGraphPin Name="EdGraphPin_1936"
[2017.04.18-16.07.35:247][817]Error: BEGIN OBJECT: Invalid class specified:    Begin Object Class=EdGraphPin Name="EdGraphPin_2645"
[2017.04.18-16.07.35:248][817]Error: BEGIN OBJECT: Invalid class specified:    Begin Object Class=EdGraphPin Name="EdGraphPin_2337"
[2017.04.18-16.07.35:248][817]Error: BEGIN OBJECT: Invalid class specified:    Begin Object Class=EdGraphPin Name="EdGraphPin_1928"
[2017.04.18-16.07.35:248][817]Error: BEGIN OBJECT: Invalid class specified:    Begin Object Class=EdGraphPin Name="EdGraphPin_2358"
[2017.04.18-16.07.35:248][817]Error: BEGIN OBJECT: Invalid class specified:    Begin Object Class=EdGraphPin Name="EdGraphPin_20025"
[2017.04.18-16.07.53:333][106]BlueprintLog: New page: Compile BPGameController
[2017.04.18-16.09.18:975][893]LogEditorTransaction: Undo Move Node
[2017.04.18-16.09.19:848][906]LogEditorTransaction: Undo Move Node
[2017.04.18-16.09.20:361][910]LogEditorTransaction: Undo Straighten Connection(s)
[2017.04.18-16.09.21:245][923]LogEditorTransaction: Undo Move Nodes
[2017.04.18-16.09.21:674][924]LogEditorTransaction: Undo Move Nodes
[2017.04.18-16.09.22:037][925]LogEditorTransaction: Undo Straighten Connection(s)
[2017.04.18-16.09.22:638][935]LogEditorTransaction: Undo Straighten Connection(s)
[2017.04.18-16.09.23:222][944]LogEditorTransaction: Undo Distribute Vertically
[2017.04.18-16.09.24:019][952]LogEditorTransaction: Undo Align Bottom
[2017.04.18-16.09.24:852][960]LogEditorTransaction: Undo Distribute Horizontally
[2017.04.18-16.09.25:612][967]LogEditorTransaction: Undo Distribute Horizontally
[2017.04.18-16.09.26:027][968]LogEditorTransaction: Undo Delete current selection
[2017.04.18-16.09.27:180][980]LogEditorTransaction: Undo Paste clipboard contents
[2017.04.18-16.09.37:262][ 67]LogUObjectHash:Warning: Ambiguous search, could be K2Node_VariableSet /Game/Blueprints/BPGameController.BPGameController:EventGraph.K2Node_VariableSet_125 or K2Node_VariableSet /Game/Blueprints/BPGameController.BPGameController:EventGraph.K2Node_VariableSet_125
[2017.04.18-16.09.37:268][ 67]LogUObjectHash:Warning: Ambiguous search, could be K2Node_Self /Game/Blueprints/BPGameController.BPGameController:EventGraph.K2Node_Self_3 or K2Node_Self /Game/Blueprints/BPGameController.BPGameController:EventGraph.K2Node_Self_3
[2017.04.18-16.09.37:270][ 67]Error: BEGIN OBJECT: Invalid class specified:    Begin Object Class=EdGraphPin Name="EdGraphPin_1909"
[2017.04.18-16.09.37:270][ 67]Error: BEGIN OBJECT: Invalid class specified:    Begin Object Class=EdGraphPin Name="EdGraphPin_2495"
[2017.04.18-16.09.37:270][ 67]Error: BEGIN OBJECT: Invalid class specified:    Begin Object Class=EdGraphPin Name="EdGraphPin_1998"
[2017.04.18-16.09.37:270][ 67]Error: BEGIN OBJECT: Invalid class specified:    Begin Object Class=EdGraphPin Name="EdGraphPin_2133"
[2017.04.18-16.09.37:270][ 67]Error: BEGIN OBJECT: Invalid class specified:    Begin Object Class=EdGraphPin Name="EdGraphPin_2190"
[2017.04.18-16.09.37:270][ 67]Error: BEGIN OBJECT: Invalid class specified:    Begin Object Class=EdGraphPin Name="EdGraphPin_2034"
[2017.04.18-16.09.37:270][ 67]Error: BEGIN OBJECT: Invalid class specified:    Begin Object Class=EdGraphPin Name="EdGraphPin_1960"
[2017.04.18-16.09.37:270][ 67]Error: BEGIN OBJECT: Invalid class specified:    Begin Object Class=EdGraphPin Name="EdGraphPin_2214"
[2017.04.18-16.09.37:270][ 67]Error: BEGIN OBJECT: Invalid class specified:    Begin Object Class=EdGraphPin Name="EdGraphPin_19901"
[2017.04.18-16.09.37:270][ 67]Error: BEGIN OBJECT: Invalid class specified:    Begin Object Class=EdGraphPin Name="EdGraphPin_2525"
[2017.04.18-16.09.37:270][ 67]Error: BEGIN OBJECT: Invalid class specified:    Begin Object Class=EdGraphPin Name="EdGraphPin_2322"
[2017.04.18-16.09.37:270][ 67]Error: BEGIN OBJECT: Invalid class specified:    Begin Object Class=EdGraphPin Name="EdGraphPin_2343"
[2017.04.18-16.09.37:271][ 67]Error: BEGIN OBJECT: Invalid class specified:    Begin Object Class=EdGraphPin Name="EdGraphPin_2531"
[2017.04.18-16.09.37:271][ 67]Error: BEGIN OBJECT: Invalid class specified:    Begin Object Class=EdGraphPin Name="EdGraphPin_2543"
[2017.04.18-16.09.37:271][ 67]Error: BEGIN OBJECT: Invalid class specified:    Begin Object Class=EdGraphPin Name="EdGraphPin_2172"
[2017.04.18-16.09.37:271][ 67]Error: BEGIN OBJECT: Invalid class specified:    Begin Object Class=EdGraphPin Name="EdGraphPin_2555"
[2017.04.18-16.09.37:271][ 67]Error: BEGIN OBJECT: Invalid class specified:    Begin Object Class=EdGraphPin Name="EdGraphPin_1952"
[2017.04.18-16.09.37:271][ 67]Error: BEGIN OBJECT: Invalid class specified:    Begin Object Class=EdGraphPin Name="EdGraphPin_2199"
[2017.04.18-16.09.37:271][ 67]Error: BEGIN OBJECT: Invalid class specified:    Begin Object Class=EdGraphPin Name="EdGraphPin_1944"
[2017.04.18-16.09.37:271][ 67]Error: BEGIN OBJECT: Invalid class specified:    Begin Object Class=EdGraphPin Name="EdGraphPin_2223"
[2017.04.18-16.09.37:271][ 67]Error: BEGIN OBJECT: Invalid class specified:    Begin Object Class=EdGraphPin Name="EdGraphPin_2567"
[2017.04.18-16.09.37:271][ 67]Error: BEGIN OBJECT: Invalid class specified:    Begin Object Class=EdGraphPin Name="EdGraphPin_2591"
[2017.04.18-16.09.37:271][ 67]Error: BEGIN OBJECT: Invalid class specified:    Begin Object Class=EdGraphPin Name="EdGraphPin_2268"
[2017.04.18-16.09.37:271][ 67]Error: BEGIN OBJECT: Invalid class specified:    Begin Object Class=EdGraphPin Name="EdGraphPin_2271"
[2017.04.18-16.09.37:271][ 67]Error: BEGIN OBJECT: Invalid class specified:    Begin Object Class=EdGraphPin Name="EdGraphPin_2603"
[2017.04.18-16.09.37:271][ 67]Error: BEGIN OBJECT: Invalid class specified:    Begin Object Class=EdGraphPin Name="EdGraphPin_2627"
[2017.04.18-16.09.37:271][ 67]Error: BEGIN OBJECT: Invalid class specified:    Begin Object Class=EdGraphPin Name="EdGraphPin_2304"
[2017.04.18-16.09.37:271][ 67]Error: BEGIN OBJECT: Invalid class specified:    Begin Object Class=EdGraphPin Name="EdGraphPin_2313"
[2017.04.18-16.09.37:271][ 67]Error: BEGIN OBJECT: Invalid class specified:    Begin Object Class=EdGraphPin Name="EdGraphPin_1936"
[2017.04.18-16.09.37:271][ 67]Error: BEGIN OBJECT: Invalid class specified:    Begin Object Class=EdGraphPin Name="EdGraphPin_2645"
[2017.04.18-16.09.37:271][ 67]Error: BEGIN OBJECT: Invalid class specified:    Begin Object Class=EdGraphPin Name="EdGraphPin_2337"
[2017.04.18-16.09.37:271][ 67]Error: BEGIN OBJECT: Invalid class specified:    Begin Object Class=EdGraphPin Name="EdGraphPin_1928"
[2017.04.18-16.09.37:271][ 67]Error: BEGIN OBJECT: Invalid class specified:    Begin Object Class=EdGraphPin Name="EdGraphPin_2358"
[2017.04.18-16.09.37:272][ 67]Error: BEGIN OBJECT: Invalid class specified:    Begin Object Class=EdGraphPin Name="EdGraphPin_20025"
[2017.04.18-16.09.41:394][131]LogEditorTransaction: Undo Paste clipboard contents
[2017.04.18-16.09.45:183][204]LogUObjectHash:Warning: Ambiguous search, could be K2Node_CustomEvent /Game/Blueprints/BPGameController.BPGameController:EventGraph.K2Node_CustomEvent_1 or K2Node_CustomEvent /Game/Blueprints/BPGameController.BPGameController:EventGraph.K2Node_CustomEvent_1
[2017.04.18-16.09.45:183][204]LogUObjectHash:Warning: Ambiguous search, could be K2Node_Event /Game/Blueprints/BPGameController.BPGameController:EventGraph.K2Node_Event_127 or K2Node_Event /Game/Blueprints/BPGameController.BPGameController:EventGraph.K2Node_Event_127
[2017.04.18-16.09.45:184][204]LogUObjectHash:Warning: Ambiguous search, could be K2Node_CallFunction /Game/Blueprints/BPGameController.BPGameController:EventGraph.K2Node_CallFunction_2255 or K2Node_CallFunction /Game/Blueprints/BPGameController.BPGameController:EventGraph.K2Node_CallFunction_2255
[2017.04.18-16.09.45:184][204]LogUObjectHash:Warning: Ambiguous search, could be K2Node_VariableSet /Game/Blueprints/BPGameController.BPGameController:EventGraph.K2Node_VariableSet_122 or K2Node_VariableSet /Game/Blueprints/BPGameController.BPGameController:EventGraph.K2Node_VariableSet_122
[2017.04.18-16.09.45:185][204]LogUObjectHash:Warning: Ambiguous search, could be K2Node_ExecutionSequence /Game/Blueprints/BPGameController.BPGameController:EventGraph.K2Node_ExecutionSequence_1 or K2Node_ExecutionSequence /Game/Blueprints/BPGameController.BPGameController:EventGraph.K2Node_ExecutionSequence_1
[2017.04.18-16.09.45:186][204]LogUObjectHash:Warning: Ambiguous search, could be K2Node_VariableSet /Game/Blueprints/BPGameController.BPGameController:EventGraph.K2Node_VariableSet_125 or K2Node_VariableSet /Game/Blueprints/BPGameController.BPGameController:EventGraph.K2Node_VariableSet_125
[2017.04.18-16.09.45:186][204]LogUObjectHash:Warning: Ambiguous search, could be K2Node_CustomEvent /Game/Blueprints/BPGameController.BPGameController:EventGraph.K2Node_CustomEvent_16 or K2Node_CustomEvent /Game/Blueprints/BPGameController.BPGameController:EventGraph.K2Node_CustomEvent_16
[2017.04.18-16.09.45:187][204]LogUObjectHash:Warning: Ambiguous search, could be K2Node_CallFunction /Game/Blueprints/BPGameController.BPGameController:EventGraph.K2Node_CallFunction_2301 or K2Node_CallFunction /Game/Blueprints/BPGameController.BPGameController:EventGraph.K2Node_CallFunction_2301
[2017.04.18-16.09.45:187][204]LogUObjectHash:Warning: Ambiguous search, could be K2Node_SpawnActorFromClass /Game/Blueprints/BPGameController.BPGameController:EventGraph.K2Node_SpawnActorFromClass_1 or K2Node_SpawnActorFromClass /Game/Blueprints/BPGameController.BPGameController:EventGraph.K2Node_SpawnActorFromClass_1
[2017.04.18-16.09.45:187][204]LogUObjectHash:Warning: Ambiguous search, could be K2Node_CallFunction /Game/Blueprints/BPGameController.BPGameController:EventGraph.K2Node_CallFunction_2302 or K2Node_CallFunction /Game/Blueprints/BPGameController.BPGameController:EventGraph.K2Node_CallFunction_2302
[2017.04.18-16.09.45:188][204]LogUObjectHash:Warning: Ambiguous search, could be K2Node_VariableGet /Game/Blueprints/BPGameController.BPGameController:EventGraph.K2Node_VariableGet_213 or K2Node_VariableGet /Game/Blueprints/BPGameController.BPGameController:EventGraph.K2Node_VariableGet_213
[2017.04.18-16.09.45:188][204]LogUObjectHash:Warning: Ambiguous search, could be K2Node_VariableSet /Game/Blueprints/BPGameController.BPGameController:EventGraph.K2Node_VariableSet_159 or K2Node_VariableSet /Game/Blueprints/BPGameController.BPGameController:EventGraph.K2Node_VariableSet_159
[2017.04.18-16.09.45:189][204]LogUObjectHash:Warning: Ambiguous search, could be K2Node_CallFunction /Game/Blueprints/BPGameController.BPGameController:EventGraph.K2Node_CallFunction_2303 or K2Node_CallFunction /Game/Blueprints/BPGameController.BPGameController:EventGraph.K2Node_CallFunction_2303
[2017.04.18-16.09.45:189][204]LogUObjectHash:Warning: Ambiguous search, could be K2Node_CallFunction /Game/Blueprints/BPGameController.BPGameController:EventGraph.K2Node_CallFunction_2304 or K2Node_CallFunction /Game/Blueprints/BPGameController.BPGameController:EventGraph.K2Node_CallFunction_2304
[2017.04.18-16.09.45:189][204]LogUObjectHash:Warning: Ambiguous search, could be K2Node_VariableGet /Game/Blueprints/BPGameController.BPGameController:EventGraph.K2Node_VariableGet_1406 or K2Node_VariableGet /Game/Blueprints/BPGameController.BPGameController:EventGraph.K2Node_VariableGet_1406
[2017.04.18-16.09.45:189][204]LogUObjectHash:Warning: Ambiguous search, could be K2Node_AddDelegate /Game/Blueprints/BPGameController.BPGameController:EventGraph.K2Node_AddDelegate_189 or K2Node_AddDelegate /Game/Blueprints/BPGameController.BPGameController:EventGraph.K2Node_AddDelegate_189
[2017.04.18-16.09.45:190][204]LogUObjectHash:Warning: Ambiguous search, could be K2Node_CustomEvent /Game/Blueprints/BPGameController.BPGameController:EventGraph.K2Node_CustomEvent_50 or K2Node_CustomEvent /Game/Blueprints/BPGameController.BPGameController:EventGraph.K2Node_CustomEvent_50
[2017.04.18-16.09.45:190][204]LogUObjectHash:Warning: Ambiguous search, could be K2Node_VariableSet /Game/Blueprints/BPGameController.BPGameController:EventGraph.K2Node_VariableSet_813 or K2Node_VariableSet /Game/Blueprints/BPGameController.BPGameController:EventGraph.K2Node_VariableSet_813
[2017.04.18-16.09.45:190][204]LogUObjectHash:Warning: Ambiguous search, could be K2Node_CustomEvent /Game/Blueprints/BPGameController.BPGameController:EventGraph.K2Node_CustomEvent_57 or K2Node_CustomEvent /Game/Blueprints/BPGameController.BPGameController:EventGraph.K2Node_CustomEvent_57
[2017.04.18-16.09.45:190][204]LogUObjectHash:Warning: Ambiguous search, could be K2Node_CallFunction /Game/Blueprints/BPGameController.BPGameController:EventGraph.K2Node_CallFunction_2461 or K2Node_CallFunction /Game/Blueprints/BPGameController.BPGameController:EventGraph.K2Node_CallFunction_2461
[2017.04.18-16.09.45:191][204]LogUObjectHash:Warning: Ambiguous search, could be K2Node_CallFunction /Game/Blueprints/BPGameController.BPGameController:EventGraph.K2Node_CallFunction_2478 or K2Node_CallFunction /Game/Blueprints/BPGameController.BPGameController:EventGraph.K2Node_CallFunction_2478
[2017.04.18-16.09.45:191][204]LogUObjectHash:Warning: Ambiguous search, could be K2Node_CallFunction /Game/Blueprints/BPGameController.BPGameController:EventGraph.K2Node_CallFunction_2463 or K2Node_CallFunction /Game/Blueprints/BPGameController.BPGameController:EventGraph.K2Node_CallFunction_2463
[2017.04.18-16.09.45:191][204]LogUObjectHash:Warning: Ambiguous search, could be K2Node_Self /Game/Blueprints/BPGameController.BPGameController:EventGraph.K2Node_Self_3 or K2Node_Self /Game/Blueprints/BPGameController.BPGameController:EventGraph.K2Node_Self_3
[2017.04.18-16.09.45:191][204]LogUObjectHash:Warning: Ambiguous search, could be K2Node_Self /Game/Blueprints/BPGameController.BPGameController:EventGraph.K2Node_Self_1 or K2Node_Self /Game/Blueprints/BPGameController.BPGameController:EventGraph.K2Node_Self_1
[2017.04.18-16.09.45:192][204]LogUObjectHash:Warning: Ambiguous search, could be K2Node_CallFunction /Game/Blueprints/BPGameController.BPGameController:EventGraph.K2Node_CallFunction_2462 or K2Node_CallFunction /Game/Blueprints/BPGameController.BPGameController:EventGraph.K2Node_CallFunction_2462
[2017.04.18-16.09.45:192][204]LogUObjectHash:Warning: Ambiguous search, could be K2Node_MacroInstance /Game/Blueprints/BPGameController.BPGameController:EventGraph.K2Node_MacroInstance_23 or K2Node_MacroInstance /Game/Blueprints/BPGameController.BPGameController:EventGraph.K2Node_MacroInstance_23
[2017.04.18-16.09.45:192][204]LogUObjectHash:Warning: Ambiguous search, could be K2Node_CallFunction /Game/Blueprints/BPGameController.BPGameController:EventGraph.K2Node_CallFunction_2501 or K2Node_CallFunction /Game/Blueprints/BPGameController.BPGameController:EventGraph.K2Node_CallFunction_2501
[2017.04.18-16.09.45:192][204]LogUObjectHash:Warning: Ambiguous search, could be K2Node_ExecutionSequence /Game/Blueprints/BPGameController.BPGameController:EventGraph.K2Node_ExecutionSequence_22 or K2Node_ExecutionSequence /Game/Blueprints/BPGameController.BPGameController:EventGraph.K2Node_ExecutionSequence_22
[2017.04.18-16.09.45:193][204]LogUObjectHash:Warning: Ambiguous search, could be K2Node_CustomEvent /Game/Blueprints/BPGameController.BPGameController:EventGraph.K2Node_CustomEvent_74 or K2Node_CustomEvent /Game/Blueprints/BPGameController.BPGameController:EventGraph.K2Node_CustomEvent_74
[2017.04.18-16.09.45:193][204]LogUObjectHash:Warning: Ambiguous search, could be K2Node_CallFunction /Game/Blueprints/BPGameController.BPGameController:EventGraph.K2Node_CallFunction_2539 or K2Node_CallFunction /Game/Blueprints/BPGameController.BPGameController:EventGraph.K2Node_CallFunction_2539
[2017.04.18-16.09.45:193][204]LogUObjectHash:Warning: Ambiguous search, could be K2Node_VariableGet /Game/Blueprints/BPGameController.BPGameController:EventGraph.K2Node_VariableGet_1587 or K2Node_VariableGet /Game/Blueprints/BPGameController.BPGameController:EventGraph.K2Node_VariableGet_1587
[2017.04.18-16.09.45:193][204]LogUObjectHash:Warning: Ambiguous search, could be K2Node_CustomEvent /Game/Blueprints/BPGameController.BPGameController:EventGraph.K2Node_CustomEvent_85 or K2Node_CustomEvent /Game/Blueprints/BPGameController.BPGameController:EventGraph.K2Node_CustomEvent_85
[2017.04.18-16.09.45:194][204]LogUObjectHash:Warning: Ambiguous search, could be K2Node_CallFunction /Game/Blueprints/BPGameController.BPGameController:EventGraph.K2Node_CallFunction_2582 or K2Node_CallFunction /Game/Blueprints/BPGameController.BPGameController:EventGraph.K2Node_CallFunction_2582
[2017.04.18-16.09.45:194][204]LogUObjectHash:Warning: Ambiguous search, could be EdGraphNode_Comment /Game/Blueprints/BPGameController.BPGameController:EventGraph.EdGraphNode_Comment_2 or EdGraphNode_Comment /Game/Blueprints/BPGameController.BPGameController:EventGraph.EdGraphNode_Comment_2
[2017.04.18-16.09.45:194][204]LogUObjectHash:Warning: Ambiguous search, could be K2Node_Event /Game/Blueprints/BPGameController.BPGameController:EventGraph.K2Node_Event_137 or K2Node_Event /Game/Blueprints/BPGameController.BPGameController:EventGraph.K2Node_Event_137
[2017.04.18-16.09.45:194][204]Error: BEGIN OBJECT: Invalid class specified:    Begin Object Class=EdGraphPin Name="EdGraphPin_1909"
[2017.04.18-16.09.45:194][204]Error: BEGIN OBJECT: Invalid class specified:    Begin Object Class=EdGraphPin Name="EdGraphPin_2495"
[2017.04.18-16.09.45:194][204]Error: BEGIN OBJECT: Invalid class specified:    Begin Object Class=EdGraphPin Name="EdGraphPin_1998"
[2017.04.18-16.09.45:194][204]Error: BEGIN OBJECT: Invalid class specified:    Begin Object Class=EdGraphPin Name="EdGraphPin_2133"
[2017.04.18-16.09.45:195][204]Error: BEGIN OBJECT: Invalid class specified:    Begin Object Class=EdGraphPin Name="EdGraphPin_2190"
[2017.04.18-16.09.45:195][204]Error: BEGIN OBJECT: Invalid class specified:    Begin Object Class=EdGraphPin Name="EdGraphPin_2034"
[2017.04.18-16.09.45:195][204]Error: BEGIN OBJECT: Invalid class specified:    Begin Object Class=EdGraphPin Name="EdGraphPin_1960"
[2017.04.18-16.09.45:195][204]Error: BEGIN OBJECT: Invalid class specified:    Begin Object Class=EdGraphPin Name="EdGraphPin_2214"
[2017.04.18-16.09.45:195][204]Error: BEGIN OBJECT: Invalid class specified:    Begin Object Class=EdGraphPin Name="EdGraphPin_19901"
[2017.04.18-16.09.45:195][204]Error: BEGIN OBJECT: Invalid class specified:    Begin Object Class=EdGraphPin Name="EdGraphPin_2525"
[2017.04.18-16.09.45:195][204]Error: BEGIN OBJECT: Invalid class specified:    Begin Object Class=EdGraphPin Name="EdGraphPin_2322"
[2017.04.18-16.09.45:195][204]Error: BEGIN OBJECT: Invalid class specified:    Begin Object Class=EdGraphPin Name="EdGraphPin_2343"
[2017.04.18-16.09.45:195][204]Error: BEGIN OBJECT: Invalid class specified:    Begin Object Class=EdGraphPin Name="EdGraphPin_2531"
[2017.04.18-16.09.45:195][204]Error: BEGIN OBJECT: Invalid class specified:    Begin Object Class=EdGraphPin Name="EdGraphPin_2543"
[2017.04.18-16.09.45:195][204]Error: BEGIN OBJECT: Invalid class specified:    Begin Object Class=EdGraphPin Name="EdGraphPin_2172"
[2017.04.18-16.09.45:195][204]Error: BEGIN OBJECT: Invalid class specified:    Begin Object Class=EdGraphPin Name="EdGraphPin_2555"
[2017.04.18-16.09.45:195][204]Error: BEGIN OBJECT: Invalid class specified:    Begin Object Class=EdGraphPin Name="EdGraphPin_1952"
[2017.04.18-16.09.45:195][204]Error: BEGIN OBJECT: Invalid class specified:    Begin Object Class=EdGraphPin Name="EdGraphPin_2199"
[2017.04.18-16.09.45:195][204]Error: BEGIN OBJECT: Invalid class specified:    Begin Object Class=EdGraphPin Name="EdGraphPin_1944"
[2017.04.18-16.09.45:195][204]Error: BEGIN OBJECT: Invalid class specified:    Begin Object Class=EdGraphPin Name="EdGraphPin_2223"
[2017.04.18-16.09.45:196][204]Error: BEGIN OBJECT: Invalid class specified:    Begin Object Class=EdGraphPin Name="EdGraphPin_2567"
[2017.04.18-16.09.45:196][204]Error: BEGIN OBJECT: Invalid class specified:    Begin Object Class=EdGraphPin Name="EdGraphPin_2591"
[2017.04.18-16.09.45:196][204]Error: BEGIN OBJECT: Invalid class specified:    Begin Object Class=EdGraphPin Name="EdGraphPin_2268"
[2017.04.18-16.09.45:196][204]Error: BEGIN OBJECT: Invalid class specified:    Begin Object Class=EdGraphPin Name="EdGraphPin_2271"
[2017.04.18-16.09.45:196][204]Error: BEGIN OBJECT: Invalid class specified:    Begin Object Class=EdGraphPin Name="EdGraphPin_2603"
[2017.04.18-16.09.45:196][204]Error: BEGIN OBJECT: Invalid class specified:    Begin Object Class=EdGraphPin Name="EdGraphPin_2627"
[2017.04.18-16.09.45:196][204]Error: BEGIN OBJECT: Invalid class specified:    Begin Object Class=EdGraphPin Name="EdGraphPin_2304"
[2017.04.18-16.09.45:196][204]Error: BEGIN OBJECT: Invalid class specified:    Begin Object Class=EdGraphPin Name="EdGraphPin_2313"
[2017.04.18-16.09.45:196][204]Error: BEGIN OBJECT: Invalid class specified:    Begin Object Class=EdGraphPin Name="EdGraphPin_1936"
[2017.04.18-16.09.45:196][204]Error: BEGIN OBJECT: Invalid class specified:    Begin Object Class=EdGraphPin Name="EdGraphPin_2645"
[2017.04.18-16.09.45:196][204]Error: BEGIN OBJECT: Invalid class specified:    Begin Object Class=EdGraphPin Name="EdGraphPin_2337"
[2017.04.18-16.09.45:196][204]Error: BEGIN OBJECT: Invalid class specified:    Begin Object Class=EdGraphPin Name="EdGraphPin_1928"
[2017.04.18-16.09.45:196][204]Error: BEGIN OBJECT: Invalid class specified:    Begin Object Class=EdGraphPin Name="EdGraphPin_2358"
[2017.04.18-16.09.45:196][204]Error: BEGIN OBJECT: Invalid class specified:    Begin Object Class=EdGraphPin Name="EdGraphPin_20025"
[2017.04.18-16.09.48:398][250]LogEditorTransaction: Undo Paste clipboard contents
[2017.04.18-16.09.48:752][252]LogEditorTransaction: Undo Delete current selection
[2017.04.18-16.09.49:309][253]LogEditorTransaction: Undo Delete current selection
[2017.04.18-16.09.50:277][261]LogEditorTransaction: Undo Paste clipboard contents
[2017.04.18-16.10.01:580][382]LogEditorTransaction: Redo Paste clipboard contents
[2017.04.18-16.10.02:646][397]LogEditorTransaction: Redo Delete current selection
[2017.04.18-16.10.03:963][411]LogEditorTransaction: Redo Delete current selection
[2017.04.18-16.10.05:282][428]LogEditorTransaction: Undo Delete current selection
[2017.04.18-16.11.22:956][838]LogUObjectHash:Warning: Ambiguous search, could be K2Node_CustomEvent /Game/Blueprints/BPGameController.BPGameController:EventGraph.K2Node_CustomEvent_1 or K2Node_CustomEvent /Game/Blueprints/BPGameController.BPGameController:EventGraph.K2Node_CustomEvent_1
[2017.04.18-16.11.22:956][838]LogUObjectHash:Warning: Ambiguous search, could be K2Node_Event /Game/Blueprints/BPGameController.BPGameController:EventGraph.K2Node_Event_127 or K2Node_Event /Game/Blueprints/BPGameController.BPGameController:EventGraph.K2Node_Event_127
[2017.04.18-16.11.22:956][838]LogUObjectHash:Warning: Ambiguous search, could be K2Node_CallFunction /Game/Blueprints/BPGameController.BPGameController:EventGraph.K2Node_CallFunction_2255 or K2Node_CallFunction /Game/Blueprints/BPGameController.BPGameController:EventGraph.K2Node_CallFunction_2255
[2017.04.18-16.11.22:956][838]LogUObjectHash:Warning: Ambiguous search, could be K2Node_VariableSet /Game/Blueprints/BPGameController.BPGameController:EventGraph.K2Node_VariableSet_122 or K2Node_VariableSet /Game/Blueprints/BPGameController.BPGameController:EventGraph.K2Node_VariableSet_122
[2017.04.18-16.11.22:957][838]LogUObjectHash:Warning: Ambiguous search, could be K2Node_ExecutionSequence /Game/Blueprints/BPGameController.BPGameController:EventGraph.K2Node_ExecutionSequence_1 or K2Node_ExecutionSequence /Game/Blueprints/BPGameController.BPGameController:EventGraph.K2Node_ExecutionSequence_1
[2017.04.18-16.11.22:957][838]LogUObjectHash:Warning: Ambiguous search, could be K2Node_VariableSet /Game/Blueprints/BPGameController.BPGameController:EventGraph.K2Node_VariableSet_125 or K2Node_VariableSet /Game/Blueprints/BPGameController.BPGameController:EventGraph.K2Node_VariableSet_125
[2017.04.18-16.11.22:957][838]LogUObjectHash:Warning: Ambiguous search, could be K2Node_CustomEvent /Game/Blueprints/BPGameController.BPGameController:EventGraph.K2Node_CustomEvent_16 or K2Node_CustomEvent /Game/Blueprints/BPGameController.BPGameController:EventGraph.K2Node_CustomEvent_16
[2017.04.18-16.11.22:957][838]LogUObjectHash:Warning: Ambiguous search, could be K2Node_CallFunction /Game/Blueprints/BPGameController.BPGameController:EventGraph.K2Node_CallFunction_2301 or K2Node_CallFunction /Game/Blueprints/BPGameController.BPGameController:EventGraph.K2Node_CallFunction_2301
[2017.04.18-16.11.22:958][838]LogUObjectHash:Warning: Ambiguous search, could be K2Node_SpawnActorFromClass /Game/Blueprints/BPGameController.BPGameController:EventGraph.K2Node_SpawnActorFromClass_1 or K2Node_SpawnActorFromClass /Game/Blueprints/BPGameController.BPGameController:EventGraph.K2Node_SpawnActorFromClass_1
[2017.04.18-16.11.22:958][838]LogUObjectHash:Warning: Ambiguous search, could be K2Node_CallFunction /Game/Blueprints/BPGameController.BPGameController:EventGraph.K2Node_CallFunction_2302 or K2Node_CallFunction /Game/Blueprints/BPGameController.BPGameController:EventGraph.K2Node_CallFunction_2302
[2017.04.18-16.11.22:959][838]LogUObjectHash:Warning: Ambiguous search, could be K2Node_VariableGet /Game/Blueprints/BPGameController.BPGameController:EventGraph.K2Node_VariableGet_213 or K2Node_VariableGet /Game/Blueprints/BPGameController.BPGameController:EventGraph.K2Node_VariableGet_213
[2017.04.18-16.11.22:959][838]LogUObjectHash:Warning: Ambiguous search, could be K2Node_VariableSet /Game/Blueprints/BPGameController.BPGameController:EventGraph.K2Node_VariableSet_159 or K2Node_VariableSet /Game/Blueprints/BPGameController.BPGameController:EventGraph.K2Node_VariableSet_159
[2017.04.18-16.11.22:959][838]LogUObjectHash:Warning: Ambiguous search, could be K2Node_VariableSet /Game/Blueprints/BPGameController.BPGameController:EventGraph.K2Node_VariableSet_159 or K2Node_VariableSet /Game/Blueprints/BPGameController.BPGameController:EventGraph.K2Node_VariableSet_159
[2017.04.18-16.11.22:960][838]LogUObjectHash:Warning: Ambiguous search, could be K2Node_CallFunction /Game/Blueprints/BPGameController.BPGameController:EventGraph.K2Node_CallFunction_2303 or K2Node_CallFunction /Game/Blueprints/BPGameController.BPGameController:EventGraph.K2Node_CallFunction_2303
[2017.04.18-16.11.22:960][838]LogUObjectHash:Warning: Ambiguous search, could be K2Node_CallFunction /Game/Blueprints/BPGameController.BPGameController:EventGraph.K2Node_CallFunction_2304 or K2Node_CallFunction /Game/Blueprints/BPGameController.BPGameController:EventGraph.K2Node_CallFunction_2304
[2017.04.18-16.11.22:960][838]LogUObjectHash:Warning: Ambiguous search, could be K2Node_VariableGet /Game/Blueprints/BPGameController.BPGameController:EventGraph.K2Node_VariableGet_1406 or K2Node_VariableGet /Game/Blueprints/BPGameController.BPGameController:EventGraph.K2Node_VariableGet_1406
[2017.04.18-16.11.22:960][838]LogUObjectHash:Warning: Ambiguous search, could be K2Node_AddDelegate /Game/Blueprints/BPGameController.BPGameController:EventGraph.K2Node_AddDelegate_189 or K2Node_AddDelegate /Game/Blueprints/BPGameController.BPGameController:EventGraph.K2Node_AddDelegate_189
[2017.04.18-16.11.22:960][838]LogUObjectHash:Warning: Ambiguous search, could be K2Node_CustomEvent /Game/Blueprints/BPGameController.BPGameController:EventGraph.K2Node_CustomEvent_50 or K2Node_CustomEvent /Game/Blueprints/BPGameController.BPGameController:EventGraph.K2Node_CustomEvent_50
[2017.04.18-16.11.22:961][838]LogUObjectHash:Warning: Ambiguous search, could be K2Node_VariableSet /Game/Blueprints/BPGameController.BPGameController:EventGraph.K2Node_VariableSet_813 or K2Node_VariableSet /Game/Blueprints/BPGameController.BPGameController:EventGraph.K2Node_VariableSet_813
[2017.04.18-16.11.22:961][838]LogUObjectHash:Warning: Ambiguous search, could be K2Node_CustomEvent /Game/Blueprints/BPGameController.BPGameController:EventGraph.K2Node_CustomEvent_57 or K2Node_CustomEvent /Game/Blueprints/BPGameController.BPGameController:EventGraph.K2Node_CustomEvent_57
[2017.04.18-16.11.22:961][838]LogUObjectHash:Warning: Ambiguous search, could be K2Node_CallFunction /Game/Blueprints/BPGameController.BPGameController:EventGraph.K2Node_CallFunction_2461 or K2Node_CallFunction /Game/Blueprints/BPGameController.BPGameController:EventGraph.K2Node_CallFunction_2461
[2017.04.18-16.11.22:961][838]LogUObjectHash:Warning: Ambiguous search, could be K2Node_CallFunction /Game/Blueprints/BPGameController.BPGameController:EventGraph.K2Node_CallFunction_2478 or K2Node_CallFunction /Game/Blueprints/BPGameController.BPGameController:EventGraph.K2Node_CallFunction_2478
[2017.04.18-16.11.22:961][838]LogUObjectHash:Warning: Ambiguous search, could be K2Node_CallFunction /Game/Blueprints/BPGameController.BPGameController:EventGraph.K2Node_CallFunction_2463 or K2Node_CallFunction /Game/Blueprints/BPGameController.BPGameController:EventGraph.K2Node_CallFunction_2463
[2017.04.18-16.11.22:962][838]LogUObjectHash:Warning: Ambiguous search, could be K2Node_Self /Game/Blueprints/BPGameController.BPGameController:EventGraph.K2Node_Self_3 or K2Node_Self /Game/Blueprints/BPGameController.BPGameController:EventGraph.K2Node_Self_3
[2017.04.18-16.11.22:962][838]LogUObjectHash:Warning: Ambiguous search, could be K2Node_Self /Game/Blueprints/BPGameController.BPGameController:EventGraph.K2Node_Self_1 or K2Node_Self /Game/Blueprints/BPGameController.BPGameController:EventGraph.K2Node_Self_1
[2017.04.18-16.11.22:962][838]LogUObjectHash:Warning: Ambiguous search, could be K2Node_CallFunction /Game/Blueprints/BPGameController.BPGameController:EventGraph.K2Node_CallFunction_2462 or K2Node_CallFunction /Game/Blueprints/BPGameController.BPGameController:EventGraph.K2Node_CallFunction_2462
[2017.04.18-16.11.22:962][838]LogUObjectHash:Warning: Ambiguous search, could be K2Node_MacroInstance /Game/Blueprints/BPGameController.BPGameController:EventGraph.K2Node_MacroInstance_23 or K2Node_MacroInstance /Game/Blueprints/BPGameController.BPGameController:EventGraph.K2Node_MacroInstance_23
[2017.04.18-16.11.22:962][838]LogUObjectHash:Warning: Ambiguous search, could be K2Node_CallFunction /Game/Blueprints/BPGameController.BPGameController:EventGraph.K2Node_CallFunction_2501 or K2Node_CallFunction /Game/Blueprints/BPGameController.BPGameController:EventGraph.K2Node_CallFunction_2501
[2017.04.18-16.11.22:963][838]LogUObjectHash:Warning: Ambiguous search, could be K2Node_ExecutionSequence /Game/Blueprints/BPGameController.BPGameController:EventGraph.K2Node_ExecutionSequence_22 or K2Node_ExecutionSequence /Game/Blueprints/BPGameController.BPGameController:EventGraph.K2Node_ExecutionSequence_22
[2017.04.18-16.11.22:963][838]LogUObjectHash:Warning: Ambiguous search, could be K2Node_CustomEvent /Game/Blueprints/BPGameController.BPGameController:EventGraph.K2Node_CustomEvent_74 or K2Node_CustomEvent /Game/Blueprints/BPGameController.BPGameController:EventGraph.K2Node_CustomEvent_74
[2017.04.18-16.11.22:963][838]LogUObjectHash:Warning: Ambiguous search, could be K2Node_CallFunction /Game/Blueprints/BPGameController.BPGameController:EventGraph.K2Node_CallFunction_2539 or K2Node_CallFunction /Game/Blueprints/BPGameController.BPGameController:EventGraph.K2Node_CallFunction_2539
[2017.04.18-16.11.22:963][838]LogUObjectHash:Warning: Ambiguous search, could be K2Node_VariableGet /Game/Blueprints/BPGameController.BPGameController:EventGraph.K2Node_VariableGet_1587 or K2Node_VariableGet /Game/Blueprints/BPGameController.BPGameController:EventGraph.K2Node_VariableGet_1587
[2017.04.18-16.11.22:963][838]LogUObjectHash:Warning: Ambiguous search, could be K2Node_CustomEvent /Game/Blueprints/BPGameController.BPGameController:EventGraph.K2Node_CustomEvent_85 or K2Node_CustomEvent /Game/Blueprints/BPGameController.BPGameController:EventGraph.K2Node_CustomEvent_85
[2017.04.18-16.11.22:963][838]LogUObjectHash:Warning: Ambiguous search, could be K2Node_CallFunction /Game/Blueprints/BPGameController.BPGameController:EventGraph.K2Node_CallFunction_2582 or K2Node_CallFunction /Game/Blueprints/BPGameController.BPGameController:EventGraph.K2Node_CallFunction_2582
[2017.04.18-16.11.22:964][838]LogUObjectHash:Warning: Ambiguous search, could be EdGraphNode_Comment /Game/Blueprints/BPGameController.BPGameController:EventGraph.EdGraphNode_Comment_2 or EdGraphNode_Comment /Game/Blueprints/BPGameController.BPGameController:EventGraph.EdGraphNode_Comment_2
[2017.04.18-16.11.22:964][838]LogUObjectHash:Warning: Ambiguous search, could be K2Node_Event /Game/Blueprints/BPGameController.BPGameController:EventGraph.K2Node_Event_137 or K2Node_Event /Game/Blueprints/BPGameController.BPGameController:EventGraph.K2Node_Event_137
[2017.04.18-16.11.22:964][838]Error: BEGIN OBJECT: Invalid class specified:    Begin Object Class=EdGraphPin Name="EdGraphPin_1909"
[2017.04.18-16.11.22:964][838]Error: BEGIN OBJECT: Invalid class specified:    Begin Object Class=EdGraphPin Name="EdGraphPin_2495"
[2017.04.18-16.11.22:964][838]Error: BEGIN OBJECT: Invalid class specified:    Begin Object Class=EdGraphPin Name="EdGraphPin_1998"
[2017.04.18-16.11.22:964][838]Error: BEGIN OBJECT: Invalid class specified:    Begin Object Class=EdGraphPin Name="EdGraphPin_2133"
[2017.04.18-16.11.22:964][838]Error: BEGIN OBJECT: Invalid class specified:    Begin Object Class=EdGraphPin Name="EdGraphPin_2190"
[2017.04.18-16.11.22:964][838]Error: BEGIN OBJECT: Invalid class specified:    Begin Object Class=EdGraphPin Name="EdGraphPin_2034"
[2017.04.18-16.11.22:964][838]Error: BEGIN OBJECT: Invalid class specified:    Begin Object Class=EdGraphPin Name="EdGraphPin_1960"
[2017.04.18-16.11.22:964][838]Error: BEGIN OBJECT: Invalid class specified:    Begin Object Class=EdGraphPin Name="EdGraphPin_2214"
[2017.04.18-16.11.22:964][838]Error: BEGIN OBJECT: Invalid class specified:    Begin Object Class=EdGraphPin Name="EdGraphPin_19901"
[2017.04.18-16.11.22:964][838]Error: BEGIN OBJECT: Invalid class specified:    Begin Object Class=EdGraphPin Name="EdGraphPin_2525"
[2017.04.18-16.11.22:964][838]Error: BEGIN OBJECT: Invalid class specified:    Begin Object Class=EdGraphPin Name="EdGraphPin_2322"
[2017.04.18-16.11.22:965][838]Error: BEGIN OBJECT: Invalid class specified:    Begin Object Class=EdGraphPin Name="EdGraphPin_2343"
[2017.04.18-16.11.22:965][838]Error: BEGIN OBJECT: Invalid class specified:    Begin Object Class=EdGraphPin Name="EdGraphPin_2531"
[2017.04.18-16.11.22:965][838]Error: BEGIN OBJECT: Invalid class specified:    Begin Object Class=EdGraphPin Name="EdGraphPin_2543"
[2017.04.18-16.11.22:965][838]Error: BEGIN OBJECT: Invalid class specified:    Begin Object Class=EdGraphPin Name="EdGraphPin_2172"
[2017.04.18-16.11.22:965][838]Error: BEGIN OBJECT: Invalid class specified:    Begin Object Class=EdGraphPin Name="EdGraphPin_2555"
[2017.04.18-16.11.22:965][838]Error: BEGIN OBJECT: Invalid class specified:    Begin Object Class=EdGraphPin Name="EdGraphPin_1952"
[2017.04.18-16.11.22:965][838]Error: BEGIN OBJECT: Invalid class specified:    Begin Object Class=EdGraphPin Name="EdGraphPin_2199"
[2017.04.18-16.11.22:965][838]Error: BEGIN OBJECT: Invalid class specified:    Begin Object Class=EdGraphPin Name="EdGraphPin_1944"
[2017.04.18-16.11.22:965][838]Error: BEGIN OBJECT: Invalid class specified:    Begin Object Class=EdGraphPin Name="EdGraphPin_2223"
[2017.04.18-16.11.22:965][838]Error: BEGIN OBJECT: Invalid class specified:    Begin Object Class=EdGraphPin Name="EdGraphPin_2567"
[2017.04.18-16.11.22:965][838]Error: BEGIN OBJECT: Invalid class specified:    Begin Object Class=EdGraphPin Name="EdGraphPin_2591"
[2017.04.18-16.11.22:965][838]Error: BEGIN OBJECT: Invalid class specified:    Begin Object Class=EdGraphPin Name="EdGraphPin_2268"
[2017.04.18-16.11.22:965][838]Error: BEGIN OBJECT: Invalid class specified:    Begin Object Class=EdGraphPin Name="EdGraphPin_2271"
[2017.04.18-16.11.22:965][838]Error: BEGIN OBJECT: Invalid class specified:    Begin Object Class=EdGraphPin Name="EdGraphPin_2603"
[2017.04.18-16.11.22:965][838]Error: BEGIN OBJECT: Invalid class specified:    Begin Object Class=EdGraphPin Name="EdGraphPin_2627"
[2017.04.18-16.11.22:965][838]Error: BEGIN OBJECT: Invalid class specified:    Begin Object Class=EdGraphPin Name="EdGraphPin_2304"
[2017.04.18-16.11.22:965][838]Error: BEGIN OBJECT: Invalid class specified:    Begin Object Class=EdGraphPin Name="EdGraphPin_2313"
[2017.04.18-16.11.22:965][838]Error: BEGIN OBJECT: Invalid class specified:    Begin Object Class=EdGraphPin Name="EdGraphPin_1936"
[2017.04.18-16.11.22:965][838]Error: BEGIN OBJECT: Invalid class specified:    Begin Object Class=EdGraphPin Name="EdGraphPin_2645"
[2017.04.18-16.11.22:965][838]Error: BEGIN OBJECT: Invalid class specified:    Begin Object Class=EdGraphPin Name="EdGraphPin_2337"
[2017.04.18-16.11.22:965][838]Error: BEGIN OBJECT: Invalid class specified:    Begin Object Class=EdGraphPin Name="EdGraphPin_1928"
[2017.04.18-16.11.22:966][838]Error: BEGIN OBJECT: Invalid class specified:    Begin Object Class=EdGraphPin Name="EdGraphPin_2358"
[2017.04.18-16.11.22:966][838]Error: BEGIN OBJECT: Invalid class specified:    Begin Object Class=EdGraphPin Name="EdGraphPin_20025"
[2017.04.18-16.11.52:881][327]LogEditorTransaction: Undo Move Node
[2017.04.18-16.11.53:615][328]LogEditorTransaction: Undo Move Node
[2017.04.18-16.11.55:064][341]LogEditorTransaction: Undo Move Node
[2017.04.18-16.14.05:896][478]Cmd: OBJ SAVEPACKAGE PACKAGE="/Game/Maps/MapMain" FILE="../../../../../../Users/arodriguez/Desktop/IskyRestrubel/Saved/Autosaves/Game/Maps/MapMain_Auto1.umap" SILENT=true AUTOSAVING=true KEEPDIRTY=false
[2017.04.18-16.14.06:062][478]LogSavePackage: Save=119.98ms
[2017.04.18-16.14.06:062][478]LogSavePackage: Moving '../../../../../../Users/arodriguez/Desktop/IskyRestrubel/Saved/MapMain_Auto13348165B4F17ADE49CB738A29BCC7F27.tmp' to '../../../../../../Users/arodriguez/Desktop/IskyRestrubel/Saved/Autosaves/Game/Maps/MapMain_Auto1.umap'
[2017.04.18-16.14.06:065][478]LogSavePackage:Display: Finished SavePackage ../../../../../../Users/arodriguez/Desktop/IskyRestrubel/Saved/Autosaves/Game/Maps/MapMain_Auto1.umap
[2017.04.18-16.14.06:070][478]LogFileHelpers: Editor autosave (incl. sublevels) for '/Game/Maps/MapMain' took 0.408
[2017.04.18-16.14.06:070][478]LogFileHelpers: Editor autosave (incl. sublevels) for all levels took 0.408
[2017.04.18-16.14.06:077][478]OBJ SavePackage: Generating thumbnails for [0] asset(s) in package [/Game/Blueprints/BPGameController] ([1] browsable assets)...
[2017.04.18-16.14.06:077][478]OBJ SavePackage: Finished generating thumbnails for package [/Game/Blueprints/BPGameController]
[2017.04.18-16.14.06:247][478]LogSavePackage: Save=146.97ms
[2017.04.18-16.14.06:247][478]LogSavePackage: Moving '../../../../../../Users/arodriguez/Desktop/IskyRestrubel/Saved/BPGameController_Auto122C5FB684AE010269435D7B9808A8C1E.tmp' to '../../../../../../Users/arodriguez/Desktop/IskyRestrubel/Saved/Autosaves/Game/Blueprints/BPGameController_Auto1.uasset'
[2017.04.18-16.14.06:251][478]LogSavePackage:Display: Finished SavePackage ../../../../../../Users/arodriguez/Desktop/IskyRestrubel/Saved/Autosaves/Game/Blueprints/BPGameController_Auto1.uasset
[2017.04.18-16.14.06:251][478]LogFileHelpers: Auto-saving content packages took 0.177
[2017.04.18-16.15.32:416][792]Error: BEGIN OBJECT: Invalid class specified:    Begin Object Class=EdGraphPin Name="EdGraphPin_10986"
[2017.04.18-16.15.32:416][792]Error: BEGIN OBJECT: Invalid class specified:    Begin Object Class=EdGraphPin Name="EdGraphPin_10189"
[2017.04.18-16.15.32:416][792]Error: BEGIN OBJECT: Invalid class specified:    Begin Object Class=EdGraphPin Name="EdGraphPin_10174"
[2017.04.18-16.15.32:416][792]Error: BEGIN OBJECT: Invalid class specified:    Begin Object Class=EdGraphPin Name="EdGraphPin_11007"
[2017.04.18-16.15.32:416][792]Error: BEGIN OBJECT: Invalid class specified:    Begin Object Class=EdGraphPin Name="EdGraphPin_10090"
[2017.04.18-16.15.32:416][792]Error: BEGIN OBJECT: Invalid class specified:    Begin Object Class=EdGraphPin Name="EdGraphPin_10075"
[2017.04.18-16.15.32:416][792]Error: BEGIN OBJECT: Invalid class specified:    Begin Object Class=EdGraphPin Name="EdGraphPin_10069"
[2017.04.18-16.15.32:416][792]Error: BEGIN OBJECT: Invalid class specified:    Begin Object Class=EdGraphPin Name="EdGraphPin_11028"
[2017.04.18-16.15.32:416][792]Error: BEGIN OBJECT: Invalid class specified:    Begin Object Class=EdGraphPin Name="EdGraphPin_10024"
[2017.04.18-16.15.37:300][845]LogCrashTracker: 


[2017.04.18-16.15.37:300][845]LogCrashTracker: 


[2017.04.18-16.15.37:300][845]LogWindows:Error: === Critical error: ===
[2017.04.18-16.15.37:300][845]LogWindows:Error: 
[2017.04.18-16.15.37:300][845]LogWindows:Error: Fatal error!
[2017.04.18-16.15.37:300][845]LogWindows:Error: 
[2017.04.18-16.15.37:300][845]LogWindows:Error: Unhandled Exception: EXCEPTION_ACCESS_VIOLATION reading address 0x000000da
[2017.04.18-16.15.37:300][845]LogWindows:Error: 
[2017.04.18-16.15.37:300][845]LogWindows:Error: UE4Editor-BlueprintGraph.dll!0x00000000D3839492
[2017.04.18-16.15.37:300][845]LogWindows:Error: UE4Editor-BlueprintGraph.dll!0x00000000D38343B3
[2017.04.18-16.15.37:300][845]LogWindows:Error: UE4Editor-Engine.dll!0x00000000C753D680
[2017.04.18-16.15.37:300][845]LogWindows:Error: UE4Editor-BlueprintGraph.dll!0x00000000D36FB785
[2017.04.18-16.15.37:300][845]LogWindows:Error: UE4Editor-GraphEditor.dll!0x00000000D3C09FBE
[2017.04.18-16.15.37:300][845]LogWindows:Error: UE4Editor-GraphEditor.dll!0x00000000D3AA4E63
[2017.04.18-16.15.37:300][845]LogWindows:Error: UE4Editor-GraphEditor.dll!0x00000000D3AA66DC
[2017.04.18-16.15.37:300][845]LogWindows:Error: UE4Editor-GraphEditor.dll!0x00000000D3BCA761
[2017.04.18-16.15.37:300][845]LogWindows:Error: UE4Editor-GraphEditor.dll!0x00000000D3BC2415
[2017.04.18-16.15.37:300][845]LogWindows:Error: UE4Editor-GraphEditor.dll!0x00000000D3C9CA76
[2017.04.18-16.15.37:300][845]LogWindows:Error: UE4Editor-GraphEditor.dll!0x00000000D3C5B9FB
[2017.04.18-16.15.37:301][845]LogWindows:Error: UE4Editor-GraphEditor.dll!0x00000000D3C51291
[2017.04.18-16.15.37:301][845]LogWindows:Error: UE4Editor-GraphEditor.dll!0x00000000D3C50A9B
[2017.04.18-16.15.37:301][845]LogWindows:Error: UE4Editor-Slate.dll!0x00000000D6B1411C
[2017.04.18-16.15.37:301][845]LogWindows:Error: UE4Editor-Slate.dll!0x00000000D6AE47F5
[2017.04.18-16.15.37:301][845]LogWindows:Error: UE4Editor-Slate.dll!0x00000000D6B87193
[2017.04.18-16.15.37:301][845]LogWindows:Error: UE4Editor-Slate.dll!0x00000000D6B71100
[2017.04.18-16.15.37:301][845]LogWindows:Error: UE4Editor-Slate.dll!0x00000000D6B60211
[2017.04.18-16.15.37:301][845]LogWindows:Error: UE4Editor-Core.dll!0x00000000D7D5CDF9
[2017.04.18-16.15.37:301][845]LogWindows:Error: UE4Editor-Core.dll!0x00000000D7D467C1
[2017.04.18-16.15.37:301][845]LogWindows:Error: UE4Editor-Core.dll!0x00000000D7D5EA1C
[2017.04.18-16.15.37:301][845]LogWindows:Error: UE4Editor-Core.dll!0x00000000D7D426E9
[2017.04.18-16.15.37:301][845]LogWindows:Error: USER32.dll!0x0000000077379BBD
[2017.04.18-16.15.37:301][845]LogWindows:Error: USER32.dll!0x00000000773798C2
[2017.04.18-16.15.37:301][845]LogWindows:Error: UE4Editor-Core.dll!0x00000000D7D5F326
[2017.04.18-16.15.37:301][845]LogWindows:Error: UE4Editor.exe!0x000000003F23D790
[2017.04.18-16.15.37:301][845]LogWindows:Error: UE4Editor.exe!0x000000003F22EB40
[2017.04.18-16.15.37:301][845]LogWindows:Error: UE4Editor.exe!0x000000003F22EBBA
[2017.04.18-16.15.37:301][845]LogWindows:Error: UE4Editor.exe!0x000000003F240A29
[2017.04.18-16.15.37:301][845]LogWindows:Error: UE4Editor.exe!0x000000003F2422B6
[2017.04.18-16.15.37:301][845]LogWindows:Error: kernel32.dll!0x00000000774759CD
[2017.04.18-16.15.37:301][845]LogWindows:Error: ntdll.dll!0x00000000775AA561
[2017.04.18-16.15.37:301][845]LogWindows:Error: ntdll.dll!0x00000000775AA561
[2017.04.18-16.15.37:301][845]LogWindows:Error: 
[2017.04.18-16.15.37:393][845]LogExit: Executing StaticShutdownAfterError
[2017.04.18-16.15.37:406][845]LogWindows: FPlatformMisc::RequestExit(1)
[2017.04.18-16.15.37:406][845]Log file closed, 04/18/17 12:15:37
