Log file open, 04/25/17 13:20:10
LogInit:Display: Running engine for game: IskyRestrubel
LogPlatformFile: Not using cached read wrapper
LogInit:Display: RandInit(-489871796) SRandInit(-489871796).
LogTaskGraph: Started task graph with 5 named threads and 6 total threads with 1 sets of task threads.
LogStats: Stats thread started at 0.137667
LogInit: Using libcurl 7.47.1
LogInit:  - built for x86_64-pc-win32
LogInit:  - supports SSL with OpenSSL/1.0.2g
LogInit:  - supports HTTP deflate (compression) using libz 1.2.8
LogInit:  - other features:
LogInit:      CURL_VERSION_SSL
LogInit:      CURL_VERSION_LIBZ
LogInit:      CURL_VERSION_IPV6
LogInit:      CURL_VERSION_ASYNCHDNS
LogInit:      CURL_VERSION_LARGEFILE
LogInit:      CURL_VERSION_IDN
LogInit:  CurlRequestOptions (configurable via config and command line):
LogInit:  - bVerifyPeer = false  - Libcurl will NOT verify peer certificate
LogInit:  - bUseHttpProxy = false  - Libcurl will NOT use HTTP proxy
LogInit:  - bDontReuseConnections = false  - Libcurl will reuse connections
LogInit:  - CertBundlePath = nullptr  - Libcurl will use whatever was configured at build time.
LogInit: Build: ++UE4+Release-4.15-CL-3348071
LogInit: Engine Version: 4.15.1-3348071+++UE4+Release-4.15
LogInit: Compatible Engine Version: 4.15.0-3299760+++UE4+Release-4.15
LogInit: Net CL: 3299760
LogDevObjectVersion: Number of dev versions registered: 14
LogDevObjectVersion:   Dev-Blueprints (B0D832E4-1F89-4F0D-ACCF-7EB736FD4AA2): 8
LogDevObjectVersion:   Dev-Build (E1C64328-A22C-4D53-A36C-8E866417BD8C): 0
LogDevObjectVersion:   Dev-Core (375EC13C-06E4-48FB-B500-84F0262A717E): 2
LogDevObjectVersion:   Dev-Editor (E4B068ED-F494-42E9-A231-DA0B2E46BB41): 14
LogDevObjectVersion:   Dev-Framework (CFFC743F-43B0-4480-9391-14DF171D2073): 22
LogDevObjectVersion:   Dev-Mobile (B02B49B5-BB20-44E9-A304-32B752E40360): 0
LogDevObjectVersion:   Dev-Networking (A4E4105C-59A1-49B5-A7C5-40C4547EDFEE): 0
LogDevObjectVersion:   Dev-Online (39C831C9-5AE6-47DC-9A44-9C173E1C8E7C): 0
LogDevObjectVersion:   Dev-Physics (78F01B33-EBEA-4F98-B9B4-84EACCB95AA2): 0
LogDevObjectVersion:   Dev-Platform (6631380F-2D4D-43E0-8009-CF276956A95A): 0
LogDevObjectVersion:   Dev-Rendering (12F88B9F-8875-4AFC-A67C-D90C383ABD29): 12
LogDevObjectVersion:   Dev-Sequencer (7B5AE74C-D270-4C10-A958-57980B212A5A): 3
LogDevObjectVersion:   Dev-VR (D7296918-1DD6-4BDD-9DE2-64A83CC13884): 0
LogDevObjectVersion:   Dev-LoadTimes (C2A15278-BFE7-4AFE-6C17-90FF531DF755): 1
LogInit: Compiled (64-bit): Mar 15 2017 16:52:47
LogInit: Compiled with Visual C++: 19.00.23026.00
LogInit: Build Configuration: Development
LogInit: Branch Name: ++UE4+Release-4.15
LogInit: Command line:  
LogInit: Base directory: C:/Program Files/Epic Games/UE_4.15/Engine/Binaries/Win64/
LogInit: Installed Engine Build: 1
LogInit: Presizing for max 8388607 objects, including 0 objects not considered by GC, pre-allocating 0 bytes for permanent pool.
LogInit: Object subsystem initialized
[2017.04.25-17.20.12:767][  0]LogInit: Selected Device Profile: [Windows]
[2017.04.25-17.20.12:767][  0]LogInit: Applying CVar settings loaded from the selected device profile: [Windows]
[2017.04.25-17.20.12:835][  0]LogInit: Computer: PRG22740
[2017.04.25-17.20.12:835][  0]LogInit: User: arodriguez
[2017.04.25-17.20.12:835][  0]LogInit: CPU Page size=65536, Cores=2
[2017.04.25-17.20.12:835][  0]LogInit: High frequency timer resolution =2.435888 MHz
[2017.04.25-17.20.12:835][  0]LogMemory: Memory total: Physical=7.9GB (8GB approx)
[2017.04.25-17.20.12:835][  0]LogMemory: Platform Memory Stats for Windows
[2017.04.25-17.20.12:835][  0]LogMemory: Process Physical Memory: 261.48 MB used, 261.48 MB peak
[2017.04.25-17.20.12:835][  0]LogMemory: Process Virtual Memory: 263.89 MB used, 263.89 MB peak
[2017.04.25-17.20.12:835][  0]LogMemory: Physical Memory: 3500.74 MB used,  4596.40 MB free, 8097.14 MB total
[2017.04.25-17.20.12:835][  0]LogMemory: Virtual Memory: 628.97 MB used,  4596.40 MB free, 8388608.00 MB total
[2017.04.25-17.20.13:053][  0]LogTextLocalizationManager: No specific translations for ('en-US') exist, so ('en') translations will be used.
[2017.04.25-17.20.14:192][  0]LogD3D11RHI: D3D11 adapters:
[2017.04.25-17.20.14:219][  0]LogD3D11RHI:    0. 'Intel(R) HD Graphics 4600' (Feature Level 11_0)
[2017.04.25-17.20.14:219][  0]LogD3D11RHI:       2094/0/3792 MB DedicatedVideo/DedicatedSystem/SharedSystem, Outputs:2, VendorId:0x8086
[2017.04.25-17.20.14:219][  0]LogD3D11RHI: Chosen D3D11 Adapter: 0
[2017.04.25-17.20.14:228][  0]LogD3D11RHI: Creating new Direct3DDevice
[2017.04.25-17.20.14:228][  0]LogD3D11RHI:     GPU DeviceId: 0x416 (for the marketing name, search the web for "GPU Device Id")
[2017.04.25-17.20.14:228][  0]LogWindows: EnumDisplayDevices:
[2017.04.25-17.20.14:228][  0]LogWindows:    0. 'Intel(R) HD Graphics 4600' (P:1 D:1)
[2017.04.25-17.20.14:229][  0]LogWindows:    1. 'Intel(R) HD Graphics 4600' (P:0 D:1)
[2017.04.25-17.20.14:229][  0]LogWindows:    2. 'Intel(R) HD Graphics 4600' (P:0 D:0)
[2017.04.25-17.20.14:230][  0]LogWindows:    3. 'Intel(R) HD Graphics 4600' (P:0 D:0)
[2017.04.25-17.20.14:230][  0]LogWindows:    4. 'Intel(R) HD Graphics 4600' (P:0 D:0)
[2017.04.25-17.20.14:230][  0]LogWindows:    5. 'Intel(R) HD Graphics 4600' (P:0 D:0)
[2017.04.25-17.20.14:231][  0]LogWindows:    6. 'Intel(R) HD Graphics 4600' (P:0 D:0)
[2017.04.25-17.20.14:231][  0]LogWindows:    7. 'Intel(R) HD Graphics 4600' (P:0 D:0)
[2017.04.25-17.20.14:232][  0]LogWindows:    8. 'Intel(R) HD Graphics 4600' (P:0 D:0)
[2017.04.25-17.20.14:232][  0]LogWindows:    9. 'RDPDD Chained DD' (P:0 D:0)
[2017.04.25-17.20.14:232][  0]LogWindows:    10. 'RDP Encoder Mirror Driver' (P:0 D:0)
[2017.04.25-17.20.14:232][  0]LogWindows:    11. 'RDP Reflector Display Driver' (P:0 D:0)
[2017.04.25-17.20.14:232][  0]LogWindows: DebugString: GetVideoDriverDetailsInvalid PrimaryIsNotTheChoosenAdapter GetVideoDriverDetailsInvalid PrimaryIsNotTheChoosenAdapter GetVideoDriverDetailsInvalid PrimaryIsNotTheChoosenAdapter FoundDriverCount:9 
[2017.04.25-17.20.14:232][  0]LogD3D11RHI:     Adapter Name: Intel(R) HD Graphics 4600
[2017.04.25-17.20.14:232][  0]LogD3D11RHI:   Driver Version: 10.18.14.4099 (internal:10.18.14.4099, unified:10.18.14.4099)
[2017.04.25-17.20.14:232][  0]LogD3D11RHI:      Driver Date: 1-19-2015
[2017.04.25-17.20.14:232][  0]LogRHI: Texture pool is 1361 MB (70% of 1945 MB)
[2017.04.25-17.20.14:257][  0]LogD3D11RHI: Async texture creation enabled
[2017.04.25-17.20.14:269][  0]LogD3D11RHI: GPU Timing Frequency: 12.500000 (Debug: 2 1)
[2017.04.25-17.20.14:270][  0]LogShaderCompilers: Guid format shader working directory is 17 characters bigger than the processId version (H:/RusskyIstrebetel2/IskyRestrubel/Intermediate/Shaders/WorkingDirectory/5132/).
[2017.04.25-17.20.14:270][  0]LogShaderCompilers: Cleaned the shader compiler working directory 'C:/Users/arodriguez/AppData/Local/Temp/UnrealShaderWorkingDir/35313BDE48CB6D898FE8D19B1C62C2C0/'.
[2017.04.25-17.20.14:270][  0]LogShaderCompilers:Display: Using Local Shader Compiler.
[2017.04.25-17.20.15:926][  0]LogTemp:Display: Loaded TP AllDesktopTargetPlatform
[2017.04.25-17.20.16:023][  0]LogTemp:Display: Loaded TP MacClientTargetPlatform
[2017.04.25-17.20.16:116][  0]LogTemp:Display: Loaded TP MacNoEditorTargetPlatform
[2017.04.25-17.20.16:203][  0]LogTemp:Display: Loaded TP MacServerTargetPlatform
[2017.04.25-17.20.16:316][  0]LogTemp:Display: Loaded TP MacTargetPlatform
[2017.04.25-17.20.16:398][  0]LogTemp:Display: Loaded TP WindowsClientTargetPlatform
[2017.04.25-17.20.16:489][  0]LogTemp:Display: Loaded TP WindowsNoEditorTargetPlatform
[2017.04.25-17.20.16:580][  0]LogTemp:Display: Loaded TP WindowsServerTargetPlatform
[2017.04.25-17.20.16:657][  0]LogTemp:Display: Loaded TP WindowsTargetPlatform
[2017.04.25-17.20.16:749][  0]LogTemp:Display: Loaded TP AndroidTargetPlatform
[2017.04.25-17.20.16:833][  0]LogTemp:Display: Loaded TP Android_ASTCTargetPlatform
[2017.04.25-17.20.16:917][  0]LogTemp:Display: Loaded TP Android_ATCTargetPlatform
[2017.04.25-17.20.17:001][  0]LogTemp:Display: Loaded TP Android_DXTTargetPlatform
[2017.04.25-17.20.17:085][  0]LogTemp:Display: Loaded TP Android_ETC1TargetPlatform
[2017.04.25-17.20.17:174][  0]LogTemp:Display: Loaded TP Android_ETC2TargetPlatform
[2017.04.25-17.20.17:360][  0]LogTemp:Display: Loaded TP Android_MultiTargetPlatform
[2017.04.25-17.20.17:360][  0]LogTemp:Display: Loaded TP Android_PVRTCTargetPlatform
[2017.04.25-17.20.17:461][  0]LogTemp:Display: Loaded TP HTML5TargetPlatform
[2017.04.25-17.20.17:607][  0]LogTemp:Display: Loaded TP IOSTargetPlatform
[2017.04.25-17.20.17:666][  0]LogTemp:Display: Loaded TP TVOSTargetPlatform
[2017.04.25-17.20.17:753][  0]LogTemp:Display: Loaded TP LinuxClientTargetPlatform
[2017.04.25-17.20.17:835][  0]LogTemp:Display: Loaded TP LinuxNoEditorTargetPlatform
[2017.04.25-17.20.17:944][  0]LogTemp:Display: Loaded TP LinuxServerTargetPlatform
[2017.04.25-17.20.18:034][  0]LogTemp:Display: Loaded TP LinuxTargetPlatform
[2017.04.25-17.20.18:034][  0]LogTargetPlatformManager:Display: Building Assets For Windows
[2017.04.25-17.20.18:606][  0]LogDerivedDataCache:Display: Max Cache Size: 512 MB
[2017.04.25-17.20.18:667][  0]LogDerivedDataCache: Loaded boot cache 0.06s 50MB C:/Users/arodriguez/AppData/Local/UnrealEngine/4.15/DerivedDataCache/Boot.ddc.
[2017.04.25-17.20.18:667][  0]LogDerivedDataCache:Display: Loaded Boot cache: C:/Users/arodriguez/AppData/Local/UnrealEngine/4.15/DerivedDataCache/Boot.ddc
[2017.04.25-17.20.18:668][  0]LogDerivedDataCache: FDerivedDataBackendGraph:  Pak pak cache file H:/RusskyIstrebetel2/IskyRestrubel/DerivedDataCache/DDC.ddp not found, will not use a pak cache.
[2017.04.25-17.20.18:668][  0]LogDerivedDataCache: Unable to find inner node Pak for hierarchical cache Hierarchy.
[2017.04.25-17.20.18:669][  0]LogDerivedDataCache: FDerivedDataBackendGraph:  CompressedPak pak cache file H:/RusskyIstrebetel2/IskyRestrubel/DerivedDataCache/Compressed.ddp not found, will not use a pak cache.
[2017.04.25-17.20.18:669][  0]LogDerivedDataCache: Unable to find inner node CompressedPak for hierarchical cache Hierarchy.
[2017.04.25-17.20.18:692][  0]LogDerivedDataCache:Display: Pak cache opened for reading ../../../Engine/DerivedDataCache/Compressed.ddp.
[2017.04.25-17.20.18:703][  0]LogDerivedDataCache: Using Local data cache path C:/Users/arodriguez/AppData/Local/UnrealEngine/Common/DerivedDataCache: Writable
[2017.04.25-17.20.18:714][  0]LogSlate: Using Freetype 2.6.0
[2017.04.25-17.20.18:715][  0]LogSlate: SlateFontCache - WITH_FREETYPE: 1, WITH_HARFBUZZ: 1
[2017.04.25-17.20.18:715][  0]LogSlate: SlateFontCache - WITH_FREETYPE: 1, WITH_HARFBUZZ: 1
[2017.04.25-17.20.19:035][  0]LogInit: Selected Device Profile: [Windows]
[2017.04.25-17.20.19:040][  0]LogContentStreaming: Texture pool size is 0.00 MB
[2017.04.25-17.20.19:406][  0]LogMeshUtilities: Using QuadricMeshReduction for automatic static mesh reduction
[2017.04.25-17.20.19:475][  0]LogSimplygon: Simplygon DLL not present - disabling.
[2017.04.25-17.20.19:541][  0]LogMeshUtilities: Using SimplygonSwarm for distributed automatic mesh merging
[2017.04.25-17.20.19:541][  0]LogMeshUtilities: No automatic skeletal mesh reduction module available
[2017.04.25-17.20.19:541][  0]LogMeshUtilities: No automatic mesh merging module available
[2017.04.25-17.20.20:334][  0]LogNetVersion: GetLocalNetworkVersion: CL: 3299760, ProjectName: iskyrestrubel, ProjectVersion: , EngineNetworkVersion: 2, GameNetworkVersion: 0, NetworkChecksum: 3238313141
[2017.04.25-17.20.20:387][  0]LogAssetRegistry: FAssetRegistry took 0.0196 seconds to start up
[2017.04.25-17.20.21:326][  0]LogPackageLocalizationCache: Processed 3 localized package path(s) for 2 prioritized culture(s) in 0.889669 seconds
[2017.04.25-17.20.21:332][  0]LogUObjectArray: 32493 objects as part of root set at end of initial load.
[2017.04.25-17.20.21:332][  0]LogUObjectAllocator: 7077024 out of 0 bytes used by permanent object pool.
[2017.04.25-17.20.21:332][  0]LogUObjectArray: CloseDisregardForGC: 0/0 objects in disregard for GC pool
[2017.04.25-17.20.21:418][  0]LogInit: WinSock: version 1.1 (2.2), MaxSocks=32767, MaxUdp=65467
[2017.04.25-17.20.23:615][  0]LogTcpMessaging: Initializing TcpMessaging bridge
[2017.04.25-17.20.23:663][  0]LogUdpMessaging: Initializing bridge on interface 0.0.0.0:0 to multicast group 230.0.0.1:6666.
[2017.04.25-17.20.24:372][  0]LogMaterial: Uniform references updated for custom material expression Custom.
[2017.04.25-17.20.24:937][  0]SourceControl: Info Source control is disabled
[2017.04.25-17.20.24:977][  0]SourceControl: Info Source control is disabled
[2017.04.25-17.20.25:042][  0]SourceControl: Info Source control is disabled
[2017.04.25-17.20.25:102][  0]SourceControl: Info Source control is disabled
[2017.04.25-17.20.26:793][  0]LogEngine: Initializing Engine...
[2017.04.25-17.20.26:793][  0]LogHMD: Failed to initialize OpenVR with code 110
[2017.04.25-17.20.27:094][  0]LogAIModule: Creating AISystem for world Untitled
[2017.04.25-17.20.27:112][  0]LogInit: XAudio2 using 'Headphone (Realtek High Definition Audio)' : 2 channels at 48 kHz using 32 bits per sample (channel mask 0x3)
[2017.04.25-17.20.27:197][  0]LogInit: FAudioDevice initialized.
[2017.04.25-17.20.27:225][  0]LogDerivedDataCache: Saved boot cache 0.03s 50MB C:/Users/arodriguez/AppData/Local/UnrealEngine/4.15/DerivedDataCache/Boot.ddc.
[2017.04.25-17.20.27:235][  0]LogInit: Texture streaming: Enabled
[2017.04.25-17.20.27:373][  0]LogEngineSessionManager: EngineSessionManager initialized
[2017.04.25-17.20.27:509][  0]LogInit: Transaction tracking system initialized
[2017.04.25-17.20.28:010][  0]BlueprintLog: New page: Editor Load
[2017.04.25-17.20.29:344][  0]LocalizationService: Info Localization service is disabled
[2017.04.25-17.20.30:586][  0]LogConsoleResponse:Display: 
[2017.04.25-17.20.30:770][  0]LogCook:Display: Max memory allowance for cook 16384mb min free memory 0mb
[2017.04.25-17.20.30:770][  0]LogCook:Display: Mobile HDR setting 1
[2017.04.25-17.20.31:826][  0]LogFileCache: Scanning file cache for directory 'H:/RusskyIstrebetel2/IskyRestrubel/Content/' took 0.15s
[2017.04.25-17.20.32:241][  0]SourceControl: Info Source control is disabled
[2017.04.25-17.20.32:242][  0]Cmd: MAP LOAD FILE="H:/RusskyIstrebetel2/IskyRestrubel/Content/Maps/MapMain.umap" TEMPLATE=0 SHOWPROGRESS=1 FEATURELEVEL=3
[2017.04.25-17.20.32:262][  0]LightingResults: New page: Lighting Build
[2017.04.25-17.20.32:317][  0]MapCheck: New page: Map Check
[2017.04.25-17.20.32:317][  0]LightingResults: New page: Lighting Build
[2017.04.25-17.20.32:719][  0]LogBlueprint:Error: [Compiler BPEnemy] Error The current value of the ' Spawn Transform ' pin is invalid: 'Spawn Transform' must have an input wired into it ("by ref" params expect a valid input to operate on).
[2017.04.25-17.20.32:719][  0]LogBlueprint:Error: [Compiler BPEnemy] Error The current value of the ' Spawn Transform ' pin is invalid: 'Spawn Transform' must have an input wired into it ("by ref" params expect a valid input to operate on).
[2017.04.25-17.20.32:727][  0]LogBlueprint:Warning: [Compiler BPEnemy] Warning [0025.28] Compile of BPEnemy failed. 2 Fatal Issue(s) 0 Warning(s) [in 12 ms] (/Game/Blueprints/BPEnemy.BPEnemy)
[2017.04.25-17.20.32:727][  0]LogBlueprint:Warning: [Compiler BPEnemy] Warning [0025.28] Compile of BPEnemy failed. 2 Fatal Issue(s) 1 Warning(s) [in 0 ms] (/Game/Blueprints/BPEnemy.BPEnemy)
[2017.04.25-17.20.32:727][  0]LogBlueprint:Warning: [Compiler BPEnemy] Warning [0025.28] Compile of BPEnemy failed. 2 Fatal Issue(s) 2 Warning(s) [in 0 ms] (/Game/Blueprints/BPEnemy.BPEnemy)
[2017.04.25-17.20.32:738][  0]LogBlueprint:Error: [Compiler BPEnemy] Error The current value of the ' Spawn Transform ' pin is invalid: 'Spawn Transform' must have an input wired into it ("by ref" params expect a valid input to operate on).
[2017.04.25-17.20.32:738][  0]LogBlueprint:Error: [Compiler BPEnemy] Error The current value of the ' Spawn Transform ' pin is invalid: 'Spawn Transform' must have an input wired into it ("by ref" params expect a valid input to operate on).
[2017.04.25-17.20.32:745][  0]LogBlueprint:Warning: [Compiler BPEnemy] Warning [0025.30] Compile of BPEnemy failed. 2 Fatal Issue(s) 0 Warning(s) [in 15 ms] (/Game/Blueprints/BPEnemy.BPEnemy)
[2017.04.25-17.20.32:745][  0]LogBlueprint:Warning: [Compiler BPEnemy] Warning [0025.30] Compile of BPEnemy failed. 2 Fatal Issue(s) 1 Warning(s) [in 0 ms] (/Game/Blueprints/BPEnemy.BPEnemy)
[2017.04.25-17.20.32:745][  0]LogBlueprint:Warning: [Compiler BPEnemy] Warning [0025.30] Compile of BPEnemy failed. 2 Fatal Issue(s) 2 Warning(s) [in 0 ms] (/Game/Blueprints/BPEnemy.BPEnemy)
[2017.04.25-17.20.33:366][  0]LogAIModule: Creating AISystem for world MapMain
[2017.04.25-17.20.33:394][  0]LogEditorServer: Finished looking for orphan Actors (0.000 secs)
[2017.04.25-17.20.33:395][  0]Cmd: MAP CHECKDEP NOCLEARLOG
[2017.04.25-17.20.33:453][  0]MapCheck: Info Map check complete: 0 Error(s), 0 Warning(s), took 57.955ms to complete.
[2017.04.25-17.20.33:453][  0]LogFileHelpers: Loading map 'MapMain' took 1.211
[2017.04.25-17.20.33:719][  0]LogCollectionManager: Loaded 0 collections in 0.026122 seconds
[2017.04.25-17.20.33:872][  0]LogFileCache: Scanning file cache for directory 'H:/RusskyIstrebetel2/IskyRestrubel/Saved/Collections/' took 0.02s
[2017.04.25-17.20.33:872][  0]LogFileCache: Scanning file cache for directory 'H:/RusskyIstrebetel2/IskyRestrubel/Content/Developers/arodriguez/Collections/' took 0.02s
[2017.04.25-17.20.33:872][  0]LogFileCache: Scanning file cache for directory 'H:/RusskyIstrebetel2/IskyRestrubel/Content/Collections/' took 0.01s
[2017.04.25-17.20.33:872][  0]LogCollectionManager: Rebuilt the GUID cache for 0 collections in 0.000002 seconds
[2017.04.25-17.20.33:888][  0]LogContentBrowser: Native class hierarchy populated in 0.0156 seconds. Added 2245 classes and 453 folders.
[2017.04.25-17.20.33:899][  0]LogStats: UGameplayTagsManager::ConstructGameplayTagTree: Construct from data asset -  0.000 s
[2017.04.25-17.20.33:899][  0]LogStats: UGameplayTagsManager::ConstructGameplayTagTree: GameplayTagTreeChangedEvent.Broadcast -  0.000 s
[2017.04.25-17.20.34:022][  0]LogContentBrowser: Native class hierarchy updated for 'WidgetCarousel' in 0.0016 seconds. Added 0 classes and 0 folders.
[2017.04.25-17.20.34:083][  0]LogContentBrowser: Native class hierarchy updated for 'AddContentDialog' in 0.0019 seconds. Added 0 classes and 0 folders.
[2017.04.25-17.20.34:143][  0]LogContentBrowser: Native class hierarchy updated for 'SceneOutliner' in 0.0016 seconds. Added 1 classes and 2 folders.
[2017.04.25-17.20.34:220][  0]LogCrashTracker: Crashtracker disabled due to settings.
[2017.04.25-17.20.34:227][  0]LogUObjectGlobals:Warning: Failed to find object 'Class None.'
[2017.04.25-17.20.34:320][  0]LogContentBrowser: Native class hierarchy updated for 'HierarchicalLODOutliner' in 0.0020 seconds. Added 1 classes and 2 folders.
[2017.04.25-17.20.34:320][  0]LogLoad: (Engine Initialization) Total time: 26.87 seconds
[2017.04.25-17.20.34:320][  0]LogLoad: (Engine Initialization) Total Blueprint compile time: 0.25 seconds
[2017.04.25-17.20.34:320][  0]LogExternalProfiler: Found external profiler: VSPerf
[2017.04.25-17.20.34:320][  0]LogExternalProfiler: Using external profiler: VSPerf
[2017.04.25-17.20.34:338][  0]LogOcInput: OculusInput pre-init called
[2017.04.25-17.20.34:357][  0]LogContentStreaming: Texture pool size now 400 MB
[2017.04.25-17.20.34:361][  0]LogSlate: Took 0.003561 seconds to synchronously load lazily loaded font '../../../Engine/Content/Slate/Fonts/Roboto-Regular.ttf' (155K)
[2017.04.25-17.20.34:370][  0]LogSlate: Took 0.004370 seconds to synchronously load lazily loaded font '../../../Engine/Content/Slate/Fonts/Roboto-Bold.ttf' (160K)
[2017.04.25-17.20.34:376][  0]LogSlate: Took 0.000198 seconds to synchronously load lazily loaded font '../../../Engine/Content/Editor/Slate/Fonts/FontAwesome.ttf' (139K)
[2017.04.25-17.20.34:528][  0]LogRenderer: Reallocating scene render targets to support 1208x600 NumSamples 1 (Frame:2).
[2017.04.25-17.20.34:702][  0]LogSlate: Took 0.003799 seconds to synchronously load lazily loaded font '../../../Engine/Content/Slate/Fonts/Roboto-Light.ttf' (159K)
[2017.04.25-17.20.34:905][  1]LogAssetRegistry: Asset discovery search completed in 14.5368 seconds
[2017.04.25-17.20.34:905][  1]LogCollectionManager: Rebuilt the object cache for 0 collections in 0.000009 seconds (found 0 objects)
[2017.04.25-17.20.34:905][  1]LogCollectionManager: Fixed up redirectors for 0 collections in 0.000034 seconds (updated 0 objects)
[2017.04.25-17.20.35:407][  7]LogSlate: Took 0.000280 seconds to synchronously load lazily loaded font '../../../Engine/Content/Slate/Fonts/Roboto-Light.ttf' (159K)
[2017.04.25-17.21.22:723][840]LogSlate: Took 0.000369 seconds to synchronously load lazily loaded font '../../../Engine/Content/Slate/Fonts/Roboto-Light.ttf' (159K)
[2017.04.25-17.21.23:421][840]LogSlate: Took 0.000290 seconds to synchronously load lazily loaded font '../../../Engine/Content/Slate/Fonts/Roboto-Regular.ttf' (155K)
[2017.04.25-17.21.24:109][840]LogContentBrowser: Native class hierarchy updated for 'BlueprintGraph' in 0.0056 seconds. Added 112 classes and 0 folders.
[2017.04.25-17.21.25:709][840]LogSlate: Took 0.009831 seconds to synchronously load lazily loaded font '../../../Engine/Content/Editor/Slate/Fonts/Roboto-BoldCondensed.ttf' (158K)
[2017.04.25-17.21.35:186][299]LogSlate: Took 0.024461 seconds to synchronously load lazily loaded font '../../../Engine/Content/Editor/Slate/Fonts/Roboto-Italic.ttf' (157K)
[2017.04.25-17.29.48:798][123]BlueprintLog: New page: Compile BPEnemy
[2017.04.25-17.29.57:931][577]LogTemp: Repeting last play command: Selected Viewport
[2017.04.25-17.29.57:997][577]LogPlayLevel: PlayLevel: No blueprints needed recompiling
[2017.04.25-17.29.57:997][577]PIE: New page: PIE session: MapMain (Apr 25, 2017, 9:29:57 AM)
[2017.04.25-17.29.57:997][577]LogPlayLevel: Creating play world package: /Game/Maps/UEDPIE_0_MapMain
[2017.04.25-17.29.58:001][577]LogPlayLevel: PIE: StaticDuplicateObject took: (0.003524s)
[2017.04.25-17.29.58:002][577]LogAIModule: Creating AISystem for world MapMain
[2017.04.25-17.29.58:002][577]LogPlayLevel: PIE: World Init took: (0.001285s)
[2017.04.25-17.29.58:002][577]LogPlayLevel: PIE: Created PIE world by copying editor world from /Game/Maps/MapMain.MapMain to /Game/Maps/UEDPIE_0_MapMain.MapMain (0.005244s)
[2017.04.25-17.29.58:052][577]LogInit: XAudio2 using 'Headphone (Realtek High Definition Audio)' : 2 channels at 48 kHz using 32 bits per sample (channel mask 0x3)
[2017.04.25-17.29.58:066][577]LogInit: FAudioDevice initialized.
[2017.04.25-17.29.58:138][577]LogLoad: Game class is 'Shooter_C'
[2017.04.25-17.29.58:140][577]LogWorld: Bringing World /Game/Maps/UEDPIE_0_MapMain.MapMain up for play (max tick rate 60) at 2017.04.25-13.29.58
[2017.04.25-17.29.58:141][577]LogWorld: Bringing up level for play took: 0.001511
[2017.04.25-17.29.58:238][577]LogContentBrowser: Native class hierarchy updated for 'MovieSceneCapture' in 0.0027 seconds. Added 11 classes and 0 folders.
[2017.04.25-17.29.58:240][577]PIE: Info Play in editor start time for /Game/Maps/UEDPIE_0_MapMain -0.141
[2017.04.25-17.31.00:775][321]BlueprintLog: New page: Compile BPEnemy
[2017.04.25-17.31.03:789][424]LogRenderer: Reallocating scene render targets to support 1208x744 NumSamples 1 (Frame:706).
[2017.04.25-17.32.13:905][485]Cmd: OBJ SAVEPACKAGE PACKAGE="/Game/Models/Jet" FILE="H:/RusskyIstrebetel2/IskyRestrubel/Content/Models/Jet.uasset" SILENT=true
[2017.04.25-17.32.15:408][485]LogSavePackage: Save=676.01ms
[2017.04.25-17.32.15:408][485]LogSavePackage: Moving 'H:/RusskyIstrebetel2/IskyRestrubel/Saved/Jet197FAE58430AEC7EC50400A698C25254.tmp' to 'H:/RusskyIstrebetel2/IskyRestrubel/Content/Models/Jet.uasset'
[2017.04.25-17.32.15:523][485]LogSavePackage:Display: Finished SavePackage H:/RusskyIstrebetel2/IskyRestrubel/Content/Models/Jet.uasset
[2017.04.25-17.32.23:462][823]Cmd: OBJ SAVEPACKAGE PACKAGE="/Game/Models/PlayerJet" FILE="H:/RusskyIstrebetel2/IskyRestrubel/Content/Models/PlayerJet.uasset" SILENT=true
[2017.04.25-17.32.24:103][823]LogSavePackage: Save=613.02ms
[2017.04.25-17.32.24:103][823]LogSavePackage: Moving 'H:/RusskyIstrebetel2/IskyRestrubel/Saved/PlayerJetC4565EA84A4C5FC64E06AC9FE1F7299B.tmp' to 'H:/RusskyIstrebetel2/IskyRestrubel/Content/Models/PlayerJet.uasset'
[2017.04.25-17.32.24:156][823]LogSavePackage:Display: Finished SavePackage H:/RusskyIstrebetel2/IskyRestrubel/Content/Models/PlayerJet.uasset
[2017.04.25-17.32.25:060][823]Cmd: OBJ SAVEPACKAGE PACKAGE="/Game/Blueprints/BPEnemy" FILE="H:/RusskyIstrebetel2/IskyRestrubel/Content/Blueprints/BPEnemy.uasset" SILENT=true
[2017.04.25-17.32.26:813][823]LogSavePackage: Save=815.92ms
[2017.04.25-17.32.26:813][823]LogSavePackage: Moving 'H:/RusskyIstrebetel2/IskyRestrubel/Saved/BPEnemy4DD1BEBE4378F5FE9DFBF3800B526D70.tmp' to 'H:/RusskyIstrebetel2/IskyRestrubel/Content/Blueprints/BPEnemy.uasset'
[2017.04.25-17.32.26:900][823]LogSavePackage:Display: Finished SavePackage H:/RusskyIstrebetel2/IskyRestrubel/Content/Blueprints/BPEnemy.uasset
[2017.04.25-17.32.26:968][823]Cmd: OBJ SAVEPACKAGE PACKAGE="/Game/Blueprints/BPPlayer" FILE="H:/RusskyIstrebetel2/IskyRestrubel/Content/Blueprints/BPPlayer.uasset" SILENT=true
[2017.04.25-17.32.28:774][823]LogSavePackage: Save=987.01ms
[2017.04.25-17.32.28:774][823]LogSavePackage: Moving 'H:/RusskyIstrebetel2/IskyRestrubel/Saved/BPPlayer463FC647466562F33A2DDCB4A20FEF92.tmp' to 'H:/RusskyIstrebetel2/IskyRestrubel/Content/Blueprints/BPPlayer.uasset'
[2017.04.25-17.32.28:824][823]LogSavePackage:Display: Finished SavePackage H:/RusskyIstrebetel2/IskyRestrubel/Content/Blueprints/BPPlayer.uasset
[2017.04.25-17.32.34:936][906]LogFactory: FactoryCreateFile: StaticMesh with FbxFactory (0 0 ../../../../../../Users/arodriguez/Documents/Jet.fbx)
[2017.04.25-17.32.35:014][906]LogFbx: ItemName: GlobalSettings, ItemCount : 1
[2017.04.25-17.32.35:014][906]LogFbx: ItemName: NodeAttribute, ItemCount : 19
[2017.04.25-17.32.35:015][906]LogFbx: ItemName: Geometry, ItemCount : 1
[2017.04.25-17.32.35:015][906]LogFbx: ItemName: Model, ItemCount : 20
[2017.04.25-17.32.35:015][906]LogFbx: ItemName: Material, ItemCount : 14
[2017.04.25-17.32.35:049][906]LogFbx: Loading FBX Scene from ../../../../../../Users/arodriguez/Documents/Jet.fbx
[2017.04.25-17.32.35:265][906]LogFbx: FBX Scene Loaded Succesfully
[2017.04.25-17.32.55:536][906]LogFbx: Loading FBX Scene from ../../../../../../Users/arodriguez/Documents/Jet.fbx
[2017.04.25-17.32.55:621][906]LogFbx: FBX Scene Loaded Succesfully
[2017.04.25-17.32.55:784][906]LogStaticMesh: Building static mesh Jet...
[2017.04.25-17.32.55:926][906]LogMeshUtilities: Invalid vertex normals found for mesh. Forcing recomputation of vertex normals for MikkTSpace. Fix mesh or disable "Use MikkTSpace Tangent Space" to avoid forced recomputation of normals.
[2017.04.25-17.32.59:000][906]LogStaticMesh: Built static mesh [3.22s] /Game/Models/Jet.Jet
[2017.04.25-17.32.59:164][906]LogStaticMesh:Warning: Jet has degenerate tangent bases which will result in incorrect shading.  MikkTSpace relies on tangent bases and may result in mesh corruption, consider disabling this option.
[2017.04.25-17.32.59:372][906]FBXImport:Warning: Warning No smoothing group information was found in this FBX scene.  Please make sure to enable the 'Export Smoothing Groups' option in the FBX Exporter plug-in before exporting the file.  Even for tools that don't support smoothing groups, the FBX Exporter will generate appropriate smoothing data at export-time so that correct vertex normals can be inferred while importing. 
[2017.04.25-17.32.59:372][906]FBXImport:Warning: Warning Jet has degenerate tangent bases which will result in incorrect shading.  MikkTSpace relies on tangent bases and may result in mesh corruption, consider disabling this option. 
[2017.04.25-17.33.03:040][952]LogFileHelpers: Editor autosave (incl. sublevels) for '/Game/Maps/MapMain' took 0.040
[2017.04.25-17.33.03:048][952]OBJ SavePackage: Generating thumbnails for [1] asset(s) in package [/Game/Models/Jet] ([1] browsable assets)...
[2017.04.25-17.33.03:067][952]OBJ SavePackage:     Rendered thumbnail for [StaticMesh /Game/Models/Jet.Jet]
[2017.04.25-17.33.03:067][952]OBJ SavePackage: Finished generating thumbnails for package [/Game/Models/Jet]
[2017.04.25-17.33.03:067][952]Cmd: OBJ SAVEPACKAGE PACKAGE="/Game/Models/Jet" FILE="H:/RusskyIstrebetel2/IskyRestrubel/Saved/Autosaves/Game/Models/Jet_Auto1.uasset" SILENT=false AUTOSAVING=true
[2017.04.25-17.33.03:650][952]LogSavePackage: Save=559.89ms
[2017.04.25-17.33.03:650][952]LogSavePackage: Moving 'H:/RusskyIstrebetel2/IskyRestrubel/Saved/Jet_Auto1D77371BF4C429A1E242BCAB4F30A814D.tmp' to 'H:/RusskyIstrebetel2/IskyRestrubel/Saved/Autosaves/Game/Models/Jet_Auto1.uasset'
[2017.04.25-17.33.03:686][952]LogSavePackage:Display: Finished SavePackage H:/RusskyIstrebetel2/IskyRestrubel/Saved/Autosaves/Game/Models/Jet_Auto1.uasset
[2017.04.25-17.33.03:686][952]LogFileHelpers: Auto-saving content packages took 0.645
[2017.04.25-17.33.27:769][342]LogFactory: FactoryCreateFile: StaticMesh with FbxFactory (0 0 ../../../../../../Users/arodriguez/Documents/Jet.fbx)
[2017.04.25-17.33.27:793][342]LogFbx: ItemName: GlobalSettings, ItemCount : 1
[2017.04.25-17.33.27:794][342]LogFbx: ItemName: NodeAttribute, ItemCount : 19
[2017.04.25-17.33.27:794][342]LogFbx: ItemName: Geometry, ItemCount : 1
[2017.04.25-17.33.27:794][342]LogFbx: ItemName: Model, ItemCount : 20
[2017.04.25-17.33.27:794][342]LogFbx: ItemName: Material, ItemCount : 14
[2017.04.25-17.33.27:805][342]LogFbx: Loading FBX Scene from ../../../../../../Users/arodriguez/Documents/Jet.fbx
[2017.04.25-17.33.27:926][342]LogFbx: FBX Scene Loaded Succesfully
[2017.04.25-17.33.43:594][342]LogFbx: Loading FBX Scene from ../../../../../../Users/arodriguez/Documents/Jet.fbx
[2017.04.25-17.33.43:761][342]LogFbx: FBX Scene Loaded Succesfully
[2017.04.25-17.33.43:967][342]LogStaticMesh: Building static mesh Jet...
[2017.04.25-17.33.44:198][342]LogMeshUtilities: Invalid vertex normals found for mesh. Forcing recomputation of vertex normals for MikkTSpace. Fix mesh or disable "Use MikkTSpace Tangent Space" to avoid forced recomputation of normals.
[2017.04.25-17.33.47:747][342]LogStaticMesh: Built static mesh [3.78s] /Game/Models/Jet.Jet
[2017.04.25-17.33.47:911][342]LogStaticMesh:Warning: Jet has degenerate tangent bases which will result in incorrect shading.  MikkTSpace relies on tangent bases and may result in mesh corruption, consider disabling this option.
[2017.04.25-17.33.48:083][342]FBXImport:Warning: Warning No smoothing group information was found in this FBX scene.  Please make sure to enable the 'Export Smoothing Groups' option in the FBX Exporter plug-in before exporting the file.  Even for tools that don't support smoothing groups, the FBX Exporter will generate appropriate smoothing data at export-time so that correct vertex normals can be inferred while importing. 
[2017.04.25-17.33.48:083][342]FBXImport:Warning: Warning Jet has degenerate tangent bases which will result in incorrect shading.  MikkTSpace relies on tangent bases and may result in mesh corruption, consider disabling this option. 
[2017.04.25-17.34.02:660][591]LogFactory: FactoryCreateFile: StaticMesh with FbxFactory (0 0 ../../../../../../Users/arodriguez/Documents/Jet.fbx)
[2017.04.25-17.34.02:694][591]LogFbx: ItemName: GlobalSettings, ItemCount : 1
[2017.04.25-17.34.02:694][591]LogFbx: ItemName: NodeAttribute, ItemCount : 19
[2017.04.25-17.34.02:694][591]LogFbx: ItemName: Geometry, ItemCount : 1
[2017.04.25-17.34.02:694][591]LogFbx: ItemName: Model, ItemCount : 20
[2017.04.25-17.34.02:694][591]LogFbx: ItemName: Material, ItemCount : 14
[2017.04.25-17.34.02:713][591]LogFbx: Loading FBX Scene from ../../../../../../Users/arodriguez/Documents/Jet.fbx
[2017.04.25-17.34.02:903][591]LogFbx: FBX Scene Loaded Succesfully
[2017.04.25-17.34.10:769][591]LogFbx: Loading FBX Scene from ../../../../../../Users/arodriguez/Documents/Jet.fbx
[2017.04.25-17.34.10:890][591]LogFbx: FBX Scene Loaded Succesfully
[2017.04.25-17.34.11:057][591]LogStaticMesh: Building static mesh Jet...
[2017.04.25-17.34.11:218][591]LogMeshUtilities: Invalid vertex normals found for mesh. Forcing recomputation of vertex normals for MikkTSpace. Fix mesh or disable "Use MikkTSpace Tangent Space" to avoid forced recomputation of normals.
[2017.04.25-17.34.13:644][591]LogStaticMesh: Built static mesh [2.59s] /Game/Models/Jet.Jet
[2017.04.25-17.34.13:829][591]LogStaticMesh:Warning: Jet has degenerate tangent bases which will result in incorrect shading.  MikkTSpace relies on tangent bases and may result in mesh corruption, consider disabling this option.
[2017.04.25-17.34.14:040][591]FBXImport:Warning: Warning No smoothing group information was found in this FBX scene.  Please make sure to enable the 'Export Smoothing Groups' option in the FBX Exporter plug-in before exporting the file.  Even for tools that don't support smoothing groups, the FBX Exporter will generate appropriate smoothing data at export-time so that correct vertex normals can be inferred while importing. 
[2017.04.25-17.34.14:041][591]FBXImport:Warning: Warning Jet has degenerate tangent bases which will result in incorrect shading.  MikkTSpace relies on tangent bases and may result in mesh corruption, consider disabling this option. 
[2017.04.25-17.34.41:099][941]LogFactory: FactoryCreateFile: StaticMesh with FbxFactory (0 0 ../../../../../../Users/arodriguez/Documents/Jet.fbx)
[2017.04.25-17.34.41:118][941]LogFbx: ItemName: GlobalSettings, ItemCount : 1
[2017.04.25-17.34.41:118][941]LogFbx: ItemName: NodeAttribute, ItemCount : 19
[2017.04.25-17.34.41:118][941]LogFbx: ItemName: Geometry, ItemCount : 1
[2017.04.25-17.34.41:118][941]LogFbx: ItemName: Model, ItemCount : 20
[2017.04.25-17.34.41:118][941]LogFbx: ItemName: Material, ItemCount : 14
[2017.04.25-17.34.41:128][941]LogFbx: Loading FBX Scene from ../../../../../../Users/arodriguez/Documents/Jet.fbx
[2017.04.25-17.34.41:226][941]LogFbx: FBX Scene Loaded Succesfully
[2017.04.25-17.34.52:716][941]LogFbx: Loading FBX Scene from ../../../../../../Users/arodriguez/Documents/Jet.fbx
[2017.04.25-17.34.52:848][941]LogFbx: FBX Scene Loaded Succesfully
[2017.04.25-17.34.53:051][941]LogStaticMesh: Building static mesh Jet...
[2017.04.25-17.34.53:302][941]LogMeshUtilities: Invalid vertex normals found for mesh. Forcing recomputation of vertex normals for MikkTSpace. Fix mesh or disable "Use MikkTSpace Tangent Space" to avoid forced recomputation of normals.
[2017.04.25-17.34.57:009][941]LogStaticMesh: Built static mesh [3.96s] /Game/Models/Jet.Jet
[2017.04.25-17.34.57:188][941]LogStaticMesh:Warning: Jet has degenerate tangent bases which will result in incorrect shading.  MikkTSpace relies on tangent bases and may result in mesh corruption, consider disabling this option.
[2017.04.25-17.34.57:429][941]FBXImport:Warning: Warning No smoothing group information was found in this FBX scene.  Please make sure to enable the 'Export Smoothing Groups' option in the FBX Exporter plug-in before exporting the file.  Even for tools that don't support smoothing groups, the FBX Exporter will generate appropriate smoothing data at export-time so that correct vertex normals can be inferred while importing. 
[2017.04.25-17.34.57:429][941]FBXImport:Warning: Warning Jet has degenerate tangent bases which will result in incorrect shading.  MikkTSpace relies on tangent bases and may result in mesh corruption, consider disabling this option. 
[2017.04.25-17.35.17:131][347]LogTemp: Repeting last play command: Selected Viewport
[2017.04.25-17.35.17:180][347]BlueprintLog: New page: Pre-Play auto-recompile
[2017.04.25-17.35.17:180][347]LogPlayLevel: [PlayLevel] Compiling BPEnemy before play...
[2017.04.25-17.35.17:358][347]LogPlayLevel: PlayLevel: Blueprint regeneration took 178 ms (1 blueprints)
[2017.04.25-17.35.17:358][347]PIE: New page: PIE session: MapMain (Apr 25, 2017, 9:35:17 AM)
[2017.04.25-17.35.17:358][347]LogPlayLevel: Creating play world package: /Game/Maps/UEDPIE_0_MapMain
[2017.04.25-17.35.17:361][347]LogPlayLevel: PIE: StaticDuplicateObject took: (0.002965s)
[2017.04.25-17.35.17:362][347]LogAIModule: Creating AISystem for world MapMain
[2017.04.25-17.35.17:362][347]LogPlayLevel: PIE: World Init took: (0.001081s)
[2017.04.25-17.35.17:363][347]LogPlayLevel: PIE: Created PIE world by copying editor world from /Game/Maps/MapMain.MapMain to /Game/Maps/UEDPIE_0_MapMain.MapMain (0.004369s)
[2017.04.25-17.35.17:408][347]LogInit: XAudio2 using 'Headphone (Realtek High Definition Audio)' : 2 channels at 48 kHz using 32 bits per sample (channel mask 0x3)
[2017.04.25-17.35.17:423][347]LogInit: FAudioDevice initialized.
[2017.04.25-17.35.17:454][347]LogLoad: Game class is 'Shooter_C'
[2017.04.25-17.35.17:456][347]LogWorld: Bringing World /Game/Maps/UEDPIE_0_MapMain.MapMain up for play (max tick rate 60) at 2017.04.25-13.35.17
[2017.04.25-17.35.17:456][347]LogWorld: Bringing up level for play took: 0.001446
[2017.04.25-17.35.17:458][347]PIE: Info Play in editor start time for /Game/Maps/UEDPIE_0_MapMain 1.182
[2017.04.25-17.36.07:689][112]Cmd: OBJ SAVEPACKAGE PACKAGE="/Game/Blueprints/BPEnemy" FILE="H:/RusskyIstrebetel2/IskyRestrubel/Content/Blueprints/BPEnemy.uasset" SILENT=true
[2017.04.25-17.36.08:736][112]LogSavePackage: Save=616.54ms
[2017.04.25-17.36.08:737][112]LogSavePackage: Moving 'H:/RusskyIstrebetel2/IskyRestrubel/Saved/BPEnemyAF5BD11F4E71EBB29AA0D480A0C92522.tmp' to 'H:/RusskyIstrebetel2/IskyRestrubel/Content/Blueprints/BPEnemy.uasset'
[2017.04.25-17.36.08:788][112]LogSavePackage:Display: Finished SavePackage H:/RusskyIstrebetel2/IskyRestrubel/Content/Blueprints/BPEnemy.uasset
[2017.04.25-17.36.08:814][112]Cmd: OBJ SAVEPACKAGE PACKAGE="/Game/Models/Jet" FILE="H:/RusskyIstrebetel2/IskyRestrubel/Content/Models/Jet.uasset" SILENT=true
[2017.04.25-17.36.09:377][112]LogSavePackage: Save=540.24ms
[2017.04.25-17.36.09:377][112]LogSavePackage: Moving 'H:/RusskyIstrebetel2/IskyRestrubel/Saved/Jet842C00C940D5446309DFE5A129ECDB39.tmp' to 'H:/RusskyIstrebetel2/IskyRestrubel/Content/Models/Jet.uasset'
[2017.04.25-17.36.09:412][112]LogSavePackage:Display: Finished SavePackage H:/RusskyIstrebetel2/IskyRestrubel/Content/Models/Jet.uasset
[2017.04.25-17.38.21:646][647]BlueprintLog: New page: Compile BPEnemy
[2017.04.25-17.38.23:594][731]LogTemp: Repeting last play command: Selected Viewport
[2017.04.25-17.38.23:646][731]LogPlayLevel: PlayLevel: No blueprints needed recompiling
[2017.04.25-17.38.23:646][731]PIE: New page: PIE session: MapMain (Apr 25, 2017, 9:38:23 AM)
[2017.04.25-17.38.23:646][731]LogPlayLevel: Creating play world package: /Game/Maps/UEDPIE_0_MapMain
[2017.04.25-17.38.23:650][731]LogPlayLevel: PIE: StaticDuplicateObject took: (0.003768s)
[2017.04.25-17.38.23:651][731]LogAIModule: Creating AISystem for world MapMain
[2017.04.25-17.38.23:651][731]LogPlayLevel: PIE: World Init took: (0.001127s)
[2017.04.25-17.38.23:652][731]LogPlayLevel: PIE: Created PIE world by copying editor world from /Game/Maps/MapMain.MapMain to /Game/Maps/UEDPIE_0_MapMain.MapMain (0.005220s)
[2017.04.25-17.38.23:698][731]LogInit: XAudio2 using 'Headphone (Realtek High Definition Audio)' : 2 channels at 48 kHz using 32 bits per sample (channel mask 0x3)
[2017.04.25-17.38.23:714][731]LogInit: FAudioDevice initialized.
[2017.04.25-17.38.23:746][731]LogLoad: Game class is 'Shooter_C'
[2017.04.25-17.38.23:748][731]LogWorld: Bringing World /Game/Maps/UEDPIE_0_MapMain.MapMain up for play (max tick rate 60) at 2017.04.25-13.38.23
[2017.04.25-17.38.23:749][731]LogWorld: Bringing up level for play took: 0.001840
[2017.04.25-17.38.23:751][731]PIE: Info Play in editor start time for /Game/Maps/UEDPIE_0_MapMain -0.508
[2017.04.25-17.42.05:778][559]BlueprintLog: New page: Compile BPEnemy
[2017.04.25-17.42.07:598][637]LogTemp: Repeting last play command: Selected Viewport
[2017.04.25-17.42.07:647][637]LogPlayLevel: PlayLevel: No blueprints needed recompiling
[2017.04.25-17.42.07:648][637]PIE: New page: PIE session: MapMain (Apr 25, 2017, 9:42:07 AM)
[2017.04.25-17.42.07:648][637]LogPlayLevel: Creating play world package: /Game/Maps/UEDPIE_0_MapMain
[2017.04.25-17.42.07:652][637]LogPlayLevel: PIE: StaticDuplicateObject took: (0.003771s)
[2017.04.25-17.42.07:653][637]LogAIModule: Creating AISystem for world MapMain
[2017.04.25-17.42.07:654][637]LogPlayLevel: PIE: World Init took: (0.002373s)
[2017.04.25-17.42.07:654][637]LogPlayLevel: PIE: Created PIE world by copying editor world from /Game/Maps/MapMain.MapMain to /Game/Maps/UEDPIE_0_MapMain.MapMain (0.006523s)
[2017.04.25-17.42.07:703][637]LogInit: XAudio2 using 'Headphone (Realtek High Definition Audio)' : 2 channels at 48 kHz using 32 bits per sample (channel mask 0x3)
[2017.04.25-17.42.07:720][637]LogInit: FAudioDevice initialized.
[2017.04.25-17.42.07:754][637]LogLoad: Game class is 'Shooter_C'
[2017.04.25-17.42.07:757][637]LogWorld: Bringing World /Game/Maps/UEDPIE_0_MapMain.MapMain up for play (max tick rate 60) at 2017.04.25-13.42.07
[2017.04.25-17.42.07:757][637]LogWorld: Bringing up level for play took: 0.002152
[2017.04.25-17.42.07:760][637]PIE: Info Play in editor start time for /Game/Maps/UEDPIE_0_MapMain -0.497
[2017.04.25-17.42.11:625][785]LogScript:Warning: Attempted to access BPEnemy_C_2 via property CallFunc_FinishSpawningActor_ReturnValue2, but BPEnemy_C_2 is pending kill
	BPGameController_C /Game/Maps/UEDPIE_0_MapMain.MapMain:PersistentLevel.BPGameController_226
	Function /Game/Blueprints/BPGameController.BPGameController_C:ExecuteUbergraph_BPGameController:04D1
[2017.04.25-17.42.11:630][785]PIE:Error: Error Blueprint Runtime Error: Attempted to access BPEnemy_C_2 via property CallFunc_FinishSpawningActor_ReturnValue2, but BPEnemy_C_2 is pending kill from function: 'ExecuteUbergraph_BPGameController' from node: Bind Event to OnDestroyed in graph: EventGraph in object: BPGameController with description: Attempted to access BPEnemy_C_2 via property CallFunc_FinishSpawningActor_ReturnValue2, but BPEnemy_C_2 is pending kill
[2017.04.25-17.42.37:817][512]BlueprintLog: New page: Compile BPEnemy
[2017.04.25-17.42.39:533][586]LogTemp: Repeting last play command: Selected Viewport
[2017.04.25-17.42.39:577][586]LogPlayLevel: PlayLevel: No blueprints needed recompiling
[2017.04.25-17.42.39:577][586]PIE: New page: PIE session: MapMain (Apr 25, 2017, 9:42:39 AM)
[2017.04.25-17.42.39:577][586]LogPlayLevel: Creating play world package: /Game/Maps/UEDPIE_0_MapMain
[2017.04.25-17.42.39:596][586]LogPlayLevel: PIE: StaticDuplicateObject took: (0.018346s)
[2017.04.25-17.42.39:596][586]LogAIModule: Creating AISystem for world MapMain
[2017.04.25-17.42.39:596][586]LogPlayLevel: PIE: World Init took: (0.000729s)
[2017.04.25-17.42.39:597][586]LogPlayLevel: PIE: Created PIE world by copying editor world from /Game/Maps/MapMain.MapMain to /Game/Maps/UEDPIE_0_MapMain.MapMain (0.019311s)
[2017.04.25-17.42.39:642][586]LogInit: XAudio2 using 'Headphone (Realtek High Definition Audio)' : 2 channels at 48 kHz using 32 bits per sample (channel mask 0x3)
[2017.04.25-17.42.39:656][586]LogInit: FAudioDevice initialized.
[2017.04.25-17.42.39:691][586]LogLoad: Game class is 'Shooter_C'
[2017.04.25-17.42.39:693][586]LogWorld: Bringing World /Game/Maps/UEDPIE_0_MapMain.MapMain up for play (max tick rate 60) at 2017.04.25-13.42.39
[2017.04.25-17.42.39:693][586]LogWorld: Bringing up level for play took: 0.001385
[2017.04.25-17.42.39:695][586]PIE: Info Play in editor start time for /Game/Maps/UEDPIE_0_MapMain -0.562
[2017.04.25-17.42.56:388][280]LogScript:Warning: Attempted to access BPEnemy_C_7 via property CallFunc_FinishSpawningActor_ReturnValue2, but BPEnemy_C_7 is pending kill
	BPGameController_C /Game/Maps/UEDPIE_0_MapMain.MapMain:PersistentLevel.BPGameController_226
	Function /Game/Blueprints/BPGameController.BPGameController_C:ExecuteUbergraph_BPGameController:04D1
[2017.04.25-17.42.56:388][280]PIE:Error: Error Blueprint Runtime Error: Attempted to access BPEnemy_C_7 via property CallFunc_FinishSpawningActor_ReturnValue2, but BPEnemy_C_7 is pending kill from function: 'ExecuteUbergraph_BPGameController' from node: Bind Event to OnDestroyed in graph: EventGraph in object: BPGameController with description: Attempted to access BPEnemy_C_7 via property CallFunc_FinishSpawningActor_ReturnValue2, but BPEnemy_C_7 is pending kill
[2017.04.25-17.44.58:530][509]LogFileHelpers: Editor autosave (incl. sublevels) for '/Game/Maps/MapMain' took 0.139
[2017.04.25-17.44.58:551][509]OBJ SavePackage: Generating thumbnails for [1] asset(s) in package [/Game/Blueprints/BPEnemy] ([1] browsable assets)...
[2017.04.25-17.44.58:617][509]OBJ SavePackage:     Rendered thumbnail for [Blueprint /Game/Blueprints/BPEnemy.BPEnemy]
[2017.04.25-17.44.58:617][509]OBJ SavePackage: Finished generating thumbnails for package [/Game/Blueprints/BPEnemy]
[2017.04.25-17.44.58:617][509]Cmd: OBJ SAVEPACKAGE PACKAGE="/Game/Blueprints/BPEnemy" FILE="H:/RusskyIstrebetel2/IskyRestrubel/Saved/Autosaves/Game/Blueprints/BPEnemy_Auto2.uasset" SILENT=false AUTOSAVING=true
[2017.04.25-17.45.00:173][509]LogSavePackage: Save=666.96ms
[2017.04.25-17.45.00:173][509]LogSavePackage: Moving 'H:/RusskyIstrebetel2/IskyRestrubel/Saved/BPEnemy_Auto2C0C34F104E45F78B9D379C82ACEFC372.tmp' to 'H:/RusskyIstrebetel2/IskyRestrubel/Saved/Autosaves/Game/Blueprints/BPEnemy_Auto2.uasset'
[2017.04.25-17.45.00:198][509]LogSavePackage:Display: Finished SavePackage H:/RusskyIstrebetel2/IskyRestrubel/Saved/Autosaves/Game/Blueprints/BPEnemy_Auto2.uasset
[2017.04.25-17.45.00:198][509]LogFileHelpers: Auto-saving content packages took 1.663
[2017.04.25-17.45.02:281][557]Cmd: OBJ SAVEPACKAGE PACKAGE="/Game/Blueprints/BPEnemy" FILE="H:/RusskyIstrebetel2/IskyRestrubel/Content/Blueprints/BPEnemy.uasset" SILENT=true
[2017.04.25-17.45.03:593][557]LogSavePackage: Save=875.86ms
[2017.04.25-17.45.03:593][557]LogSavePackage: Moving 'H:/RusskyIstrebetel2/IskyRestrubel/Saved/BPEnemyE341F227477BD9E79411B4AB42833C3C.tmp' to 'H:/RusskyIstrebetel2/IskyRestrubel/Content/Blueprints/BPEnemy.uasset'
[2017.04.25-17.45.03:685][557]LogSavePackage:Display: Finished SavePackage H:/RusskyIstrebetel2/IskyRestrubel/Content/Blueprints/BPEnemy.uasset
[2017.04.25-17.45.06:261][648]LogActorComponent: UnregisterComponent: (/Engine/Transient.EditorFloorComp) Not registered. Aborting.
[2017.04.25-17.45.06:664][649]Cmd: QUIT_EDITOR
[2017.04.25-17.45.06:842][649]LogExit: Preparing to exit.
[2017.04.25-17.45.07:994][649]LogExit: Editor shut down
[2017.04.25-17.45.07:994][649]LogExit: Transaction tracking system shut down
[2017.04.25-17.45.08:185][649]LogObj: Freed 0b from 0 cluster array pools.
[2017.04.25-17.45.08:185][649]LogExit: Object subsystem successfully closed.
[2017.04.25-17.45.08:203][649]LogD3D11RHI: Shutdown
[2017.04.25-17.45.08:203][649]LogD3D11RHI: CleanupD3DDevice
[2017.04.25-17.45.08:496][649]LogD3D11RHI: ~FD3D11DynamicRHI
[2017.04.25-17.45.08:523][649]LogModuleManager: Shutting down and abandoning module HierarchicalLODUtilities (508)
[2017.04.25-17.45.08:523][649]LogModuleManager: Shutting down and abandoning module StaticMeshEditor (506)
[2017.04.25-17.45.08:523][649]LogModuleManager: Shutting down and abandoning module MovieSceneCapture (504)
[2017.04.25-17.45.08:523][649]LogModuleManager: Shutting down and abandoning module BlueprintGraph (502)
[2017.04.25-17.45.08:523][649]LogModuleManager: Shutting down and abandoning module BlueprintProfiler (500)
[2017.04.25-17.45.08:523][649]LogModuleManager: Shutting down and abandoning module HierarchicalLODOutliner (498)
[2017.04.25-17.45.08:523][649]LogModuleManager: Shutting down and abandoning module CrashTracker (496)
[2017.04.25-17.45.08:523][649]LogModuleManager: Shutting down and abandoning module SceneOutliner (494)
[2017.04.25-17.45.08:523][649]LogModuleManager: Shutting down and abandoning module AddContentDialog (492)
[2017.04.25-17.45.08:523][649]LogDirectoryWatcher: A directory notification for 'C:/Program Files/Epic Games/UE_4.15/FeaturePacks/' was aborted.
[2017.04.25-17.45.08:525][649]LogModuleManager: Shutting down and abandoning module WidgetCarousel (491)
[2017.04.25-17.45.08:525][649]LogModuleManager: Shutting down and abandoning module EditorWidgets (488)
[2017.04.25-17.45.08:525][649]LogModuleManager: Shutting down and abandoning module CollectionManager (486)
[2017.04.25-17.45.08:525][649]LogDirectoryWatcher: A directory notification for 'H:/RusskyIstrebetel2/IskyRestrubel/Content/Collections/' was aborted.
[2017.04.25-17.45.08:526][649]LogDirectoryWatcher: A directory notification for 'H:/RusskyIstrebetel2/IskyRestrubel/Content/Developers/arodriguez/Collections/' was aborted.
[2017.04.25-17.45.08:527][649]LogDirectoryWatcher: A directory notification for 'H:/RusskyIstrebetel2/IskyRestrubel/Saved/Collections/' was aborted.
[2017.04.25-17.45.08:528][649]LogModuleManager: Shutting down and abandoning module StatsViewer (484)
[2017.04.25-17.45.08:528][649]LogModuleManager: Shutting down and abandoning module FoliageEdit (482)
[2017.04.25-17.45.08:528][649]LogModuleManager: Shutting down and abandoning module LandscapeEditor (480)
[2017.04.25-17.45.08:528][649]LogModuleManager: Shutting down and abandoning module SceneDepthPickerMode (478)
[2017.04.25-17.45.08:528][649]LogModuleManager: Shutting down and abandoning module ActorPickerMode (476)
[2017.04.25-17.45.08:528][649]LogModuleManager: Shutting down and abandoning module GeometryMode (474)
[2017.04.25-17.45.08:528][649]LogModuleManager: Shutting down and abandoning module TextureAlignMode (472)
[2017.04.25-17.45.08:528][649]LogModuleManager: Shutting down and abandoning module BspMode (470)
[2017.04.25-17.45.08:528][649]LogModuleManager: Shutting down and abandoning module HardwareSurvey (468)
[2017.04.25-17.45.08:528][649]LogModuleManager: Shutting down and abandoning module SequenceRecorderSections (466)
[2017.04.25-17.45.08:528][649]LogModuleManager: Shutting down and abandoning module AutomationWorker (464)
[2017.04.25-17.45.08:528][649]LogModuleManager: Shutting down and abandoning module MatineeToLevelSequence (462)
[2017.04.25-17.45.08:528][649]LogModuleManager: Shutting down and abandoning module LevelSequenceEditor (460)
[2017.04.25-17.45.08:528][649]LogModuleManager: Shutting down and abandoning module PlacementMode (459)
[2017.04.25-17.45.08:528][649]LogModuleManager: Shutting down and abandoning module WmfMediaFactory (456)
[2017.04.25-17.45.08:529][649]LogModuleManager: Shutting down and abandoning module WmfMediaEditor (454)
[2017.04.25-17.45.08:529][649]LogModuleManager: Shutting down and abandoning module MfMediaFactory (452)
[2017.04.25-17.45.08:529][649]LogModuleManager: Shutting down and abandoning module MfMediaEditor (450)
[2017.04.25-17.45.08:529][649]LogModuleManager: Shutting down and abandoning module AvfMediaFactory (448)
[2017.04.25-17.45.08:529][649]LogModuleManager: Shutting down and abandoning module AvfMediaEditor (446)
[2017.04.25-17.45.08:529][649]LogModuleManager: Shutting down and abandoning module AndroidMediaFactory (444)
[2017.04.25-17.45.08:529][649]LogModuleManager: Shutting down and abandoning module Media (443)
[2017.04.25-17.45.08:529][649]LogModuleManager: Shutting down and abandoning module AndroidMediaEditor (440)
[2017.04.25-17.45.08:529][649]LogModuleManager: Shutting down and abandoning module CharacterAI (438)
[2017.04.25-17.45.08:529][649]LogModuleManager: Shutting down and abandoning module AudioCapture (436)
[2017.04.25-17.45.08:529][649]LogModuleManager: Shutting down and abandoning module SequenceRecorder (435)
[2017.04.25-17.45.08:529][649]LogModuleManager: Shutting down and abandoning module SmartSnapping (432)
[2017.04.25-17.45.08:529][649]LogModuleManager: Shutting down and abandoning module SessionServices (430)
[2017.04.25-17.45.08:529][649]LogModuleManager: Shutting down and abandoning module ViewportSnapping (428)
[2017.04.25-17.45.08:529][649]LogModuleManager: Shutting down and abandoning module ViewportInteraction (426)
[2017.04.25-17.45.08:529][649]LogModuleManager: Shutting down and abandoning module LogVisualizer (424)
[2017.04.25-17.45.08:529][649]LogModuleManager: Shutting down and abandoning module IntroTutorials (422)
[2017.04.25-17.45.08:529][649]LogModuleManager: Shutting down and abandoning module GameProjectGeneration (421)
[2017.04.25-17.45.08:529][649]LogModuleManager: Shutting down and abandoning module EditorLiveStreaming (418)
[2017.04.25-17.45.08:529][649]LogModuleManager: Shutting down and abandoning module IOSPlatformEditor (416)
[2017.04.25-17.45.08:529][649]LogModuleManager: Shutting down and abandoning module HTML5PlatformEditor (414)
[2017.04.25-17.45.08:529][649]LogModuleManager: Shutting down and abandoning module AndroidPlatformEditor (412)
[2017.04.25-17.45.08:529][649]LogModuleManager: Shutting down and abandoning module AndroidDeviceDetection (411)
[2017.04.25-17.45.08:746][649]LogModuleManager: Shutting down and abandoning module IOSRuntimeSettings (408)
[2017.04.25-17.45.08:746][649]LogModuleManager: Shutting down and abandoning module AndroidRuntimeSettings (406)
[2017.04.25-17.45.08:746][649]LogModuleManager: Shutting down and abandoning module InputBindingEditor (404)
[2017.04.25-17.45.08:746][649]LogModuleManager: Shutting down and abandoning module NiagaraEditor (402)
[2017.04.25-17.45.08:746][649]LogModuleManager: Shutting down and abandoning module MergeActors (400)
[2017.04.25-17.45.08:746][649]LogModuleManager: Shutting down and abandoning module SizeMap (398)
[2017.04.25-17.45.08:746][649]LogModuleManager: Shutting down and abandoning module TreeMap (396)
[2017.04.25-17.45.08:746][649]LogModuleManager: Shutting down and abandoning module ReferenceViewer (394)
[2017.04.25-17.45.08:746][649]LogModuleManager: Shutting down and abandoning module LocalizationDashboard (392)
[2017.04.25-17.45.08:747][649]LogModuleManager: Shutting down and abandoning module LocalizationService (391)
[2017.04.25-17.45.08:747][649]LogModuleManager: Shutting down and abandoning module HardwareTargeting (388)
[2017.04.25-17.45.08:747][649]LogModuleManager: Shutting down and abandoning module DeviceProfileEditor (386)
[2017.04.25-17.45.08:747][649]LogModuleManager: Shutting down and abandoning module UndoHistory (384)
[2017.04.25-17.45.08:747][649]LogModuleManager: Shutting down and abandoning module UserFeedback (382)
[2017.04.25-17.45.08:747][649]LogModuleManager: Shutting down and abandoning module XmlParser (380)
[2017.04.25-17.45.08:747][649]LogModuleManager: Shutting down and abandoning module Blutility (378)
[2017.04.25-17.45.08:747][649]LogModuleManager: Shutting down and abandoning module ProjectSettingsViewer (376)
[2017.04.25-17.45.08:747][649]LogModuleManager: Shutting down and abandoning module ProjectTargetPlatformEditor (375)
[2017.04.25-17.45.08:747][649]LogModuleManager: Shutting down and abandoning module EditorSettingsViewer (372)
[2017.04.25-17.45.08:747][649]LogModuleManager: Shutting down and abandoning module SettingsEditor (370)
[2017.04.25-17.45.08:747][649]LogModuleManager: Shutting down and abandoning module ProjectLauncher (368)
[2017.04.25-17.45.08:747][649]LogModuleManager: Shutting down and abandoning module SessionFrontend (366)
[2017.04.25-17.45.08:747][649]LogModuleManager: Shutting down and abandoning module ProfilerClient (364)
[2017.04.25-17.45.08:747][649]LogModuleManager: Shutting down and abandoning module DeviceManager (362)
[2017.04.25-17.45.08:748][649]LogModuleManager: Shutting down and abandoning module TargetDeviceServices (361)
[2017.04.25-17.45.08:798][649]LogModuleManager: Shutting down and abandoning module AutomationController (358)
[2017.04.25-17.45.08:798][649]LogModuleManager: Shutting down and abandoning module AutomationWindow (356)
[2017.04.25-17.45.08:798][649]LogModuleManager: Shutting down and abandoning module Layers (354)
[2017.04.25-17.45.08:798][649]LogModuleManager: Shutting down and abandoning module ComponentVisualizers (352)
[2017.04.25-17.45.08:798][649]LogModuleManager: Shutting down and abandoning module DetailCustomizations (350)
[2017.04.25-17.45.08:798][649]LogModuleManager: Shutting down and abandoning module PackagesDialog (348)
[2017.04.25-17.45.08:798][649]LogModuleManager: Shutting down and abandoning module Persona (346)
[2017.04.25-17.45.08:798][649]LogModuleManager: Shutting down and abandoning module AnimGraph (345)
[2017.04.25-17.45.08:798][649]LogModuleManager: Shutting down and abandoning module Kismet (342)
[2017.04.25-17.45.08:813][649]LogModuleManager: Shutting down and abandoning module GraphEditor (340)
[2017.04.25-17.45.08:813][649]LogModuleManager: Shutting down and abandoning module ClassViewer (338)
[2017.04.25-17.45.08:813][649]LogModuleManager: Shutting down and abandoning module Toolbox (336)
[2017.04.25-17.45.08:813][649]LogModuleManager: Shutting down and abandoning module ModuleUI (334)
[2017.04.25-17.45.08:813][649]LogModuleManager: Shutting down and abandoning module MovieSceneTools (332)
[2017.04.25-17.45.08:813][649]LogModuleManager: Shutting down and abandoning module OutputLog (330)
[2017.04.25-17.45.08:813][649]LogModuleManager: Shutting down and abandoning module GammaUI (328)
[2017.04.25-17.45.08:813][649]LogModuleManager: Shutting down and abandoning module Documentation (326)
[2017.04.25-17.45.08:814][649]LogModuleManager: Shutting down and abandoning module Niagara (324)
[2017.04.25-17.45.08:814][649]LogModuleManager: Shutting down and abandoning module StreamingPauseRendering (322)
[2017.04.25-17.45.08:814][649]LogModuleManager: Shutting down and abandoning module AnalyticsET (320)
[2017.04.25-17.45.08:814][649]LogModuleManager: Shutting down and abandoning module PortalServices (318)
[2017.04.25-17.45.08:814][649]LogModuleManager: Shutting down and abandoning module PortalRpc (316)
[2017.04.25-17.45.08:814][649]LogModuleManager: Shutting down and abandoning module MessagingRpc (314)
[2017.04.25-17.45.08:814][649]LogModuleManager: Shutting down and abandoning module AIModule (312)
[2017.04.25-17.45.08:814][649]LogModuleManager: Shutting down and abandoning module GameplayDebugger (311)
[2017.04.25-17.45.08:814][649]LogModuleManager: Shutting down and abandoning module AITestSuite (309)
[2017.04.25-17.45.08:814][649]LogModuleManager: Shutting down and abandoning module ProfilerService (306)
[2017.04.25-17.45.08:982][649]LogModuleManager: Shutting down and abandoning module TaskGraph (304)
[2017.04.25-17.45.08:982][649]LogModuleManager: Shutting down and abandoning module SteamVRController (302)
[2017.04.25-17.45.08:982][649]LogModuleManager: Shutting down and abandoning module SteamVR (300)
[2017.04.25-17.45.08:982][649]LogModuleManager: Shutting down and abandoning module ProceduralMeshComponentEditor (298)
[2017.04.25-17.45.08:982][649]LogModuleManager: Shutting down and abandoning module ProceduralMeshComponent (296)
[2017.04.25-17.45.08:982][649]LogModuleManager: Shutting down and abandoning module OculusLibrary (294)
[2017.04.25-17.45.08:982][649]LogModuleManager: Shutting down and abandoning module OculusInput (292)
[2017.04.25-17.45.08:982][649]LogModuleManager: Shutting down and abandoning module MobilePatchingUtils (290)
[2017.04.25-17.45.08:982][649]LogModuleManager: Shutting down and abandoning module CustomMeshComponent (288)
[2017.04.25-17.45.08:982][649]LogModuleManager: Shutting down and abandoning module CableComponent (286)
[2017.04.25-17.45.08:982][649]LogModuleManager: Shutting down and abandoning module ArchVisCharacter (284)
[2017.04.25-17.45.08:982][649]LogModuleManager: Shutting down and abandoning module MediaPlayerEditor (280)
[2017.04.25-17.45.08:982][649]LogModuleManager: Shutting down and abandoning module HTML5Networking (278)
[2017.04.25-17.45.08:982][649]LogModuleManager: Shutting down and abandoning module AlembicImporter (276)
[2017.04.25-17.45.08:982][649]LogModuleManager: Shutting down and abandoning module AlembicLibrary (275)
[2017.04.25-17.45.08:982][649]LogModuleManager: Shutting down and abandoning module GeometryCache (274)
[2017.04.25-17.45.08:982][649]LogModuleManager: Shutting down and abandoning module GeometryCacheEd (273)
[2017.04.25-17.45.08:983][649]LogModuleManager: Shutting down and abandoning module SuperSearchEditor (268)
[2017.04.25-17.45.08:983][649]LogModuleManager: Shutting down and abandoning module SuperSearch (267)
[2017.04.25-17.45.08:983][649]LogModuleManager: Shutting down and abandoning module SpeedTreeImporter (264)
[2017.04.25-17.45.08:983][649]LogModuleManager: Shutting down and abandoning module PluginBrowser (262)
[2017.04.25-17.45.08:983][649]LogModuleManager: Shutting down and abandoning module MobileLauncherProfileWizard (260)
[2017.04.25-17.45.08:983][649]LogModuleManager: Shutting down and abandoning module EpicSurvey (258)
[2017.04.25-17.45.08:983][649]LogModuleManager: Shutting down and abandoning module VisualStudioSourceCodeAccess (256)
[2017.04.25-17.45.08:983][649]LogModuleManager: Shutting down and abandoning module DesktopPlatform (255)
[2017.04.25-17.45.08:983][649]LogModuleManager: Shutting down and abandoning module UObjectPlugin (252)
[2017.04.25-17.45.08:983][649]LogModuleManager: Shutting down and abandoning module SubversionSourceControl (250)
[2017.04.25-17.45.08:983][649]LogModuleManager: Shutting down and abandoning module PerforceSourceControl (248)
[2017.04.25-17.45.08:983][649]LogModuleManager: Shutting down and abandoning module GitSourceControl (246)
[2017.04.25-17.45.08:983][649]LogModuleManager: Shutting down and abandoning module SourceControl (245)
[2017.04.25-17.45.08:983][649]LogModuleManager: Shutting down and abandoning module LightPropagationVolumeEditor (242)
[2017.04.25-17.45.08:983][649]LogModuleManager: Shutting down and abandoning module PaperTiledImporter (240)
[2017.04.25-17.45.08:983][649]LogModuleManager: Shutting down and abandoning module PaperSpriteSheetImporter (238)
[2017.04.25-17.45.08:983][649]LogModuleManager: Shutting down and abandoning module Paper2DEditor (236)
[2017.04.25-17.45.08:983][649]LogModuleManager: Shutting down and abandoning module MeshPaint (235)
[2017.04.25-17.45.08:983][649]LogModuleManager: Shutting down and abandoning module LevelEditor (233)
[2017.04.25-17.45.08:984][649]LogModuleManager: Shutting down and abandoning module PixelInspectorModule (232)
[2017.04.25-17.45.08:984][649]LogModuleManager: Shutting down and abandoning module MainFrame (230)
[2017.04.25-17.45.08:984][649]LogModuleManager: Shutting down and abandoning module HotReload (229)
[2017.04.25-17.45.08:985][649]LogModuleManager: Shutting down and abandoning module ContentBrowser (225)
[2017.04.25-17.45.08:987][649]LogModuleManager: Shutting down and abandoning module PhysXVehiclesEditor (222)
[2017.04.25-17.45.08:987][649]LogModuleManager: Shutting down and abandoning module PhysXVehicles (220)
[2017.04.25-17.45.08:987][649]LogModuleManager: Shutting down and abandoning module LocationServicesBPLibrary (218)
[2017.04.25-17.45.08:987][649]LogModuleManager: Shutting down and abandoning module UdpMessaging (216)
[2017.04.25-17.45.09:087][649]LogModuleManager: Shutting down and abandoning module TcpMessaging (214)
[2017.04.25-17.45.09:187][649]LogModuleManager: Shutting down and abandoning module GameplayTagsEditor (212)
[2017.04.25-17.45.09:187][649]LogModuleManager: Shutting down and abandoning module FacialAnimationEditor (210)
[2017.04.25-17.45.09:187][649]LogModuleManager: Shutting down and abandoning module FacialAnimation (208)
[2017.04.25-17.45.09:187][649]LogModuleManager: Shutting down and abandoning module LightPropagationVolumeRuntime (206)
[2017.04.25-17.45.09:187][649]LogModuleManager: Shutting down and abandoning module Paper2D (204)
[2017.04.25-17.45.09:187][649]LogModuleManager: Shutting down and abandoning module WindowsMoviePlayer (202)
[2017.04.25-17.45.09:187][649]LogModuleManager: Shutting down and abandoning module WmfMedia (200)
[2017.04.25-17.45.09:188][649]LogModuleManager: Shutting down and abandoning module MfMedia (198)
[2017.04.25-17.45.09:188][649]LogModuleManager: Shutting down and abandoning module MediaAssets (196)
[2017.04.25-17.45.09:188][649]LogModuleManager: Shutting down and abandoning module GameLiveStreaming (194)
[2017.04.25-17.45.09:188][649]LogModuleManager: Shutting down and abandoning module VREditor (192)
[2017.04.25-17.45.09:188][649]LogModuleManager: Shutting down and abandoning module GameplayTasksEditor (190)
[2017.04.25-17.45.09:188][649]LogModuleManager: Shutting down and abandoning module BehaviorTreeEditor (188)
[2017.04.25-17.45.09:188][649]LogModuleManager: Shutting down and abandoning module FunctionalTesting (186)
[2017.04.25-17.45.09:188][649]LogModuleManager: Shutting down and abandoning module CollisionAnalyzer (184)
[2017.04.25-17.45.09:188][649]LogModuleManager: Shutting down and abandoning module UMG (182)
[2017.04.25-17.45.09:188][649]LogModuleManager: Shutting down and abandoning module UMGEditor (181)
[2017.04.25-17.45.09:188][649]LogModuleManager: Shutting down and abandoning module Sequencer (180)
[2017.04.25-17.45.09:188][649]LogModuleManager: Shutting down and abandoning module AssetTools (178)
[2017.04.25-17.45.09:188][649]LogModuleManager: Shutting down and abandoning module MessageLog (177)
[2017.04.25-17.45.09:188][649]LogModuleManager: Shutting down and abandoning module WorkspaceMenuStructure (176)
[2017.04.25-17.45.09:189][649]LogModuleManager: Shutting down and abandoning module SlateReflector (170)
[2017.04.25-17.45.09:189][649]LogModuleManager: Shutting down and abandoning module Slate (168)
[2017.04.25-17.45.09:189][649]LogModuleManager: Shutting down and abandoning module EditorStyle (166)
[2017.04.25-17.45.09:193][649]LogModuleManager: Shutting down and abandoning module SourceCodeAccess (164)
[2017.04.25-17.45.09:193][649]LogModuleManager: Shutting down and abandoning module HeadMountedDisplay (162)
[2017.04.25-17.45.09:193][649]LogModuleManager: Shutting down and abandoning module XAudio2 (160)
[2017.04.25-17.45.09:193][649]LogModuleManager: Shutting down and abandoning module Networking (158)
[2017.04.25-17.45.09:193][649]LogModuleManager: Shutting down and abandoning module Core (154)
[2017.04.25-17.45.09:193][649]LogModuleManager: Shutting down and abandoning module AssetRegistry (152)
[2017.04.25-17.45.10:378][649]LogDirectoryWatcher: A directory notification for '../../../Engine/Content/' was aborted.
[2017.04.25-17.45.10:379][649]LogDirectoryWatcher: A directory notification for 'H:/RusskyIstrebetel2/IskyRestrubel/Content/' was aborted.
[2017.04.25-17.45.10:379][649]LogDirectoryWatcher: A directory notification for '../../../Engine/Plugins/2D/Paper2D/Content/' was aborted.
[2017.04.25-17.45.10:380][649]LogModuleManager: Shutting down and abandoning module DirectoryWatcher (151)
[2017.04.25-17.45.10:380][649]LogModuleManager: Shutting down and abandoning module KismetCompiler (148)
[2017.04.25-17.45.10:380][649]LogModuleManager: Shutting down and abandoning module PhysXFormats (146)
[2017.04.25-17.45.10:380][649]LogModuleManager: Shutting down and abandoning module MeshUtilities (144)
[2017.04.25-17.45.10:380][649]LogModuleManager: Shutting down and abandoning module SimplygonSwarm (143)
[2017.04.25-17.45.10:380][649]LogModuleManager: Shutting down and abandoning module SimplygonMeshReduction (141)
[2017.04.25-17.45.10:380][649]LogModuleManager: Shutting down and abandoning module QuadricMeshReduction (139)
[2017.04.25-17.45.10:380][649]LogModuleManager: Shutting down and abandoning module PropertyEditor (137)
[2017.04.25-17.45.10:380][649]LogModuleManager: Shutting down and abandoning module DerivedDataCache (134)
[2017.04.25-17.45.10:439][649]LogDerivedDataCache: Shutdown
[2017.04.25-17.45.10:439][649]LogModuleManager: Shutting down and abandoning module TargetPlatform (132)
[2017.04.25-17.45.10:439][649]LogModuleManager: Shutting down and abandoning module VulkanShaderFormat (131)
[2017.04.25-17.45.10:439][649]LogModuleManager: Shutting down and abandoning module ShaderFormatOpenGL (129)
[2017.04.25-17.45.10:439][649]LogModuleManager: Shutting down and abandoning module ShaderFormatD3D (127)
[2017.04.25-17.45.10:439][649]LogModuleManager: Shutting down and abandoning module MetalShaderFormat (125)
[2017.04.25-17.45.10:439][649]LogModuleManager: Shutting down and abandoning module TextureFormatUncompressed (123)
[2017.04.25-17.45.10:439][649]LogModuleManager: Shutting down and abandoning module TextureFormatPVR (121)
[2017.04.25-17.45.10:439][649]LogModuleManager: Shutting down and abandoning module TextureFormatDXT (119)
[2017.04.25-17.45.10:439][649]LogModuleManager: Shutting down and abandoning module TextureFormatIntelISPCTexComp (117)
[2017.04.25-17.45.10:440][649]LogModuleManager: Shutting down and abandoning module TextureFormatASTC (115)
[2017.04.25-17.45.10:440][649]LogModuleManager: Shutting down and abandoning module ImageWrapper (114)
[2017.04.25-17.45.10:440][649]LogModuleManager: Shutting down and abandoning module TextureFormatAndroid (111)
[2017.04.25-17.45.10:440][649]LogModuleManager: Shutting down and abandoning module AudioFormatOpus (109)
[2017.04.25-17.45.10:440][649]LogModuleManager: Shutting down and abandoning module AudioFormatOgg (107)
[2017.04.25-17.45.10:440][649]LogModuleManager: Shutting down and abandoning module AudioFormatADPCM (105)
[2017.04.25-17.45.10:440][649]LogModuleManager: Shutting down and abandoning module LinuxTargetPlatform (103)
[2017.04.25-17.45.10:440][649]LogModuleManager: Shutting down and abandoning module LinuxServerTargetPlatform (101)
[2017.04.25-17.45.10:440][649]LogModuleManager: Shutting down and abandoning module LinuxNoEditorTargetPlatform (99)
[2017.04.25-17.45.10:440][649]LogModuleManager: Shutting down and abandoning module LinuxClientTargetPlatform (97)
[2017.04.25-17.45.10:440][649]LogModuleManager: Shutting down and abandoning module TVOSTargetPlatform (95)
[2017.04.25-17.45.10:440][649]LogModuleManager: Shutting down and abandoning module Messaging (93)
[2017.04.25-17.45.10:440][649]LogModuleManager: Shutting down and abandoning module IOSTargetPlatform (91)
[2017.04.25-17.45.10:440][649]LogModuleManager: Shutting down and abandoning module HTML5TargetPlatform (89)
[2017.04.25-17.45.10:440][649]LogModuleManager: Shutting down and abandoning module Android_PVRTCTargetPlatform (87)
[2017.04.25-17.45.10:440][649]LogModuleManager: Shutting down and abandoning module Android_MultiTargetPlatform (85)
[2017.04.25-17.45.10:440][649]LogModuleManager: Shutting down and abandoning module Android_ETC2TargetPlatform (83)
[2017.04.25-17.45.10:440][649]LogModuleManager: Shutting down and abandoning module Android_ETC1TargetPlatform (81)
[2017.04.25-17.45.10:440][649]LogModuleManager: Shutting down and abandoning module Android_DXTTargetPlatform (79)
[2017.04.25-17.45.10:440][649]LogModuleManager: Shutting down and abandoning module Android_ATCTargetPlatform (77)
[2017.04.25-17.45.10:440][649]LogModuleManager: Shutting down and abandoning module Android_ASTCTargetPlatform (75)
[2017.04.25-17.45.10:440][649]LogModuleManager: Shutting down and abandoning module AndroidTargetPlatform (73)
[2017.04.25-17.45.10:440][649]LogModuleManager: Shutting down and abandoning module WindowsTargetPlatform (71)
[2017.04.25-17.45.10:440][649]LogModuleManager: Shutting down and abandoning module WindowsServerTargetPlatform (69)
[2017.04.25-17.45.10:440][649]LogModuleManager: Shutting down and abandoning module WindowsNoEditorTargetPlatform (67)
[2017.04.25-17.45.10:440][649]LogModuleManager: Shutting down and abandoning module WindowsClientTargetPlatform (65)
[2017.04.25-17.45.10:440][649]LogModuleManager: Shutting down and abandoning module MacTargetPlatform (63)
[2017.04.25-17.45.10:440][649]LogModuleManager: Shutting down and abandoning module MacServerTargetPlatform (61)
[2017.04.25-17.45.10:440][649]LogModuleManager: Shutting down and abandoning module MacNoEditorTargetPlatform (59)
[2017.04.25-17.45.10:440][649]LogModuleManager: Shutting down and abandoning module MacClientTargetPlatform (57)
[2017.04.25-17.45.10:440][649]LogModuleManager: Shutting down and abandoning module AllDesktopTargetPlatform (55)
[2017.04.25-17.45.10:440][649]LogModuleManager: Shutting down and abandoning module InputCore (52)
[2017.04.25-17.45.10:440][649]LogModuleManager: Shutting down and abandoning module Settings (50)
[2017.04.25-17.45.10:440][649]LogModuleManager: Shutting down and abandoning module OculusRift (48)
[2017.04.25-17.45.10:440][649]LogModuleManager: Shutting down and abandoning module GearVR (46)
[2017.04.25-17.45.10:440][649]LogModuleManager: Shutting down and abandoning module ExampleDeviceProfileSelector (44)
[2017.04.25-17.45.10:440][649]LogModuleManager: Shutting down and abandoning module OnlineBlueprintSupport (42)
[2017.04.25-17.45.10:440][649]LogModuleManager: Shutting down and abandoning module OnlineSubsystem (38)
[2017.04.25-17.45.10:440][649]LogOnline:Display: Unloading online subsystem: NULL
[2017.04.25-17.45.10:440][649]LogModuleManager: Shutting down and abandoning module XMPP (37)
[2017.04.25-17.45.10:440][649]LogModuleManager: Shutting down and abandoning module HTTP (35)
[2017.04.25-17.45.10:440][649]LogHttp:Display: Http module shutting down, but needs to wait on 1 outstanding Http requests:
[2017.04.25-17.45.10:440][649]LogHttp:Display: 	verb=[POST] url=[https://datarouter.ol.epicgames.com/datarouter/api/v1/public/data?SessionID=%7BABE4A686-465D-1584-24A2-69B9022C0F5D%7D&AppID=UEEditor.Rocket.Release&AppVersion=4.15.1-3348071%2B%2B%2BUE4%2BRelease-4.15&UserID=248f341a4c546dde656610975e5d6bea%7Ce4b27134f6bf412e9a100d05c6700cdb%7C01533b05-ceac-45b3-a5fb-27bdcf21a394&AppEnvironment=datacollector-binary&UploadType=eteventstream] status=Processing
[2017.04.25-17.45.10:444][649]LogModuleManager: Shutting down and abandoning module SSL (34)
[2017.04.25-17.45.10:446][649]LogModuleManager: Shutting down and abandoning module AudioEditor (30)
[2017.04.25-17.45.10:446][649]LogModuleManager: Shutting down and abandoning module TextureCompressor (28)
[2017.04.25-17.45.10:446][649]LogModuleManager: Shutting down and abandoning module ShaderCore (26)
[2017.04.25-17.45.10:446][649]LogModuleManager: Shutting down and abandoning module Landscape (24)
[2017.04.25-17.45.10:446][649]LogModuleManager: Shutting down and abandoning module SlateRHIRenderer (22)
[2017.04.25-17.45.10:450][649]LogModuleManager: Shutting down and abandoning module OpenGLDrv (20)
[2017.04.25-17.45.10:450][649]LogModuleManager: Shutting down and abandoning module D3D11RHI (18)
[2017.04.25-17.45.10:450][649]LogModuleManager: Shutting down and abandoning module AnimGraphRuntime (16)
[2017.04.25-17.45.10:451][649]LogModuleManager: Shutting down and abandoning module Renderer (14)
[2017.04.25-17.45.10:451][649]LogModuleManager: Shutting down and abandoning module Engine (12)
[2017.04.25-17.45.10:451][649]LogModuleManager: Shutting down and abandoning module CoreUObject (10)
[2017.04.25-17.45.10:451][649]LogModuleManager: Shutting down and abandoning module NetworkFile (8)
[2017.04.25-17.45.10:451][649]LogModuleManager: Shutting down and abandoning module StreamingFile (6)
[2017.04.25-17.45.10:451][649]LogModuleManager: Shutting down and abandoning module SandboxFile (4)
[2017.04.25-17.45.10:451][649]LogModuleManager: Shutting down and abandoning module PakFile (2)
[2017.04.25-17.45.10:453][649]LogExit: Exiting.
[2017.04.25-17.45.10:493][649]Log file closed, 04/25/17 13:45:10
