Log file open, 04/20/17 11:48:36
LogInit:Display: Running engine for game: IskyRestrubel
LogPlatformFile: Not using cached read wrapper
LogInit:Display: RandInit(-963928975) SRandInit(-963928975).
LogTaskGraph: Started task graph with 5 named threads and 6 total threads with 1 sets of task threads.
LogStats: Stats thread started at 0.075301
LogInit: Using libcurl 7.47.1
LogInit:  - built for x86_64-pc-win32
LogInit:  - supports SSL with OpenSSL/1.0.2g
LogInit:  - supports HTTP deflate (compression) using libz 1.2.8
LogInit:  - other features:
LogInit:      CURL_VERSION_SSL
LogInit:      CURL_VERSION_LIBZ
LogInit:      CURL_VERSION_IPV6
LogInit:      CURL_VERSION_ASYNCHDNS
LogInit:      CURL_VERSION_LARGEFILE
LogInit:      CURL_VERSION_IDN
LogInit:  CurlRequestOptions (configurable via config and command line):
LogInit:  - bVerifyPeer = false  - Libcurl will NOT verify peer certificate
LogInit:  - bUseHttpProxy = false  - Libcurl will NOT use HTTP proxy
LogInit:  - bDontReuseConnections = false  - Libcurl will reuse connections
LogInit:  - CertBundlePath = nullptr  - Libcurl will use whatever was configured at build time.
LogInit: Build: ++UE4+Release-4.15-CL-3348071
LogInit: Engine Version: 4.15.1-3348071+++UE4+Release-4.15
LogInit: Compatible Engine Version: 4.15.0-3299760+++UE4+Release-4.15
LogInit: Net CL: 3299760
LogDevObjectVersion: Number of dev versions registered: 14
LogDevObjectVersion:   Dev-Blueprints (B0D832E4-1F89-4F0D-ACCF-7EB736FD4AA2): 8
LogDevObjectVersion:   Dev-Build (E1C64328-A22C-4D53-A36C-8E866417BD8C): 0
LogDevObjectVersion:   Dev-Core (375EC13C-06E4-48FB-B500-84F0262A717E): 2
LogDevObjectVersion:   Dev-Editor (E4B068ED-F494-42E9-A231-DA0B2E46BB41): 14
LogDevObjectVersion:   Dev-Framework (CFFC743F-43B0-4480-9391-14DF171D2073): 22
LogDevObjectVersion:   Dev-Mobile (B02B49B5-BB20-44E9-A304-32B752E40360): 0
LogDevObjectVersion:   Dev-Networking (A4E4105C-59A1-49B5-A7C5-40C4547EDFEE): 0
LogDevObjectVersion:   Dev-Online (39C831C9-5AE6-47DC-9A44-9C173E1C8E7C): 0
LogDevObjectVersion:   Dev-Physics (78F01B33-EBEA-4F98-B9B4-84EACCB95AA2): 0
LogDevObjectVersion:   Dev-Platform (6631380F-2D4D-43E0-8009-CF276956A95A): 0
LogDevObjectVersion:   Dev-Rendering (12F88B9F-8875-4AFC-A67C-D90C383ABD29): 12
LogDevObjectVersion:   Dev-Sequencer (7B5AE74C-D270-4C10-A958-57980B212A5A): 3
LogDevObjectVersion:   Dev-VR (D7296918-1DD6-4BDD-9DE2-64A83CC13884): 0
LogDevObjectVersion:   Dev-LoadTimes (C2A15278-BFE7-4AFE-6C17-90FF531DF755): 1
LogInit: Compiled (64-bit): Mar 15 2017 16:52:47
LogInit: Compiled with Visual C++: 19.00.23026.00
LogInit: Build Configuration: Development
LogInit: Branch Name: ++UE4+Release-4.15
LogInit: Command line:  
LogInit: Base directory: C:/Program Files/Epic Games/UE_4.15/Engine/Binaries/Win64/
LogInit: Installed Engine Build: 1
LogInit: Presizing for max 8388607 objects, including 0 objects not considered by GC, pre-allocating 0 bytes for permanent pool.
LogInit: Object subsystem initialized
[2017.04.20-15.48.38:534][  0]LogInit: Selected Device Profile: [Windows]
[2017.04.20-15.48.38:534][  0]LogInit: Applying CVar settings loaded from the selected device profile: [Windows]
[2017.04.20-15.48.38:552][  0]LogInit: Computer: PRG22740
[2017.04.20-15.48.38:553][  0]LogInit: User: arodriguez
[2017.04.20-15.48.38:553][  0]LogInit: CPU Page size=65536, Cores=2
[2017.04.20-15.48.38:553][  0]LogInit: High frequency timer resolution =2.435888 MHz
[2017.04.20-15.48.38:553][  0]LogMemory: Memory total: Physical=7.9GB (8GB approx)
[2017.04.20-15.48.38:553][  0]LogMemory: Platform Memory Stats for Windows
[2017.04.20-15.48.38:553][  0]LogMemory: Process Physical Memory: 262.39 MB used, 262.39 MB peak
[2017.04.20-15.48.38:553][  0]LogMemory: Process Virtual Memory: 263.91 MB used, 263.91 MB peak
[2017.04.20-15.48.38:553][  0]LogMemory: Physical Memory: 3545.73 MB used,  4551.41 MB free, 8097.14 MB total
[2017.04.20-15.48.38:553][  0]LogMemory: Virtual Memory: 628.97 MB used,  4551.41 MB free, 8388608.00 MB total
[2017.04.20-15.48.38:680][  0]LogTextLocalizationManager: No specific translations for ('en-US') exist, so ('en') translations will be used.
[2017.04.20-15.48.39:667][  0]LogD3D11RHI: D3D11 adapters:
[2017.04.20-15.48.39:682][  0]LogD3D11RHI:    0. 'Intel(R) HD Graphics 4600' (Feature Level 11_0)
[2017.04.20-15.48.39:682][  0]LogD3D11RHI:       2094/0/3792 MB DedicatedVideo/DedicatedSystem/SharedSystem, Outputs:2, VendorId:0x8086
[2017.04.20-15.48.39:682][  0]LogD3D11RHI: Chosen D3D11 Adapter: 0
[2017.04.20-15.48.39:688][  0]LogD3D11RHI: Creating new Direct3DDevice
[2017.04.20-15.48.39:688][  0]LogD3D11RHI:     GPU DeviceId: 0x416 (for the marketing name, search the web for "GPU Device Id")
[2017.04.20-15.48.39:688][  0]LogWindows: EnumDisplayDevices:
[2017.04.20-15.48.39:688][  0]LogWindows:    0. 'Intel(R) HD Graphics 4600' (P:1 D:1)
[2017.04.20-15.48.39:688][  0]LogWindows:    1. 'Intel(R) HD Graphics 4600' (P:0 D:1)
[2017.04.20-15.48.39:688][  0]LogWindows:    2. 'Intel(R) HD Graphics 4600' (P:0 D:0)
[2017.04.20-15.48.39:689][  0]LogWindows:    3. 'Intel(R) HD Graphics 4600' (P:0 D:0)
[2017.04.20-15.48.39:689][  0]LogWindows:    4. 'Intel(R) HD Graphics 4600' (P:0 D:0)
[2017.04.20-15.48.39:689][  0]LogWindows:    5. 'Intel(R) HD Graphics 4600' (P:0 D:0)
[2017.04.20-15.48.39:690][  0]LogWindows:    6. 'Intel(R) HD Graphics 4600' (P:0 D:0)
[2017.04.20-15.48.39:690][  0]LogWindows:    7. 'Intel(R) HD Graphics 4600' (P:0 D:0)
[2017.04.20-15.48.39:690][  0]LogWindows:    8. 'Intel(R) HD Graphics 4600' (P:0 D:0)
[2017.04.20-15.48.39:690][  0]LogWindows:    9. 'RDPDD Chained DD' (P:0 D:0)
[2017.04.20-15.48.39:691][  0]LogWindows:    10. 'RDP Encoder Mirror Driver' (P:0 D:0)
[2017.04.20-15.48.39:691][  0]LogWindows:    11. 'RDP Reflector Display Driver' (P:0 D:0)
[2017.04.20-15.48.39:691][  0]LogWindows: DebugString: GetVideoDriverDetailsInvalid PrimaryIsNotTheChoosenAdapter GetVideoDriverDetailsInvalid PrimaryIsNotTheChoosenAdapter GetVideoDriverDetailsInvalid PrimaryIsNotTheChoosenAdapter FoundDriverCount:9 
[2017.04.20-15.48.39:691][  0]LogD3D11RHI:     Adapter Name: Intel(R) HD Graphics 4600
[2017.04.20-15.48.39:691][  0]LogD3D11RHI:   Driver Version: 10.18.14.4099 (internal:10.18.14.4099, unified:10.18.14.4099)
[2017.04.20-15.48.39:691][  0]LogD3D11RHI:      Driver Date: 1-19-2015
[2017.04.20-15.48.39:691][  0]LogRHI: Texture pool is 1361 MB (70% of 1945 MB)
[2017.04.20-15.48.39:706][  0]LogD3D11RHI: Async texture creation enabled
[2017.04.20-15.48.39:716][  0]LogD3D11RHI: GPU Timing Frequency: 12.500000 (Debug: 2 1)
[2017.04.20-15.48.39:716][  0]LogShaderCompilers: Guid format shader working directory is -5 characters bigger than the processId version (../../../../../../Users/arodriguez/Desktop/IskyRestrubel/Intermediate/Shaders/WorkingDirectory/4160/).
[2017.04.20-15.48.39:717][  0]LogShaderCompilers: Cleaned the shader compiler working directory 'C:/Users/arodriguez/AppData/Local/Temp/UnrealShaderWorkingDir/7855DE9946D43B2EDC0B389E6DA264A4/'.
[2017.04.20-15.48.39:717][  0]LogShaderCompilers:Display: Using Local Shader Compiler.
[2017.04.20-15.48.41:203][  0]LogTemp:Display: Loaded TP AllDesktopTargetPlatform
[2017.04.20-15.48.41:269][  0]LogTemp:Display: Loaded TP MacClientTargetPlatform
[2017.04.20-15.48.41:334][  0]LogTemp:Display: Loaded TP MacNoEditorTargetPlatform
[2017.04.20-15.48.41:400][  0]LogTemp:Display: Loaded TP MacServerTargetPlatform
[2017.04.20-15.48.41:470][  0]LogTemp:Display: Loaded TP MacTargetPlatform
[2017.04.20-15.48.41:534][  0]LogTemp:Display: Loaded TP WindowsClientTargetPlatform
[2017.04.20-15.48.41:593][  0]LogTemp:Display: Loaded TP WindowsNoEditorTargetPlatform
[2017.04.20-15.48.41:663][  0]LogTemp:Display: Loaded TP WindowsServerTargetPlatform
[2017.04.20-15.48.41:708][  0]LogTemp:Display: Loaded TP WindowsTargetPlatform
[2017.04.20-15.48.41:769][  0]LogTemp:Display: Loaded TP AndroidTargetPlatform
[2017.04.20-15.48.41:828][  0]LogTemp:Display: Loaded TP Android_ASTCTargetPlatform
[2017.04.20-15.48.41:887][  0]LogTemp:Display: Loaded TP Android_ATCTargetPlatform
[2017.04.20-15.48.41:948][  0]LogTemp:Display: Loaded TP Android_DXTTargetPlatform
[2017.04.20-15.48.42:006][  0]LogTemp:Display: Loaded TP Android_ETC1TargetPlatform
[2017.04.20-15.48.42:068][  0]LogTemp:Display: Loaded TP Android_ETC2TargetPlatform
[2017.04.20-15.48.42:192][  0]LogTemp:Display: Loaded TP Android_MultiTargetPlatform
[2017.04.20-15.48.42:192][  0]LogTemp:Display: Loaded TP Android_PVRTCTargetPlatform
[2017.04.20-15.48.42:238][  0]LogTemp:Display: Loaded TP HTML5TargetPlatform
[2017.04.20-15.48.42:340][  0]LogTemp:Display: Loaded TP IOSTargetPlatform
[2017.04.20-15.48.42:378][  0]LogTemp:Display: Loaded TP TVOSTargetPlatform
[2017.04.20-15.48.42:435][  0]LogTemp:Display: Loaded TP LinuxClientTargetPlatform
[2017.04.20-15.48.42:491][  0]LogTemp:Display: Loaded TP LinuxNoEditorTargetPlatform
[2017.04.20-15.48.42:550][  0]LogTemp:Display: Loaded TP LinuxServerTargetPlatform
[2017.04.20-15.48.42:610][  0]LogTemp:Display: Loaded TP LinuxTargetPlatform
[2017.04.20-15.48.42:610][  0]LogTargetPlatformManager:Display: Building Assets For Windows
[2017.04.20-15.48.43:080][  0]LogDerivedDataCache:Display: Max Cache Size: 512 MB
[2017.04.20-15.48.43:140][  0]LogDerivedDataCache: Loaded boot cache 0.06s 50MB C:/Users/arodriguez/AppData/Local/UnrealEngine/4.15/DerivedDataCache/Boot.ddc.
[2017.04.20-15.48.43:140][  0]LogDerivedDataCache:Display: Loaded Boot cache: C:/Users/arodriguez/AppData/Local/UnrealEngine/4.15/DerivedDataCache/Boot.ddc
[2017.04.20-15.48.43:140][  0]LogDerivedDataCache: FDerivedDataBackendGraph:  Pak pak cache file ../../../../../../Users/arodriguez/Desktop/IskyRestrubel/DerivedDataCache/DDC.ddp not found, will not use a pak cache.
[2017.04.20-15.48.43:140][  0]LogDerivedDataCache: Unable to find inner node Pak for hierarchical cache Hierarchy.
[2017.04.20-15.48.43:140][  0]LogDerivedDataCache: FDerivedDataBackendGraph:  CompressedPak pak cache file ../../../../../../Users/arodriguez/Desktop/IskyRestrubel/DerivedDataCache/Compressed.ddp not found, will not use a pak cache.
[2017.04.20-15.48.43:140][  0]LogDerivedDataCache: Unable to find inner node CompressedPak for hierarchical cache Hierarchy.
[2017.04.20-15.48.43:172][  0]LogDerivedDataCache:Display: Pak cache opened for reading ../../../Engine/DerivedDataCache/Compressed.ddp.
[2017.04.20-15.48.43:184][  0]LogDerivedDataCache: Using Local data cache path C:/Users/arodriguez/AppData/Local/UnrealEngine/Common/DerivedDataCache: Writable
[2017.04.20-15.48.43:195][  0]LogSlate: Using Freetype 2.6.0
[2017.04.20-15.48.43:195][  0]LogSlate: SlateFontCache - WITH_FREETYPE: 1, WITH_HARFBUZZ: 1
[2017.04.20-15.48.43:195][  0]LogSlate: SlateFontCache - WITH_FREETYPE: 1, WITH_HARFBUZZ: 1
[2017.04.20-15.48.43:573][  0]LogInit: Selected Device Profile: [Windows]
[2017.04.20-15.48.43:577][  0]LogContentStreaming: Texture pool size is 0.00 MB
[2017.04.20-15.48.43:849][  0]LogMeshUtilities: Using QuadricMeshReduction for automatic static mesh reduction
[2017.04.20-15.48.43:896][  0]LogSimplygon: Simplygon DLL not present - disabling.
[2017.04.20-15.48.43:946][  0]LogMeshUtilities: Using SimplygonSwarm for distributed automatic mesh merging
[2017.04.20-15.48.43:946][  0]LogMeshUtilities: No automatic skeletal mesh reduction module available
[2017.04.20-15.48.43:946][  0]LogMeshUtilities: No automatic mesh merging module available
[2017.04.20-15.48.44:618][  0]LogNetVersion: GetLocalNetworkVersion: CL: 3299760, ProjectName: iskyrestrubel, ProjectVersion: , EngineNetworkVersion: 2, GameNetworkVersion: 0, NetworkChecksum: 3238313141
[2017.04.20-15.48.44:659][  0]LogAssetRegistry: FAssetRegistry took 0.0201 seconds to start up
[2017.04.20-15.48.44:727][  0]LogPackageLocalizationCache: Processed 3 localized package path(s) for 2 prioritized culture(s) in 0.039190 seconds
[2017.04.20-15.48.44:734][  0]LogUObjectArray: 32493 objects as part of root set at end of initial load.
[2017.04.20-15.48.44:734][  0]LogUObjectAllocator: 7077032 out of 0 bytes used by permanent object pool.
[2017.04.20-15.48.44:734][  0]LogUObjectArray: CloseDisregardForGC: 0/0 objects in disregard for GC pool
[2017.04.20-15.48.44:793][  0]LogInit: WinSock: version 1.1 (2.2), MaxSocks=32767, MaxUdp=65467
[2017.04.20-15.48.46:579][  0]LogTcpMessaging: Initializing TcpMessaging bridge
[2017.04.20-15.48.46:616][  0]LogUdpMessaging: Initializing bridge on interface 0.0.0.0:0 to multicast group 230.0.0.1:6666.
[2017.04.20-15.48.47:088][  0]LogMaterial: Uniform references updated for custom material expression Custom.
[2017.04.20-15.48.47:516][  0]SourceControl: Info Source control is disabled
[2017.04.20-15.48.47:607][  0]SourceControl: Info Source control is disabled
[2017.04.20-15.48.47:657][  0]SourceControl: Info Source control is disabled
[2017.04.20-15.48.47:710][  0]SourceControl: Info Source control is disabled
[2017.04.20-15.48.49:034][  0]LogEngine: Initializing Engine...
[2017.04.20-15.48.49:035][  0]LogHMD: Failed to initialize OpenVR with code 110
[2017.04.20-15.48.49:311][  0]LogAIModule: Creating AISystem for world Untitled
[2017.04.20-15.48.49:326][  0]LogInit: XAudio2 using 'Headphone (Realtek High Definition Audio)' : 2 channels at 48 kHz using 32 bits per sample (channel mask 0x3)
[2017.04.20-15.48.49:413][  0]LogInit: FAudioDevice initialized.
[2017.04.20-15.48.49:459][  0]LogDerivedDataCache: Saved boot cache 0.05s 50MB C:/Users/arodriguez/AppData/Local/UnrealEngine/4.15/DerivedDataCache/Boot.ddc.
[2017.04.20-15.48.49:469][  0]LogInit: Texture streaming: Enabled
[2017.04.20-15.48.49:563][  0]LogEngineSessionManager: EngineSessionManager initialized
[2017.04.20-15.48.49:572][  0]LogEngineSessionManager: EngineSessionManager sent abnormal shutdown report. Type=Crashed, SessionId={71622E74-49A5-5B53-705F-098DD55085C5}
[2017.04.20-15.48.49:671][  0]LogInit: Transaction tracking system initialized
[2017.04.20-15.48.50:046][  0]BlueprintLog: New page: Editor Load
[2017.04.20-15.48.50:968][  0]LocalizationService: Info Localization service is disabled
[2017.04.20-15.48.51:757][  0]LogConsoleResponse:Display: 
[2017.04.20-15.48.51:975][  0]LogCook:Display: Max memory allowance for cook 16384mb min free memory 0mb
[2017.04.20-15.48.51:975][  0]LogCook:Display: Mobile HDR setting 1
[2017.04.20-15.48.52:348][  0]LogFileCache: Scanning file cache for directory 'C:/Users/arodriguez/Desktop/IskyRestrubel/Content/' took 0.01s
[2017.04.20-15.48.53:141][  0]SourceControl: Info Source control is disabled
[2017.04.20-15.48.53:141][  0]Cmd: MAP LOAD FILE="../../../../../../Users/arodriguez/Desktop/IskyRestrubel/Content/Maps/MapMain.umap" TEMPLATE=0 SHOWPROGRESS=1 FEATURELEVEL=3
[2017.04.20-15.48.53:142][  0]LightingResults: New page: Lighting Build
[2017.04.20-15.48.53:190][  0]MapCheck: New page: Map Check
[2017.04.20-15.48.53:190][  0]LightingResults: New page: Lighting Build
[2017.04.20-15.48.53:348][  0]LogAIModule: Creating AISystem for world MapMain
[2017.04.20-15.48.53:382][  0]LogEditorServer: Finished looking for orphan Actors (0.000 secs)
[2017.04.20-15.48.53:386][  0]Cmd: MAP CHECKDEP NOCLEARLOG
[2017.04.20-15.48.53:431][  0]MapCheck: Info Map check complete: 0 Error(s), 0 Warning(s), took 44.97ms to complete.
[2017.04.20-15.48.53:431][  0]LogFileHelpers: Loading map 'MapMain' took 0.290
[2017.04.20-15.48.53:665][  0]LogCollectionManager: Loaded 0 collections in 0.001381 seconds
[2017.04.20-15.48.53:764][  0]LogFileCache: Scanning file cache for directory 'C:/Users/arodriguez/Desktop/IskyRestrubel/Saved/Collections/' took 0.01s
[2017.04.20-15.48.53:764][  0]LogFileCache: Scanning file cache for directory 'C:/Users/arodriguez/Desktop/IskyRestrubel/Content/Developers/arodriguez/Collections/' took 0.01s
[2017.04.20-15.48.53:764][  0]LogFileCache: Scanning file cache for directory 'C:/Users/arodriguez/Desktop/IskyRestrubel/Content/Collections/' took 0.01s
[2017.04.20-15.48.53:764][  0]LogCollectionManager: Rebuilt the GUID cache for 0 collections in 0.000002 seconds
[2017.04.20-15.48.53:776][  0]LogContentBrowser: Native class hierarchy populated in 0.0119 seconds. Added 2245 classes and 453 folders.
[2017.04.20-15.48.53:780][  0]LogStats: UGameplayTagsManager::ConstructGameplayTagTree: Construct from data asset -  0.000 s
[2017.04.20-15.48.53:780][  0]LogStats: UGameplayTagsManager::ConstructGameplayTagTree: GameplayTagTreeChangedEvent.Broadcast -  0.000 s
[2017.04.20-15.48.53:848][  0]LogContentBrowser: Native class hierarchy updated for 'WidgetCarousel' in 0.0007 seconds. Added 0 classes and 0 folders.
[2017.04.20-15.48.53:892][  0]LogContentBrowser: Native class hierarchy updated for 'AddContentDialog' in 0.0006 seconds. Added 0 classes and 0 folders.
[2017.04.20-15.48.53:941][  0]LogContentBrowser: Native class hierarchy updated for 'SceneOutliner' in 0.0010 seconds. Added 1 classes and 2 folders.
[2017.04.20-15.48.53:999][  0]LogCrashTracker: Crashtracker disabled due to settings.
[2017.04.20-15.48.54:005][  0]LogUObjectGlobals:Warning: Failed to find object 'Class None.'
[2017.04.20-15.48.54:069][  0]LogContentBrowser: Native class hierarchy updated for 'HierarchicalLODOutliner' in 0.0006 seconds. Added 1 classes and 2 folders.
[2017.04.20-15.48.54:070][  0]LogLoad: (Engine Initialization) Total time: 18.49 seconds
[2017.04.20-15.48.54:070][  0]LogLoad: (Engine Initialization) Total Blueprint compile time: 0.08 seconds
[2017.04.20-15.48.54:070][  0]LogExternalProfiler: Found external profiler: VSPerf
[2017.04.20-15.48.54:070][  0]LogExternalProfiler: Using external profiler: VSPerf
[2017.04.20-15.48.54:087][  0]LogOcInput: OculusInput pre-init called
[2017.04.20-15.48.54:107][  0]LogContentStreaming: Texture pool size now 1000 MB
[2017.04.20-15.48.54:109][  0]LogSlate: Took 0.000266 seconds to synchronously load lazily loaded font '../../../Engine/Content/Slate/Fonts/Roboto-Regular.ttf' (155K)
[2017.04.20-15.48.54:114][  0]LogSlate: Took 0.000275 seconds to synchronously load lazily loaded font '../../../Engine/Content/Slate/Fonts/Roboto-Bold.ttf' (160K)
[2017.04.20-15.48.54:123][  0]LogSlate: Took 0.000324 seconds to synchronously load lazily loaded font '../../../Engine/Content/Editor/Slate/Fonts/FontAwesome.ttf' (139K)
[2017.04.20-15.48.54:243][  0]LogSlate: Took 0.000321 seconds to synchronously load lazily loaded font '../../../Engine/Content/Slate/Fonts/Roboto-Light.ttf' (159K)
[2017.04.20-15.48.54:308][  0]LogRenderer: Reallocating scene render targets to support 856x376 NumSamples 1 (Frame:2).
[2017.04.20-15.48.54:759][  2]LogAssetRegistry: Asset discovery search completed in 10.1197 seconds
[2017.04.20-15.48.54:759][  2]LogCollectionManager: Rebuilt the object cache for 0 collections in 0.000008 seconds (found 0 objects)
[2017.04.20-15.48.54:759][  2]LogCollectionManager: Fixed up redirectors for 0 collections in 0.000028 seconds (updated 0 objects)
[2017.04.20-15.48.55:211][ 12]LogSlate: Took 0.000459 seconds to synchronously load lazily loaded font '../../../Engine/Content/Slate/Fonts/Roboto-Light.ttf' (159K)
[2017.04.20-15.48.59:823][132]LogSlate: Took 0.000465 seconds to synchronously load lazily loaded font '../../../Engine/Content/Slate/Fonts/Roboto-Light.ttf' (159K)
[2017.04.20-15.49.00:548][132]LogSlate: Took 0.000452 seconds to synchronously load lazily loaded font '../../../Engine/Content/Slate/Fonts/Roboto-Regular.ttf' (155K)
[2017.04.20-15.49.01:167][132]LogContentBrowser: Native class hierarchy updated for 'BlueprintGraph' in 0.0020 seconds. Added 112 classes and 0 folders.
[2017.04.20-15.49.02:785][132]LogSlate: Took 0.000333 seconds to synchronously load lazily loaded font '../../../Engine/Content/Editor/Slate/Fonts/Roboto-BoldCondensed.ttf' (158K)
[2017.04.20-15.49.07:571][197]LogSlate: Took 0.000454 seconds to synchronously load lazily loaded font '../../../Engine/Content/Editor/Slate/Fonts/Roboto-Italic.ttf' (157K)
[2017.04.20-15.49.12:045][271]LogCrashTracker: 


[2017.04.20-15.49.12:045][271]LogCrashTracker: 


[2017.04.20-15.49.12:045][271]LogWindows:Error: === Critical error: ===
[2017.04.20-15.49.12:045][271]LogWindows:Error: 
[2017.04.20-15.49.12:045][271]LogWindows:Error: Fatal error!
[2017.04.20-15.49.12:045][271]LogWindows:Error: 
[2017.04.20-15.49.12:045][271]LogWindows:Error: Unhandled Exception: EXCEPTION_ACCESS_VIOLATION reading address 0x000000da
[2017.04.20-15.49.12:045][271]LogWindows:Error: 
[2017.04.20-15.49.12:045][271]LogWindows:Error: UE4Editor-BlueprintGraph.dll!0x00000000D3A29492
[2017.04.20-15.49.12:045][271]LogWindows:Error: UE4Editor-BlueprintGraph.dll!0x00000000D3A243B3
[2017.04.20-15.49.12:045][271]LogWindows:Error: UE4Editor-Engine.dll!0x00000000CF11D680
[2017.04.20-15.49.12:045][271]LogWindows:Error: UE4Editor-BlueprintGraph.dll!0x00000000D38EB785
[2017.04.20-15.49.12:045][271]LogWindows:Error: UE4Editor-GraphEditor.dll!0x00000000D3DF9FBE
[2017.04.20-15.49.12:045][271]LogWindows:Error: UE4Editor-GraphEditor.dll!0x00000000D3C94E63
[2017.04.20-15.49.12:045][271]LogWindows:Error: UE4Editor-GraphEditor.dll!0x00000000D3C966DC
[2017.04.20-15.49.12:045][271]LogWindows:Error: UE4Editor-GraphEditor.dll!0x00000000D3DBA761
[2017.04.20-15.49.12:045][271]LogWindows:Error: UE4Editor-GraphEditor.dll!0x00000000D3DB2415
[2017.04.20-15.49.12:045][271]LogWindows:Error: UE4Editor-GraphEditor.dll!0x00000000D3E8CA76
[2017.04.20-15.49.12:045][271]LogWindows:Error: UE4Editor-GraphEditor.dll!0x00000000D3E4B9FB
[2017.04.20-15.49.12:045][271]LogWindows:Error: UE4Editor-GraphEditor.dll!0x00000000D3E41291
[2017.04.20-15.49.12:045][271]LogWindows:Error: UE4Editor-GraphEditor.dll!0x00000000D3E40A9B
[2017.04.20-15.49.12:045][271]LogWindows:Error: UE4Editor-Slate.dll!0x00000000D7E1411C
[2017.04.20-15.49.12:045][271]LogWindows:Error: UE4Editor-Slate.dll!0x00000000D7DE47F5
[2017.04.20-15.49.12:045][271]LogWindows:Error: UE4Editor-Slate.dll!0x00000000D7E87193
[2017.04.20-15.49.12:045][271]LogWindows:Error: UE4Editor-Slate.dll!0x00000000D7E71100
[2017.04.20-15.49.12:045][271]LogWindows:Error: UE4Editor-Slate.dll!0x00000000D7E60211
[2017.04.20-15.49.12:045][271]LogWindows:Error: UE4Editor-Core.dll!0x00000000D964CDF9
[2017.04.20-15.49.12:045][271]LogWindows:Error: UE4Editor-Core.dll!0x00000000D96367C1
[2017.04.20-15.49.12:045][271]LogWindows:Error: UE4Editor-Core.dll!0x00000000D964EA1C
[2017.04.20-15.49.12:045][271]LogWindows:Error: UE4Editor-Core.dll!0x00000000D96326E9
[2017.04.20-15.49.12:045][271]LogWindows:Error: USER32.dll!0x0000000077379BBD
[2017.04.20-15.49.12:045][271]LogWindows:Error: USER32.dll!0x00000000773798C2
[2017.04.20-15.49.12:046][271]LogWindows:Error: UE4Editor-Core.dll!0x00000000D964F326
[2017.04.20-15.49.12:046][271]LogWindows:Error: UE4Editor.exe!0x000000003F9AD790
[2017.04.20-15.49.12:046][271]LogWindows:Error: UE4Editor.exe!0x000000003F99EB40
[2017.04.20-15.49.12:046][271]LogWindows:Error: UE4Editor.exe!0x000000003F99EBBA
[2017.04.20-15.49.12:046][271]LogWindows:Error: UE4Editor.exe!0x000000003F9B0A29
[2017.04.20-15.49.12:046][271]LogWindows:Error: UE4Editor.exe!0x000000003F9B22B6
[2017.04.20-15.49.12:046][271]LogWindows:Error: kernel32.dll!0x00000000774759CD
[2017.04.20-15.49.12:046][271]LogWindows:Error: ntdll.dll!0x00000000775AA561
[2017.04.20-15.49.12:046][271]LogWindows:Error: ntdll.dll!0x00000000775AA561
[2017.04.20-15.49.12:046][271]LogWindows:Error: 
[2017.04.20-15.49.12:129][271]LogExit: Executing StaticShutdownAfterError
[2017.04.20-15.49.12:135][271]LogWindows: FPlatformMisc::RequestExit(1)
[2017.04.20-15.49.12:135][271]Log file closed, 04/20/17 11:49:12
