Log file open, 04/24/17 16:02:14
LogInit:Display: Running engine for game: IskyRestrubel
LogPlatformFile: Not using cached read wrapper
LogInit:Display: RandInit(914855999) SRandInit(914855999).
LogTaskGraph: Started task graph with 5 named threads and 6 total threads with 1 sets of task threads.
LogStats: Stats thread started at 0.077360
LogInit: Using libcurl 7.47.1
LogInit:  - built for x86_64-pc-win32
LogInit:  - supports SSL with OpenSSL/1.0.2g
LogInit:  - supports HTTP deflate (compression) using libz 1.2.8
LogInit:  - other features:
LogInit:      CURL_VERSION_SSL
LogInit:      CURL_VERSION_LIBZ
LogInit:      CURL_VERSION_IPV6
LogInit:      CURL_VERSION_ASYNCHDNS
LogInit:      CURL_VERSION_LARGEFILE
LogInit:      CURL_VERSION_IDN
LogInit:  CurlRequestOptions (configurable via config and command line):
LogInit:  - bVerifyPeer = false  - Libcurl will NOT verify peer certificate
LogInit:  - bUseHttpProxy = false  - Libcurl will NOT use HTTP proxy
LogInit:  - bDontReuseConnections = false  - Libcurl will reuse connections
LogInit:  - CertBundlePath = nullptr  - Libcurl will use whatever was configured at build time.
LogInit: Build: ++UE4+Release-4.15-CL-3348071
LogInit: Engine Version: 4.15.1-3348071+++UE4+Release-4.15
LogInit: Compatible Engine Version: 4.15.0-3299760+++UE4+Release-4.15
LogInit: Net CL: 3299760
LogDevObjectVersion: Number of dev versions registered: 14
LogDevObjectVersion:   Dev-Blueprints (B0D832E4-1F89-4F0D-ACCF-7EB736FD4AA2): 8
LogDevObjectVersion:   Dev-Build (E1C64328-A22C-4D53-A36C-8E866417BD8C): 0
LogDevObjectVersion:   Dev-Core (375EC13C-06E4-48FB-B500-84F0262A717E): 2
LogDevObjectVersion:   Dev-Editor (E4B068ED-F494-42E9-A231-DA0B2E46BB41): 14
LogDevObjectVersion:   Dev-Framework (CFFC743F-43B0-4480-9391-14DF171D2073): 22
LogDevObjectVersion:   Dev-Mobile (B02B49B5-BB20-44E9-A304-32B752E40360): 0
LogDevObjectVersion:   Dev-Networking (A4E4105C-59A1-49B5-A7C5-40C4547EDFEE): 0
LogDevObjectVersion:   Dev-Online (39C831C9-5AE6-47DC-9A44-9C173E1C8E7C): 0
LogDevObjectVersion:   Dev-Physics (78F01B33-EBEA-4F98-B9B4-84EACCB95AA2): 0
LogDevObjectVersion:   Dev-Platform (6631380F-2D4D-43E0-8009-CF276956A95A): 0
LogDevObjectVersion:   Dev-Rendering (12F88B9F-8875-4AFC-A67C-D90C383ABD29): 12
LogDevObjectVersion:   Dev-Sequencer (7B5AE74C-D270-4C10-A958-57980B212A5A): 3
LogDevObjectVersion:   Dev-VR (D7296918-1DD6-4BDD-9DE2-64A83CC13884): 0
LogDevObjectVersion:   Dev-LoadTimes (C2A15278-BFE7-4AFE-6C17-90FF531DF755): 1
LogInit: Compiled (64-bit): Mar 15 2017 16:52:47
LogInit: Compiled with Visual C++: 19.00.23026.00
LogInit: Build Configuration: Development
LogInit: Branch Name: ++UE4+Release-4.15
LogInit: Command line: -EpicPortal 
LogInit: Base directory: C:/Program Files/Epic Games/UE_4.15/Engine/Binaries/Win64/
LogInit: Installed Engine Build: 1
LogInit: Presizing for max 8388607 objects, including 0 objects not considered by GC, pre-allocating 0 bytes for permanent pool.
LogInit: Object subsystem initialized
[2017.04.24-20.02.15:694][  0]LogInit: Selected Device Profile: [Windows]
[2017.04.24-20.02.15:694][  0]LogInit: Applying CVar settings loaded from the selected device profile: [Windows]
[2017.04.24-20.02.15:708][  0]LogInit: Computer: DESKTOP-RAF421J
[2017.04.24-20.02.15:708][  0]LogInit: User: Alex
[2017.04.24-20.02.15:708][  0]LogInit: CPU Page size=65536, Cores=1
[2017.04.24-20.02.15:708][  0]LogInit: High frequency timer resolution =3.606726 MHz
[2017.04.24-20.02.15:708][  0]LogMemory: Memory total: Physical=7.9GB (8GB approx)
[2017.04.24-20.02.15:708][  0]LogMemory: Platform Memory Stats for Windows
[2017.04.24-20.02.15:708][  0]LogMemory: Process Physical Memory: 262.72 MB used, 262.72 MB peak
[2017.04.24-20.02.15:708][  0]LogMemory: Process Virtual Memory: 262.38 MB used, 262.38 MB peak
[2017.04.24-20.02.15:708][  0]LogMemory: Physical Memory: 4420.21 MB used,  3716.43 MB free, 8136.64 MB total
[2017.04.24-20.02.15:708][  0]LogMemory: Virtual Memory: 643.05 MB used,  3716.43 MB free, 134217728.00 MB total
[2017.04.24-20.02.15:952][  0]LogTextLocalizationManager: No specific translations for ('en-US') exist, so ('en') translations will be used.
[2017.04.24-20.02.17:031][  0]LogD3D11RHI: D3D11 adapters:
[2017.04.24-20.02.18:946][  0]LogD3D11RHI:    0. 'NVIDIA GeForce GTX 750 Ti' (Feature Level 11_0)
[2017.04.24-20.02.18:946][  0]LogD3D11RHI:       2017/0/4068 MB DedicatedVideo/DedicatedSystem/SharedSystem, Outputs:1, VendorId:0x10de
[2017.04.24-20.02.18:949][  0]LogD3D11RHI:    1. 'Microsoft Basic Render Driver' (Feature Level 11_0)
[2017.04.24-20.02.18:949][  0]LogD3D11RHI:       0/0/4068 MB DedicatedVideo/DedicatedSystem/SharedSystem, Outputs:0, VendorId:0x1414
[2017.04.24-20.02.18:949][  0]LogD3D11RHI: Chosen D3D11 Adapter: 0
[2017.04.24-20.02.18:958][  0]LogD3D11RHI: Creating new Direct3DDevice
[2017.04.24-20.02.18:958][  0]LogD3D11RHI:     GPU DeviceId: 0x1380 (for the marketing name, search the web for "GPU Device Id")
[2017.04.24-20.02.18:958][  0]LogWindows: EnumDisplayDevices:
[2017.04.24-20.02.18:959][  0]LogWindows:    0. 'NVIDIA GeForce GTX 750 Ti' (P:1 D:1)
[2017.04.24-20.02.18:959][  0]LogWindows:    1. 'NVIDIA GeForce GTX 750 Ti' (P:0 D:0)
[2017.04.24-20.02.18:959][  0]LogWindows:    2. 'NVIDIA GeForce GTX 750 Ti' (P:0 D:0)
[2017.04.24-20.02.18:959][  0]LogWindows: DebugString: FoundDriverCount:3 
[2017.04.24-20.02.18:959][  0]LogD3D11RHI:     Adapter Name: NVIDIA GeForce GTX 750 Ti
[2017.04.24-20.02.18:959][  0]LogD3D11RHI:   Driver Version: 381.65 (internal:22.21.13.8165, unified:381.65)
[2017.04.24-20.02.18:959][  0]LogD3D11RHI:      Driver Date: 3-31-2017
[2017.04.24-20.02.18:959][  0]LogRHI: Texture pool is 1361 MB (70% of 1945 MB)
[2017.04.24-20.02.20:649][  0]LogD3D11RHI: Async texture creation enabled
[2017.04.24-20.02.20:689][  0]LogD3D11RHI: GPU Timing Frequency: 1000.000000 (Debug: 2 0)
[2017.04.24-20.02.20:739][  0]LogShaderCompilers: Guid format shader working directory is -25 characters bigger than the processId version (../../../../../../Users/Alex/Documents/RusskyIstrebetel2/IskyRestrubel/Intermediate/Shaders/WorkingDirectory/2144/).
[2017.04.24-20.02.20:739][  0]LogShaderCompilers: Cleaned the shader compiler working directory 'C:/Users/Alex/AppData/Local/Temp/UnrealShaderWorkingDir/2E2B51D64269406659EAAAAA8DC93ACB/'.
[2017.04.24-20.02.20:739][  0]LogShaderCompilers:Display: Using Local Shader Compiler.
[2017.04.24-20.02.23:246][  0]LogTemp:Display: Loaded TP AllDesktopTargetPlatform
[2017.04.24-20.02.23:359][  0]LogTemp:Display: Loaded TP MacClientTargetPlatform
[2017.04.24-20.02.23:473][  0]LogTemp:Display: Loaded TP MacNoEditorTargetPlatform
[2017.04.24-20.02.23:623][  0]LogTemp:Display: Loaded TP MacServerTargetPlatform
[2017.04.24-20.02.23:778][  0]LogTemp:Display: Loaded TP MacTargetPlatform
[2017.04.24-20.02.23:917][  0]LogTemp:Display: Loaded TP WindowsClientTargetPlatform
[2017.04.24-20.02.24:024][  0]LogTemp:Display: Loaded TP WindowsNoEditorTargetPlatform
[2017.04.24-20.02.24:129][  0]LogTemp:Display: Loaded TP WindowsServerTargetPlatform
[2017.04.24-20.02.24:218][  0]LogTemp:Display: Loaded TP WindowsTargetPlatform
[2017.04.24-20.02.24:326][  0]LogTemp:Display: Loaded TP AndroidTargetPlatform
[2017.04.24-20.02.24:432][  0]LogTemp:Display: Loaded TP Android_ASTCTargetPlatform
[2017.04.24-20.02.24:540][  0]LogTemp:Display: Loaded TP Android_ATCTargetPlatform
[2017.04.24-20.02.24:654][  0]LogTemp:Display: Loaded TP Android_DXTTargetPlatform
[2017.04.24-20.02.24:759][  0]LogTemp:Display: Loaded TP Android_ETC1TargetPlatform
[2017.04.24-20.02.24:866][  0]LogTemp:Display: Loaded TP Android_ETC2TargetPlatform
[2017.04.24-20.02.25:077][  0]LogTemp:Display: Loaded TP Android_MultiTargetPlatform
[2017.04.24-20.02.25:077][  0]LogTemp:Display: Loaded TP Android_PVRTCTargetPlatform
[2017.04.24-20.02.25:156][  0]LogTemp:Display: Loaded TP HTML5TargetPlatform
[2017.04.24-20.02.25:327][  0]LogTemp:Display: Loaded TP IOSTargetPlatform
[2017.04.24-20.02.25:400][  0]LogTemp:Display: Loaded TP TVOSTargetPlatform
[2017.04.24-20.02.25:505][  0]LogTemp:Display: Loaded TP LinuxClientTargetPlatform
[2017.04.24-20.02.25:618][  0]LogTemp:Display: Loaded TP LinuxNoEditorTargetPlatform
[2017.04.24-20.02.25:724][  0]LogTemp:Display: Loaded TP LinuxServerTargetPlatform
[2017.04.24-20.02.25:829][  0]LogTemp:Display: Loaded TP LinuxTargetPlatform
[2017.04.24-20.02.25:829][  0]LogTargetPlatformManager:Display: Building Assets For Windows
[2017.04.24-20.02.26:703][  0]LogDerivedDataCache:Display: Max Cache Size: 512 MB
[2017.04.24-20.02.26:813][  0]LogDerivedDataCache: Loaded boot cache 0.11s 50MB C:/Users/Alex/AppData/Local/UnrealEngine/4.15/DerivedDataCache/Boot.ddc.
[2017.04.24-20.02.26:813][  0]LogDerivedDataCache:Display: Loaded Boot cache: C:/Users/Alex/AppData/Local/UnrealEngine/4.15/DerivedDataCache/Boot.ddc
[2017.04.24-20.02.26:813][  0]LogDerivedDataCache: FDerivedDataBackendGraph:  Pak pak cache file ../../../../../../Users/Alex/Documents/RusskyIstrebetel2/IskyRestrubel/DerivedDataCache/DDC.ddp not found, will not use a pak cache.
[2017.04.24-20.02.26:813][  0]LogDerivedDataCache: Unable to find inner node Pak for hierarchical cache Hierarchy.
[2017.04.24-20.02.26:814][  0]LogDerivedDataCache: FDerivedDataBackendGraph:  CompressedPak pak cache file ../../../../../../Users/Alex/Documents/RusskyIstrebetel2/IskyRestrubel/DerivedDataCache/Compressed.ddp not found, will not use a pak cache.
[2017.04.24-20.02.26:814][  0]LogDerivedDataCache: Unable to find inner node CompressedPak for hierarchical cache Hierarchy.
[2017.04.24-20.02.26:841][  0]LogDerivedDataCache:Display: Pak cache opened for reading ../../../Engine/DerivedDataCache/Compressed.ddp.
[2017.04.24-20.02.26:854][  0]LogDerivedDataCache: Using Local data cache path C:/Users/Alex/AppData/Local/UnrealEngine/Common/DerivedDataCache: Writable
[2017.04.24-20.02.26:870][  0]LogSlate: Using Freetype 2.6.0
[2017.04.24-20.02.26:871][  0]LogSlate: SlateFontCache - WITH_FREETYPE: 1, WITH_HARFBUZZ: 1
[2017.04.24-20.02.26:871][  0]LogSlate: SlateFontCache - WITH_FREETYPE: 1, WITH_HARFBUZZ: 1
[2017.04.24-20.02.27:428][  0]LogInit: Selected Device Profile: [Windows]
[2017.04.24-20.02.27:435][  0]LogContentStreaming: Texture pool size is 0.00 MB
[2017.04.24-20.02.27:901][  0]LogMeshUtilities: Using QuadricMeshReduction for automatic static mesh reduction
[2017.04.24-20.02.28:013][  0]LogSimplygon: Simplygon DLL not present - disabling.
[2017.04.24-20.02.28:126][  0]LogMeshUtilities: Using SimplygonSwarm for distributed automatic mesh merging
[2017.04.24-20.02.28:126][  0]LogMeshUtilities: No automatic skeletal mesh reduction module available
[2017.04.24-20.02.28:126][  0]LogMeshUtilities: No automatic mesh merging module available
[2017.04.24-20.02.29:336][  0]LogNetVersion: GetLocalNetworkVersion: CL: 3299760, ProjectName: iskyrestrubel, ProjectVersion: , EngineNetworkVersion: 2, GameNetworkVersion: 0, NetworkChecksum: 3238313141
[2017.04.24-20.02.29:418][  0]LogAssetRegistry: FAssetRegistry took 0.0222 seconds to start up
[2017.04.24-20.02.29:541][  0]LogPackageLocalizationCache: Processed 3 localized package path(s) for 2 prioritized culture(s) in 0.049200 seconds
[2017.04.24-20.02.29:551][  0]LogUObjectArray: 32493 objects as part of root set at end of initial load.
[2017.04.24-20.02.29:551][  0]LogUObjectAllocator: 7077032 out of 0 bytes used by permanent object pool.
[2017.04.24-20.02.29:551][  0]LogUObjectArray: CloseDisregardForGC: 0/0 objects in disregard for GC pool
[2017.04.24-20.02.29:715][  0]LogInit: WinSock: version 1.1 (2.2), MaxSocks=32767, MaxUdp=65467
[2017.04.24-20.02.33:394][  0]LogTcpMessaging: Initializing TcpMessaging bridge
[2017.04.24-20.02.33:473][  0]LogUdpMessaging: Initializing bridge on interface 0.0.0.0:0 to multicast group 230.0.0.1:6666.
[2017.04.24-20.02.34:552][  0]LogMaterial: Uniform references updated for custom material expression Custom.
[2017.04.24-20.02.35:469][  0]SourceControl: Info Source control is disabled
[2017.04.24-20.02.35:576][  0]SourceControl: Info Source control is disabled
[2017.04.24-20.02.35:693][  0]SourceControl: Info Source control is disabled
[2017.04.24-20.02.35:807][  0]SourceControl: Info Source control is disabled
[2017.04.24-20.02.36:536][  0]LogLinker:Warning: Can't find file '/Game/FirstPersonBP/FirstPersonOverview'
[2017.04.24-20.02.36:536][  0]LogLinker:Warning: Can't find file '/Game/FirstPersonBP/FirstPersonOverview'
[2017.04.24-20.02.36:536][  0]LogUObjectGlobals:Warning: Failed to find object 'Class /Game/FirstPersonBP/FirstPersonOverview.FirstPersonOverview_C'
[2017.04.24-20.02.38:916][  0]LogEngine: Initializing Engine...
[2017.04.24-20.02.38:917][  0]LogHMD: Failed to initialize OpenVR with code 110
[2017.04.24-20.02.39:506][  0]LogAIModule: Creating AISystem for world Untitled
[2017.04.24-20.02.39:527][  0]LogInit: XAudio2 using 'Speakers (Realtek High Definition Audio)' : 2 channels at 48 kHz using 32 bits per sample (channel mask 0x3)
[2017.04.24-20.02.39:594][  0]LogInit: FAudioDevice initialized.
[2017.04.24-20.02.39:654][  0]LogDerivedDataCache: Saved boot cache 0.06s 50MB C:/Users/Alex/AppData/Local/UnrealEngine/4.15/DerivedDataCache/Boot.ddc.
[2017.04.24-20.02.39:675][  0]LogInit: Texture streaming: Enabled
[2017.04.24-20.02.39:991][  0]LogEngineSessionManager: EngineSessionManager initialized
[2017.04.24-20.02.40:220][  0]LogInit: Transaction tracking system initialized
[2017.04.24-20.02.41:287][  0]BlueprintLog: New page: Editor Load
[2017.04.24-20.02.43:940][  0]LocalizationService: Info Localization service is disabled
[2017.04.24-20.02.45:768][  0]LogConsoleResponse:Display: 
[2017.04.24-20.02.46:186][  0]LogCook:Display: Max memory allowance for cook 16384mb min free memory 0mb
[2017.04.24-20.02.46:186][  0]LogCook:Display: Mobile HDR setting 1
[2017.04.24-20.02.49:061][  0]LogFileCache: Scanning file cache for directory 'C:/Users/Alex/Documents/RusskyIstrebetel2/IskyRestrubel/Content/' took 0.01s
[2017.04.24-20.02.49:061][  0]SourceControl: Info Source control is disabled
[2017.04.24-20.02.49:062][  0]Cmd: MAP LOAD FILE="../../../../../../Users/Alex/Documents/RusskyIstrebetel2/IskyRestrubel/Content/Maps/MapMain.umap" TEMPLATE=0 SHOWPROGRESS=1 FEATURELEVEL=3
[2017.04.24-20.02.49:062][  0]LightingResults: New page: Lighting Build
[2017.04.24-20.02.49:185][  0]MapCheck: New page: Map Check
[2017.04.24-20.02.49:185][  0]LightingResults: New page: Lighting Build
[2017.04.24-20.02.49:773][  0]LogStaticMesh: Building static mesh Jet...
[2017.04.24-20.02.50:098][  0]LogMeshUtilities: Invalid vertex normals found for mesh. Forcing recomputation of vertex normals for MikkTSpace. Fix mesh or disable "Use MikkTSpace Tangent Space" to avoid forced recomputation of normals.
[2017.04.24-20.02.53:777][  0]LogStaticMesh: Built static mesh [4.07s] /Game/Models/Jet.Jet
[2017.04.24-20.02.54:476][  0]LogStaticMesh: Building static mesh SM_Missile...
[2017.04.24-20.02.54:480][  0]LogStaticMesh: Built static mesh [0.10s] /Game/Models/SM_Missile.SM_Missile
[2017.04.24-20.02.54:734][  0]LogAIModule: Creating AISystem for world MapMain
[2017.04.24-20.02.54:879][  0]LogEditorServer: Finished looking for orphan Actors (0.000 secs)
[2017.04.24-20.02.54:880][  0]Cmd: MAP CHECKDEP NOCLEARLOG
[2017.04.24-20.02.54:985][  0]MapCheck: Info Map check complete: 0 Error(s), 0 Warning(s), took 104.964ms to complete.
[2017.04.24-20.02.54:985][  0]LogFileHelpers: Loading map 'MapMain' took 5.924
[2017.04.24-20.02.55:043][  0]LogWindowsTextInputMethodSystem:Display: IME system now deactivated.
[2017.04.24-20.02.55:890][  0]LogCollectionManager: Loaded 0 collections in 0.001473 seconds
[2017.04.24-20.02.56:391][  0]LogFileCache: Scanning file cache for directory 'C:/Users/Alex/Documents/RusskyIstrebetel2/IskyRestrubel/Saved/Collections/' took 0.01s
[2017.04.24-20.02.56:391][  0]LogFileCache: Scanning file cache for directory 'C:/Users/Alex/Documents/RusskyIstrebetel2/IskyRestrubel/Content/Developers/Alex/Collections/' took 0.01s
[2017.04.24-20.02.56:391][  0]LogFileCache: Scanning file cache for directory 'C:/Users/Alex/Documents/RusskyIstrebetel2/IskyRestrubel/Content/Collections/' took 0.01s
[2017.04.24-20.02.56:391][  0]LogCollectionManager: Rebuilt the GUID cache for 0 collections in 0.000004 seconds
[2017.04.24-20.02.56:480][  0]LogContentBrowser: Native class hierarchy populated in 0.0626 seconds. Added 2245 classes and 453 folders.
[2017.04.24-20.02.56:736][  0]LogStats: UGameplayTagsManager::ConstructGameplayTagTree: Construct from data asset -  0.000 s
[2017.04.24-20.02.56:736][  0]LogStats: UGameplayTagsManager::ConstructGameplayTagTree: GameplayTagTreeChangedEvent.Broadcast -  0.000 s
[2017.04.24-20.02.56:953][  0]LogContentBrowser: Native class hierarchy updated for 'WidgetCarousel' in 0.0007 seconds. Added 0 classes and 0 folders.
[2017.04.24-20.02.59:866][  0]LogContentBrowser: Native class hierarchy updated for 'AddContentDialog' in 0.0017 seconds. Added 0 classes and 0 folders.
[2017.04.24-20.03.00:253][  0]LogContentBrowser: Native class hierarchy updated for 'SceneOutliner' in 0.0018 seconds. Added 1 classes and 2 folders.
[2017.04.24-20.03.00:809][  0]LogCrashTracker: Crashtracker disabled due to settings.
[2017.04.24-20.03.01:176][  0]LogUObjectGlobals:Warning: Failed to find object 'Class None.'
[2017.04.24-20.03.01:349][  0]LogContentBrowser: Native class hierarchy updated for 'HierarchicalLODOutliner' in 0.0007 seconds. Added 1 classes and 2 folders.
[2017.04.24-20.03.01:350][  0]LogLoad: (Engine Initialization) Total time: 48.60 seconds
[2017.04.24-20.03.01:350][  0]LogLoad: (Engine Initialization) Total Blueprint compile time: 0.39 seconds
[2017.04.24-20.03.01:350][  0]LogExternalProfiler: Found external profiler: VSPerf
[2017.04.24-20.03.01:350][  0]LogExternalProfiler: Using external profiler: VSPerf
[2017.04.24-20.03.01:361][  0]LogOcInput: OculusInput pre-init called
[2017.04.24-20.03.01:527][  0]LogContentStreaming: Texture pool size now 1000 MB
[2017.04.24-20.03.01:529][  0]LogSlate: Took 0.000612 seconds to synchronously load lazily loaded font '../../../Engine/Content/Slate/Fonts/Roboto-Regular.ttf' (155K)
[2017.04.24-20.03.01:537][  0]LogSlate: Took 0.000726 seconds to synchronously load lazily loaded font '../../../Engine/Content/Slate/Fonts/Roboto-Bold.ttf' (160K)
[2017.04.24-20.03.01:601][  0]LogSlate: Took 0.031779 seconds to synchronously load lazily loaded font '../../../Engine/Content/Editor/Slate/Fonts/FontAwesome.ttf' (139K)
[2017.04.24-20.03.02:070][  0]LogRenderer: Reallocating scene render targets to support 684x544 NumSamples 1 (Frame:2).
[2017.04.24-20.03.04:167][  1]LogSlate: Took 0.050961 seconds to synchronously load lazily loaded font '../../../Engine/Content/Slate/Fonts/Roboto-Light.ttf' (159K)
[2017.04.24-20.03.04:387][  2]LogSlate: Took 0.000639 seconds to synchronously load lazily loaded font '../../../Engine/Content/Slate/Fonts/Roboto-Light.ttf' (159K)
[2017.04.24-20.03.08:966][402]LogSlate: Took 0.000370 seconds to synchronously load lazily loaded font '../../../Engine/Content/Slate/Fonts/Roboto-Light.ttf' (159K)
[2017.04.24-20.03.09:927][402]LogSlate: Took 0.000390 seconds to synchronously load lazily loaded font '../../../Engine/Content/Slate/Fonts/Roboto-Regular.ttf' (155K)
[2017.04.24-20.03.10:165][402]LogContentBrowser: Native class hierarchy updated for 'BlueprintGraph' in 0.0013 seconds. Added 112 classes and 0 folders.
[2017.04.24-20.03.12:809][402]LogSlate: Took 0.024239 seconds to synchronously load lazily loaded font '../../../Engine/Content/Editor/Slate/Fonts/Roboto-BoldCondensed.ttf' (158K)
[2017.04.24-20.03.13:608][403]LogAssetRegistry: Asset discovery search completed in 44.2123 seconds
[2017.04.24-20.03.13:608][403]LogCollectionManager: Rebuilt the object cache for 0 collections in 0.000011 seconds (found 0 objects)
[2017.04.24-20.03.13:608][403]LogCollectionManager: Fixed up redirectors for 0 collections in 0.000031 seconds (updated 0 objects)
[2017.04.24-20.03.13:647][403]LogSlate: Took 0.017406 seconds to synchronously load lazily loaded font '../../../Engine/Content/Editor/Slate/Fonts/Roboto-Italic.ttf' (157K)
[2017.04.24-20.03.20:165][783]LogTemp: Repeting last play command: Selected Viewport
[2017.04.24-20.03.20:208][783]LogPlayLevel: PlayLevel: No blueprints needed recompiling
[2017.04.24-20.03.20:242][783]PIE: New page: PIE session: MapMain (Apr 24, 2017, 12:03:20 PM)
[2017.04.24-20.03.20:242][783]LogPlayLevel: Creating play world package: /Game/Maps/UEDPIE_0_MapMain
[2017.04.24-20.03.20:244][783]LogPlayLevel: PIE: StaticDuplicateObject took: (0.001594s)
[2017.04.24-20.03.20:247][783]LogAIModule: Creating AISystem for world MapMain
[2017.04.24-20.03.20:247][783]LogPlayLevel: PIE: World Init took: (0.003180s)
[2017.04.24-20.03.20:247][783]LogPlayLevel: PIE: Created PIE world by copying editor world from /Game/Maps/MapMain.MapMain to /Game/Maps/UEDPIE_0_MapMain.MapMain (0.005073s)
[2017.04.24-20.03.20:275][783]LogGarbage:Warning: GC detected illegal reference to PIE object from content [possibly via [todo]]:
[2017.04.24-20.03.20:275][783]LogGarbage:Warning:       PIE object: World /Game/Maps/UEDPIE_0_MapMain.MapMain
[2017.04.24-20.03.20:275][783]LogGarbage:Warning:   NON-PIE object: UnrealEdEngine /Engine/Transient.UnrealEdEngine_0
[2017.04.24-20.03.20:309][783]LogInit: XAudio2 using 'Speakers (Realtek High Definition Audio)' : 2 channels at 48 kHz using 32 bits per sample (channel mask 0x3)
[2017.04.24-20.03.20:348][783]LogInit: FAudioDevice initialized.
[2017.04.24-20.03.20:422][783]LogLoad: Game class is 'GameModeBase'
[2017.04.24-20.03.20:580][783]LogWorld: Bringing World /Game/Maps/UEDPIE_0_MapMain.MapMain up for play (max tick rate 0) at 2017.04.24-16.03.20
[2017.04.24-20.03.20:581][783]LogWorld: Bringing up level for play took: 0.002175
[2017.04.24-20.03.20:691][783]LogContentBrowser: Native class hierarchy updated for 'MovieSceneCapture' in 0.0012 seconds. Added 11 classes and 0 folders.
[2017.04.24-20.03.20:708][783]PIE: Info Play in editor start time for /Game/Maps/UEDPIE_0_MapMain 0.129
[2017.04.24-20.14.21:821][856]LogD3D11RHI: Timed out while waiting for GPU to catch up. (0.5 s)
[2017.04.24-20.15.55:635][ 83]LogD3D11RHI: Timed out while waiting for GPU to catch up. (0.5 s)
[2017.04.24-20.16.46:945][341]BlueprintLog: New page: Compile BPPlayer
[2017.04.24-20.19.37:938][ 69]BlueprintLog: New page: Compile BPPlayer
[2017.04.24-20.19.40:667][238]LogTemp: Repeting last play command: Selected Viewport
[2017.04.24-20.19.40:699][238]LogPlayLevel: PlayLevel: No blueprints needed recompiling
[2017.04.24-20.19.40:699][238]PIE: New page: PIE session: MapMain (Apr 24, 2017, 12:19:40 PM)
[2017.04.24-20.19.40:699][238]LogPlayLevel: Creating play world package: /Game/Maps/UEDPIE_0_MapMain
[2017.04.24-20.19.40:701][238]LogPlayLevel: PIE: StaticDuplicateObject took: (0.001974s)
[2017.04.24-20.19.40:705][238]LogAIModule: Creating AISystem for world MapMain
[2017.04.24-20.19.40:706][238]LogPlayLevel: PIE: World Init took: (0.004377s)
[2017.04.24-20.19.40:706][238]LogPlayLevel: PIE: Created PIE world by copying editor world from /Game/Maps/MapMain.MapMain to /Game/Maps/UEDPIE_0_MapMain.MapMain (0.006604s)
[2017.04.24-20.19.40:744][238]LogGarbage:Warning: GC detected illegal reference to PIE object from content [possibly via [todo]]:
[2017.04.24-20.19.40:744][238]LogGarbage:Warning:       PIE object: World /Game/Maps/UEDPIE_0_MapMain.MapMain
[2017.04.24-20.19.40:744][238]LogGarbage:Warning:   NON-PIE object: UnrealEdEngine /Engine/Transient.UnrealEdEngine_0
[2017.04.24-20.19.40:791][238]LogInit: XAudio2 using 'Speakers (Realtek High Definition Audio)' : 2 channels at 48 kHz using 32 bits per sample (channel mask 0x3)
[2017.04.24-20.19.40:837][238]LogInit: FAudioDevice initialized.
[2017.04.24-20.19.40:866][238]LogLoad: Game class is 'GameModeBase'
[2017.04.24-20.19.40:868][238]LogWorld: Bringing World /Game/Maps/UEDPIE_0_MapMain.MapMain up for play (max tick rate 0) at 2017.04.24-16.19.40
[2017.04.24-20.19.40:868][238]LogWorld: Bringing up level for play took: 0.001483
[2017.04.24-20.19.40:871][238]PIE: Info Play in editor start time for /Game/Maps/UEDPIE_0_MapMain 0.293
[2017.04.24-20.21.15:429][ 58]LogTemp: Repeting last play command: Selected Viewport
[2017.04.24-20.21.15:464][ 58]LogPlayLevel: PlayLevel: No blueprints needed recompiling
[2017.04.24-20.21.15:464][ 58]PIE: New page: PIE session: MapMain (Apr 24, 2017, 12:21:15 PM)
[2017.04.24-20.21.15:464][ 58]LogPlayLevel: Creating play world package: /Game/Maps/UEDPIE_0_MapMain
[2017.04.24-20.21.15:467][ 58]LogPlayLevel: PIE: StaticDuplicateObject took: (0.002221s)
[2017.04.24-20.21.15:471][ 58]LogAIModule: Creating AISystem for world MapMain
[2017.04.24-20.21.15:471][ 58]LogPlayLevel: PIE: World Init took: (0.004179s)
[2017.04.24-20.21.15:471][ 58]LogPlayLevel: PIE: Created PIE world by copying editor world from /Game/Maps/MapMain.MapMain to /Game/Maps/UEDPIE_0_MapMain.MapMain (0.006662s)
[2017.04.24-20.21.15:509][ 58]LogGarbage:Warning: GC detected illegal reference to PIE object from content [possibly via [todo]]:
[2017.04.24-20.21.15:509][ 58]LogGarbage:Warning:       PIE object: World /Game/Maps/UEDPIE_0_MapMain.MapMain
[2017.04.24-20.21.15:509][ 58]LogGarbage:Warning:   NON-PIE object: UnrealEdEngine /Engine/Transient.UnrealEdEngine_0
[2017.04.24-20.21.15:535][ 58]LogInit: XAudio2 using 'Speakers (Realtek High Definition Audio)' : 2 channels at 48 kHz using 32 bits per sample (channel mask 0x3)
[2017.04.24-20.21.15:569][ 58]LogInit: FAudioDevice initialized.
[2017.04.24-20.21.15:577][ 58]LogLoad: Game class is 'GameModeBase'
[2017.04.24-20.21.15:579][ 58]LogWorld: Bringing World /Game/Maps/UEDPIE_0_MapMain.MapMain up for play (max tick rate 0) at 2017.04.24-16.21.15
[2017.04.24-20.21.15:580][ 58]LogWorld: Bringing up level for play took: 0.001552
[2017.04.24-20.21.15:583][ 58]PIE: Info Play in editor start time for /Game/Maps/UEDPIE_0_MapMain 1.005
[2017.04.24-20.21.46:702][653]LogD3D11RHI: Timed out while waiting for GPU to catch up. (0.5 s)
[2017.04.24-20.24.49:240][993]Cmd: OBJ SAVEPACKAGE PACKAGE="/Game/Blueprints/BPPlayer" FILE="../../../../../../Users/Alex/Documents/RusskyIstrebetel2/IskyRestrubel/Content/Blueprints/BPPlayer.uasset" SILENT=true
[2017.04.24-20.24.49:519][993]LogSavePackage: Save=254.98ms
[2017.04.24-20.24.49:519][993]LogSavePackage: Moving '../../../../../../Users/Alex/Documents/RusskyIstrebetel2/IskyRestrubel/Saved/BPPlayer75270981439A4E44B98E6EB03AE6A798.tmp' to '../../../../../../Users/Alex/Documents/RusskyIstrebetel2/IskyRestrubel/Content/Blueprints/BPPlayer.uasset'
[2017.04.24-20.24.49:524][993]LogSavePackage:Display: Finished SavePackage ../../../../../../Users/Alex/Documents/RusskyIstrebetel2/IskyRestrubel/Content/Blueprints/BPPlayer.uasset
[2017.04.24-21.45.45:714][ 16]LogRenderer: Reallocating scene render targets to support 752x676 NumSamples 1 (Frame:2546).
[2017.04.24-21.46.37:857][286]BlueprintLog: New page: Compile BPProjectile
[2017.04.24-21.47.38:707][447]Cmd: OBJ SAVEPACKAGE PACKAGE="/Game/Blueprints/BPProjectile" FILE="../../../../../../Users/Alex/Documents/RusskyIstrebetel2/IskyRestrubel/Content/Blueprints/BPProjectile.uasset" SILENT=true
[2017.04.24-21.47.38:766][447]LogSavePackage: Save=40.83ms
[2017.04.24-21.47.38:766][447]LogSavePackage: Moving '../../../../../../Users/Alex/Documents/RusskyIstrebetel2/IskyRestrubel/Saved/BPProjectile0D63EFDF41C4BB2AA9CD62BF62ECE2E6.tmp' to '../../../../../../Users/Alex/Documents/RusskyIstrebetel2/IskyRestrubel/Content/Blueprints/BPProjectile.uasset'
[2017.04.24-21.47.38:770][447]LogSavePackage:Display: Finished SavePackage ../../../../../../Users/Alex/Documents/RusskyIstrebetel2/IskyRestrubel/Content/Blueprints/BPProjectile.uasset
[2017.04.24-21.56.22:934][814]LogActorComponent: UnregisterComponent: (/Engine/Transient.EditorFloorComp) Not registered. Aborting.
[2017.04.24-21.56.23:024][814]LogActorComponent: UnregisterComponent: (/Engine/Transient.EditorFloorComp) Not registered. Aborting.
[2017.04.24-21.56.23:078][814]LogWindowsTextInputMethodSystem:Display: IME system now deactivated.
[2017.04.24-21.56.23:281][815]Cmd: QUIT_EDITOR
[2017.04.24-21.56.24:715][815]LogExit: Preparing to exit.
[2017.04.24-21.56.25:744][815]LogDirectoryWatcher: A directory notification for 'C:/Users/Alex/Documents/RusskyIstrebetel2/IskyRestrubel/Content/' was aborted.
[2017.04.24-21.56.25:799][815]LogExit: Editor shut down
[2017.04.24-21.56.25:800][815]LogExit: Transaction tracking system shut down
[2017.04.24-21.56.25:955][815]LogObj: Freed 0b from 0 cluster array pools.
[2017.04.24-21.56.25:956][815]LogExit: Object subsystem successfully closed.
[2017.04.24-21.56.25:970][815]LogD3D11RHI: Shutdown
[2017.04.24-21.56.25:970][815]LogD3D11RHI: CleanupD3DDevice
[2017.04.24-21.56.26:069][815]LogD3D11RHI: ~FD3D11DynamicRHI
[2017.04.24-21.56.26:096][815]LogModuleManager: Shutting down and abandoning module MovieSceneCapture (504)
[2017.04.24-21.56.26:096][815]LogModuleManager: Shutting down and abandoning module BlueprintGraph (502)
[2017.04.24-21.56.26:096][815]LogModuleManager: Shutting down and abandoning module BlueprintProfiler (500)
[2017.04.24-21.56.26:096][815]LogModuleManager: Shutting down and abandoning module HierarchicalLODOutliner (498)
[2017.04.24-21.56.26:096][815]LogModuleManager: Shutting down and abandoning module CrashTracker (496)
[2017.04.24-21.56.26:096][815]LogModuleManager: Shutting down and abandoning module SceneOutliner (494)
[2017.04.24-21.56.26:096][815]LogModuleManager: Shutting down and abandoning module AddContentDialog (492)
[2017.04.24-21.56.26:096][815]LogDirectoryWatcher: A directory notification for 'C:/Program Files/Epic Games/UE_4.15/FeaturePacks/' was aborted.
[2017.04.24-21.56.26:098][815]LogModuleManager: Shutting down and abandoning module WidgetCarousel (491)
[2017.04.24-21.56.26:099][815]LogModuleManager: Shutting down and abandoning module EditorWidgets (488)
[2017.04.24-21.56.26:099][815]LogModuleManager: Shutting down and abandoning module CollectionManager (486)
[2017.04.24-21.56.26:099][815]LogDirectoryWatcher: A directory notification for 'C:/Users/Alex/Documents/RusskyIstrebetel2/IskyRestrubel/Content/Collections/' was aborted.
[2017.04.24-21.56.26:099][815]LogDirectoryWatcher: A directory notification for 'C:/Users/Alex/Documents/RusskyIstrebetel2/IskyRestrubel/Content/Developers/Alex/Collections/' was aborted.
[2017.04.24-21.56.26:099][815]LogDirectoryWatcher: A directory notification for 'C:/Users/Alex/Documents/RusskyIstrebetel2/IskyRestrubel/Saved/Collections/' was aborted.
[2017.04.24-21.56.26:099][815]LogModuleManager: Shutting down and abandoning module StatsViewer (484)
[2017.04.24-21.56.26:099][815]LogModuleManager: Shutting down and abandoning module FoliageEdit (482)
[2017.04.24-21.56.26:099][815]LogModuleManager: Shutting down and abandoning module LandscapeEditor (480)
[2017.04.24-21.56.26:099][815]LogModuleManager: Shutting down and abandoning module SceneDepthPickerMode (478)
[2017.04.24-21.56.26:099][815]LogModuleManager: Shutting down and abandoning module ActorPickerMode (476)
[2017.04.24-21.56.26:099][815]LogModuleManager: Shutting down and abandoning module GeometryMode (474)
[2017.04.24-21.56.26:099][815]LogModuleManager: Shutting down and abandoning module TextureAlignMode (472)
[2017.04.24-21.56.26:099][815]LogModuleManager: Shutting down and abandoning module BspMode (470)
[2017.04.24-21.56.26:099][815]LogModuleManager: Shutting down and abandoning module HardwareSurvey (468)
[2017.04.24-21.56.26:099][815]LogModuleManager: Shutting down and abandoning module SequenceRecorderSections (466)
[2017.04.24-21.56.26:099][815]LogModuleManager: Shutting down and abandoning module AutomationWorker (464)
[2017.04.24-21.56.26:099][815]LogModuleManager: Shutting down and abandoning module MatineeToLevelSequence (462)
[2017.04.24-21.56.26:099][815]LogModuleManager: Shutting down and abandoning module LevelSequenceEditor (460)
[2017.04.24-21.56.26:099][815]LogModuleManager: Shutting down and abandoning module PlacementMode (459)
[2017.04.24-21.56.26:099][815]LogModuleManager: Shutting down and abandoning module WmfMediaFactory (456)
[2017.04.24-21.56.26:099][815]LogModuleManager: Shutting down and abandoning module WmfMediaEditor (454)
[2017.04.24-21.56.26:099][815]LogModuleManager: Shutting down and abandoning module MfMediaFactory (452)
[2017.04.24-21.56.26:099][815]LogModuleManager: Shutting down and abandoning module MfMediaEditor (450)
[2017.04.24-21.56.26:099][815]LogModuleManager: Shutting down and abandoning module AvfMediaFactory (448)
[2017.04.24-21.56.26:100][815]LogModuleManager: Shutting down and abandoning module AvfMediaEditor (446)
[2017.04.24-21.56.26:100][815]LogModuleManager: Shutting down and abandoning module AndroidMediaFactory (444)
[2017.04.24-21.56.26:100][815]LogModuleManager: Shutting down and abandoning module Media (443)
[2017.04.24-21.56.26:100][815]LogModuleManager: Shutting down and abandoning module AndroidMediaEditor (440)
[2017.04.24-21.56.26:100][815]LogModuleManager: Shutting down and abandoning module CharacterAI (438)
[2017.04.24-21.56.26:100][815]LogModuleManager: Shutting down and abandoning module AudioCapture (436)
[2017.04.24-21.56.26:100][815]LogModuleManager: Shutting down and abandoning module SequenceRecorder (435)
[2017.04.24-21.56.26:100][815]LogModuleManager: Shutting down and abandoning module SmartSnapping (432)
[2017.04.24-21.56.26:100][815]LogModuleManager: Shutting down and abandoning module SessionServices (430)
[2017.04.24-21.56.26:100][815]LogModuleManager: Shutting down and abandoning module ViewportSnapping (428)
[2017.04.24-21.56.26:100][815]LogModuleManager: Shutting down and abandoning module ViewportInteraction (426)
[2017.04.24-21.56.26:100][815]LogModuleManager: Shutting down and abandoning module LogVisualizer (424)
[2017.04.24-21.56.26:100][815]LogModuleManager: Shutting down and abandoning module IntroTutorials (422)
[2017.04.24-21.56.26:100][815]LogModuleManager: Shutting down and abandoning module GameProjectGeneration (421)
[2017.04.24-21.56.26:100][815]LogModuleManager: Shutting down and abandoning module EditorLiveStreaming (418)
[2017.04.24-21.56.26:100][815]LogModuleManager: Shutting down and abandoning module IOSPlatformEditor (416)
[2017.04.24-21.56.26:100][815]LogModuleManager: Shutting down and abandoning module HTML5PlatformEditor (414)
[2017.04.24-21.56.26:100][815]LogModuleManager: Shutting down and abandoning module AndroidPlatformEditor (412)
[2017.04.24-21.56.26:100][815]LogModuleManager: Shutting down and abandoning module AndroidDeviceDetection (411)
[2017.04.24-21.56.26:809][815]LogModuleManager: Shutting down and abandoning module IOSRuntimeSettings (408)
[2017.04.24-21.56.26:809][815]LogModuleManager: Shutting down and abandoning module AndroidRuntimeSettings (406)
[2017.04.24-21.56.26:809][815]LogModuleManager: Shutting down and abandoning module InputBindingEditor (404)
[2017.04.24-21.56.26:809][815]LogModuleManager: Shutting down and abandoning module NiagaraEditor (402)
[2017.04.24-21.56.26:809][815]LogModuleManager: Shutting down and abandoning module MergeActors (400)
[2017.04.24-21.56.26:809][815]LogModuleManager: Shutting down and abandoning module SizeMap (398)
[2017.04.24-21.56.26:809][815]LogModuleManager: Shutting down and abandoning module TreeMap (396)
[2017.04.24-21.56.26:809][815]LogModuleManager: Shutting down and abandoning module ReferenceViewer (394)
[2017.04.24-21.56.26:809][815]LogModuleManager: Shutting down and abandoning module LocalizationDashboard (392)
[2017.04.24-21.56.26:809][815]LogModuleManager: Shutting down and abandoning module LocalizationService (391)
[2017.04.24-21.56.26:809][815]LogModuleManager: Shutting down and abandoning module HardwareTargeting (388)
[2017.04.24-21.56.26:810][815]LogModuleManager: Shutting down and abandoning module DeviceProfileEditor (386)
[2017.04.24-21.56.26:810][815]LogModuleManager: Shutting down and abandoning module UndoHistory (384)
[2017.04.24-21.56.26:810][815]LogModuleManager: Shutting down and abandoning module UserFeedback (382)
[2017.04.24-21.56.26:810][815]LogModuleManager: Shutting down and abandoning module XmlParser (380)
[2017.04.24-21.56.26:810][815]LogModuleManager: Shutting down and abandoning module Blutility (378)
[2017.04.24-21.56.26:810][815]LogModuleManager: Shutting down and abandoning module ProjectSettingsViewer (376)
[2017.04.24-21.56.26:810][815]LogModuleManager: Shutting down and abandoning module ProjectTargetPlatformEditor (375)
[2017.04.24-21.56.26:810][815]LogModuleManager: Shutting down and abandoning module EditorSettingsViewer (372)
[2017.04.24-21.56.26:810][815]LogModuleManager: Shutting down and abandoning module SettingsEditor (370)
[2017.04.24-21.56.26:810][815]LogModuleManager: Shutting down and abandoning module ProjectLauncher (368)
[2017.04.24-21.56.26:810][815]LogModuleManager: Shutting down and abandoning module SessionFrontend (366)
[2017.04.24-21.56.26:810][815]LogModuleManager: Shutting down and abandoning module ProfilerClient (364)
[2017.04.24-21.56.26:810][815]LogModuleManager: Shutting down and abandoning module DeviceManager (362)
[2017.04.24-21.56.26:810][815]LogModuleManager: Shutting down and abandoning module TargetDeviceServices (361)
[2017.04.24-21.56.26:854][815]LogModuleManager: Shutting down and abandoning module AutomationController (358)
[2017.04.24-21.56.26:854][815]LogModuleManager: Shutting down and abandoning module AutomationWindow (356)
[2017.04.24-21.56.26:854][815]LogModuleManager: Shutting down and abandoning module Layers (354)
[2017.04.24-21.56.26:854][815]LogModuleManager: Shutting down and abandoning module ComponentVisualizers (352)
[2017.04.24-21.56.26:854][815]LogModuleManager: Shutting down and abandoning module DetailCustomizations (350)
[2017.04.24-21.56.26:854][815]LogModuleManager: Shutting down and abandoning module PackagesDialog (348)
[2017.04.24-21.56.26:854][815]LogModuleManager: Shutting down and abandoning module Persona (346)
[2017.04.24-21.56.26:854][815]LogModuleManager: Shutting down and abandoning module AnimGraph (345)
[2017.04.24-21.56.26:854][815]LogModuleManager: Shutting down and abandoning module Kismet (342)
[2017.04.24-21.56.26:866][815]LogModuleManager: Shutting down and abandoning module GraphEditor (340)
[2017.04.24-21.56.26:866][815]LogModuleManager: Shutting down and abandoning module ClassViewer (338)
[2017.04.24-21.56.26:866][815]LogModuleManager: Shutting down and abandoning module Toolbox (336)
[2017.04.24-21.56.26:866][815]LogModuleManager: Shutting down and abandoning module ModuleUI (334)
[2017.04.24-21.56.26:866][815]LogModuleManager: Shutting down and abandoning module MovieSceneTools (332)
[2017.04.24-21.56.26:866][815]LogModuleManager: Shutting down and abandoning module OutputLog (330)
[2017.04.24-21.56.26:866][815]LogModuleManager: Shutting down and abandoning module GammaUI (328)
[2017.04.24-21.56.26:866][815]LogModuleManager: Shutting down and abandoning module Documentation (326)
[2017.04.24-21.56.26:866][815]LogModuleManager: Shutting down and abandoning module Niagara (324)
[2017.04.24-21.56.26:866][815]LogModuleManager: Shutting down and abandoning module StreamingPauseRendering (322)
[2017.04.24-21.56.26:866][815]LogModuleManager: Shutting down and abandoning module AnalyticsET (320)
[2017.04.24-21.56.26:866][815]LogModuleManager: Shutting down and abandoning module PortalServices (318)
[2017.04.24-21.56.26:867][815]LogModuleManager: Shutting down and abandoning module PortalRpc (316)
[2017.04.24-21.56.26:867][815]LogModuleManager: Shutting down and abandoning module MessagingRpc (314)
[2017.04.24-21.56.26:867][815]LogModuleManager: Shutting down and abandoning module AIModule (312)
[2017.04.24-21.56.26:867][815]LogModuleManager: Shutting down and abandoning module GameplayDebugger (311)
[2017.04.24-21.56.26:867][815]LogModuleManager: Shutting down and abandoning module AITestSuite (309)
[2017.04.24-21.56.26:867][815]LogModuleManager: Shutting down and abandoning module ProfilerService (306)
[2017.04.24-21.56.27:000][815]LogModuleManager: Shutting down and abandoning module TaskGraph (304)
[2017.04.24-21.56.27:000][815]LogModuleManager: Shutting down and abandoning module SteamVRController (302)
[2017.04.24-21.56.27:000][815]LogModuleManager: Shutting down and abandoning module SteamVR (300)
[2017.04.24-21.56.27:000][815]LogModuleManager: Shutting down and abandoning module ProceduralMeshComponentEditor (298)
[2017.04.24-21.56.27:000][815]LogModuleManager: Shutting down and abandoning module ProceduralMeshComponent (296)
[2017.04.24-21.56.27:001][815]LogModuleManager: Shutting down and abandoning module OculusLibrary (294)
[2017.04.24-21.56.27:001][815]LogModuleManager: Shutting down and abandoning module OculusInput (292)
[2017.04.24-21.56.27:001][815]LogModuleManager: Shutting down and abandoning module MobilePatchingUtils (290)
[2017.04.24-21.56.27:001][815]LogModuleManager: Shutting down and abandoning module CustomMeshComponent (288)
[2017.04.24-21.56.27:001][815]LogModuleManager: Shutting down and abandoning module CableComponent (286)
[2017.04.24-21.56.27:001][815]LogModuleManager: Shutting down and abandoning module ArchVisCharacter (284)
[2017.04.24-21.56.27:001][815]LogModuleManager: Shutting down and abandoning module MediaPlayerEditor (280)
[2017.04.24-21.56.27:001][815]LogModuleManager: Shutting down and abandoning module HTML5Networking (278)
[2017.04.24-21.56.27:001][815]LogModuleManager: Shutting down and abandoning module AlembicImporter (276)
[2017.04.24-21.56.27:001][815]LogModuleManager: Shutting down and abandoning module AlembicLibrary (275)
[2017.04.24-21.56.27:001][815]LogModuleManager: Shutting down and abandoning module GeometryCache (274)
[2017.04.24-21.56.27:001][815]LogModuleManager: Shutting down and abandoning module GeometryCacheEd (273)
[2017.04.24-21.56.27:001][815]LogModuleManager: Shutting down and abandoning module SuperSearchEditor (268)
[2017.04.24-21.56.27:001][815]LogModuleManager: Shutting down and abandoning module SuperSearch (267)
[2017.04.24-21.56.27:001][815]LogModuleManager: Shutting down and abandoning module SpeedTreeImporter (264)
[2017.04.24-21.56.27:001][815]LogModuleManager: Shutting down and abandoning module PluginBrowser (262)
[2017.04.24-21.56.27:001][815]LogModuleManager: Shutting down and abandoning module MobileLauncherProfileWizard (260)
[2017.04.24-21.56.27:001][815]LogModuleManager: Shutting down and abandoning module EpicSurvey (258)
[2017.04.24-21.56.27:001][815]LogModuleManager: Shutting down and abandoning module VisualStudioSourceCodeAccess (256)
[2017.04.24-21.56.27:001][815]LogModuleManager: Shutting down and abandoning module DesktopPlatform (255)
[2017.04.24-21.56.27:001][815]LogModuleManager: Shutting down and abandoning module UObjectPlugin (252)
[2017.04.24-21.56.27:001][815]LogModuleManager: Shutting down and abandoning module SubversionSourceControl (250)
[2017.04.24-21.56.27:001][815]LogModuleManager: Shutting down and abandoning module PerforceSourceControl (248)
[2017.04.24-21.56.27:001][815]LogModuleManager: Shutting down and abandoning module GitSourceControl (246)
[2017.04.24-21.56.27:001][815]LogModuleManager: Shutting down and abandoning module SourceControl (245)
[2017.04.24-21.56.27:001][815]LogModuleManager: Shutting down and abandoning module LightPropagationVolumeEditor (242)
[2017.04.24-21.56.27:001][815]LogModuleManager: Shutting down and abandoning module PaperTiledImporter (240)
[2017.04.24-21.56.27:001][815]LogModuleManager: Shutting down and abandoning module PaperSpriteSheetImporter (238)
[2017.04.24-21.56.27:001][815]LogModuleManager: Shutting down and abandoning module Paper2DEditor (236)
[2017.04.24-21.56.27:001][815]LogModuleManager: Shutting down and abandoning module MeshPaint (235)
[2017.04.24-21.56.27:001][815]LogModuleManager: Shutting down and abandoning module LevelEditor (233)
[2017.04.24-21.56.27:003][815]LogModuleManager: Shutting down and abandoning module PixelInspectorModule (232)
[2017.04.24-21.56.27:003][815]LogModuleManager: Shutting down and abandoning module MainFrame (230)
[2017.04.24-21.56.27:003][815]LogModuleManager: Shutting down and abandoning module HotReload (229)
[2017.04.24-21.56.27:004][815]LogModuleManager: Shutting down and abandoning module ContentBrowser (225)
[2017.04.24-21.56.27:007][815]LogModuleManager: Shutting down and abandoning module PhysXVehiclesEditor (222)
[2017.04.24-21.56.27:007][815]LogModuleManager: Shutting down and abandoning module PhysXVehicles (220)
[2017.04.24-21.56.27:007][815]LogModuleManager: Shutting down and abandoning module LocationServicesBPLibrary (218)
[2017.04.24-21.56.27:007][815]LogModuleManager: Shutting down and abandoning module UdpMessaging (216)
[2017.04.24-21.56.27:108][815]LogModuleManager: Shutting down and abandoning module TcpMessaging (214)
[2017.04.24-21.56.27:209][815]LogModuleManager: Shutting down and abandoning module GameplayTagsEditor (212)
[2017.04.24-21.56.27:209][815]LogModuleManager: Shutting down and abandoning module FacialAnimationEditor (210)
[2017.04.24-21.56.27:209][815]LogModuleManager: Shutting down and abandoning module FacialAnimation (208)
[2017.04.24-21.56.27:209][815]LogModuleManager: Shutting down and abandoning module LightPropagationVolumeRuntime (206)
[2017.04.24-21.56.27:209][815]LogModuleManager: Shutting down and abandoning module Paper2D (204)
[2017.04.24-21.56.27:209][815]LogModuleManager: Shutting down and abandoning module WindowsMoviePlayer (202)
[2017.04.24-21.56.27:209][815]LogModuleManager: Shutting down and abandoning module WmfMedia (200)
[2017.04.24-21.56.27:209][815]LogModuleManager: Shutting down and abandoning module MfMedia (198)
[2017.04.24-21.56.27:209][815]LogModuleManager: Shutting down and abandoning module MediaAssets (196)
[2017.04.24-21.56.27:209][815]LogModuleManager: Shutting down and abandoning module GameLiveStreaming (194)
[2017.04.24-21.56.27:209][815]LogModuleManager: Shutting down and abandoning module VREditor (192)
[2017.04.24-21.56.27:209][815]LogModuleManager: Shutting down and abandoning module GameplayTasksEditor (190)
[2017.04.24-21.56.27:209][815]LogModuleManager: Shutting down and abandoning module BehaviorTreeEditor (188)
[2017.04.24-21.56.27:209][815]LogModuleManager: Shutting down and abandoning module FunctionalTesting (186)
[2017.04.24-21.56.27:209][815]LogModuleManager: Shutting down and abandoning module CollisionAnalyzer (184)
[2017.04.24-21.56.27:209][815]LogModuleManager: Shutting down and abandoning module UMG (182)
[2017.04.24-21.56.27:209][815]LogModuleManager: Shutting down and abandoning module UMGEditor (181)
[2017.04.24-21.56.27:209][815]LogModuleManager: Shutting down and abandoning module Sequencer (180)
[2017.04.24-21.56.27:210][815]LogModuleManager: Shutting down and abandoning module AssetTools (178)
[2017.04.24-21.56.27:210][815]LogModuleManager: Shutting down and abandoning module MessageLog (177)
[2017.04.24-21.56.27:210][815]LogModuleManager: Shutting down and abandoning module WorkspaceMenuStructure (176)
[2017.04.24-21.56.27:210][815]LogModuleManager: Shutting down and abandoning module SlateReflector (170)
[2017.04.24-21.56.27:210][815]LogModuleManager: Shutting down and abandoning module Slate (168)
[2017.04.24-21.56.27:210][815]LogModuleManager: Shutting down and abandoning module EditorStyle (166)
[2017.04.24-21.56.27:215][815]LogModuleManager: Shutting down and abandoning module SourceCodeAccess (164)
[2017.04.24-21.56.27:215][815]LogModuleManager: Shutting down and abandoning module HeadMountedDisplay (162)
[2017.04.24-21.56.27:215][815]LogModuleManager: Shutting down and abandoning module XAudio2 (160)
[2017.04.24-21.56.27:215][815]LogModuleManager: Shutting down and abandoning module Networking (158)
[2017.04.24-21.56.27:216][815]LogModuleManager: Shutting down and abandoning module Core (154)
[2017.04.24-21.56.27:216][815]LogModuleManager: Shutting down and abandoning module AssetRegistry (152)
[2017.04.24-21.56.27:413][815]LogDirectoryWatcher: A directory notification for '../../../Engine/Content/' was aborted.
[2017.04.24-21.56.27:413][815]LogDirectoryWatcher: A directory notification for '../../../../../../Users/Alex/Documents/RusskyIstrebetel2/IskyRestrubel/Content/' was aborted.
[2017.04.24-21.56.27:413][815]LogDirectoryWatcher: A directory notification for '../../../Engine/Plugins/2D/Paper2D/Content/' was aborted.
[2017.04.24-21.56.27:414][815]LogModuleManager: Shutting down and abandoning module DirectoryWatcher (151)
[2017.04.24-21.56.27:416][815]LogModuleManager: Shutting down and abandoning module KismetCompiler (148)
[2017.04.24-21.56.27:416][815]LogModuleManager: Shutting down and abandoning module PhysXFormats (146)
[2017.04.24-21.56.27:416][815]LogModuleManager: Shutting down and abandoning module MeshUtilities (144)
[2017.04.24-21.56.27:416][815]LogModuleManager: Shutting down and abandoning module SimplygonSwarm (143)
[2017.04.24-21.56.27:416][815]LogModuleManager: Shutting down and abandoning module SimplygonMeshReduction (141)
[2017.04.24-21.56.27:416][815]LogModuleManager: Shutting down and abandoning module QuadricMeshReduction (139)
[2017.04.24-21.56.27:416][815]LogModuleManager: Shutting down and abandoning module PropertyEditor (137)
[2017.04.24-21.56.27:416][815]LogModuleManager: Shutting down and abandoning module DerivedDataCache (134)
[2017.04.24-21.56.27:422][815]LogDerivedDataCache: Shutdown
[2017.04.24-21.56.27:422][815]LogModuleManager: Shutting down and abandoning module TargetPlatform (132)
[2017.04.24-21.56.27:422][815]LogModuleManager: Shutting down and abandoning module VulkanShaderFormat (131)
[2017.04.24-21.56.27:422][815]LogModuleManager: Shutting down and abandoning module ShaderFormatOpenGL (129)
[2017.04.24-21.56.27:422][815]LogModuleManager: Shutting down and abandoning module ShaderFormatD3D (127)
[2017.04.24-21.56.27:422][815]LogModuleManager: Shutting down and abandoning module MetalShaderFormat (125)
[2017.04.24-21.56.27:422][815]LogModuleManager: Shutting down and abandoning module TextureFormatUncompressed (123)
[2017.04.24-21.56.27:423][815]LogModuleManager: Shutting down and abandoning module TextureFormatPVR (121)
[2017.04.24-21.56.27:423][815]LogModuleManager: Shutting down and abandoning module TextureFormatDXT (119)
[2017.04.24-21.56.27:423][815]LogModuleManager: Shutting down and abandoning module TextureFormatIntelISPCTexComp (117)
[2017.04.24-21.56.27:423][815]LogModuleManager: Shutting down and abandoning module TextureFormatASTC (115)
[2017.04.24-21.56.27:423][815]LogModuleManager: Shutting down and abandoning module ImageWrapper (114)
[2017.04.24-21.56.27:423][815]LogModuleManager: Shutting down and abandoning module TextureFormatAndroid (111)
[2017.04.24-21.56.27:423][815]LogModuleManager: Shutting down and abandoning module AudioFormatOpus (109)
[2017.04.24-21.56.27:423][815]LogModuleManager: Shutting down and abandoning module AudioFormatOgg (107)
[2017.04.24-21.56.27:423][815]LogModuleManager: Shutting down and abandoning module AudioFormatADPCM (105)
[2017.04.24-21.56.27:423][815]LogModuleManager: Shutting down and abandoning module LinuxTargetPlatform (103)
[2017.04.24-21.56.27:423][815]LogModuleManager: Shutting down and abandoning module LinuxServerTargetPlatform (101)
[2017.04.24-21.56.27:423][815]LogModuleManager: Shutting down and abandoning module LinuxNoEditorTargetPlatform (99)
[2017.04.24-21.56.27:423][815]LogModuleManager: Shutting down and abandoning module LinuxClientTargetPlatform (97)
[2017.04.24-21.56.27:423][815]LogModuleManager: Shutting down and abandoning module TVOSTargetPlatform (95)
[2017.04.24-21.56.27:423][815]LogModuleManager: Shutting down and abandoning module Messaging (93)
[2017.04.24-21.56.27:423][815]LogModuleManager: Shutting down and abandoning module IOSTargetPlatform (91)
[2017.04.24-21.56.27:423][815]LogModuleManager: Shutting down and abandoning module HTML5TargetPlatform (89)
[2017.04.24-21.56.27:423][815]LogModuleManager: Shutting down and abandoning module Android_PVRTCTargetPlatform (87)
[2017.04.24-21.56.27:423][815]LogModuleManager: Shutting down and abandoning module Android_MultiTargetPlatform (85)
[2017.04.24-21.56.27:423][815]LogModuleManager: Shutting down and abandoning module Android_ETC2TargetPlatform (83)
[2017.04.24-21.56.27:423][815]LogModuleManager: Shutting down and abandoning module Android_ETC1TargetPlatform (81)
[2017.04.24-21.56.27:423][815]LogModuleManager: Shutting down and abandoning module Android_DXTTargetPlatform (79)
[2017.04.24-21.56.27:423][815]LogModuleManager: Shutting down and abandoning module Android_ATCTargetPlatform (77)
[2017.04.24-21.56.27:423][815]LogModuleManager: Shutting down and abandoning module Android_ASTCTargetPlatform (75)
[2017.04.24-21.56.27:423][815]LogModuleManager: Shutting down and abandoning module AndroidTargetPlatform (73)
[2017.04.24-21.56.27:423][815]LogModuleManager: Shutting down and abandoning module WindowsTargetPlatform (71)
[2017.04.24-21.56.27:423][815]LogModuleManager: Shutting down and abandoning module WindowsServerTargetPlatform (69)
[2017.04.24-21.56.27:423][815]LogModuleManager: Shutting down and abandoning module WindowsNoEditorTargetPlatform (67)
[2017.04.24-21.56.27:423][815]LogModuleManager: Shutting down and abandoning module WindowsClientTargetPlatform (65)
[2017.04.24-21.56.27:423][815]LogModuleManager: Shutting down and abandoning module MacTargetPlatform (63)
[2017.04.24-21.56.27:423][815]LogModuleManager: Shutting down and abandoning module MacServerTargetPlatform (61)
[2017.04.24-21.56.27:423][815]LogModuleManager: Shutting down and abandoning module MacNoEditorTargetPlatform (59)
[2017.04.24-21.56.27:423][815]LogModuleManager: Shutting down and abandoning module MacClientTargetPlatform (57)
[2017.04.24-21.56.27:423][815]LogModuleManager: Shutting down and abandoning module AllDesktopTargetPlatform (55)
[2017.04.24-21.56.27:424][815]LogModuleManager: Shutting down and abandoning module InputCore (52)
[2017.04.24-21.56.27:424][815]LogModuleManager: Shutting down and abandoning module Settings (50)
[2017.04.24-21.56.27:424][815]LogModuleManager: Shutting down and abandoning module OculusRift (48)
[2017.04.24-21.56.27:424][815]LogModuleManager: Shutting down and abandoning module GearVR (46)
[2017.04.24-21.56.27:424][815]LogModuleManager: Shutting down and abandoning module ExampleDeviceProfileSelector (44)
[2017.04.24-21.56.27:424][815]LogModuleManager: Shutting down and abandoning module OnlineBlueprintSupport (42)
[2017.04.24-21.56.27:424][815]LogModuleManager: Shutting down and abandoning module OnlineSubsystem (38)
[2017.04.24-21.56.27:424][815]LogOnline:Display: Unloading online subsystem: NULL
[2017.04.24-21.56.27:424][815]LogModuleManager: Shutting down and abandoning module XMPP (37)
[2017.04.24-21.56.27:424][815]LogModuleManager: Shutting down and abandoning module HTTP (35)
[2017.04.24-21.56.27:424][815]LogHttp:Display: Http module shutting down, but needs to wait on 1 outstanding Http requests:
[2017.04.24-21.56.27:424][815]LogHttp:Display: 	verb=[POST] url=[https://datarouter.ol.epicgames.com/datarouter/api/v1/public/data?SessionID=%7B55563473-4815-67F0-8D69-3D91EF1DD038%7D&AppID=UEEditor.Rocket.Release&AppVersion=4.15.1-3348071%2B%2B%2BUE4%2BRelease-4.15&UserID=ef3ac173438830a98b1e4ab613d2936a%7Ce4b27134f6bf412e9a100d05c6700cdb%7C2032c4c8-318e-422e-9ad2-bdd6d719e765&AppEnvironment=datacollector-binary&UploadType=eteventstream] status=Processing
[2017.04.24-21.56.27:457][815]LogModuleManager: Shutting down and abandoning module SSL (34)
[2017.04.24-21.56.27:460][815]LogModuleManager: Shutting down and abandoning module AudioEditor (30)
[2017.04.24-21.56.27:460][815]LogModuleManager: Shutting down and abandoning module TextureCompressor (28)
[2017.04.24-21.56.27:460][815]LogModuleManager: Shutting down and abandoning module ShaderCore (26)
[2017.04.24-21.56.27:460][815]LogModuleManager: Shutting down and abandoning module Landscape (24)
[2017.04.24-21.56.27:460][815]LogModuleManager: Shutting down and abandoning module SlateRHIRenderer (22)
[2017.04.24-21.56.27:471][815]LogModuleManager: Shutting down and abandoning module OpenGLDrv (20)
[2017.04.24-21.56.27:471][815]LogModuleManager: Shutting down and abandoning module D3D11RHI (18)
[2017.04.24-21.56.27:471][815]LogModuleManager: Shutting down and abandoning module AnimGraphRuntime (16)
[2017.04.24-21.56.27:471][815]LogModuleManager: Shutting down and abandoning module Renderer (14)
[2017.04.24-21.56.27:471][815]LogModuleManager: Shutting down and abandoning module Engine (12)
[2017.04.24-21.56.27:471][815]LogModuleManager: Shutting down and abandoning module CoreUObject (10)
[2017.04.24-21.56.27:471][815]LogModuleManager: Shutting down and abandoning module NetworkFile (8)
[2017.04.24-21.56.27:471][815]LogModuleManager: Shutting down and abandoning module StreamingFile (6)
[2017.04.24-21.56.27:471][815]LogModuleManager: Shutting down and abandoning module SandboxFile (4)
[2017.04.24-21.56.27:471][815]LogModuleManager: Shutting down and abandoning module PakFile (2)
[2017.04.24-21.56.27:473][815]LogExit: Exiting.
[2017.04.24-21.56.27:476][815]Log file closed, 04/24/17 17:56:27
