Log file open, 04/24/17 19:17:26
LogInit:Display: Running engine for game: IskyRestrubel
LogPlatformFile: Not using cached read wrapper
LogInit:Display: RandInit(207372284) SRandInit(207372285).
LogTaskGraph: Started task graph with 5 named threads and 6 total threads with 1 sets of task threads.
LogStats: Stats thread started at 0.088207
LogInit: Using libcurl 7.47.1
LogInit:  - built for x86_64-pc-win32
LogInit:  - supports SSL with OpenSSL/1.0.2g
LogInit:  - supports HTTP deflate (compression) using libz 1.2.8
LogInit:  - other features:
LogInit:      CURL_VERSION_SSL
LogInit:      CURL_VERSION_LIBZ
LogInit:      CURL_VERSION_IPV6
LogInit:      CURL_VERSION_ASYNCHDNS
LogInit:      CURL_VERSION_LARGEFILE
LogInit:      CURL_VERSION_IDN
LogInit:  CurlRequestOptions (configurable via config and command line):
LogInit:  - bVerifyPeer = false  - Libcurl will NOT verify peer certificate
LogInit:  - bUseHttpProxy = false  - Libcurl will NOT use HTTP proxy
LogInit:  - bDontReuseConnections = false  - Libcurl will reuse connections
LogInit:  - CertBundlePath = nullptr  - Libcurl will use whatever was configured at build time.
LogInit: Build: ++UE4+Release-4.15-CL-3348071
LogInit: Engine Version: 4.15.1-3348071+++UE4+Release-4.15
LogInit: Compatible Engine Version: 4.15.0-3299760+++UE4+Release-4.15
LogInit: Net CL: 3299760
LogDevObjectVersion: Number of dev versions registered: 14
LogDevObjectVersion:   Dev-Blueprints (B0D832E4-1F89-4F0D-ACCF-7EB736FD4AA2): 8
LogDevObjectVersion:   Dev-Build (E1C64328-A22C-4D53-A36C-8E866417BD8C): 0
LogDevObjectVersion:   Dev-Core (375EC13C-06E4-48FB-B500-84F0262A717E): 2
LogDevObjectVersion:   Dev-Editor (E4B068ED-F494-42E9-A231-DA0B2E46BB41): 14
LogDevObjectVersion:   Dev-Framework (CFFC743F-43B0-4480-9391-14DF171D2073): 22
LogDevObjectVersion:   Dev-Mobile (B02B49B5-BB20-44E9-A304-32B752E40360): 0
LogDevObjectVersion:   Dev-Networking (A4E4105C-59A1-49B5-A7C5-40C4547EDFEE): 0
LogDevObjectVersion:   Dev-Online (39C831C9-5AE6-47DC-9A44-9C173E1C8E7C): 0
LogDevObjectVersion:   Dev-Physics (78F01B33-EBEA-4F98-B9B4-84EACCB95AA2): 0
LogDevObjectVersion:   Dev-Platform (6631380F-2D4D-43E0-8009-CF276956A95A): 0
LogDevObjectVersion:   Dev-Rendering (12F88B9F-8875-4AFC-A67C-D90C383ABD29): 12
LogDevObjectVersion:   Dev-Sequencer (7B5AE74C-D270-4C10-A958-57980B212A5A): 3
LogDevObjectVersion:   Dev-VR (D7296918-1DD6-4BDD-9DE2-64A83CC13884): 0
LogDevObjectVersion:   Dev-LoadTimes (C2A15278-BFE7-4AFE-6C17-90FF531DF755): 1
LogInit: Compiled (64-bit): Mar 15 2017 16:52:47
LogInit: Compiled with Visual C++: 19.00.23026.00
LogInit: Build Configuration: Development
LogInit: Branch Name: ++UE4+Release-4.15
LogInit: Command line: 
LogInit: Base directory: C:/Program Files/Epic Games/UE_4.15/Engine/Binaries/Win64/
LogInit: Installed Engine Build: 1
LogInit: Presizing for max 8388607 objects, including 0 objects not considered by GC, pre-allocating 0 bytes for permanent pool.
LogInit: Object subsystem initialized
[2017.04.24-23.17.27:775][  0]LogInit: Selected Device Profile: [Windows]
[2017.04.24-23.17.27:775][  0]LogInit: Applying CVar settings loaded from the selected device profile: [Windows]
[2017.04.24-23.17.27:793][  0]LogInit: Computer: DESKTOP-RAF421J
[2017.04.24-23.17.27:793][  0]LogInit: User: Alex
[2017.04.24-23.17.27:793][  0]LogInit: CPU Page size=65536, Cores=1
[2017.04.24-23.17.27:793][  0]LogInit: High frequency timer resolution =3.606726 MHz
[2017.04.24-23.17.27:793][  0]LogMemory: Memory total: Physical=7.9GB (8GB approx)
[2017.04.24-23.17.27:793][  0]LogMemory: Platform Memory Stats for Windows
[2017.04.24-23.17.27:793][  0]LogMemory: Process Physical Memory: 262.66 MB used, 262.66 MB peak
[2017.04.24-23.17.27:793][  0]LogMemory: Process Virtual Memory: 262.34 MB used, 262.34 MB peak
[2017.04.24-23.17.27:793][  0]LogMemory: Physical Memory: 4601.41 MB used,  3535.23 MB free, 8136.64 MB total
[2017.04.24-23.17.27:793][  0]LogMemory: Virtual Memory: 638.24 MB used,  3535.23 MB free, 134217728.00 MB total
[2017.04.24-23.17.27:944][  0]LogTextLocalizationManager: No specific translations for ('en-US') exist, so ('en') translations will be used.
[2017.04.24-23.17.29:183][  0]LogD3D11RHI: D3D11 adapters:
[2017.04.24-23.17.31:084][  0]LogD3D11RHI:    0. 'NVIDIA GeForce GTX 750 Ti' (Feature Level 11_0)
[2017.04.24-23.17.31:084][  0]LogD3D11RHI:       2017/0/4068 MB DedicatedVideo/DedicatedSystem/SharedSystem, Outputs:1, VendorId:0x10de
[2017.04.24-23.17.31:087][  0]LogD3D11RHI:    1. 'Microsoft Basic Render Driver' (Feature Level 11_0)
[2017.04.24-23.17.31:087][  0]LogD3D11RHI:       0/0/4068 MB DedicatedVideo/DedicatedSystem/SharedSystem, Outputs:0, VendorId:0x1414
[2017.04.24-23.17.31:087][  0]LogD3D11RHI: Chosen D3D11 Adapter: 0
[2017.04.24-23.17.31:094][  0]LogD3D11RHI: Creating new Direct3DDevice
[2017.04.24-23.17.31:094][  0]LogD3D11RHI:     GPU DeviceId: 0x1380 (for the marketing name, search the web for "GPU Device Id")
[2017.04.24-23.17.31:094][  0]LogWindows: EnumDisplayDevices:
[2017.04.24-23.17.31:095][  0]LogWindows:    0. 'NVIDIA GeForce GTX 750 Ti' (P:1 D:1)
[2017.04.24-23.17.31:095][  0]LogWindows:    1. 'NVIDIA GeForce GTX 750 Ti' (P:0 D:0)
[2017.04.24-23.17.31:096][  0]LogWindows:    2. 'NVIDIA GeForce GTX 750 Ti' (P:0 D:0)
[2017.04.24-23.17.31:096][  0]LogWindows: DebugString: FoundDriverCount:3 
[2017.04.24-23.17.31:096][  0]LogD3D11RHI:     Adapter Name: NVIDIA GeForce GTX 750 Ti
[2017.04.24-23.17.31:096][  0]LogD3D11RHI:   Driver Version: 381.65 (internal:22.21.13.8165, unified:381.65)
[2017.04.24-23.17.31:096][  0]LogD3D11RHI:      Driver Date: 3-31-2017
[2017.04.24-23.17.31:096][  0]LogRHI: Texture pool is 1361 MB (70% of 1945 MB)
[2017.04.24-23.17.32:950][  0]LogD3D11RHI: Async texture creation enabled
[2017.04.24-23.17.32:993][  0]LogD3D11RHI: GPU Timing Frequency: 1000.000000 (Debug: 2 0)
[2017.04.24-23.17.33:043][  0]LogShaderCompilers: Guid format shader working directory is -26 characters bigger than the processId version (../../../../../../Users/Alex/Documents/RusskyIstrebetel2/IskyRestrubel/Intermediate/Shaders/WorkingDirectory/11928/).
[2017.04.24-23.17.33:043][  0]LogShaderCompilers: Cleaned the shader compiler working directory 'C:/Users/Alex/AppData/Local/Temp/UnrealShaderWorkingDir/DC7864C945C526A7592ADE97AC6D80EF/'.
[2017.04.24-23.17.33:043][  0]LogShaderCompilers:Display: Using Local Shader Compiler.
[2017.04.24-23.17.35:348][  0]LogTemp:Display: Loaded TP AllDesktopTargetPlatform
[2017.04.24-23.17.35:453][  0]LogTemp:Display: Loaded TP MacClientTargetPlatform
[2017.04.24-23.17.35:560][  0]LogTemp:Display: Loaded TP MacNoEditorTargetPlatform
[2017.04.24-23.17.35:667][  0]LogTemp:Display: Loaded TP MacServerTargetPlatform
[2017.04.24-23.17.35:777][  0]LogTemp:Display: Loaded TP MacTargetPlatform
[2017.04.24-23.17.35:895][  0]LogTemp:Display: Loaded TP WindowsClientTargetPlatform
[2017.04.24-23.17.36:000][  0]LogTemp:Display: Loaded TP WindowsNoEditorTargetPlatform
[2017.04.24-23.17.36:107][  0]LogTemp:Display: Loaded TP WindowsServerTargetPlatform
[2017.04.24-23.17.36:197][  0]LogTemp:Display: Loaded TP WindowsTargetPlatform
[2017.04.24-23.17.36:313][  0]LogTemp:Display: Loaded TP AndroidTargetPlatform
[2017.04.24-23.17.36:418][  0]LogTemp:Display: Loaded TP Android_ASTCTargetPlatform
[2017.04.24-23.17.36:524][  0]LogTemp:Display: Loaded TP Android_ATCTargetPlatform
[2017.04.24-23.17.36:630][  0]LogTemp:Display: Loaded TP Android_DXTTargetPlatform
[2017.04.24-23.17.36:736][  0]LogTemp:Display: Loaded TP Android_ETC1TargetPlatform
[2017.04.24-23.17.36:842][  0]LogTemp:Display: Loaded TP Android_ETC2TargetPlatform
[2017.04.24-23.17.37:056][  0]LogTemp:Display: Loaded TP Android_MultiTargetPlatform
[2017.04.24-23.17.37:056][  0]LogTemp:Display: Loaded TP Android_PVRTCTargetPlatform
[2017.04.24-23.17.37:135][  0]LogTemp:Display: Loaded TP HTML5TargetPlatform
[2017.04.24-23.17.37:315][  0]LogTemp:Display: Loaded TP IOSTargetPlatform
[2017.04.24-23.17.37:384][  0]LogTemp:Display: Loaded TP TVOSTargetPlatform
[2017.04.24-23.17.37:493][  0]LogTemp:Display: Loaded TP LinuxClientTargetPlatform
[2017.04.24-23.17.37:601][  0]LogTemp:Display: Loaded TP LinuxNoEditorTargetPlatform
[2017.04.24-23.17.37:709][  0]LogTemp:Display: Loaded TP LinuxServerTargetPlatform
[2017.04.24-23.17.37:813][  0]LogTemp:Display: Loaded TP LinuxTargetPlatform
[2017.04.24-23.17.37:814][  0]LogTargetPlatformManager:Display: Building Assets For Windows
[2017.04.24-23.17.38:682][  0]LogDerivedDataCache:Display: Max Cache Size: 512 MB
[2017.04.24-23.17.38:793][  0]LogDerivedDataCache: Loaded boot cache 0.11s 50MB C:/Users/Alex/AppData/Local/UnrealEngine/4.15/DerivedDataCache/Boot.ddc.
[2017.04.24-23.17.38:793][  0]LogDerivedDataCache:Display: Loaded Boot cache: C:/Users/Alex/AppData/Local/UnrealEngine/4.15/DerivedDataCache/Boot.ddc
[2017.04.24-23.17.38:793][  0]LogDerivedDataCache: FDerivedDataBackendGraph:  Pak pak cache file ../../../../../../Users/Alex/Documents/RusskyIstrebetel2/IskyRestrubel/DerivedDataCache/DDC.ddp not found, will not use a pak cache.
[2017.04.24-23.17.38:793][  0]LogDerivedDataCache: Unable to find inner node Pak for hierarchical cache Hierarchy.
[2017.04.24-23.17.38:794][  0]LogDerivedDataCache: FDerivedDataBackendGraph:  CompressedPak pak cache file ../../../../../../Users/Alex/Documents/RusskyIstrebetel2/IskyRestrubel/DerivedDataCache/Compressed.ddp not found, will not use a pak cache.
[2017.04.24-23.17.38:794][  0]LogDerivedDataCache: Unable to find inner node CompressedPak for hierarchical cache Hierarchy.
[2017.04.24-23.17.38:820][  0]LogDerivedDataCache:Display: Pak cache opened for reading ../../../Engine/DerivedDataCache/Compressed.ddp.
[2017.04.24-23.17.38:834][  0]LogDerivedDataCache: Using Local data cache path C:/Users/Alex/AppData/Local/UnrealEngine/Common/DerivedDataCache: Writable
[2017.04.24-23.17.38:850][  0]LogSlate: Using Freetype 2.6.0
[2017.04.24-23.17.38:851][  0]LogSlate: SlateFontCache - WITH_FREETYPE: 1, WITH_HARFBUZZ: 1
[2017.04.24-23.17.38:851][  0]LogSlate: SlateFontCache - WITH_FREETYPE: 1, WITH_HARFBUZZ: 1
[2017.04.24-23.17.39:416][  0]LogInit: Selected Device Profile: [Windows]
[2017.04.24-23.17.39:424][  0]LogContentStreaming: Texture pool size is 0.00 MB
[2017.04.24-23.17.39:896][  0]LogMeshUtilities: Using QuadricMeshReduction for automatic static mesh reduction
[2017.04.24-23.17.40:005][  0]LogSimplygon: Simplygon DLL not present - disabling.
[2017.04.24-23.17.40:121][  0]LogMeshUtilities: Using SimplygonSwarm for distributed automatic mesh merging
[2017.04.24-23.17.40:121][  0]LogMeshUtilities: No automatic skeletal mesh reduction module available
[2017.04.24-23.17.40:121][  0]LogMeshUtilities: No automatic mesh merging module available
[2017.04.24-23.17.41:394][  0]LogNetVersion: GetLocalNetworkVersion: CL: 3299760, ProjectName: iskyrestrubel, ProjectVersion: , EngineNetworkVersion: 2, GameNetworkVersion: 0, NetworkChecksum: 3238313141
[2017.04.24-23.17.41:490][  0]LogAssetRegistry: FAssetRegistry took 0.0222 seconds to start up
[2017.04.24-23.17.41:596][  0]LogPackageLocalizationCache: Processed 3 localized package path(s) for 2 prioritized culture(s) in 0.047574 seconds
[2017.04.24-23.17.41:606][  0]LogUObjectArray: 32493 objects as part of root set at end of initial load.
[2017.04.24-23.17.41:606][  0]LogUObjectAllocator: 7077032 out of 0 bytes used by permanent object pool.
[2017.04.24-23.17.41:606][  0]LogUObjectArray: CloseDisregardForGC: 0/0 objects in disregard for GC pool
[2017.04.24-23.17.41:775][  0]LogInit: WinSock: version 1.1 (2.2), MaxSocks=32767, MaxUdp=65467
[2017.04.24-23.17.45:437][  0]LogTcpMessaging: Initializing TcpMessaging bridge
[2017.04.24-23.17.45:519][  0]LogUdpMessaging: Initializing bridge on interface 0.0.0.0:0 to multicast group 230.0.0.1:6666.
[2017.04.24-23.17.46:607][  0]LogMaterial: Uniform references updated for custom material expression Custom.
[2017.04.24-23.17.47:515][  0]SourceControl: Info Source control is disabled
[2017.04.24-23.17.47:659][  0]SourceControl: Info Source control is disabled
[2017.04.24-23.17.47:775][  0]SourceControl: Info Source control is disabled
[2017.04.24-23.17.47:887][  0]SourceControl: Info Source control is disabled
[2017.04.24-23.17.48:651][  0]LogLinker:Warning: Can't find file '/Game/FirstPersonBP/FirstPersonOverview'
[2017.04.24-23.17.48:651][  0]LogLinker:Warning: Can't find file '/Game/FirstPersonBP/FirstPersonOverview'
[2017.04.24-23.17.48:651][  0]LogUObjectGlobals:Warning: Failed to find object 'Class /Game/FirstPersonBP/FirstPersonOverview.FirstPersonOverview_C'
[2017.04.24-23.17.50:967][  0]LogEngine: Initializing Engine...
[2017.04.24-23.17.50:968][  0]LogHMD: Failed to initialize OpenVR with code 110
[2017.04.24-23.17.51:507][  0]LogAIModule: Creating AISystem for world Untitled
[2017.04.24-23.17.51:524][  0]LogInit: XAudio2 using 'Speakers (Realtek High Definition Audio)' : 2 channels at 48 kHz using 32 bits per sample (channel mask 0x3)
[2017.04.24-23.17.51:581][  0]LogInit: FAudioDevice initialized.
[2017.04.24-23.17.51:638][  0]LogDerivedDataCache: Saved boot cache 0.06s 50MB C:/Users/Alex/AppData/Local/UnrealEngine/4.15/DerivedDataCache/Boot.ddc.
[2017.04.24-23.17.51:753][  0]LogInit: Texture streaming: Enabled
[2017.04.24-23.17.52:020][  0]LogEngineSessionManager: EngineSessionManager initialized
[2017.04.24-23.17.52:251][  0]LogInit: Transaction tracking system initialized
[2017.04.24-23.17.53:170][  0]BlueprintLog: New page: Editor Load
[2017.04.24-23.17.56:021][  0]LocalizationService: Info Localization service is disabled
[2017.04.24-23.17.57:743][  0]LogConsoleResponse:Display: 
[2017.04.24-23.17.58:150][  0]LogCook:Display: Max memory allowance for cook 16384mb min free memory 0mb
[2017.04.24-23.17.58:150][  0]LogCook:Display: Mobile HDR setting 1
[2017.04.24-23.18.00:797][  0]LogFileCache: Scanning file cache for directory 'C:/Users/Alex/Documents/RusskyIstrebetel2/IskyRestrubel/Content/' took 0.01s
[2017.04.24-23.18.00:797][  0]SourceControl: Info Source control is disabled
[2017.04.24-23.18.00:797][  0]Cmd: MAP LOAD FILE="../../../../../../Users/Alex/Documents/RusskyIstrebetel2/IskyRestrubel/Content/Maps/MapMain.umap" TEMPLATE=0 SHOWPROGRESS=1 FEATURELEVEL=3
[2017.04.24-23.18.00:798][  0]LightingResults: New page: Lighting Build
[2017.04.24-23.18.00:906][  0]MapCheck: New page: Map Check
[2017.04.24-23.18.00:906][  0]LightingResults: New page: Lighting Build
[2017.04.24-23.18.01:403][  0]LogMaterial: Missing cached shader map for material M_Metal_Steel, compiling. 
[2017.04.24-23.18.01:404][  0]LogMaterial:Warning: Failed to compile Material /Game/ExampleContent/Materials/StarterContent/Materials/M_Metal_Steel.M_Metal_Steel for platform PCD3D_SM5, Default Material will be used in game.
[2017.04.24-23.18.01:404][  0]LogMaterial:Warning: 	(Node TextureSample) TextureSample> Missing input texture
[2017.04.24-23.18.01:694][  0]LogAIModule: Creating AISystem for world MapMain
[2017.04.24-23.18.02:078][  0]LogEditorServer: Finished looking for orphan Actors (0.000 secs)
[2017.04.24-23.18.02:079][  0]Cmd: MAP CHECKDEP NOCLEARLOG
[2017.04.24-23.18.02:193][  0]MapCheck: Info Map check complete: 0 Error(s), 0 Warning(s), took 114.18ms to complete.
[2017.04.24-23.18.02:193][  0]LogFileHelpers: Loading map 'MapMain' took 1.396
[2017.04.24-23.18.02:249][  0]LogWindowsTextInputMethodSystem:Display: IME system now deactivated.
[2017.04.24-23.18.02:431][  0]LogCollectionManager: Loaded 0 collections in 0.001334 seconds
[2017.04.24-23.18.02:557][  0]LogFileCache: Scanning file cache for directory 'C:/Users/Alex/Documents/RusskyIstrebetel2/IskyRestrubel/Saved/Collections/' took 0.01s
[2017.04.24-23.18.02:557][  0]LogFileCache: Scanning file cache for directory 'C:/Users/Alex/Documents/RusskyIstrebetel2/IskyRestrubel/Content/Developers/Alex/Collections/' took 0.01s
[2017.04.24-23.18.02:557][  0]LogFileCache: Scanning file cache for directory 'C:/Users/Alex/Documents/RusskyIstrebetel2/IskyRestrubel/Content/Collections/' took 0.01s
[2017.04.24-23.18.02:557][  0]LogCollectionManager: Rebuilt the GUID cache for 0 collections in 0.000002 seconds
[2017.04.24-23.18.02:573][  0]LogContentBrowser: Native class hierarchy populated in 0.0155 seconds. Added 2245 classes and 453 folders.
[2017.04.24-23.18.02:578][  0]LogStats: UGameplayTagsManager::ConstructGameplayTagTree: Construct from data asset -  0.000 s
[2017.04.24-23.18.02:578][  0]LogStats: UGameplayTagsManager::ConstructGameplayTagTree: GameplayTagTreeChangedEvent.Broadcast -  0.000 s
[2017.04.24-23.18.02:712][  0]LogContentBrowser: Native class hierarchy updated for 'WidgetCarousel' in 0.0007 seconds. Added 0 classes and 0 folders.
[2017.04.24-23.18.02:785][  0]LogContentBrowser: Native class hierarchy updated for 'AddContentDialog' in 0.0007 seconds. Added 0 classes and 0 folders.
[2017.04.24-23.18.02:870][  0]LogContentBrowser: Native class hierarchy updated for 'SceneOutliner' in 0.0007 seconds. Added 1 classes and 2 folders.
[2017.04.24-23.18.03:027][  0]LogCrashTracker: Crashtracker disabled due to settings.
[2017.04.24-23.18.03:040][  0]LogUObjectGlobals:Warning: Failed to find object 'Class None.'
[2017.04.24-23.18.03:139][  0]LogContentBrowser: Native class hierarchy updated for 'HierarchicalLODOutliner' in 0.0008 seconds. Added 1 classes and 2 folders.
[2017.04.24-23.18.03:139][  0]LogLoad: (Engine Initialization) Total time: 38.34 seconds
[2017.04.24-23.18.03:139][  0]LogLoad: (Engine Initialization) Total Blueprint compile time: 0.38 seconds
[2017.04.24-23.18.03:139][  0]LogExternalProfiler: Found external profiler: VSPerf
[2017.04.24-23.18.03:139][  0]LogExternalProfiler: Using external profiler: VSPerf
[2017.04.24-23.18.03:151][  0]LogOcInput: OculusInput pre-init called
[2017.04.24-23.18.03:171][  0]LogContentStreaming: Texture pool size now 1000 MB
[2017.04.24-23.18.03:173][  0]LogSlate: Took 0.000376 seconds to synchronously load lazily loaded font '../../../Engine/Content/Slate/Fonts/Roboto-Regular.ttf' (155K)
[2017.04.24-23.18.03:182][  0]LogSlate: Took 0.000414 seconds to synchronously load lazily loaded font '../../../Engine/Content/Slate/Fonts/Roboto-Bold.ttf' (160K)
[2017.04.24-23.18.03:192][  0]LogSlate: Took 0.000441 seconds to synchronously load lazily loaded font '../../../Engine/Content/Editor/Slate/Fonts/FontAwesome.ttf' (139K)
[2017.04.24-23.18.03:348][  0]LogRenderer: Reallocating scene render targets to support 684x544 NumSamples 1 (Frame:2).
[2017.04.24-23.18.03:456][  0]LogSlate: Took 0.000342 seconds to synchronously load lazily loaded font '../../../Engine/Content/Slate/Fonts/Roboto-Light.ttf' (159K)
[2017.04.24-23.18.03:689][  2]LogAssetRegistry: Asset discovery search completed in 22.2213 seconds
[2017.04.24-23.18.03:689][  2]LogCollectionManager: Rebuilt the object cache for 0 collections in 0.000014 seconds (found 0 objects)
[2017.04.24-23.18.03:689][  2]LogCollectionManager: Fixed up redirectors for 0 collections in 0.000038 seconds (updated 0 objects)
[2017.04.24-23.18.04:195][ 46]LogSlate: Took 0.000292 seconds to synchronously load lazily loaded font '../../../Engine/Content/Slate/Fonts/Roboto-Light.ttf' (159K)
[2017.04.24-23.18.09:869][574]LogSlate: Took 0.000342 seconds to synchronously load lazily loaded font '../../../Engine/Content/Slate/Fonts/Roboto-Light.ttf' (159K)
[2017.04.24-23.18.10:687][574]LogContentBrowser: Native class hierarchy updated for 'BlueprintGraph' in 0.0013 seconds. Added 112 classes and 0 folders.
[2017.04.24-23.18.12:645][574]LogSlate: Took 0.000414 seconds to synchronously load lazily loaded font '../../../Engine/Content/Editor/Slate/Fonts/Roboto-BoldCondensed.ttf' (158K)
[2017.04.24-23.18.12:826][575]LogSlate: Took 0.000476 seconds to synchronously load lazily loaded font '../../../Engine/Content/Editor/Slate/Fonts/Roboto-Italic.ttf' (157K)
[2017.04.24-23.18.25:397][356]LogMaterial: Missing cached shader map for material M_Metal_Steel, compiling. 
[2017.04.24-23.18.25:398][356]LogMaterial:Warning: Failed to compile Material /Engine/Transient.M_Metal_Steel for platform PCD3D_SM5, Default Material will be used in game.
[2017.04.24-23.18.25:398][356]LogMaterial:Warning: 	(Node TextureSample) TextureSample> Missing input texture
[2017.04.24-23.18.25:545][356]LogMaterial: Missing cached shader map for material M_Metal_Steel, compiling. 
[2017.04.24-23.18.25:545][356]LogMaterial:Warning: Failed to compile Material /Engine/Transient.M_Metal_Steel for platform PCD3D_SM5, Default Material will be used in game.
[2017.04.24-23.18.25:545][356]LogMaterial:Warning: 	(Node TextureSample) TextureSample> Missing input texture
[2017.04.24-23.18.25:546][356]LogMaterial: 0.00 seconds spent updating 1 materials, 1 interfaces, 0 instances, 0 with static permutations.
[2017.04.24-23.18.25:547][356]LogMaterial: Missing cached shader map for material FMatExpressionPreview MaterialExpressionTextureSample_79, compiling. 
[2017.04.24-23.18.25:548][356]LogMaterial: Missing cached shader map for material FMatExpressionPreview MaterialExpressionTextureSample_78, compiling. 
[2017.04.24-23.18.25:550][356]LogMaterial: Missing cached shader map for material FMatExpressionPreview MaterialExpressionTextureSample_81, compiling. 
[2017.04.24-23.18.25:552][356]LogMaterial: Missing cached shader map for material FMatExpressionPreview MaterialExpressionTextureSample_82, compiling. 
[2017.04.24-23.18.25:554][356]LogMaterial: Missing cached shader map for material FMatExpressionPreview MaterialExpressionTextureSample_83, compiling. 
[2017.04.24-23.18.25:555][356]LogMaterial: Missing cached shader map for material FMatExpressionPreview MaterialExpressionConstant3Vector_27, compiling. 
[2017.04.24-23.18.25:556][356]LogTemp:Display: Added material ShaderMap 0x000001FF77041280 with Material 0x000001FF7712C100 to ShaderMapsBeingCompiled
[2017.04.24-23.18.25:562][356]LogTemp:Display: Kicking off shader compilation for FMatExpressionPreview MaterialExpressionConstant3Vector_27, GameThreadShaderMap 0x000001FF77041280
[2017.04.24-23.18.35:254][660]LogProperty:Warning: ObjectProperty /Script/Engine.ExpressionInput:Expression: unresolved reference to 'MaterialExpressionLinearInterpolate'MaterialGraphNode_22.MaterialExpressionLinearInterpolate_1')'
[2017.04.24-23.18.35:254][660]LogProperty:Warning: ObjectProperty /Script/Engine.ExpressionInput:Expression: unresolved reference to 'MaterialExpressionTextureSample'MaterialGraphNode_4.MaterialExpressionTextureSample_1',Mask=1,MaskR=1,MaskG=1,MaskB=1)'
[2017.04.24-23.18.35:256][660]LogProperty:Warning: ObjectProperty /Script/Engine.ExpressionInput:Expression: unresolved reference to 'MaterialExpressionConstant'MaterialGraphNode_5.MaterialExpressionConstant_1')'
[2017.04.24-23.18.35:256][660]LogProperty:Warning: ObjectProperty /Script/Engine.ExpressionInput:Expression: unresolved reference to 'MaterialExpressionConstant'MaterialGraphNode_6.MaterialExpressionConstant_2')'
[2017.04.24-23.18.35:256][660]LogProperty:Warning: ObjectProperty /Script/Engine.ExpressionInput:Expression: unresolved reference to 'MaterialExpressionMultiply'MaterialGraphNode_21.MaterialExpressionMultiply_6')'
[2017.04.24-23.18.35:263][660]LogLinker: Can't find file '/Game/StarterContent/Textures/T_Metal_Steel_N'
[2017.04.24-23.18.35:264][660]LogLinker: Can't find file '/Game/StarterContent/Textures/T_Metal_Steel_N'
[2017.04.24-23.18.35:264][660]LogProperty:Warning: ObjectProperty /Script/Engine.MaterialExpressionTextureBase:Texture: unresolved reference to 'Texture2D'/Game/StarterContent/Textures/T_Metal_Steel_N.T_Metal_Steel_N''
[2017.04.24-23.18.35:266][660]LogLinker: Can't find file '/Game/StarterContent/Textures/T_Metal_Steel_D'
[2017.04.24-23.18.35:267][660]LogLinker: Can't find file '/Game/StarterContent/Textures/T_Metal_Steel_D'
[2017.04.24-23.18.35:267][660]LogProperty:Warning: ObjectProperty /Script/Engine.MaterialExpressionTextureBase:Texture: unresolved reference to 'Texture2D'/Game/StarterContent/Textures/T_Metal_Steel_D.T_Metal_Steel_D''
[2017.04.24-23.18.35:270][660]LogProperty:Warning: ObjectProperty /Script/Engine.ExpressionInput:Expression: unresolved reference to 'MaterialExpressionMultiply'MaterialGraphNode_9.MaterialExpressionMultiply_1')'
[2017.04.24-23.18.35:271][660]LogLinker: Can't find file '/Game/StarterContent/Textures/T_MacroVariation'
[2017.04.24-23.18.35:272][660]LogLinker: Can't find file '/Game/StarterContent/Textures/T_MacroVariation'
[2017.04.24-23.18.35:272][660]LogProperty:Warning: ObjectProperty /Script/Engine.MaterialExpressionTextureBase:Texture: unresolved reference to 'Texture2D'/Game/StarterContent/Textures/T_MacroVariation.T_MacroVariation''
[2017.04.24-23.18.35:274][660]LogProperty:Warning: ObjectProperty /Script/Engine.ExpressionInput:Expression: unresolved reference to 'MaterialExpressionTextureCoordinate'MaterialGraphNode_8.MaterialExpressionTextureCoordinate_0')'
[2017.04.24-23.18.35:275][660]LogProperty:Warning: ObjectProperty /Script/Engine.ExpressionInput:Expression: unresolved reference to 'MaterialExpressionTextureSample'MaterialGraphNode_7.MaterialExpressionTextureSample_2',OutputIndex=1,Mask=1,MaskR=1)'
[2017.04.24-23.18.35:276][660]LogProperty:Warning: ObjectProperty /Script/Engine.ExpressionInput:Expression: unresolved reference to 'MaterialExpressionMultiply'MaterialGraphNode_13.MaterialExpressionMultiply_2')'
[2017.04.24-23.18.35:277][660]LogProperty:Warning: ObjectProperty /Script/Engine.MaterialExpressionTextureBase:Texture: unresolved reference to 'Texture2D'/Game/StarterContent/Textures/T_MacroVariation.T_MacroVariation''
[2017.04.24-23.18.35:279][660]LogProperty:Warning: ObjectProperty /Script/Engine.ExpressionInput:Expression: unresolved reference to 'MaterialExpressionTextureCoordinate'MaterialGraphNode_12.MaterialExpressionTextureCoordinate_1')'
[2017.04.24-23.18.35:280][660]LogProperty:Warning: ObjectProperty /Script/Engine.ExpressionInput:Expression: unresolved reference to 'MaterialExpressionTextureSample'MaterialGraphNode_11.MaterialExpressionTextureSample_3',OutputIndex=1,Mask=1,MaskR=1)'
[2017.04.24-23.18.35:281][660]LogProperty:Warning: ObjectProperty /Script/Engine.ExpressionInput:Expression: unresolved reference to 'MaterialExpressionMultiply'MaterialGraphNode_17.MaterialExpressionMultiply_3')'
[2017.04.24-23.18.35:282][660]LogProperty:Warning: ObjectProperty /Script/Engine.MaterialExpressionTextureBase:Texture: unresolved reference to 'Texture2D'/Game/StarterContent/Textures/T_MacroVariation.T_MacroVariation''
[2017.04.24-23.18.35:284][660]LogProperty:Warning: ObjectProperty /Script/Engine.ExpressionInput:Expression: unresolved reference to 'MaterialExpressionTextureCoordinate'MaterialGraphNode_16.MaterialExpressionTextureCoordinate_2')'
[2017.04.24-23.18.35:285][660]LogProperty:Warning: ObjectProperty /Script/Engine.ExpressionInput:Expression: unresolved reference to 'MaterialExpressionTextureSample'MaterialGraphNode_15.MaterialExpressionTextureSample_4',OutputIndex=1,Mask=1,MaskR=1)'
[2017.04.24-23.18.35:286][660]LogProperty:Warning: ObjectProperty /Script/Engine.ExpressionInput:Expression: unresolved reference to 'MaterialExpressionAdd'MaterialGraphNode_14.MaterialExpressionAdd_1')'
[2017.04.24-23.18.35:287][660]LogProperty:Warning: ObjectProperty /Script/Engine.ExpressionInput:Expression: unresolved reference to 'MaterialExpressionAdd'MaterialGraphNode_18.MaterialExpressionAdd_2')'
[2017.04.24-23.18.35:288][660]LogProperty:Warning: ObjectProperty /Script/Engine.ExpressionInput:Expression: unresolved reference to 'MaterialExpressionAdd'MaterialGraphNode_10.MaterialExpressionAdd_0')'
[2017.04.24-23.18.35:288][660]LogProperty:Warning: ObjectProperty /Script/Engine.ExpressionInput:Expression: unresolved reference to 'MaterialExpressionMultiply'MaterialGraphNode_19.MaterialExpressionMultiply_4')'
[2017.04.24-23.18.35:289][660]LogProperty:Warning: ObjectProperty /Script/Engine.ExpressionInput:Expression: unresolved reference to 'MaterialExpressionMultiply'MaterialGraphNode_20.MaterialExpressionMultiply_5')'
[2017.04.24-23.18.35:290][660]LogProperty:Warning: ObjectProperty /Script/Engine.ExpressionInput:Expression: unresolved reference to 'MaterialExpressionTextureSample'MaterialGraphNode_4.MaterialExpressionTextureSample_1',OutputIndex=4,Mask=1,MaskA=1)'
[2017.04.24-23.18.35:291][660]LogProperty:Warning: ObjectProperty /Script/Engine.ExpressionInput:Expression: unresolved reference to 'MaterialExpressionConstant3Vector'MaterialGraphNode_23.MaterialExpressionConstant3Vector_0')'
[2017.04.24-23.18.35:291][660]LogProperty:Warning: ObjectProperty /Script/Engine.ExpressionInput:Expression: unresolved reference to 'MaterialExpressionMultiply'MaterialGraphNode_20.MaterialExpressionMultiply_5')'
[2017.04.24-23.18.35:363][660]LogMaterial: Missing cached shader map for material M_Metal_Steel, compiling. 
[2017.04.24-23.18.35:364][660]LogMaterial:Warning: Failed to compile Material /Engine/Transient.M_Metal_Steel for platform PCD3D_SM5, Default Material will be used in game.
[2017.04.24-23.18.35:364][660]LogMaterial:Warning: 	(Node TextureSample) TextureSample> Missing input texture
[2017.04.24-23.18.35:364][660]LogMaterial: 0.00 seconds spent updating 1 materials, 1 interfaces, 0 instances, 0 with static permutations.
[2017.04.24-23.18.35:366][660]LogMaterial: Missing cached shader map for material FMatExpressionPreview MaterialExpressionTextureSample_0, compiling. 
[2017.04.24-23.18.35:368][660]LogMaterial: Missing cached shader map for material FMatExpressionPreview MaterialExpressionTextureSample_1, compiling. 
[2017.04.24-23.18.35:370][660]LogMaterial: Missing cached shader map for material FMatExpressionPreview MaterialExpressionTextureSample_2, compiling. 
[2017.04.24-23.18.35:372][660]LogMaterial: Missing cached shader map for material FMatExpressionPreview MaterialExpressionTextureSample_3, compiling. 
[2017.04.24-23.18.35:375][660]LogMaterial: Missing cached shader map for material FMatExpressionPreview MaterialExpressionTextureSample_4, compiling. 
[2017.04.24-23.18.35:377][660]LogMaterial: Missing cached shader map for material FMatExpressionPreview MaterialExpressionConstant3Vector_0, compiling. 
[2017.04.24-23.18.35:378][660]LogTemp:Display: Added material ShaderMap 0x000001FF76A01D00 with Material 0x000001FF83AFBA00 to ShaderMapsBeingCompiled
[2017.04.24-23.18.35:382][660]LogTemp:Display: Kicking off shader compilation for FMatExpressionPreview MaterialExpressionConstant3Vector_0, GameThreadShaderMap 0x000001FF76A01D00
[2017.04.24-23.18.41:567][838]LogMaterial: Missing cached shader map for material M_Metal_Steel, compiling. 
[2017.04.24-23.18.41:568][838]LogTemp:Display: Added material ShaderMap 0x000001FF8800BC80 with Material 0x000001FF71A3C400 to ShaderMapsBeingCompiled
[2017.04.24-23.18.41:606][838]LogTemp:Display: Kicking off shader compilation for M_Metal_Steel, GameThreadShaderMap 0x000001FF8800BC80
[2017.04.24-23.18.41:606][838]LogMaterial: 0.00 seconds spent updating 1 materials, 1 interfaces, 0 instances, 0 with static permutations.
[2017.04.24-23.18.41:606][838]LogTemp:Display: Removed shader map 0x000001FF76A01D00 from material 0x000001FF83AFBA00
[2017.04.24-23.18.41:608][838]LogMaterial: Missing cached shader map for material FMatExpressionPreview MaterialExpressionTextureSample_0, compiling. 
[2017.04.24-23.18.41:611][838]LogMaterial: Missing cached shader map for material FMatExpressionPreview MaterialExpressionTextureSample_1, compiling. 
[2017.04.24-23.18.41:613][838]LogMaterial: Missing cached shader map for material FMatExpressionPreview MaterialExpressionTextureSample_2, compiling. 
[2017.04.24-23.18.41:615][838]LogMaterial: Missing cached shader map for material FMatExpressionPreview MaterialExpressionTextureSample_3, compiling. 
[2017.04.24-23.18.41:618][838]LogMaterial: Missing cached shader map for material FMatExpressionPreview MaterialExpressionTextureSample_4, compiling. 
[2017.04.24-23.18.41:620][838]LogMaterial: Missing cached shader map for material FMatExpressionPreview MaterialExpressionConstant3Vector_0, compiling. 
[2017.04.24-23.18.41:621][838]LogTemp:Display: Added material ShaderMap 0x000001FF833C6400 with Material 0x000001FF76F61900 to ShaderMapsBeingCompiled
[2017.04.24-23.18.41:625][838]LogTemp:Display: Kicking off shader compilation for FMatExpressionPreview MaterialExpressionConstant3Vector_0, GameThreadShaderMap 0x000001FF833C6400
[2017.04.24-23.18.49:530][ 87]LogEditorTransaction: Undo Material Editor: Delete
[2017.04.24-23.18.49:545][ 87]LogMaterial: Missing cached shader map for material M_Metal_Steel, compiling. 
[2017.04.24-23.18.49:546][ 87]LogMaterial:Warning: Failed to compile Material /Engine/Transient.M_Metal_Steel for platform PCD3D_SM5, Default Material will be used in game.
[2017.04.24-23.18.49:546][ 87]LogMaterial:Warning: 	(Node TextureSample) TextureSample> Missing input texture
[2017.04.24-23.18.49:567][ 87]LogMaterial: Missing cached shader map for material M_Metal_Steel, compiling. 
[2017.04.24-23.18.49:568][ 87]LogMaterial:Warning: Failed to compile Material /Engine/Transient.M_Metal_Steel for platform PCD3D_SM5, Default Material will be used in game.
[2017.04.24-23.18.49:568][ 87]LogMaterial:Warning: 	(Node TextureSample) TextureSample> Missing input texture
[2017.04.24-23.18.49:568][ 87]LogMaterial: 0.00 seconds spent updating 1 materials, 1 interfaces, 0 instances, 0 with static permutations.
[2017.04.24-23.18.49:568][ 87]LogTemp:Display: Removed shader map 0x000001FF77041280 from material 0x000001FF7712C100
[2017.04.24-23.18.49:571][ 87]LogMaterial: Missing cached shader map for material FMatExpressionPreview MaterialExpressionTextureSample_79, compiling. 
[2017.04.24-23.18.49:573][ 87]LogMaterial: Missing cached shader map for material FMatExpressionPreview MaterialExpressionTextureSample_78, compiling. 
[2017.04.24-23.18.49:575][ 87]LogMaterial: Missing cached shader map for material FMatExpressionPreview MaterialExpressionTextureSample_81, compiling. 
[2017.04.24-23.18.49:578][ 87]LogMaterial: Missing cached shader map for material FMatExpressionPreview MaterialExpressionTextureSample_82, compiling. 
[2017.04.24-23.18.49:581][ 87]LogMaterial: Missing cached shader map for material FMatExpressionPreview MaterialExpressionTextureSample_83, compiling. 
[2017.04.24-23.18.49:583][ 87]LogMaterial: Missing cached shader map for material FMatExpressionPreview MaterialExpressionConstant3Vector_27, compiling. 
[2017.04.24-23.18.49:584][ 87]LogTemp:Display: Added material ShaderMap 0x000001FF76A02E80 with Material 0x000001FF83AF9300 to ShaderMapsBeingCompiled
[2017.04.24-23.18.49:588][ 87]LogTemp:Display: Kicking off shader compilation for FMatExpressionPreview MaterialExpressionConstant3Vector_27, GameThreadShaderMap 0x000001FF76A02E80
[2017.04.24-23.19.15:467][860]LogMaterial: Missing cached shader map for material M_Metal_Steel, compiling. 
[2017.04.24-23.19.15:468][860]LogTemp:Display: Added material ShaderMap 0x000001FF8338B580 with Material 0x000001FF71A3C400 to ShaderMapsBeingCompiled
[2017.04.24-23.19.15:490][860]LogTemp:Display: Kicking off shader compilation for M_Metal_Steel, GameThreadShaderMap 0x000001FF8338B580
[2017.04.24-23.19.15:491][860]LogMaterial: 0.00 seconds spent updating 1 materials, 1 interfaces, 0 instances, 0 with static permutations.
[2017.04.24-23.19.18:944][972]LogEditorTransaction: Undo Material Editor: Delete
[2017.04.24-23.19.18:958][972]LogMaterial: Missing cached shader map for material M_Metal_Steel, compiling. 
[2017.04.24-23.19.18:959][972]LogMaterial:Warning: Failed to compile Material /Engine/Transient.M_Metal_Steel for platform PCD3D_SM5, Default Material will be used in game.
[2017.04.24-23.19.18:959][972]LogMaterial:Warning: 	(Node TextureSample) TextureSample> Missing input texture
[2017.04.24-23.19.18:966][972]LogMaterial: Missing cached shader map for material M_Metal_Steel, compiling. 
[2017.04.24-23.19.18:967][972]LogMaterial:Warning: Failed to compile Material /Engine/Transient.M_Metal_Steel for platform PCD3D_SM5, Default Material will be used in game.
[2017.04.24-23.19.18:967][972]LogMaterial:Warning: 	(Node TextureSample) TextureSample> Missing input texture
[2017.04.24-23.19.18:967][972]LogMaterial: 0.00 seconds spent updating 1 materials, 1 interfaces, 0 instances, 0 with static permutations.
[2017.04.24-23.19.18:968][972]LogTemp:Display: Removed shader map 0x000001FF76A02E80 from material 0x000001FF83AF9300
[2017.04.24-23.19.18:970][972]LogMaterial: Missing cached shader map for material FMatExpressionPreview MaterialExpressionTextureSample_79, compiling. 
[2017.04.24-23.19.18:972][972]LogMaterial: Missing cached shader map for material FMatExpressionPreview MaterialExpressionTextureSample_78, compiling. 
[2017.04.24-23.19.18:975][972]LogMaterial: Missing cached shader map for material FMatExpressionPreview MaterialExpressionTextureSample_81, compiling. 
[2017.04.24-23.19.18:977][972]LogMaterial: Missing cached shader map for material FMatExpressionPreview MaterialExpressionTextureSample_82, compiling. 
[2017.04.24-23.19.18:980][972]LogMaterial: Missing cached shader map for material FMatExpressionPreview MaterialExpressionTextureSample_83, compiling. 
[2017.04.24-23.19.18:982][972]LogMaterial: Missing cached shader map for material FMatExpressionPreview MaterialExpressionConstant3Vector_27, compiling. 
[2017.04.24-23.19.18:984][972]LogTemp:Display: Added material ShaderMap 0x000001FF83589D00 with Material 0x000001FF8357E500 to ShaderMapsBeingCompiled
[2017.04.24-23.19.18:988][972]LogTemp:Display: Kicking off shader compilation for FMatExpressionPreview MaterialExpressionConstant3Vector_27, GameThreadShaderMap 0x000001FF83589D00
[2017.04.24-23.19.27:657][300]LogEditorTransaction: Undo Rename Node
[2017.04.24-23.19.27:662][300]LogMaterial: Missing cached shader map for material M_Metal_Steel, compiling. 
[2017.04.24-23.19.27:662][300]LogMaterial:Warning: Failed to compile Material /Engine/Transient.M_Metal_Steel for platform PCD3D_SM5, Default Material will be used in game.
[2017.04.24-23.19.27:662][300]LogMaterial:Warning: 	(Node TextureSample) TextureSample> Missing input texture
[2017.04.24-23.19.27:663][300]LogMaterial: 0.00 seconds spent updating 1 materials, 1 interfaces, 0 instances, 0 with static permutations.
[2017.04.24-23.19.29:103][334]LogEditorTransaction: Redo Rename Node
[2017.04.24-23.19.29:108][334]LogMaterial: Missing cached shader map for material M_Metal_Steel, compiling. 
[2017.04.24-23.19.29:109][334]LogMaterial:Warning: Failed to compile Material /Engine/Transient.M_Metal_Steel for platform PCD3D_SM5, Default Material will be used in game.
[2017.04.24-23.19.29:109][334]LogMaterial:Warning: 	(Node TextureSample) TextureSample> Missing input texture
[2017.04.24-23.19.29:109][334]LogMaterial: 0.00 seconds spent updating 1 materials, 1 interfaces, 0 instances, 0 with static permutations.
[2017.04.24-23.19.29:663][340]LogEditorTransaction: Redo Material Editor: Delete
[2017.04.24-23.19.29:675][340]LogMaterial: Missing cached shader map for material M_Metal_Steel, compiling. 
[2017.04.24-23.19.29:677][340]LogTemp:Display: Added material ShaderMap 0x000001FF8A410F00 with Material 0x000001FF71A3C400 to ShaderMapsBeingCompiled
[2017.04.24-23.19.29:698][340]LogTemp:Display: Kicking off shader compilation for M_Metal_Steel, GameThreadShaderMap 0x000001FF8A410F00
[2017.04.24-23.19.29:703][340]LogMaterial: Missing cached shader map for material M_Metal_Steel, compiling. 
[2017.04.24-23.19.29:704][340]LogTemp:Display: Added material ShaderMap 0x000001FF8CA22080 with Material 0x000001FF71A3C400 to ShaderMapsBeingCompiled
[2017.04.24-23.19.29:725][340]LogTemp:Display: Kicking off shader compilation for M_Metal_Steel, GameThreadShaderMap 0x000001FF8CA22080
[2017.04.24-23.19.29:725][340]LogMaterial: 0.00 seconds spent updating 1 materials, 1 interfaces, 0 instances, 0 with static permutations.
[2017.04.24-23.19.31:784][395]LogTemp:Display: Finished compile of shader map 0x000001FF77041280
[2017.04.24-23.19.40:158][675]LogMaterial: Missing cached shader map for material M_Metal_Steel, compiling. 
[2017.04.24-23.19.40:159][675]LogMaterial:Warning: Failed to compile Material /Engine/Transient.M_Metal_Steel for platform PCD3D_SM5, Default Material will be used in game.
[2017.04.24-23.19.40:159][675]LogMaterial:Warning: 	(Node TextureSample) TextureSample> Missing input texture
[2017.04.24-23.19.40:159][675]LogMaterial: 0.00 seconds spent updating 1 materials, 1 interfaces, 0 instances, 0 with static permutations.
[2017.04.24-23.19.40:161][675]LogMaterial: Missing cached shader map for material FMatExpressionPreview MaterialExpressionTextureSample_0, compiling. 
[2017.04.24-23.19.43:652][801]LogMaterial: Missing cached shader map for material M_Metal_Steel, compiling. 
[2017.04.24-23.19.43:653][801]LogMaterial:Warning: Failed to compile Material /Engine/Transient.M_Metal_Steel for platform PCD3D_SM5, Default Material will be used in game.
[2017.04.24-23.19.43:653][801]LogMaterial:Warning: 	(Node TextureSample) TextureSample> Missing input texture
[2017.04.24-23.19.43:653][801]LogMaterial: 0.00 seconds spent updating 1 materials, 1 interfaces, 0 instances, 0 with static permutations.
[2017.04.24-23.19.47:929][950]LogMaterial: Missing cached shader map for material M_Metal_Steel, compiling. 
[2017.04.24-23.19.47:930][950]LogMaterial:Warning: Failed to compile Material /Engine/Transient.M_Metal_Steel for platform PCD3D_SM5, Default Material will be used in game.
[2017.04.24-23.19.47:930][950]LogMaterial:Warning: 	(Node TextureSample) TextureSample> Missing input texture
[2017.04.24-23.19.47:930][950]LogMaterial: 0.00 seconds spent updating 1 materials, 1 interfaces, 0 instances, 0 with static permutations.
[2017.04.24-23.20.03:943][507]LogMaterial: Missing cached shader map for material M_Metal_Steel, compiling. 
[2017.04.24-23.20.03:944][507]LogMaterial:Warning: Failed to compile Material /Engine/Transient.M_Metal_Steel for platform PCD3D_SM5, Default Material will be used in game.
[2017.04.24-23.20.03:944][507]LogMaterial:Warning: 	(Node TextureSample) TextureSample> Missing input texture
[2017.04.24-23.20.03:944][507]LogMaterial: 0.00 seconds spent updating 1 materials, 1 interfaces, 0 instances, 0 with static permutations.
[2017.04.24-23.20.08:441][660]LogMaterialEditor: Applying material M_Metal_Steel
[2017.04.24-23.20.13:229][660]LogTemp:Display: Finished compile of shader map 0x000001FF833C6400
[2017.04.24-23.20.13:229][660]LogTemp:Display: Shader map FMatExpressionPreview MaterialExpressionConstant3Vector_0 complete, GameThreadShaderMap 0x000001FF833C6400, marking material FMatExpressionPreview MaterialExpressionConstant3Vector_0 as finished
[2017.04.24-23.20.13:229][660]LogTemp:Display: Marking material as finished 0x000001FF76F61900
[2017.04.24-23.20.13:232][660]LogTemp:Display: Finished compile of shader map 0x000001FF83589D00
[2017.04.24-23.20.13:232][660]LogTemp:Display: Shader map FMatExpressionPreview MaterialExpressionConstant3Vector_27 complete, GameThreadShaderMap 0x000001FF83589D00, marking material FMatExpressionPreview NULL as finished
[2017.04.24-23.20.13:232][660]LogTemp:Display: Marking material as finished 0x000001FF8357E500
[2017.04.24-23.20.15:912][768]LogMaterialEditor: Applying material M_Metal_Steel
[2017.04.24-23.20.18:604][768]LogMaterial: Missing cached shader map for material M_Metal_Steel, compiling. 
[2017.04.24-23.20.18:605][768]LogMaterial:Warning: Failed to compile Material /Engine/Transient.M_Metal_Steel for platform PCD3D_SM5, Default Material will be used in game.
[2017.04.24-23.20.18:605][768]LogMaterial:Warning: 	(Node TextureSample) TextureSample> Missing input texture
[2017.04.24-23.20.18:605][768]LogMaterial: 0.00 seconds spent updating 1 materials, 1 interfaces, 0 instances, 0 with static permutations.
[2017.04.24-23.20.18:641][768]LogMaterial: Missing cached shader map for material M_Metal_Steel, compiling. 
[2017.04.24-23.20.18:642][768]LogMaterial:Warning: Failed to compile Material /Game/ExampleContent/Materials/StarterContent/Materials/M_Metal_Steel.M_Metal_Steel for platform PCD3D_SM5, Default Material will be used in game.
[2017.04.24-23.20.18:642][768]LogMaterial:Warning: 	(Node TextureSample) TextureSample> Missing input texture
[2017.04.24-23.20.18:647][768]LogMaterial: Missing cached shader map for material M_Metal_Steel, compiling. 
[2017.04.24-23.20.18:648][768]LogMaterial:Warning: Failed to compile Material /Game/ExampleContent/Materials/StarterContent/Materials/M_Metal_Steel.M_Metal_Steel for platform PCD3D_SM5, Default Material will be used in game.
[2017.04.24-23.20.18:648][768]LogMaterial:Warning: 	(Node TextureSample) TextureSample> Missing input texture
[2017.04.24-23.20.18:650][768]LogMaterial: 0.00 seconds spent updating 1 materials, 1 interfaces, 0 instances, 0 with static permutations.
[2017.04.24-23.20.18:711][768]LogMaterial: Missing cached shader map for material FDebugViewModeMaterialProxy M_Metal_Steel, compiling. 
[2017.04.24-23.20.18:712][768]TextureStreamingBuild:Display: Compiling optional shaders took 0.007 seconds.
[2017.04.24-23.20.37:858][708]LogLinker:Warning: Can't find file '/Game/StarterContent/Textures/T_Metal_Aluminum_D'
[2017.04.24-23.20.37:858][708]LogLinker:Warning: Can't find file for asset '/Game/StarterContent/Textures/T_Metal_Aluminum_D' while loading ../../../../../../Users/Alex/Documents/RusskyIstrebetel2/IskyRestrubel/Content/ExampleContent/Materials/StarterContent/Materials/M_Metal_Burnished_Steel.uasset.
[2017.04.24-23.20.37:858][708]LoadErrors:Error: Error /Game/ExampleContent/Materials/StarterContent/Materials/M_Metal_Burnished_Steel : Can't find file for asset. /Game/StarterContent/Textures/T_Metal_Aluminum_D
[2017.04.24-23.20.37:858][708]LogLinker:Warning: Can't find file '/Game/StarterContent/Textures/T_Metal_Gold_N'
[2017.04.24-23.20.37:858][708]LogLinker:Warning: Can't find file for asset '/Game/StarterContent/Textures/T_Metal_Gold_N' while loading ../../../../../../Users/Alex/Documents/RusskyIstrebetel2/IskyRestrubel/Content/ExampleContent/Materials/StarterContent/Materials/M_Metal_Burnished_Steel.uasset.
[2017.04.24-23.20.37:858][708]LoadErrors:Error: Error /Game/ExampleContent/Materials/StarterContent/Materials/M_Metal_Burnished_Steel : Can't find file for asset. /Game/StarterContent/Textures/T_Metal_Gold_N
[2017.04.24-23.20.37:859][708]LogLinker:Warning: Can't find file '/Game/StarterContent/Textures/T_Metal_Aluminum_D'
[2017.04.24-23.20.37:859][708]LogLinker:Warning: Can't find file for asset '/Game/StarterContent/Textures/T_Metal_Aluminum_D' while loading ../../../../../../Users/Alex/Documents/RusskyIstrebetel2/IskyRestrubel/Content/ExampleContent/Materials/StarterContent/Materials/M_Metal_Burnished_Steel.uasset.
[2017.04.24-23.20.37:859][708]LogLinker:Warning: Can't find file '/Game/StarterContent/Textures/T_Metal_Gold_N'
[2017.04.24-23.20.37:859][708]LogLinker:Warning: Can't find file for asset '/Game/StarterContent/Textures/T_Metal_Gold_N' while loading ../../../../../../Users/Alex/Documents/RusskyIstrebetel2/IskyRestrubel/Content/ExampleContent/Materials/StarterContent/Materials/M_Metal_Burnished_Steel.uasset.
[2017.04.24-23.20.37:862][708]LogLinker:Warning: Can't find file '/Game/StarterContent/Textures/T_Metal_Aluminum_D'
[2017.04.24-23.20.37:862][708]LoadErrors: Info Failed to load /Game/StarterContent/Textures/T_Metal_Aluminum_D.T_Metal_Aluminum_D Referenced by MaterialExpressionTextureSample_46
[2017.04.24-23.20.37:862][708]LogLinker:Warning: Can't find file for asset '/Game/StarterContent/Textures/T_Metal_Aluminum_D' while loading NULL.
[2017.04.24-23.20.37:862][708]LogLinker:Warning: Can't find file '/Game/StarterContent/Textures/T_Metal_Gold_N'
[2017.04.24-23.20.37:862][708]LoadErrors: Info Failed to load /Game/StarterContent/Textures/T_Metal_Gold_N.T_Metal_Gold_N Referenced by MaterialExpressionTextureSample_47
[2017.04.24-23.20.37:862][708]LogLinker:Warning: Can't find file for asset '/Game/StarterContent/Textures/T_Metal_Gold_N' while loading NULL.
[2017.04.24-23.20.37:865][708]LogMaterial: Missing cached shader map for material M_Metal_Burnished_Steel, compiling. 
[2017.04.24-23.20.37:866][708]LogMaterial:Warning: Failed to compile Material /Game/ExampleContent/Materials/StarterContent/Materials/M_Metal_Burnished_Steel.M_Metal_Burnished_Steel for platform PCD3D_SM5, Default Material will be used in game.
[2017.04.24-23.20.37:866][708]LogMaterial:Warning: 	(Node TextureSample) TextureSample> Missing input texture
[2017.04.24-23.20.37:893][708]LogMaterial: Missing cached shader map for material M_Metal_Burnished_Steel, compiling. 
[2017.04.24-23.20.37:894][708]LogMaterial:Warning: Failed to compile Material /Engine/Transient.M_Metal_Burnished_Steel for platform PCD3D_SM5, Default Material will be used in game.
[2017.04.24-23.20.37:894][708]LogMaterial:Warning: 	(Node TextureSample) TextureSample> Missing input texture
[2017.04.24-23.20.38:025][708]LogMaterial: Missing cached shader map for material M_Metal_Burnished_Steel, compiling. 
[2017.04.24-23.20.38:026][708]LogMaterial:Warning: Failed to compile Material /Engine/Transient.M_Metal_Burnished_Steel for platform PCD3D_SM5, Default Material will be used in game.
[2017.04.24-23.20.38:026][708]LogMaterial:Warning: 	(Node TextureSample) TextureSample> Missing input texture
[2017.04.24-23.20.38:026][708]LogMaterial: 0.00 seconds spent updating 1 materials, 1 interfaces, 0 instances, 0 with static permutations.
[2017.04.24-23.20.38:027][708]LogMaterial: Missing cached shader map for material FMatExpressionPreview MaterialExpressionTextureSample_47, compiling. 
[2017.04.24-23.20.38:029][708]LogMaterial: Missing cached shader map for material FMatExpressionPreview MaterialExpressionTextureSample_46, compiling. 
[2017.04.24-23.20.38:030][708]LogMaterial: Missing cached shader map for material FMatExpressionPreview MaterialExpressionTextureSample_49, compiling. 
[2017.04.24-23.20.38:032][708]LogMaterial: Missing cached shader map for material FMatExpressionPreview MaterialExpressionTextureSample_50, compiling. 
[2017.04.24-23.20.38:033][708]LogMaterial: Missing cached shader map for material FMatExpressionPreview MaterialExpressionTextureSample_51, compiling. 
[2017.04.24-23.20.38:035][708]LogMaterial: Missing cached shader map for material FMatExpressionPreview MaterialExpressionConstant3Vector_18, compiling. 
[2017.04.24-23.20.38:036][708]LogTemp:Display: Added material ShaderMap 0x000001FF71795980 with Material 0x000001FF71A54700 to ShaderMapsBeingCompiled
[2017.04.24-23.20.38:042][708]LogTemp:Display: Kicking off shader compilation for FMatExpressionPreview MaterialExpressionConstant3Vector_18, GameThreadShaderMap 0x000001FF71795980
[2017.04.24-23.20.40:648][781]LogMaterialEditor: Saving and Compiling material M_Metal_Burnished_Steel
[2017.04.24-23.20.40:789][781]LogSavePackage: Save=35.38ms
[2017.04.24-23.20.40:789][781]LogSavePackage: Moving '../../../../../../Users/Alex/Documents/RusskyIstrebetel2/IskyRestrubel/Saved/M_Metal_Burnished_Steel6D9F93B3432FEBD168B739BAC427C02C.tmp' to '../../../../../../Users/Alex/Documents/RusskyIstrebetel2/IskyRestrubel/Content/ExampleContent/Materials/StarterContent/Materials/M_Metal_Burnished_Steel.uasset'
[2017.04.24-23.20.40:792][781]LogSavePackage:Display: Finished SavePackage ../../../../../../Users/Alex/Documents/RusskyIstrebetel2/IskyRestrubel/Content/ExampleContent/Materials/StarterContent/Materials/M_Metal_Burnished_Steel.uasset
[2017.04.24-23.20.46:488][978]LogMaterial: Missing cached shader map for material M_Metal_Burnished_Steel, compiling. 
[2017.04.24-23.20.46:489][978]LogMaterial:Warning: Failed to compile Material /Engine/Transient.M_Metal_Burnished_Steel for platform PCD3D_SM5, Default Material will be used in game.
[2017.04.24-23.20.46:489][978]LogMaterial:Warning: 	(Node TextureSample) TextureSample> Missing input texture
[2017.04.24-23.20.46:489][978]LogMaterial: 0.00 seconds spent updating 1 materials, 1 interfaces, 0 instances, 0 with static permutations.
[2017.04.24-23.20.48:215][ 42]LogMaterial: Missing cached shader map for material M_Metal_Burnished_Steel, compiling. 
[2017.04.24-23.20.48:216][ 42]LogMaterial:Warning: Failed to compile Material /Engine/Transient.M_Metal_Burnished_Steel for platform PCD3D_SM5, Default Material will be used in game.
[2017.04.24-23.20.48:216][ 42]LogMaterial:Warning: 	(Node TextureSample) TextureSample> Missing input texture
[2017.04.24-23.20.48:216][ 42]LogMaterial: 0.00 seconds spent updating 1 materials, 1 interfaces, 0 instances, 0 with static permutations.
[2017.04.24-23.20.49:274][ 79]LogMaterialEditor: Applying material M_Metal_Burnished_Steel
[2017.04.24-23.20.52:933][ 79]LogTemp:Display: Finished compile of shader map 0x000001FF71795980
[2017.04.24-23.20.52:933][ 79]LogTemp:Display: Shader map FMatExpressionPreview MaterialExpressionConstant3Vector_18 complete, GameThreadShaderMap 0x000001FF71795980, marking material FMatExpressionPreview MaterialExpressionConstant3Vector_18 as finished
[2017.04.24-23.20.52:933][ 79]LogTemp:Display: Marking material as finished 0x000001FF71A54700
[2017.04.24-23.21.02:408][492]LogSavePackage: Save=24.45ms
[2017.04.24-23.21.02:409][492]LogSavePackage: Moving '../../../../../../Users/Alex/Documents/RusskyIstrebetel2/IskyRestrubel/Saved/M_Metal_Steel0A7B71294FC243308C5983BCBD0EA0BE.tmp' to '../../../../../../Users/Alex/Documents/RusskyIstrebetel2/IskyRestrubel/Content/ExampleContent/Materials/StarterContent/Materials/M_Metal_Steel.uasset'
[2017.04.24-23.21.02:413][492]LogSavePackage:Display: Finished SavePackage ../../../../../../Users/Alex/Documents/RusskyIstrebetel2/IskyRestrubel/Content/ExampleContent/Materials/StarterContent/Materials/M_Metal_Steel.uasset
[2017.04.24-23.21.04:098][615]LogActorComponent: UnregisterComponent: (/Engine/Transient.EditorFloorComp) Not registered. Aborting.
[2017.04.24-23.21.05:017][635]LogActorComponent: UnregisterComponent: (/Engine/Transient.EditorFloorComp) Not registered. Aborting.
[2017.04.24-23.21.06:600][754]LogWindowsTextInputMethodSystem:Display: IME system now deactivated.
[2017.04.24-23.21.06:763][755]Cmd: QUIT_EDITOR
[2017.04.24-23.21.06:860][755]LogExit: Preparing to exit.
[2017.04.24-23.21.07:748][755]LogDirectoryWatcher: A directory notification for 'C:/Users/Alex/Documents/RusskyIstrebetel2/IskyRestrubel/Content/' was aborted.
[2017.04.24-23.21.07:806][755]LogExit: Editor shut down
[2017.04.24-23.21.07:806][755]LogExit: Transaction tracking system shut down
[2017.04.24-23.21.07:831][755]LogTemp:Display: Removed shader map 0x000001FF8800BC80 from material 0x000001FF71A3C400
[2017.04.24-23.21.07:831][755]LogTemp:Display: Removed shader map 0x000001FF8338B580 from material 0x000001FF71A3C400
[2017.04.24-23.21.07:831][755]LogTemp:Display: Removed shader map 0x000001FF8A410F00 from material 0x000001FF71A3C400
[2017.04.24-23.21.07:831][755]LogTemp:Display: Removed shader map 0x000001FF8CA22080 from material 0x000001FF71A3C400
[2017.04.24-23.21.07:981][755]LogObj: Freed 0b from 0 cluster array pools.
[2017.04.24-23.21.07:981][755]LogExit: Object subsystem successfully closed.
[2017.04.24-23.21.07:991][755]LogD3D11RHI: Shutdown
[2017.04.24-23.21.07:991][755]LogD3D11RHI: CleanupD3DDevice
[2017.04.24-23.21.08:118][755]LogD3D11RHI: ~FD3D11DynamicRHI
[2017.04.24-23.21.08:157][755]LogModuleManager: Shutting down and abandoning module MaterialEditor (504)
[2017.04.24-23.21.08:157][755]LogModuleManager: Shutting down and abandoning module BlueprintGraph (502)
[2017.04.24-23.21.08:157][755]LogModuleManager: Shutting down and abandoning module BlueprintProfiler (500)
[2017.04.24-23.21.08:157][755]LogModuleManager: Shutting down and abandoning module HierarchicalLODOutliner (498)
[2017.04.24-23.21.08:157][755]LogModuleManager: Shutting down and abandoning module CrashTracker (496)
[2017.04.24-23.21.08:157][755]LogModuleManager: Shutting down and abandoning module SceneOutliner (494)
[2017.04.24-23.21.08:157][755]LogModuleManager: Shutting down and abandoning module AddContentDialog (492)
[2017.04.24-23.21.08:157][755]LogDirectoryWatcher: A directory notification for 'C:/Program Files/Epic Games/UE_4.15/FeaturePacks/' was aborted.
[2017.04.24-23.21.08:158][755]LogModuleManager: Shutting down and abandoning module WidgetCarousel (491)
[2017.04.24-23.21.08:158][755]LogModuleManager: Shutting down and abandoning module EditorWidgets (488)
[2017.04.24-23.21.08:158][755]LogModuleManager: Shutting down and abandoning module CollectionManager (486)
[2017.04.24-23.21.08:158][755]LogDirectoryWatcher: A directory notification for 'C:/Users/Alex/Documents/RusskyIstrebetel2/IskyRestrubel/Content/Collections/' was aborted.
[2017.04.24-23.21.08:159][755]LogDirectoryWatcher: A directory notification for 'C:/Users/Alex/Documents/RusskyIstrebetel2/IskyRestrubel/Content/Developers/Alex/Collections/' was aborted.
[2017.04.24-23.21.08:159][755]LogDirectoryWatcher: A directory notification for 'C:/Users/Alex/Documents/RusskyIstrebetel2/IskyRestrubel/Saved/Collections/' was aborted.
[2017.04.24-23.21.08:159][755]LogModuleManager: Shutting down and abandoning module StatsViewer (484)
[2017.04.24-23.21.08:159][755]LogModuleManager: Shutting down and abandoning module FoliageEdit (482)
[2017.04.24-23.21.08:159][755]LogModuleManager: Shutting down and abandoning module LandscapeEditor (480)
[2017.04.24-23.21.08:159][755]LogModuleManager: Shutting down and abandoning module SceneDepthPickerMode (478)
[2017.04.24-23.21.08:159][755]LogModuleManager: Shutting down and abandoning module ActorPickerMode (476)
[2017.04.24-23.21.08:159][755]LogModuleManager: Shutting down and abandoning module GeometryMode (474)
[2017.04.24-23.21.08:159][755]LogModuleManager: Shutting down and abandoning module TextureAlignMode (472)
[2017.04.24-23.21.08:159][755]LogModuleManager: Shutting down and abandoning module BspMode (470)
[2017.04.24-23.21.08:159][755]LogModuleManager: Shutting down and abandoning module HardwareSurvey (468)
[2017.04.24-23.21.08:159][755]LogModuleManager: Shutting down and abandoning module SequenceRecorderSections (466)
[2017.04.24-23.21.08:159][755]LogModuleManager: Shutting down and abandoning module AutomationWorker (464)
[2017.04.24-23.21.08:159][755]LogModuleManager: Shutting down and abandoning module MatineeToLevelSequence (462)
[2017.04.24-23.21.08:159][755]LogModuleManager: Shutting down and abandoning module LevelSequenceEditor (460)
[2017.04.24-23.21.08:159][755]LogModuleManager: Shutting down and abandoning module PlacementMode (459)
[2017.04.24-23.21.08:159][755]LogModuleManager: Shutting down and abandoning module WmfMediaFactory (456)
[2017.04.24-23.21.08:159][755]LogModuleManager: Shutting down and abandoning module WmfMediaEditor (454)
[2017.04.24-23.21.08:159][755]LogModuleManager: Shutting down and abandoning module MfMediaFactory (452)
[2017.04.24-23.21.08:159][755]LogModuleManager: Shutting down and abandoning module MfMediaEditor (450)
[2017.04.24-23.21.08:159][755]LogModuleManager: Shutting down and abandoning module AvfMediaFactory (448)
[2017.04.24-23.21.08:159][755]LogModuleManager: Shutting down and abandoning module AvfMediaEditor (446)
[2017.04.24-23.21.08:159][755]LogModuleManager: Shutting down and abandoning module AndroidMediaFactory (444)
[2017.04.24-23.21.08:159][755]LogModuleManager: Shutting down and abandoning module Media (443)
[2017.04.24-23.21.08:159][755]LogModuleManager: Shutting down and abandoning module AndroidMediaEditor (440)
[2017.04.24-23.21.08:159][755]LogModuleManager: Shutting down and abandoning module CharacterAI (438)
[2017.04.24-23.21.08:159][755]LogModuleManager: Shutting down and abandoning module AudioCapture (436)
[2017.04.24-23.21.08:159][755]LogModuleManager: Shutting down and abandoning module SequenceRecorder (435)
[2017.04.24-23.21.08:159][755]LogModuleManager: Shutting down and abandoning module SmartSnapping (432)
[2017.04.24-23.21.08:159][755]LogModuleManager: Shutting down and abandoning module SessionServices (430)
[2017.04.24-23.21.08:159][755]LogModuleManager: Shutting down and abandoning module ViewportSnapping (428)
[2017.04.24-23.21.08:159][755]LogModuleManager: Shutting down and abandoning module ViewportInteraction (426)
[2017.04.24-23.21.08:159][755]LogModuleManager: Shutting down and abandoning module LogVisualizer (424)
[2017.04.24-23.21.08:159][755]LogModuleManager: Shutting down and abandoning module IntroTutorials (422)
[2017.04.24-23.21.08:159][755]LogModuleManager: Shutting down and abandoning module GameProjectGeneration (421)
[2017.04.24-23.21.08:159][755]LogModuleManager: Shutting down and abandoning module EditorLiveStreaming (418)
[2017.04.24-23.21.08:159][755]LogModuleManager: Shutting down and abandoning module IOSPlatformEditor (416)
[2017.04.24-23.21.08:159][755]LogModuleManager: Shutting down and abandoning module HTML5PlatformEditor (414)
[2017.04.24-23.21.08:159][755]LogModuleManager: Shutting down and abandoning module AndroidPlatformEditor (412)
[2017.04.24-23.21.08:159][755]LogModuleManager: Shutting down and abandoning module AndroidDeviceDetection (411)
[2017.04.24-23.21.08:714][755]LogModuleManager: Shutting down and abandoning module IOSRuntimeSettings (408)
[2017.04.24-23.21.08:714][755]LogModuleManager: Shutting down and abandoning module AndroidRuntimeSettings (406)
[2017.04.24-23.21.08:714][755]LogModuleManager: Shutting down and abandoning module InputBindingEditor (404)
[2017.04.24-23.21.08:714][755]LogModuleManager: Shutting down and abandoning module NiagaraEditor (402)
[2017.04.24-23.21.08:714][755]LogModuleManager: Shutting down and abandoning module MergeActors (400)
[2017.04.24-23.21.08:714][755]LogModuleManager: Shutting down and abandoning module SizeMap (398)
[2017.04.24-23.21.08:714][755]LogModuleManager: Shutting down and abandoning module TreeMap (396)
[2017.04.24-23.21.08:714][755]LogModuleManager: Shutting down and abandoning module ReferenceViewer (394)
[2017.04.24-23.21.08:715][755]LogModuleManager: Shutting down and abandoning module LocalizationDashboard (392)
[2017.04.24-23.21.08:715][755]LogModuleManager: Shutting down and abandoning module LocalizationService (391)
[2017.04.24-23.21.08:715][755]LogModuleManager: Shutting down and abandoning module HardwareTargeting (388)
[2017.04.24-23.21.08:715][755]LogModuleManager: Shutting down and abandoning module DeviceProfileEditor (386)
[2017.04.24-23.21.08:715][755]LogModuleManager: Shutting down and abandoning module UndoHistory (384)
[2017.04.24-23.21.08:715][755]LogModuleManager: Shutting down and abandoning module UserFeedback (382)
[2017.04.24-23.21.08:715][755]LogModuleManager: Shutting down and abandoning module XmlParser (380)
[2017.04.24-23.21.08:715][755]LogModuleManager: Shutting down and abandoning module Blutility (378)
[2017.04.24-23.21.08:715][755]LogModuleManager: Shutting down and abandoning module ProjectSettingsViewer (376)
[2017.04.24-23.21.08:715][755]LogModuleManager: Shutting down and abandoning module ProjectTargetPlatformEditor (375)
[2017.04.24-23.21.08:716][755]LogModuleManager: Shutting down and abandoning module EditorSettingsViewer (372)
[2017.04.24-23.21.08:716][755]LogModuleManager: Shutting down and abandoning module SettingsEditor (370)
[2017.04.24-23.21.08:716][755]LogModuleManager: Shutting down and abandoning module ProjectLauncher (368)
[2017.04.24-23.21.08:716][755]LogModuleManager: Shutting down and abandoning module SessionFrontend (366)
[2017.04.24-23.21.08:716][755]LogModuleManager: Shutting down and abandoning module ProfilerClient (364)
[2017.04.24-23.21.08:716][755]LogModuleManager: Shutting down and abandoning module DeviceManager (362)
[2017.04.24-23.21.08:716][755]LogModuleManager: Shutting down and abandoning module TargetDeviceServices (361)
[2017.04.24-23.21.08:759][755]LogModuleManager: Shutting down and abandoning module AutomationController (358)
[2017.04.24-23.21.08:759][755]LogModuleManager: Shutting down and abandoning module AutomationWindow (356)
[2017.04.24-23.21.08:759][755]LogModuleManager: Shutting down and abandoning module Layers (354)
[2017.04.24-23.21.08:759][755]LogModuleManager: Shutting down and abandoning module ComponentVisualizers (352)
[2017.04.24-23.21.08:759][755]LogModuleManager: Shutting down and abandoning module DetailCustomizations (350)
[2017.04.24-23.21.08:759][755]LogModuleManager: Shutting down and abandoning module PackagesDialog (348)
[2017.04.24-23.21.08:759][755]LogModuleManager: Shutting down and abandoning module Persona (346)
[2017.04.24-23.21.08:759][755]LogModuleManager: Shutting down and abandoning module AnimGraph (345)
[2017.04.24-23.21.08:759][755]LogModuleManager: Shutting down and abandoning module Kismet (342)
[2017.04.24-23.21.08:781][755]LogModuleManager: Shutting down and abandoning module GraphEditor (340)
[2017.04.24-23.21.08:781][755]LogModuleManager: Shutting down and abandoning module ClassViewer (338)
[2017.04.24-23.21.08:782][755]LogModuleManager: Shutting down and abandoning module Toolbox (336)
[2017.04.24-23.21.08:782][755]LogModuleManager: Shutting down and abandoning module ModuleUI (334)
[2017.04.24-23.21.08:782][755]LogModuleManager: Shutting down and abandoning module MovieSceneTools (332)
[2017.04.24-23.21.08:782][755]LogModuleManager: Shutting down and abandoning module OutputLog (330)
[2017.04.24-23.21.08:782][755]LogModuleManager: Shutting down and abandoning module GammaUI (328)
[2017.04.24-23.21.08:782][755]LogModuleManager: Shutting down and abandoning module Documentation (326)
[2017.04.24-23.21.08:782][755]LogModuleManager: Shutting down and abandoning module Niagara (324)
[2017.04.24-23.21.08:782][755]LogModuleManager: Shutting down and abandoning module StreamingPauseRendering (322)
[2017.04.24-23.21.08:782][755]LogModuleManager: Shutting down and abandoning module AnalyticsET (320)
[2017.04.24-23.21.08:782][755]LogModuleManager: Shutting down and abandoning module PortalServices (318)
[2017.04.24-23.21.08:782][755]LogModuleManager: Shutting down and abandoning module PortalRpc (316)
[2017.04.24-23.21.08:782][755]LogModuleManager: Shutting down and abandoning module MessagingRpc (314)
[2017.04.24-23.21.08:782][755]LogModuleManager: Shutting down and abandoning module AIModule (312)
[2017.04.24-23.21.08:782][755]LogModuleManager: Shutting down and abandoning module GameplayDebugger (311)
[2017.04.24-23.21.08:782][755]LogModuleManager: Shutting down and abandoning module AITestSuite (309)
[2017.04.24-23.21.08:782][755]LogModuleManager: Shutting down and abandoning module ProfilerService (306)
[2017.04.24-23.21.08:966][755]LogModuleManager: Shutting down and abandoning module TaskGraph (304)
[2017.04.24-23.21.08:966][755]LogModuleManager: Shutting down and abandoning module SteamVRController (302)
[2017.04.24-23.21.08:966][755]LogModuleManager: Shutting down and abandoning module SteamVR (300)
[2017.04.24-23.21.08:966][755]LogModuleManager: Shutting down and abandoning module ProceduralMeshComponentEditor (298)
[2017.04.24-23.21.08:966][755]LogModuleManager: Shutting down and abandoning module ProceduralMeshComponent (296)
[2017.04.24-23.21.08:966][755]LogModuleManager: Shutting down and abandoning module OculusLibrary (294)
[2017.04.24-23.21.08:966][755]LogModuleManager: Shutting down and abandoning module OculusInput (292)
[2017.04.24-23.21.08:966][755]LogModuleManager: Shutting down and abandoning module MobilePatchingUtils (290)
[2017.04.24-23.21.08:966][755]LogModuleManager: Shutting down and abandoning module CustomMeshComponent (288)
[2017.04.24-23.21.08:966][755]LogModuleManager: Shutting down and abandoning module CableComponent (286)
[2017.04.24-23.21.08:966][755]LogModuleManager: Shutting down and abandoning module ArchVisCharacter (284)
[2017.04.24-23.21.08:966][755]LogModuleManager: Shutting down and abandoning module MediaPlayerEditor (280)
[2017.04.24-23.21.08:966][755]LogModuleManager: Shutting down and abandoning module HTML5Networking (278)
[2017.04.24-23.21.08:966][755]LogModuleManager: Shutting down and abandoning module AlembicImporter (276)
[2017.04.24-23.21.08:966][755]LogModuleManager: Shutting down and abandoning module AlembicLibrary (275)
[2017.04.24-23.21.08:966][755]LogModuleManager: Shutting down and abandoning module GeometryCache (274)
[2017.04.24-23.21.08:966][755]LogModuleManager: Shutting down and abandoning module GeometryCacheEd (273)
[2017.04.24-23.21.08:966][755]LogModuleManager: Shutting down and abandoning module SuperSearchEditor (268)
[2017.04.24-23.21.08:966][755]LogModuleManager: Shutting down and abandoning module SuperSearch (267)
[2017.04.24-23.21.08:966][755]LogModuleManager: Shutting down and abandoning module SpeedTreeImporter (264)
[2017.04.24-23.21.08:966][755]LogModuleManager: Shutting down and abandoning module PluginBrowser (262)
[2017.04.24-23.21.08:966][755]LogModuleManager: Shutting down and abandoning module MobileLauncherProfileWizard (260)
[2017.04.24-23.21.08:966][755]LogModuleManager: Shutting down and abandoning module EpicSurvey (258)
[2017.04.24-23.21.08:966][755]LogModuleManager: Shutting down and abandoning module VisualStudioSourceCodeAccess (256)
[2017.04.24-23.21.08:967][755]LogModuleManager: Shutting down and abandoning module DesktopPlatform (255)
[2017.04.24-23.21.08:967][755]LogModuleManager: Shutting down and abandoning module UObjectPlugin (252)
[2017.04.24-23.21.08:967][755]LogModuleManager: Shutting down and abandoning module SubversionSourceControl (250)
[2017.04.24-23.21.08:967][755]LogModuleManager: Shutting down and abandoning module PerforceSourceControl (248)
[2017.04.24-23.21.08:967][755]LogModuleManager: Shutting down and abandoning module GitSourceControl (246)
[2017.04.24-23.21.08:967][755]LogModuleManager: Shutting down and abandoning module SourceControl (245)
[2017.04.24-23.21.08:967][755]LogModuleManager: Shutting down and abandoning module LightPropagationVolumeEditor (242)
[2017.04.24-23.21.08:967][755]LogModuleManager: Shutting down and abandoning module PaperTiledImporter (240)
[2017.04.24-23.21.08:967][755]LogModuleManager: Shutting down and abandoning module PaperSpriteSheetImporter (238)
[2017.04.24-23.21.08:967][755]LogModuleManager: Shutting down and abandoning module Paper2DEditor (236)
[2017.04.24-23.21.08:967][755]LogModuleManager: Shutting down and abandoning module MeshPaint (235)
[2017.04.24-23.21.08:967][755]LogModuleManager: Shutting down and abandoning module LevelEditor (233)
[2017.04.24-23.21.08:968][755]LogModuleManager: Shutting down and abandoning module PixelInspectorModule (232)
[2017.04.24-23.21.08:968][755]LogModuleManager: Shutting down and abandoning module MainFrame (230)
[2017.04.24-23.21.08:969][755]LogModuleManager: Shutting down and abandoning module HotReload (229)
[2017.04.24-23.21.08:970][755]LogModuleManager: Shutting down and abandoning module ContentBrowser (225)
[2017.04.24-23.21.08:972][755]LogModuleManager: Shutting down and abandoning module PhysXVehiclesEditor (222)
[2017.04.24-23.21.08:972][755]LogModuleManager: Shutting down and abandoning module PhysXVehicles (220)
[2017.04.24-23.21.08:972][755]LogModuleManager: Shutting down and abandoning module LocationServicesBPLibrary (218)
[2017.04.24-23.21.08:972][755]LogModuleManager: Shutting down and abandoning module UdpMessaging (216)
[2017.04.24-23.21.09:073][755]LogModuleManager: Shutting down and abandoning module TcpMessaging (214)
[2017.04.24-23.21.09:173][755]LogModuleManager: Shutting down and abandoning module GameplayTagsEditor (212)
[2017.04.24-23.21.09:173][755]LogModuleManager: Shutting down and abandoning module FacialAnimationEditor (210)
[2017.04.24-23.21.09:173][755]LogModuleManager: Shutting down and abandoning module FacialAnimation (208)
[2017.04.24-23.21.09:173][755]LogModuleManager: Shutting down and abandoning module LightPropagationVolumeRuntime (206)
[2017.04.24-23.21.09:173][755]LogModuleManager: Shutting down and abandoning module Paper2D (204)
[2017.04.24-23.21.09:173][755]LogModuleManager: Shutting down and abandoning module WindowsMoviePlayer (202)
[2017.04.24-23.21.09:173][755]LogModuleManager: Shutting down and abandoning module WmfMedia (200)
[2017.04.24-23.21.09:173][755]LogModuleManager: Shutting down and abandoning module MfMedia (198)
[2017.04.24-23.21.09:173][755]LogModuleManager: Shutting down and abandoning module MediaAssets (196)
[2017.04.24-23.21.09:173][755]LogModuleManager: Shutting down and abandoning module GameLiveStreaming (194)
[2017.04.24-23.21.09:173][755]LogModuleManager: Shutting down and abandoning module VREditor (192)
[2017.04.24-23.21.09:173][755]LogModuleManager: Shutting down and abandoning module GameplayTasksEditor (190)
[2017.04.24-23.21.09:173][755]LogModuleManager: Shutting down and abandoning module BehaviorTreeEditor (188)
[2017.04.24-23.21.09:173][755]LogModuleManager: Shutting down and abandoning module FunctionalTesting (186)
[2017.04.24-23.21.09:173][755]LogModuleManager: Shutting down and abandoning module CollisionAnalyzer (184)
[2017.04.24-23.21.09:173][755]LogModuleManager: Shutting down and abandoning module UMG (182)
[2017.04.24-23.21.09:173][755]LogModuleManager: Shutting down and abandoning module UMGEditor (181)
[2017.04.24-23.21.09:173][755]LogModuleManager: Shutting down and abandoning module Sequencer (180)
[2017.04.24-23.21.09:173][755]LogModuleManager: Shutting down and abandoning module AssetTools (178)
[2017.04.24-23.21.09:173][755]LogModuleManager: Shutting down and abandoning module MessageLog (177)
[2017.04.24-23.21.09:173][755]LogModuleManager: Shutting down and abandoning module WorkspaceMenuStructure (176)
[2017.04.24-23.21.09:173][755]LogModuleManager: Shutting down and abandoning module SlateReflector (170)
[2017.04.24-23.21.09:174][755]LogModuleManager: Shutting down and abandoning module Slate (168)
[2017.04.24-23.21.09:174][755]LogModuleManager: Shutting down and abandoning module EditorStyle (166)
[2017.04.24-23.21.09:179][755]LogModuleManager: Shutting down and abandoning module SourceCodeAccess (164)
[2017.04.24-23.21.09:179][755]LogModuleManager: Shutting down and abandoning module HeadMountedDisplay (162)
[2017.04.24-23.21.09:179][755]LogModuleManager: Shutting down and abandoning module XAudio2 (160)
[2017.04.24-23.21.09:179][755]LogModuleManager: Shutting down and abandoning module Networking (158)
[2017.04.24-23.21.09:179][755]LogModuleManager: Shutting down and abandoning module Core (154)
[2017.04.24-23.21.09:179][755]LogModuleManager: Shutting down and abandoning module AssetRegistry (152)
[2017.04.24-23.21.09:239][755]LogDirectoryWatcher: A directory notification for '../../../Engine/Content/' was aborted.
[2017.04.24-23.21.09:239][755]LogDirectoryWatcher: A directory notification for '../../../../../../Users/Alex/Documents/RusskyIstrebetel2/IskyRestrubel/Content/' was aborted.
[2017.04.24-23.21.09:239][755]LogDirectoryWatcher: A directory notification for '../../../Engine/Plugins/2D/Paper2D/Content/' was aborted.
[2017.04.24-23.21.09:239][755]LogModuleManager: Shutting down and abandoning module DirectoryWatcher (151)
[2017.04.24-23.21.09:240][755]LogModuleManager: Shutting down and abandoning module KismetCompiler (148)
[2017.04.24-23.21.09:240][755]LogModuleManager: Shutting down and abandoning module PhysXFormats (146)
[2017.04.24-23.21.09:240][755]LogModuleManager: Shutting down and abandoning module MeshUtilities (144)
[2017.04.24-23.21.09:240][755]LogModuleManager: Shutting down and abandoning module SimplygonSwarm (143)
[2017.04.24-23.21.09:240][755]LogModuleManager: Shutting down and abandoning module SimplygonMeshReduction (141)
[2017.04.24-23.21.09:240][755]LogModuleManager: Shutting down and abandoning module QuadricMeshReduction (139)
[2017.04.24-23.21.09:240][755]LogModuleManager: Shutting down and abandoning module PropertyEditor (137)
[2017.04.24-23.21.09:240][755]LogModuleManager: Shutting down and abandoning module DerivedDataCache (134)
[2017.04.24-23.21.09:316][755]LogDerivedDataCache: Shutdown
[2017.04.24-23.21.09:316][755]LogModuleManager: Shutting down and abandoning module TargetPlatform (132)
[2017.04.24-23.21.09:316][755]LogModuleManager: Shutting down and abandoning module VulkanShaderFormat (131)
[2017.04.24-23.21.09:316][755]LogModuleManager: Shutting down and abandoning module ShaderFormatOpenGL (129)
[2017.04.24-23.21.09:317][755]LogModuleManager: Shutting down and abandoning module ShaderFormatD3D (127)
[2017.04.24-23.21.09:317][755]LogModuleManager: Shutting down and abandoning module MetalShaderFormat (125)
[2017.04.24-23.21.09:317][755]LogModuleManager: Shutting down and abandoning module TextureFormatUncompressed (123)
[2017.04.24-23.21.09:317][755]LogModuleManager: Shutting down and abandoning module TextureFormatPVR (121)
[2017.04.24-23.21.09:317][755]LogModuleManager: Shutting down and abandoning module TextureFormatDXT (119)
[2017.04.24-23.21.09:317][755]LogModuleManager: Shutting down and abandoning module TextureFormatIntelISPCTexComp (117)
[2017.04.24-23.21.09:317][755]LogModuleManager: Shutting down and abandoning module TextureFormatASTC (115)
[2017.04.24-23.21.09:317][755]LogModuleManager: Shutting down and abandoning module ImageWrapper (114)
[2017.04.24-23.21.09:317][755]LogModuleManager: Shutting down and abandoning module TextureFormatAndroid (111)
[2017.04.24-23.21.09:317][755]LogModuleManager: Shutting down and abandoning module AudioFormatOpus (109)
[2017.04.24-23.21.09:317][755]LogModuleManager: Shutting down and abandoning module AudioFormatOgg (107)
[2017.04.24-23.21.09:317][755]LogModuleManager: Shutting down and abandoning module AudioFormatADPCM (105)
[2017.04.24-23.21.09:317][755]LogModuleManager: Shutting down and abandoning module LinuxTargetPlatform (103)
[2017.04.24-23.21.09:317][755]LogModuleManager: Shutting down and abandoning module LinuxServerTargetPlatform (101)
[2017.04.24-23.21.09:317][755]LogModuleManager: Shutting down and abandoning module LinuxNoEditorTargetPlatform (99)
[2017.04.24-23.21.09:317][755]LogModuleManager: Shutting down and abandoning module LinuxClientTargetPlatform (97)
[2017.04.24-23.21.09:317][755]LogModuleManager: Shutting down and abandoning module TVOSTargetPlatform (95)
[2017.04.24-23.21.09:317][755]LogModuleManager: Shutting down and abandoning module Messaging (93)
[2017.04.24-23.21.09:317][755]LogModuleManager: Shutting down and abandoning module IOSTargetPlatform (91)
[2017.04.24-23.21.09:317][755]LogModuleManager: Shutting down and abandoning module HTML5TargetPlatform (89)
[2017.04.24-23.21.09:317][755]LogModuleManager: Shutting down and abandoning module Android_PVRTCTargetPlatform (87)
[2017.04.24-23.21.09:317][755]LogModuleManager: Shutting down and abandoning module Android_MultiTargetPlatform (85)
[2017.04.24-23.21.09:317][755]LogModuleManager: Shutting down and abandoning module Android_ETC2TargetPlatform (83)
[2017.04.24-23.21.09:317][755]LogModuleManager: Shutting down and abandoning module Android_ETC1TargetPlatform (81)
[2017.04.24-23.21.09:317][755]LogModuleManager: Shutting down and abandoning module Android_DXTTargetPlatform (79)
[2017.04.24-23.21.09:317][755]LogModuleManager: Shutting down and abandoning module Android_ATCTargetPlatform (77)
[2017.04.24-23.21.09:317][755]LogModuleManager: Shutting down and abandoning module Android_ASTCTargetPlatform (75)
[2017.04.24-23.21.09:317][755]LogModuleManager: Shutting down and abandoning module AndroidTargetPlatform (73)
[2017.04.24-23.21.09:317][755]LogModuleManager: Shutting down and abandoning module WindowsTargetPlatform (71)
[2017.04.24-23.21.09:317][755]LogModuleManager: Shutting down and abandoning module WindowsServerTargetPlatform (69)
[2017.04.24-23.21.09:317][755]LogModuleManager: Shutting down and abandoning module WindowsNoEditorTargetPlatform (67)
[2017.04.24-23.21.09:317][755]LogModuleManager: Shutting down and abandoning module WindowsClientTargetPlatform (65)
[2017.04.24-23.21.09:317][755]LogModuleManager: Shutting down and abandoning module MacTargetPlatform (63)
[2017.04.24-23.21.09:317][755]LogModuleManager: Shutting down and abandoning module MacServerTargetPlatform (61)
[2017.04.24-23.21.09:317][755]LogModuleManager: Shutting down and abandoning module MacNoEditorTargetPlatform (59)
[2017.04.24-23.21.09:317][755]LogModuleManager: Shutting down and abandoning module MacClientTargetPlatform (57)
[2017.04.24-23.21.09:317][755]LogModuleManager: Shutting down and abandoning module AllDesktopTargetPlatform (55)
[2017.04.24-23.21.09:318][755]LogModuleManager: Shutting down and abandoning module InputCore (52)
[2017.04.24-23.21.09:318][755]LogModuleManager: Shutting down and abandoning module Settings (50)
[2017.04.24-23.21.09:318][755]LogModuleManager: Shutting down and abandoning module OculusRift (48)
[2017.04.24-23.21.09:318][755]LogModuleManager: Shutting down and abandoning module GearVR (46)
[2017.04.24-23.21.09:318][755]LogModuleManager: Shutting down and abandoning module ExampleDeviceProfileSelector (44)
[2017.04.24-23.21.09:318][755]LogModuleManager: Shutting down and abandoning module OnlineBlueprintSupport (42)
[2017.04.24-23.21.09:318][755]LogModuleManager: Shutting down and abandoning module OnlineSubsystem (38)
[2017.04.24-23.21.09:318][755]LogOnline:Display: Unloading online subsystem: NULL
[2017.04.24-23.21.09:318][755]LogModuleManager: Shutting down and abandoning module XMPP (37)
[2017.04.24-23.21.09:318][755]LogModuleManager: Shutting down and abandoning module HTTP (35)
[2017.04.24-23.21.09:318][755]LogHttp:Display: Http module shutting down, but needs to wait on 1 outstanding Http requests:
[2017.04.24-23.21.09:318][755]LogHttp:Display: 	verb=[POST] url=[https://datarouter.ol.epicgames.com/datarouter/api/v1/public/data?SessionID=%7B247384B3-4A62-9CFD-FBEF-40AFADBAF51A%7D&AppID=UEEditor.Rocket.Release&AppVersion=4.15.1-3348071%2B%2B%2BUE4%2BRelease-4.15&UserID=ef3ac173438830a98b1e4ab613d2936a%7Ce4b27134f6bf412e9a100d05c6700cdb%7C2032c4c8-318e-422e-9ad2-bdd6d719e765&AppEnvironment=datacollector-binary&UploadType=eteventstream] status=Processing
[2017.04.24-23.21.09:339][755]LogModuleManager: Shutting down and abandoning module SSL (34)
[2017.04.24-23.21.09:341][755]LogModuleManager: Shutting down and abandoning module AudioEditor (30)
[2017.04.24-23.21.09:341][755]LogModuleManager: Shutting down and abandoning module TextureCompressor (28)
[2017.04.24-23.21.09:341][755]LogModuleManager: Shutting down and abandoning module ShaderCore (26)
[2017.04.24-23.21.09:341][755]LogModuleManager: Shutting down and abandoning module Landscape (24)
[2017.04.24-23.21.09:341][755]LogModuleManager: Shutting down and abandoning module SlateRHIRenderer (22)
[2017.04.24-23.21.09:347][755]LogModuleManager: Shutting down and abandoning module OpenGLDrv (20)
[2017.04.24-23.21.09:347][755]LogModuleManager: Shutting down and abandoning module D3D11RHI (18)
[2017.04.24-23.21.09:347][755]LogModuleManager: Shutting down and abandoning module AnimGraphRuntime (16)
[2017.04.24-23.21.09:347][755]LogModuleManager: Shutting down and abandoning module Renderer (14)
[2017.04.24-23.21.09:347][755]LogModuleManager: Shutting down and abandoning module Engine (12)
[2017.04.24-23.21.09:347][755]LogModuleManager: Shutting down and abandoning module CoreUObject (10)
[2017.04.24-23.21.09:347][755]LogModuleManager: Shutting down and abandoning module NetworkFile (8)
[2017.04.24-23.21.09:347][755]LogModuleManager: Shutting down and abandoning module StreamingFile (6)
[2017.04.24-23.21.09:347][755]LogModuleManager: Shutting down and abandoning module SandboxFile (4)
[2017.04.24-23.21.09:347][755]LogModuleManager: Shutting down and abandoning module PakFile (2)
[2017.04.24-23.21.09:350][755]LogExit: Exiting.
[2017.04.24-23.21.09:351][755]Log file closed, 04/24/17 19:21:09
