Log file open, 04/24/17 11:32:35
LogInit:Display: Running engine for game: IskyRestrubel
LogPlatformFile: Not using cached read wrapper
LogInit:Display: RandInit(973177962) SRandInit(973177962).
LogTaskGraph: Started task graph with 5 named threads and 6 total threads with 1 sets of task threads.
LogStats: Stats thread started at 0.396375
LogInit: Using libcurl 7.47.1
LogInit:  - built for x86_64-pc-win32
LogInit:  - supports SSL with OpenSSL/1.0.2g
LogInit:  - supports HTTP deflate (compression) using libz 1.2.8
LogInit:  - other features:
LogInit:      CURL_VERSION_SSL
LogInit:      CURL_VERSION_LIBZ
LogInit:      CURL_VERSION_IPV6
LogInit:      CURL_VERSION_ASYNCHDNS
LogInit:      CURL_VERSION_LARGEFILE
LogInit:      CURL_VERSION_IDN
LogInit:  CurlRequestOptions (configurable via config and command line):
LogInit:  - bVerifyPeer = false  - Libcurl will NOT verify peer certificate
LogInit:  - bUseHttpProxy = false  - Libcurl will NOT use HTTP proxy
LogInit:  - bDontReuseConnections = false  - Libcurl will reuse connections
LogInit:  - CertBundlePath = nullptr  - Libcurl will use whatever was configured at build time.
LogInit: Build: ++UE4+Release-4.15-CL-3348071
LogInit: Engine Version: 4.15.1-3348071+++UE4+Release-4.15
LogInit: Compatible Engine Version: 4.15.0-3299760+++UE4+Release-4.15
LogInit: Net CL: 3299760
LogDevObjectVersion: Number of dev versions registered: 14
LogDevObjectVersion:   Dev-Blueprints (B0D832E4-1F89-4F0D-ACCF-7EB736FD4AA2): 8
LogDevObjectVersion:   Dev-Build (E1C64328-A22C-4D53-A36C-8E866417BD8C): 0
LogDevObjectVersion:   Dev-Core (375EC13C-06E4-48FB-B500-84F0262A717E): 2
LogDevObjectVersion:   Dev-Editor (E4B068ED-F494-42E9-A231-DA0B2E46BB41): 14
LogDevObjectVersion:   Dev-Framework (CFFC743F-43B0-4480-9391-14DF171D2073): 22
LogDevObjectVersion:   Dev-Mobile (B02B49B5-BB20-44E9-A304-32B752E40360): 0
LogDevObjectVersion:   Dev-Networking (A4E4105C-59A1-49B5-A7C5-40C4547EDFEE): 0
LogDevObjectVersion:   Dev-Online (39C831C9-5AE6-47DC-9A44-9C173E1C8E7C): 0
LogDevObjectVersion:   Dev-Physics (78F01B33-EBEA-4F98-B9B4-84EACCB95AA2): 0
LogDevObjectVersion:   Dev-Platform (6631380F-2D4D-43E0-8009-CF276956A95A): 0
LogDevObjectVersion:   Dev-Rendering (12F88B9F-8875-4AFC-A67C-D90C383ABD29): 12
LogDevObjectVersion:   Dev-Sequencer (7B5AE74C-D270-4C10-A958-57980B212A5A): 3
LogDevObjectVersion:   Dev-VR (D7296918-1DD6-4BDD-9DE2-64A83CC13884): 0
LogDevObjectVersion:   Dev-LoadTimes (C2A15278-BFE7-4AFE-6C17-90FF531DF755): 1
LogInit: Compiled (64-bit): Mar 15 2017 16:52:47
LogInit: Compiled with Visual C++: 19.00.23026.00
LogInit: Build Configuration: Development
LogInit: Branch Name: ++UE4+Release-4.15
LogInit: Command line:  
LogInit: Base directory: C:/Program Files/Epic Games/UE_4.15/Engine/Binaries/Win64/
LogInit: Installed Engine Build: 1
LogInit: Presizing for max 8388607 objects, including 0 objects not considered by GC, pre-allocating 0 bytes for permanent pool.
LogInit: Object subsystem initialized
[2017.04.24-15.32.37:746][  0]LogInit: Selected Device Profile: [Windows]
[2017.04.24-15.32.37:747][  0]LogInit: Applying CVar settings loaded from the selected device profile: [Windows]
[2017.04.24-15.32.37:828][  0]LogInit: Computer: PRG22740
[2017.04.24-15.32.37:828][  0]LogInit: User: arodriguez
[2017.04.24-15.32.37:828][  0]LogInit: CPU Page size=65536, Cores=2
[2017.04.24-15.32.37:828][  0]LogInit: High frequency timer resolution =2.435888 MHz
[2017.04.24-15.32.37:828][  0]LogMemory: Memory total: Physical=7.9GB (8GB approx)
[2017.04.24-15.32.37:828][  0]LogMemory: Platform Memory Stats for Windows
[2017.04.24-15.32.37:828][  0]LogMemory: Process Physical Memory: 262.80 MB used, 262.80 MB peak
[2017.04.24-15.32.37:828][  0]LogMemory: Process Virtual Memory: 264.15 MB used, 264.15 MB peak
[2017.04.24-15.32.37:828][  0]LogMemory: Physical Memory: 3266.30 MB used,  4830.84 MB free, 8097.14 MB total
[2017.04.24-15.32.37:828][  0]LogMemory: Virtual Memory: 628.97 MB used,  4830.84 MB free, 8388608.00 MB total
[2017.04.24-15.32.39:169][  0]LogTextLocalizationManager: No specific translations for ('en-US') exist, so ('en') translations will be used.
[2017.04.24-15.32.53:561][  0]LogD3D11RHI: D3D11 adapters:
[2017.04.24-15.32.53:606][  0]LogD3D11RHI:    0. 'Intel(R) HD Graphics 4600' (Feature Level 11_0)
[2017.04.24-15.32.53:606][  0]LogD3D11RHI:       2094/0/3792 MB DedicatedVideo/DedicatedSystem/SharedSystem, Outputs:2, VendorId:0x8086
[2017.04.24-15.32.53:606][  0]LogD3D11RHI: Chosen D3D11 Adapter: 0
[2017.04.24-15.32.53:623][  0]LogD3D11RHI: Creating new Direct3DDevice
[2017.04.24-15.32.53:623][  0]LogD3D11RHI:     GPU DeviceId: 0x416 (for the marketing name, search the web for "GPU Device Id")
[2017.04.24-15.32.53:623][  0]LogWindows: EnumDisplayDevices:
[2017.04.24-15.32.53:624][  0]LogWindows:    0. 'Intel(R) HD Graphics 4600' (P:1 D:1)
[2017.04.24-15.32.53:625][  0]LogWindows:    1. 'Intel(R) HD Graphics 4600' (P:0 D:1)
[2017.04.24-15.32.53:625][  0]LogWindows:    2. 'Intel(R) HD Graphics 4600' (P:0 D:0)
[2017.04.24-15.32.53:626][  0]LogWindows:    3. 'Intel(R) HD Graphics 4600' (P:0 D:0)
[2017.04.24-15.32.53:627][  0]LogWindows:    4. 'Intel(R) HD Graphics 4600' (P:0 D:0)
[2017.04.24-15.32.53:628][  0]LogWindows:    5. 'Intel(R) HD Graphics 4600' (P:0 D:0)
[2017.04.24-15.32.53:628][  0]LogWindows:    6. 'Intel(R) HD Graphics 4600' (P:0 D:0)
[2017.04.24-15.32.53:629][  0]LogWindows:    7. 'Intel(R) HD Graphics 4600' (P:0 D:0)
[2017.04.24-15.32.53:630][  0]LogWindows:    8. 'Intel(R) HD Graphics 4600' (P:0 D:0)
[2017.04.24-15.32.53:631][  0]LogWindows:    9. 'RDPDD Chained DD' (P:0 D:0)
[2017.04.24-15.32.53:631][  0]LogWindows:    10. 'RDP Encoder Mirror Driver' (P:0 D:0)
[2017.04.24-15.32.53:632][  0]LogWindows:    11. 'RDP Reflector Display Driver' (P:0 D:0)
[2017.04.24-15.32.53:632][  0]LogWindows: DebugString: GetVideoDriverDetailsInvalid PrimaryIsNotTheChoosenAdapter GetVideoDriverDetailsInvalid PrimaryIsNotTheChoosenAdapter GetVideoDriverDetailsInvalid PrimaryIsNotTheChoosenAdapter FoundDriverCount:9 
[2017.04.24-15.32.53:632][  0]LogD3D11RHI:     Adapter Name: Intel(R) HD Graphics 4600
[2017.04.24-15.32.53:632][  0]LogD3D11RHI:   Driver Version: 10.18.14.4099 (internal:10.18.14.4099, unified:10.18.14.4099)
[2017.04.24-15.32.53:632][  0]LogD3D11RHI:      Driver Date: 1-19-2015
[2017.04.24-15.32.53:632][  0]LogRHI: Texture pool is 1361 MB (70% of 1945 MB)
[2017.04.24-15.32.53:684][  0]LogD3D11RHI: Async texture creation enabled
[2017.04.24-15.32.53:704][  0]LogD3D11RHI: GPU Timing Frequency: 12.500000 (Debug: 2 1)
[2017.04.24-15.32.53:707][  0]LogShaderCompilers: Guid format shader working directory is -5 characters bigger than the processId version (../../../../../../Users/arodriguez/Desktop/IskyRestrubel/Intermediate/Shaders/WorkingDirectory/9800/).
[2017.04.24-15.32.53:708][  0]LogShaderCompilers: Cleaned the shader compiler working directory 'C:/Users/arodriguez/AppData/Local/Temp/UnrealShaderWorkingDir/CF76F99B4EF10584B7E2C082128F8CFD/'.
[2017.04.24-15.32.53:708][  0]LogShaderCompilers:Display: Using Local Shader Compiler.
[2017.04.24-15.33.01:784][  0]LogTemp:Display: Loaded TP AllDesktopTargetPlatform
[2017.04.24-15.33.01:867][  0]LogTemp:Display: Loaded TP MacClientTargetPlatform
[2017.04.24-15.33.01:929][  0]LogTemp:Display: Loaded TP MacNoEditorTargetPlatform
[2017.04.24-15.33.01:991][  0]LogTemp:Display: Loaded TP MacServerTargetPlatform
[2017.04.24-15.33.02:069][  0]LogTemp:Display: Loaded TP MacTargetPlatform
[2017.04.24-15.33.02:129][  0]LogTemp:Display: Loaded TP WindowsClientTargetPlatform
[2017.04.24-15.33.02:202][  0]LogTemp:Display: Loaded TP WindowsNoEditorTargetPlatform
[2017.04.24-15.33.02:274][  0]LogTemp:Display: Loaded TP WindowsServerTargetPlatform
[2017.04.24-15.33.02:325][  0]LogTemp:Display: Loaded TP WindowsTargetPlatform
[2017.04.24-15.33.02:402][  0]LogTemp:Display: Loaded TP AndroidTargetPlatform
[2017.04.24-15.33.02:472][  0]LogTemp:Display: Loaded TP Android_ASTCTargetPlatform
[2017.04.24-15.33.02:528][  0]LogTemp:Display: Loaded TP Android_ATCTargetPlatform
[2017.04.24-15.33.02:597][  0]LogTemp:Display: Loaded TP Android_DXTTargetPlatform
[2017.04.24-15.33.02:671][  0]LogTemp:Display: Loaded TP Android_ETC1TargetPlatform
[2017.04.24-15.33.02:729][  0]LogTemp:Display: Loaded TP Android_ETC2TargetPlatform
[2017.04.24-15.33.02:864][  0]LogTemp:Display: Loaded TP Android_MultiTargetPlatform
[2017.04.24-15.33.02:864][  0]LogTemp:Display: Loaded TP Android_PVRTCTargetPlatform
[2017.04.24-15.33.02:904][  0]LogTemp:Display: Loaded TP HTML5TargetPlatform
[2017.04.24-15.33.03:064][  0]LogTemp:Display: Loaded TP IOSTargetPlatform
[2017.04.24-15.33.03:112][  0]LogTemp:Display: Loaded TP TVOSTargetPlatform
[2017.04.24-15.33.03:184][  0]LogTemp:Display: Loaded TP LinuxClientTargetPlatform
[2017.04.24-15.33.03:250][  0]LogTemp:Display: Loaded TP LinuxNoEditorTargetPlatform
[2017.04.24-15.33.03:313][  0]LogTemp:Display: Loaded TP LinuxServerTargetPlatform
[2017.04.24-15.33.03:379][  0]LogTemp:Display: Loaded TP LinuxTargetPlatform
[2017.04.24-15.33.03:379][  0]LogTargetPlatformManager:Display: Building Assets For Windows
[2017.04.24-15.33.04:971][  0]LogDerivedDataCache:Display: Max Cache Size: 512 MB
[2017.04.24-15.33.07:218][  0]LogDerivedDataCache: Loaded boot cache 2.25s 50MB C:/Users/arodriguez/AppData/Local/UnrealEngine/4.15/DerivedDataCache/Boot.ddc.
[2017.04.24-15.33.07:218][  0]LogDerivedDataCache:Display: Loaded Boot cache: C:/Users/arodriguez/AppData/Local/UnrealEngine/4.15/DerivedDataCache/Boot.ddc
[2017.04.24-15.33.07:218][  0]LogDerivedDataCache: FDerivedDataBackendGraph:  Pak pak cache file ../../../../../../Users/arodriguez/Desktop/IskyRestrubel/DerivedDataCache/DDC.ddp not found, will not use a pak cache.
[2017.04.24-15.33.07:218][  0]LogDerivedDataCache: Unable to find inner node Pak for hierarchical cache Hierarchy.
[2017.04.24-15.33.07:218][  0]LogDerivedDataCache: FDerivedDataBackendGraph:  CompressedPak pak cache file ../../../../../../Users/arodriguez/Desktop/IskyRestrubel/DerivedDataCache/Compressed.ddp not found, will not use a pak cache.
[2017.04.24-15.33.07:218][  0]LogDerivedDataCache: Unable to find inner node CompressedPak for hierarchical cache Hierarchy.
[2017.04.24-15.33.07:283][  0]LogDerivedDataCache:Display: Pak cache opened for reading ../../../Engine/DerivedDataCache/Compressed.ddp.
[2017.04.24-15.33.07:295][  0]LogDerivedDataCache: Using Local data cache path C:/Users/arodriguez/AppData/Local/UnrealEngine/Common/DerivedDataCache: Writable
[2017.04.24-15.33.07:306][  0]LogSlate: Using Freetype 2.6.0
[2017.04.24-15.33.07:375][  0]LogSlate: SlateFontCache - WITH_FREETYPE: 1, WITH_HARFBUZZ: 1
[2017.04.24-15.33.07:375][  0]LogSlate: SlateFontCache - WITH_FREETYPE: 1, WITH_HARFBUZZ: 1
[2017.04.24-15.33.21:453][  0]LogInit: Selected Device Profile: [Windows]
[2017.04.24-15.33.21:466][  0]LogContentStreaming: Texture pool size is 0.00 MB
[2017.04.24-15.33.22:471][  0]LogMeshUtilities: Using QuadricMeshReduction for automatic static mesh reduction
[2017.04.24-15.33.22:584][  0]LogSimplygon: Simplygon DLL not present - disabling.
[2017.04.24-15.33.22:702][  0]LogMeshUtilities: Using SimplygonSwarm for distributed automatic mesh merging
[2017.04.24-15.33.22:702][  0]LogMeshUtilities: No automatic skeletal mesh reduction module available
[2017.04.24-15.33.22:702][  0]LogMeshUtilities: No automatic mesh merging module available
[2017.04.24-15.33.26:318][  0]LogNetVersion: GetLocalNetworkVersion: CL: 3299760, ProjectName: iskyrestrubel, ProjectVersion: , EngineNetworkVersion: 2, GameNetworkVersion: 0, NetworkChecksum: 3238313141
[2017.04.24-15.33.26:371][  0]LogAssetRegistry: FAssetRegistry took 0.0198 seconds to start up
[2017.04.24-15.33.26:489][  0]LogPackageLocalizationCache: Processed 3 localized package path(s) for 2 prioritized culture(s) in 0.091600 seconds
[2017.04.24-15.33.26:497][  0]LogUObjectArray: 32493 objects as part of root set at end of initial load.
[2017.04.24-15.33.26:497][  0]LogUObjectAllocator: 7077024 out of 0 bytes used by permanent object pool.
[2017.04.24-15.33.26:497][  0]LogUObjectArray: CloseDisregardForGC: 0/0 objects in disregard for GC pool
[2017.04.24-15.33.26:578][  0]LogInit: WinSock: version 1.1 (2.2), MaxSocks=32767, MaxUdp=65467
[2017.04.24-15.33.38:302][  0]LogTcpMessaging: Initializing TcpMessaging bridge
[2017.04.24-15.33.38:367][  0]LogUdpMessaging: Initializing bridge on interface 0.0.0.0:0 to multicast group 230.0.0.1:6666.
[2017.04.24-15.33.39:601][  0]LogMaterial: Uniform references updated for custom material expression Custom.
[2017.04.24-15.33.40:466][  0]SourceControl: Info Source control is disabled
[2017.04.24-15.33.41:327][  0]SourceControl: Info Source control is disabled
[2017.04.24-15.33.41:386][  0]SourceControl: Info Source control is disabled
[2017.04.24-15.33.41:435][  0]SourceControl: Info Source control is disabled
[2017.04.24-15.33.43:131][  0]LogEngine: Initializing Engine...
[2017.04.24-15.33.43:131][  0]LogHMD: Failed to initialize OpenVR with code 110
[2017.04.24-15.33.43:779][  0]LogAIModule: Creating AISystem for world Untitled
[2017.04.24-15.33.43:794][  0]LogInit: XAudio2 using 'Speakers / Headphones (Realtek High Definition Audio)' : 2 channels at 48 kHz using 32 bits per sample (channel mask 0x3)
[2017.04.24-15.33.43:883][  0]LogInit: FAudioDevice initialized.
[2017.04.24-15.33.43:919][  0]LogDerivedDataCache: Saved boot cache 0.04s 50MB C:/Users/arodriguez/AppData/Local/UnrealEngine/4.15/DerivedDataCache/Boot.ddc.
[2017.04.24-15.33.43:928][  0]LogInit: Texture streaming: Enabled
[2017.04.24-15.33.44:024][  0]LogEngineSessionManager: EngineSessionManager initialized
[2017.04.24-15.33.44:327][  0]LogInit: Transaction tracking system initialized
[2017.04.24-15.33.44:727][  0]BlueprintLog: New page: Editor Load
[2017.04.24-15.33.45:917][  0]LocalizationService: Info Localization service is disabled
[2017.04.24-15.33.47:165][  0]LogConsoleResponse:Display: 
[2017.04.24-15.33.49:612][  0]LogCook:Display: Max memory allowance for cook 16384mb min free memory 0mb
[2017.04.24-15.33.49:612][  0]LogCook:Display: Mobile HDR setting 1
[2017.04.24-15.33.50:494][  0]LogFileCache: Scanning file cache for directory 'C:/Users/arodriguez/Desktop/IskyRestrubel/Content/' took 0.01s
[2017.04.24-15.33.54:366][  0]SourceControl: Info Source control is disabled
[2017.04.24-15.33.54:366][  0]Cmd: MAP LOAD FILE="../../../../../../Users/arodriguez/Desktop/IskyRestrubel/Content/Maps/MapMain.umap" TEMPLATE=0 SHOWPROGRESS=1 FEATURELEVEL=3
[2017.04.24-15.33.54:367][  0]LightingResults: New page: Lighting Build
[2017.04.24-15.33.54:450][  0]MapCheck: New page: Map Check
[2017.04.24-15.33.54:450][  0]LightingResults: New page: Lighting Build
[2017.04.24-15.33.58:059][  0]LogAIModule: Creating AISystem for world MapMain
[2017.04.24-15.33.58:177][  0]LogEditorServer: Finished looking for orphan Actors (0.000 secs)
[2017.04.24-15.33.58:192][  0]Cmd: MAP CHECKDEP NOCLEARLOG
[2017.04.24-15.33.58:331][  0]MapCheck: Info Map check complete: 0 Error(s), 0 Warning(s), took 139.465ms to complete.
[2017.04.24-15.33.58:331][  0]LogFileHelpers: Loading map 'MapMain' took 3.969
[2017.04.24-15.33.59:009][  0]LogCollectionManager: Loaded 0 collections in 0.005133 seconds
[2017.04.24-15.33.59:189][  0]LogFileCache: Scanning file cache for directory 'C:/Users/arodriguez/Desktop/IskyRestrubel/Saved/Collections/' took 0.01s
[2017.04.24-15.33.59:189][  0]LogFileCache: Scanning file cache for directory 'C:/Users/arodriguez/Desktop/IskyRestrubel/Content/Developers/arodriguez/Collections/' took 0.01s
[2017.04.24-15.33.59:189][  0]LogFileCache: Scanning file cache for directory 'C:/Users/arodriguez/Desktop/IskyRestrubel/Content/Collections/' took 0.01s
[2017.04.24-15.33.59:189][  0]LogCollectionManager: Rebuilt the GUID cache for 0 collections in 0.000003 seconds
[2017.04.24-15.33.59:228][  0]LogContentBrowser: Native class hierarchy populated in 0.0380 seconds. Added 2245 classes and 453 folders.
[2017.04.24-15.33.59:236][  0]LogStats: UGameplayTagsManager::ConstructGameplayTagTree: Construct from data asset -  0.000 s
[2017.04.24-15.33.59:236][  0]LogStats: UGameplayTagsManager::ConstructGameplayTagTree: GameplayTagTreeChangedEvent.Broadcast -  0.000 s
[2017.04.24-15.33.59:397][  0]LogContentBrowser: Native class hierarchy updated for 'WidgetCarousel' in 0.0018 seconds. Added 0 classes and 0 folders.
[2017.04.24-15.34.02:563][  0]LogContentBrowser: Native class hierarchy updated for 'AddContentDialog' in 0.0032 seconds. Added 0 classes and 0 folders.
[2017.04.24-15.34.02:700][  0]LogContentBrowser: Native class hierarchy updated for 'SceneOutliner' in 0.0020 seconds. Added 1 classes and 2 folders.
[2017.04.24-15.34.02:925][  0]LogCrashTracker: Crashtracker disabled due to settings.
[2017.04.24-15.34.02:945][  0]LogUObjectGlobals:Warning: Failed to find object 'Class None.'
[2017.04.24-15.34.03:124][  0]LogContentBrowser: Native class hierarchy updated for 'HierarchicalLODOutliner' in 0.0017 seconds. Added 1 classes and 2 folders.
[2017.04.24-15.34.03:125][  0]LogLoad: (Engine Initialization) Total time: 107.85 seconds
[2017.04.24-15.34.03:126][  0]LogLoad: (Engine Initialization) Total Blueprint compile time: 0.32 seconds
[2017.04.24-15.34.03:126][  0]LogExternalProfiler: Found external profiler: VSPerf
[2017.04.24-15.34.03:126][  0]LogExternalProfiler: Using external profiler: VSPerf
[2017.04.24-15.34.03:465][  0]LogOcInput: OculusInput pre-init called
[2017.04.24-15.34.03:491][  0]LogContentStreaming: Texture pool size now 400 MB
[2017.04.24-15.34.03:508][  0]LogSlate: Took 0.013873 seconds to synchronously load lazily loaded font '../../../Engine/Content/Slate/Fonts/Roboto-Regular.ttf' (155K)
[2017.04.24-15.34.03:532][  0]LogSlate: Took 0.014052 seconds to synchronously load lazily loaded font '../../../Engine/Content/Slate/Fonts/Roboto-Bold.ttf' (160K)
[2017.04.24-15.34.03:557][  0]LogSlate: Took 0.010583 seconds to synchronously load lazily loaded font '../../../Engine/Content/Editor/Slate/Fonts/FontAwesome.ttf' (139K)
[2017.04.24-15.34.04:262][  0]LogRenderer: Reallocating scene render targets to support 1208x600 NumSamples 1 (Frame:2).
[2017.04.24-15.34.04:878][  0]LogSlate: Took 0.010089 seconds to synchronously load lazily loaded font '../../../Engine/Content/Slate/Fonts/Roboto-Light.ttf' (159K)
[2017.04.24-15.34.05:586][  2]LogSlate: Took 0.036692 seconds to synchronously load lazily loaded font '../../../Engine/Content/Slate/Fonts/Roboto-Light.ttf' (159K)
[2017.04.24-15.34.05:829][  3]LogAssetRegistry: Asset discovery search completed in 39.5175 seconds
[2017.04.24-15.34.05:829][  3]LogCollectionManager: Rebuilt the object cache for 0 collections in 0.000009 seconds (found 0 objects)
[2017.04.24-15.34.05:829][  3]LogCollectionManager: Fixed up redirectors for 0 collections in 0.000038 seconds (updated 0 objects)
[2017.04.24-15.34.24:921][ 64]LogTemp: Repeting last play command: Selected Viewport
[2017.04.24-15.34.24:949][ 64]LogPlayLevel: PlayLevel: No blueprints needed recompiling
[2017.04.24-15.34.24:949][ 64]PIE: New page: PIE session: MapMain (Apr 24, 2017, 7:34:24 AM)
[2017.04.24-15.34.24:949][ 64]LogPlayLevel: Creating play world package: /Game/Maps/UEDPIE_0_MapMain
[2017.04.24-15.34.24:951][ 64]LogPlayLevel: PIE: StaticDuplicateObject took: (0.001724s)
[2017.04.24-15.34.24:953][ 64]LogAIModule: Creating AISystem for world MapMain
[2017.04.24-15.34.24:953][ 64]LogPlayLevel: PIE: World Init took: (0.002088s)
[2017.04.24-15.34.24:953][ 64]LogPlayLevel: PIE: Created PIE world by copying editor world from /Game/Maps/MapMain.MapMain to /Game/Maps/UEDPIE_0_MapMain.MapMain (0.004122s)
[2017.04.24-15.34.25:000][ 64]LogInit: XAudio2 using 'Speakers / Headphones (Realtek High Definition Audio)' : 2 channels at 48 kHz using 32 bits per sample (channel mask 0x3)
[2017.04.24-15.34.25:022][ 64]LogInit: FAudioDevice initialized.
[2017.04.24-15.34.25:309][ 64]LogLoad: Game class is 'GameModeBase'
[2017.04.24-15.34.25:315][ 64]LogWorld: Bringing World /Game/Maps/UEDPIE_0_MapMain.MapMain up for play (max tick rate 60) at 2017.04.24-11.34.25
[2017.04.24-15.34.25:316][ 64]LogWorld: Bringing up level for play took: 0.003357
[2017.04.24-15.34.25:490][ 64]LogContentBrowser: Native class hierarchy updated for 'MovieSceneCapture' in 0.0020 seconds. Added 11 classes and 0 folders.
[2017.04.24-15.34.25:501][ 64]PIE: Info Play in editor start time for /Game/Maps/UEDPIE_0_MapMain -0.226
[2017.04.24-15.34.26:321][ 73]LogSpawn:Warning: SpawnActor failed because of collision at the spawn location [X=0.000 Y=-440.000 Z=50.000] for [BPEnemy_C]
[2017.04.24-15.34.26:322][ 73]LogScript:Warning: Attempted to access BPEnemy_C_0 via property CallFunc_FinishSpawningActor_ReturnValue2, but BPEnemy_C_0 is pending kill
	BPGameController_C /Game/Maps/UEDPIE_0_MapMain.MapMain:PersistentLevel.BPGameController_226
	Function /Game/Blueprints/BPGameController.BPGameController_C:ExecuteUbergraph_BPGameController:04D1
[2017.04.24-15.34.26:323][ 73]PIE:Error: Error Blueprint Runtime Error: Attempted to access BPEnemy_C_0 via property CallFunc_FinishSpawningActor_ReturnValue2, but BPEnemy_C_0 is pending kill from function: 'ExecuteUbergraph_BPGameController' from node: Bind Event to OnDestroyed in graph: EventGraph in object: BPGameController with description: Attempted to access BPEnemy_C_0 via property CallFunc_FinishSpawningActor_ReturnValue2, but BPEnemy_C_0 is pending kill
[2017.04.24-15.34.27:629][117]LogSpawn:Warning: SpawnActor failed because of collision at the spawn location [X=0.000 Y=-440.000 Z=50.000] for [BPEnemy_C]
[2017.04.24-15.34.27:629][117]LogScript:Warning: Attempted to access BPEnemy_C_1 via property CallFunc_FinishSpawningActor_ReturnValue2, but BPEnemy_C_1 is pending kill
	BPGameController_C /Game/Maps/UEDPIE_0_MapMain.MapMain:PersistentLevel.BPGameController_226
	Function /Game/Blueprints/BPGameController.BPGameController_C:ExecuteUbergraph_BPGameController:04D1
[2017.04.24-15.34.27:629][117]PIE:Error: Error Blueprint Runtime Error: Attempted to access BPEnemy_C_1 via property CallFunc_FinishSpawningActor_ReturnValue2, but BPEnemy_C_1 is pending kill from function: 'ExecuteUbergraph_BPGameController' from node: Bind Event to OnDestroyed in graph: EventGraph in object: BPGameController with description: Attempted to access BPEnemy_C_1 via property CallFunc_FinishSpawningActor_ReturnValue2, but BPEnemy_C_1 is pending kill
[2017.04.24-15.34.29:330][189]LogSpawn:Warning: SpawnActor failed because of collision at the spawn location [X=0.000 Y=-440.000 Z=50.000] for [BPEnemy_C]
[2017.04.24-15.34.29:330][189]LogScript:Warning: Attempted to access BPEnemy_C_2 via property CallFunc_FinishSpawningActor_ReturnValue2, but BPEnemy_C_2 is pending kill
	BPGameController_C /Game/Maps/UEDPIE_0_MapMain.MapMain:PersistentLevel.BPGameController_226
	Function /Game/Blueprints/BPGameController.BPGameController_C:ExecuteUbergraph_BPGameController:04D1
[2017.04.24-15.34.29:331][189]PIE:Error: Error Blueprint Runtime Error: Attempted to access BPEnemy_C_2 via property CallFunc_FinishSpawningActor_ReturnValue2, but BPEnemy_C_2 is pending kill from function: 'ExecuteUbergraph_BPGameController' from node: Bind Event to OnDestroyed in graph: EventGraph in object: BPGameController with description: Attempted to access BPEnemy_C_2 via property CallFunc_FinishSpawningActor_ReturnValue2, but BPEnemy_C_2 is pending kill
[2017.04.24-15.34.31:249][284]LogSpawn:Warning: SpawnActor failed because of collision at the spawn location [X=0.000 Y=-440.000 Z=50.000] for [BPEnemy_C]
[2017.04.24-15.34.31:249][284]LogScript:Warning: Attempted to access BPEnemy_C_3 via property CallFunc_FinishSpawningActor_ReturnValue2, but BPEnemy_C_3 is pending kill
	BPGameController_C /Game/Maps/UEDPIE_0_MapMain.MapMain:PersistentLevel.BPGameController_226
	Function /Game/Blueprints/BPGameController.BPGameController_C:ExecuteUbergraph_BPGameController:04D1
[2017.04.24-15.34.31:249][284]PIE:Error: Error Blueprint Runtime Error: Attempted to access BPEnemy_C_3 via property CallFunc_FinishSpawningActor_ReturnValue2, but BPEnemy_C_3 is pending kill from function: 'ExecuteUbergraph_BPGameController' from node: Bind Event to OnDestroyed in graph: EventGraph in object: BPGameController with description: Attempted to access BPEnemy_C_3 via property CallFunc_FinishSpawningActor_ReturnValue2, but BPEnemy_C_3 is pending kill
[2017.04.24-15.35.59:729][230]LogSlate: Took 0.000580 seconds to synchronously load lazily loaded font '../../../Engine/Content/Slate/Fonts/Roboto-Light.ttf' (159K)
[2017.04.24-15.36.00:485][230]LogSlate: Took 0.000392 seconds to synchronously load lazily loaded font '../../../Engine/Content/Slate/Fonts/Roboto-Regular.ttf' (155K)
[2017.04.24-15.36.01:490][230]LogContentBrowser: Native class hierarchy updated for 'BlueprintGraph' in 0.0021 seconds. Added 112 classes and 0 folders.
[2017.04.24-15.36.03:559][230]LogSlate: Took 0.025036 seconds to synchronously load lazily loaded font '../../../Engine/Content/Editor/Slate/Fonts/Roboto-BoldCondensed.ttf' (158K)
[2017.04.24-15.36.04:495][231]LogSlate: Took 0.049477 seconds to synchronously load lazily loaded font '../../../Engine/Content/Editor/Slate/Fonts/Roboto-Italic.ttf' (157K)
[2017.04.24-15.36.33:465][ 39]LogScript:Warning: Accessed None trying to read property PlayerSpawnPoint
	BPGameController_C /Game/Maps/MapMain.MapMain:PersistentLevel.BPGameController_226
	Function /Game/Blueprints/BPGameController.BPGameController_C:UserConstructionScript:000D
[2017.04.24-15.36.33:465][ 39]LogScript:Warning: Accessed None trying to read property PlayerSpawnPoint
	BPGameController_C /Game/Maps/MapMain.MapMain:PersistentLevel.BPGameController_226
	Function /Game/Blueprints/BPGameController.BPGameController_C:UserConstructionScript:0043
[2017.04.24-15.36.33:468][ 39]LogScript:Warning: Accessed None trying to read property PlayerSpawnPoint
	BPGameController_C /Engine/Transient.World_3:PersistentLevel.BPGameController_C_0
	Function /Game/Blueprints/BPGameController.BPGameController_C:UserConstructionScript:000D
[2017.04.24-15.36.33:468][ 39]LogScript:Warning: Accessed None trying to read property PlayerSpawnPoint
	BPGameController_C /Engine/Transient.World_3:PersistentLevel.BPGameController_C_0
	Function /Game/Blueprints/BPGameController.BPGameController_C:UserConstructionScript:0043
[2017.04.24-15.36.36:261][103]LogScript:Warning: Accessed None trying to read property PlayerSpawnPoint
	BPGameController_C /Game/Maps/MapMain.MapMain:PersistentLevel.BPGameController_226
	Function /Game/Blueprints/BPGameController.BPGameController_C:UserConstructionScript:000D
[2017.04.24-15.36.36:261][103]LogScript:Warning: Accessed None trying to read property PlayerSpawnPoint
	BPGameController_C /Game/Maps/MapMain.MapMain:PersistentLevel.BPGameController_226
	Function /Game/Blueprints/BPGameController.BPGameController_C:UserConstructionScript:0043
[2017.04.24-15.36.36:262][103]LogScript:Warning: Accessed None trying to read property PlayerSpawnPoint
	BPGameController_C /Engine/Transient.World_3:PersistentLevel.BPGameController_C_0
	Function /Game/Blueprints/BPGameController.BPGameController_C:UserConstructionScript:000D
[2017.04.24-15.36.36:262][103]LogScript:Warning: Accessed None trying to read property PlayerSpawnPoint
	BPGameController_C /Engine/Transient.World_3:PersistentLevel.BPGameController_C_0
	Function /Game/Blueprints/BPGameController.BPGameController_C:UserConstructionScript:0043
[2017.04.24-15.36.51:828][504]LogScript:Warning: Accessed None trying to read property PlayerSpawnPoint
	BPGameController_C /Game/Maps/MapMain.MapMain:PersistentLevel.BPGameController_226
	Function /Game/Blueprints/BPGameController.BPGameController_C:UserConstructionScript:000D
[2017.04.24-15.36.51:828][504]LogScript:Warning: Accessed None trying to read property PlayerSpawnPoint
	BPGameController_C /Game/Maps/MapMain.MapMain:PersistentLevel.BPGameController_226
	Function /Game/Blueprints/BPGameController.BPGameController_C:UserConstructionScript:0043
[2017.04.24-15.36.51:830][504]LogScript:Warning: Accessed None trying to read property PlayerSpawnPoint
	BPGameController_C /Engine/Transient.World_3:PersistentLevel.BPGameController_C_0
	Function /Game/Blueprints/BPGameController.BPGameController_C:UserConstructionScript:000D
[2017.04.24-15.36.51:830][504]LogScript:Warning: Accessed None trying to read property PlayerSpawnPoint
	BPGameController_C /Engine/Transient.World_3:PersistentLevel.BPGameController_C_0
	Function /Game/Blueprints/BPGameController.BPGameController_C:UserConstructionScript:0043
[2017.04.24-15.37.23:704][479]LogEditorTransaction: Undo Add Component Nodes
[2017.04.24-15.38.04:252][852]BlueprintLog: New page: Compile BPGameController
[2017.04.24-15.38.05:227][866]Cmd: OBJ SAVEPACKAGE PACKAGE="/Game/Blueprints/BPGameController" FILE="../../../../../../Users/arodriguez/Desktop/IskyRestrubel/Content/Blueprints/BPGameController.uasset" SILENT=true
[2017.04.24-15.38.05:333][866]LogSavePackage: Save=88.10ms
[2017.04.24-15.38.05:333][866]LogSavePackage: Moving '../../../../../../Users/arodriguez/Desktop/IskyRestrubel/Saved/BPGameController953A8507428E4C7963E1E283B7110A21.tmp' to '../../../../../../Users/arodriguez/Desktop/IskyRestrubel/Content/Blueprints/BPGameController.uasset'
[2017.04.24-15.38.05:340][866]LogSavePackage:Display: Finished SavePackage ../../../../../../Users/arodriguez/Desktop/IskyRestrubel/Content/Blueprints/BPGameController.uasset
[2017.04.24-15.38.14:771][302]LogTemp: Repeting last play command: Selected Viewport
[2017.04.24-15.38.14:816][302]LogPlayLevel: PlayLevel: No blueprints needed recompiling
[2017.04.24-15.38.14:816][302]PIE: New page: PIE session: MapMain (Apr 24, 2017, 7:38:14 AM)
[2017.04.24-15.38.14:817][302]LogPlayLevel: Creating play world package: /Game/Maps/UEDPIE_0_MapMain
[2017.04.24-15.38.14:819][302]LogPlayLevel: PIE: StaticDuplicateObject took: (0.002171s)
[2017.04.24-15.38.14:820][302]LogAIModule: Creating AISystem for world MapMain
[2017.04.24-15.38.14:820][302]LogPlayLevel: PIE: World Init took: (0.001283s)
[2017.04.24-15.38.14:820][302]LogPlayLevel: PIE: Created PIE world by copying editor world from /Game/Maps/MapMain.MapMain to /Game/Maps/UEDPIE_0_MapMain.MapMain (0.003840s)
[2017.04.24-15.38.14:902][302]LogInit: XAudio2 using 'Speakers / Headphones (Realtek High Definition Audio)' : 2 channels at 48 kHz using 32 bits per sample (channel mask 0x3)
[2017.04.24-15.38.14:928][302]LogInit: FAudioDevice initialized.
[2017.04.24-15.38.14:965][302]LogLoad: Game class is 'GameModeBase'
[2017.04.24-15.38.14:967][302]LogWorld: Bringing World /Game/Maps/UEDPIE_0_MapMain.MapMain up for play (max tick rate 60) at 2017.04.24-11.38.14
[2017.04.24-15.38.14:967][302]LogWorld: Bringing up level for play took: 0.001914
[2017.04.24-15.38.14:971][302]PIE: Info Play in editor start time for /Game/Maps/UEDPIE_0_MapMain -0.525
[2017.04.24-15.41.59:612][258]BlueprintLog: New page: Compile BPGameController
[2017.04.24-15.42.00:553][276]Cmd: OBJ SAVEPACKAGE PACKAGE="/Game/Blueprints/BPGameController" FILE="../../../../../../Users/arodriguez/Desktop/IskyRestrubel/Content/Blueprints/BPGameController.uasset" SILENT=true
[2017.04.24-15.42.00:645][276]LogSavePackage: Save=77.67ms
[2017.04.24-15.42.00:645][276]LogSavePackage: Moving '../../../../../../Users/arodriguez/Desktop/IskyRestrubel/Saved/BPGameController367CF6314DE868EBEAD8A0BFCB18C2C4.tmp' to '../../../../../../Users/arodriguez/Desktop/IskyRestrubel/Content/Blueprints/BPGameController.uasset'
[2017.04.24-15.42.00:647][276]LogSavePackage:Display: Finished SavePackage ../../../../../../Users/arodriguez/Desktop/IskyRestrubel/Content/Blueprints/BPGameController.uasset
[2017.04.24-15.42.02:189][339]LogTemp: Repeting last play command: Selected Viewport
[2017.04.24-15.42.02:217][339]LogPlayLevel: PlayLevel: No blueprints needed recompiling
[2017.04.24-15.42.02:217][339]PIE: New page: PIE session: MapMain (Apr 24, 2017, 7:42:02 AM)
[2017.04.24-15.42.02:217][339]LogPlayLevel: Creating play world package: /Game/Maps/UEDPIE_0_MapMain
[2017.04.24-15.42.02:219][339]LogPlayLevel: PIE: StaticDuplicateObject took: (0.001394s)
[2017.04.24-15.42.02:220][339]LogAIModule: Creating AISystem for world MapMain
[2017.04.24-15.42.02:220][339]LogPlayLevel: PIE: World Init took: (0.001209s)
[2017.04.24-15.42.02:221][339]LogPlayLevel: PIE: Created PIE world by copying editor world from /Game/Maps/MapMain.MapMain to /Game/Maps/UEDPIE_0_MapMain.MapMain (0.003052s)
[2017.04.24-15.42.02:297][339]LogInit: XAudio2 using 'Headphone (Realtek High Definition Audio)' : 2 channels at 48 kHz using 32 bits per sample (channel mask 0x3)
[2017.04.24-15.42.02:368][339]LogInit: FAudioDevice initialized.
[2017.04.24-15.42.02:398][339]LogLoad: Game class is 'GameModeBase'
[2017.04.24-15.42.02:399][339]LogWorld: Bringing World /Game/Maps/UEDPIE_0_MapMain.MapMain up for play (max tick rate 60) at 2017.04.24-11.42.02
[2017.04.24-15.42.02:399][339]LogWorld: Bringing up level for play took: 0.001103
[2017.04.24-15.42.02:401][339]PIE: Info Play in editor start time for /Game/Maps/UEDPIE_0_MapMain 1.134
[2017.04.24-15.42.03:236][378]LogSpawn:Warning: SpawnActor failed because of collision at the spawn location [X=0.000 Y=-440.000 Z=50.000] for [BPEnemy_C]
[2017.04.24-15.42.03:237][378]LogScript:Warning: Attempted to access BPEnemy_C_0 via property CallFunc_FinishSpawningActor_ReturnValue2, but BPEnemy_C_0 is pending kill
	BPGameController_C /Game/Maps/UEDPIE_0_MapMain.MapMain:PersistentLevel.BPGameController_226
	Function /Game/Blueprints/BPGameController.BPGameController_C:ExecuteUbergraph_BPGameController:04D1
[2017.04.24-15.42.03:237][378]PIE:Error: Error Blueprint Runtime Error: Attempted to access BPEnemy_C_0 via property CallFunc_FinishSpawningActor_ReturnValue2, but BPEnemy_C_0 is pending kill from function: 'ExecuteUbergraph_BPGameController' from node: Bind Event to OnDestroyed in graph: EventGraph in object: BPGameController with description: Attempted to access BPEnemy_C_0 via property CallFunc_FinishSpawningActor_ReturnValue2, but BPEnemy_C_0 is pending kill
[2017.04.24-15.42.04:604][452]LogSpawn:Warning: SpawnActor failed because of collision at the spawn location [X=0.000 Y=-440.000 Z=50.000] for [BPEnemy_C]
[2017.04.24-15.42.04:605][452]LogScript:Warning: Attempted to access BPEnemy_C_1 via property CallFunc_FinishSpawningActor_ReturnValue2, but BPEnemy_C_1 is pending kill
	BPGameController_C /Game/Maps/UEDPIE_0_MapMain.MapMain:PersistentLevel.BPGameController_226
	Function /Game/Blueprints/BPGameController.BPGameController_C:ExecuteUbergraph_BPGameController:04D1
[2017.04.24-15.42.04:605][452]PIE:Error: Error Blueprint Runtime Error: Attempted to access BPEnemy_C_1 via property CallFunc_FinishSpawningActor_ReturnValue2, but BPEnemy_C_1 is pending kill from function: 'ExecuteUbergraph_BPGameController' from node: Bind Event to OnDestroyed in graph: EventGraph in object: BPGameController with description: Attempted to access BPEnemy_C_1 via property CallFunc_FinishSpawningActor_ReturnValue2, but BPEnemy_C_1 is pending kill
[2017.04.24-15.42.06:310][545]LogSpawn:Warning: SpawnActor failed because of collision at the spawn location [X=0.000 Y=-440.000 Z=50.000] for [BPEnemy_C]
[2017.04.24-15.42.06:311][545]LogScript:Warning: Attempted to access BPEnemy_C_2 via property CallFunc_FinishSpawningActor_ReturnValue2, but BPEnemy_C_2 is pending kill
	BPGameController_C /Game/Maps/UEDPIE_0_MapMain.MapMain:PersistentLevel.BPGameController_226
	Function /Game/Blueprints/BPGameController.BPGameController_C:ExecuteUbergraph_BPGameController:04D1
[2017.04.24-15.42.06:311][545]PIE:Error: Error Blueprint Runtime Error: Attempted to access BPEnemy_C_2 via property CallFunc_FinishSpawningActor_ReturnValue2, but BPEnemy_C_2 is pending kill from function: 'ExecuteUbergraph_BPGameController' from node: Bind Event to OnDestroyed in graph: EventGraph in object: BPGameController with description: Attempted to access BPEnemy_C_2 via property CallFunc_FinishSpawningActor_ReturnValue2, but BPEnemy_C_2 is pending kill
[2017.04.24-15.42.08:298][651]LogSpawn:Warning: SpawnActor failed because of collision at the spawn location [X=0.000 Y=-440.000 Z=50.000] for [BPEnemy_C]
[2017.04.24-15.42.08:299][651]LogScript:Warning: Attempted to access BPEnemy_C_3 via property CallFunc_FinishSpawningActor_ReturnValue2, but BPEnemy_C_3 is pending kill
	BPGameController_C /Game/Maps/UEDPIE_0_MapMain.MapMain:PersistentLevel.BPGameController_226
	Function /Game/Blueprints/BPGameController.BPGameController_C:ExecuteUbergraph_BPGameController:04D1
[2017.04.24-15.42.08:299][651]PIE:Error: Error Blueprint Runtime Error: Attempted to access BPEnemy_C_3 via property CallFunc_FinishSpawningActor_ReturnValue2, but BPEnemy_C_3 is pending kill from function: 'ExecuteUbergraph_BPGameController' from node: Bind Event to OnDestroyed in graph: EventGraph in object: BPGameController with description: Attempted to access BPEnemy_C_3 via property CallFunc_FinishSpawningActor_ReturnValue2, but BPEnemy_C_3 is pending kill
[2017.04.24-15.42.10:557][769]LogSpawn:Warning: SpawnActor failed because of collision at the spawn location [X=0.000 Y=-440.000 Z=50.000] for [BPEnemy_C]
[2017.04.24-15.42.10:558][769]LogScript:Warning: Attempted to access BPEnemy_C_4 via property CallFunc_FinishSpawningActor_ReturnValue2, but BPEnemy_C_4 is pending kill
	BPGameController_C /Game/Maps/UEDPIE_0_MapMain.MapMain:PersistentLevel.BPGameController_226
	Function /Game/Blueprints/BPGameController.BPGameController_C:ExecuteUbergraph_BPGameController:04D1
[2017.04.24-15.42.10:558][769]PIE:Error: Error Blueprint Runtime Error: Attempted to access BPEnemy_C_4 via property CallFunc_FinishSpawningActor_ReturnValue2, but BPEnemy_C_4 is pending kill from function: 'ExecuteUbergraph_BPGameController' from node: Bind Event to OnDestroyed in graph: EventGraph in object: BPGameController with description: Attempted to access BPEnemy_C_4 via property CallFunc_FinishSpawningActor_ReturnValue2, but BPEnemy_C_4 is pending kill
[2017.04.24-15.42.13:137][905]LogSpawn:Warning: SpawnActor failed because of collision at the spawn location [X=0.000 Y=-440.000 Z=50.000] for [BPEnemy_C]
[2017.04.24-15.42.13:138][905]LogScript:Warning: Attempted to access BPEnemy_C_5 via property CallFunc_FinishSpawningActor_ReturnValue2, but BPEnemy_C_5 is pending kill
	BPGameController_C /Game/Maps/UEDPIE_0_MapMain.MapMain:PersistentLevel.BPGameController_226
	Function /Game/Blueprints/BPGameController.BPGameController_C:ExecuteUbergraph_BPGameController:04D1
[2017.04.24-15.42.13:138][905]PIE:Error: Error Blueprint Runtime Error: Attempted to access BPEnemy_C_5 via property CallFunc_FinishSpawningActor_ReturnValue2, but BPEnemy_C_5 is pending kill from function: 'ExecuteUbergraph_BPGameController' from node: Bind Event to OnDestroyed in graph: EventGraph in object: BPGameController with description: Attempted to access BPEnemy_C_5 via property CallFunc_FinishSpawningActor_ReturnValue2, but BPEnemy_C_5 is pending kill
[2017.04.24-15.42.16:015][ 55]LogSpawn:Warning: SpawnActor failed because of collision at the spawn location [X=0.000 Y=-440.000 Z=50.000] for [BPEnemy_C]
[2017.04.24-15.42.16:015][ 55]LogScript:Warning: Attempted to access BPEnemy_C_6 via property CallFunc_FinishSpawningActor_ReturnValue2, but BPEnemy_C_6 is pending kill
	BPGameController_C /Game/Maps/UEDPIE_0_MapMain.MapMain:PersistentLevel.BPGameController_226
	Function /Game/Blueprints/BPGameController.BPGameController_C:ExecuteUbergraph_BPGameController:04D1
[2017.04.24-15.42.16:016][ 55]PIE:Error: Error Blueprint Runtime Error: Attempted to access BPEnemy_C_6 via property CallFunc_FinishSpawningActor_ReturnValue2, but BPEnemy_C_6 is pending kill from function: 'ExecuteUbergraph_BPGameController' from node: Bind Event to OnDestroyed in graph: EventGraph in object: BPGameController with description: Attempted to access BPEnemy_C_6 via property CallFunc_FinishSpawningActor_ReturnValue2, but BPEnemy_C_6 is pending kill
[2017.04.24-15.43.42:801][323]LogTemp: Repeting last play command: Selected Viewport
[2017.04.24-15.43.42:830][323]LogPlayLevel: PlayLevel: No blueprints needed recompiling
[2017.04.24-15.43.42:831][323]PIE: New page: PIE session: MapMain (Apr 24, 2017, 7:43:42 AM)
[2017.04.24-15.43.42:831][323]LogPlayLevel: Creating play world package: /Game/Maps/UEDPIE_0_MapMain
[2017.04.24-15.43.42:834][323]LogPlayLevel: PIE: StaticDuplicateObject took: (0.002996s)
[2017.04.24-15.43.42:835][323]LogAIModule: Creating AISystem for world MapMain
[2017.04.24-15.43.42:835][323]LogPlayLevel: PIE: World Init took: (0.001035s)
[2017.04.24-15.43.42:835][323]LogPlayLevel: PIE: Created PIE world by copying editor world from /Game/Maps/MapMain.MapMain to /Game/Maps/UEDPIE_0_MapMain.MapMain (0.004342s)
[2017.04.24-15.43.42:915][323]LogInit: XAudio2 using 'Headphone (Realtek High Definition Audio)' : 2 channels at 48 kHz using 32 bits per sample (channel mask 0x3)
[2017.04.24-15.43.42:932][323]LogInit: FAudioDevice initialized.
[2017.04.24-15.43.42:971][323]LogLoad: Game class is 'GameModeBase'
[2017.04.24-15.43.42:973][323]LogWorld: Bringing World /Game/Maps/UEDPIE_0_MapMain.MapMain up for play (max tick rate 60) at 2017.04.24-11.43.42
[2017.04.24-15.43.42:973][323]LogWorld: Bringing up level for play took: 0.001292
[2017.04.24-15.43.42:975][323]PIE: Info Play in editor start time for /Game/Maps/UEDPIE_0_MapMain -0.19
[2017.04.24-15.44.03:261][ 64]LogEditorViewport: Clicking Background
[2017.04.24-15.44.04:736][141]LogEditorViewport: Clicking on Actor (LMB): BPGameController_C (BPGameController)
[2017.04.24-15.45.04:414][ 50]LogTemp: Repeting last play command: Selected Viewport
[2017.04.24-15.45.04:442][ 50]LogPlayLevel: PlayLevel: No blueprints needed recompiling
[2017.04.24-15.45.04:442][ 50]PIE: New page: PIE session: MapMain (Apr 24, 2017, 7:45:04 AM)
[2017.04.24-15.45.04:442][ 50]LogPlayLevel: Creating play world package: /Game/Maps/UEDPIE_0_MapMain
[2017.04.24-15.45.04:444][ 50]LogPlayLevel: PIE: StaticDuplicateObject took: (0.002000s)
[2017.04.24-15.45.04:445][ 50]LogAIModule: Creating AISystem for world MapMain
[2017.04.24-15.45.04:445][ 50]LogPlayLevel: PIE: World Init took: (0.001055s)
[2017.04.24-15.45.04:446][ 50]LogPlayLevel: PIE: Created PIE world by copying editor world from /Game/Maps/MapMain.MapMain to /Game/Maps/UEDPIE_0_MapMain.MapMain (0.003380s)
[2017.04.24-15.45.04:523][ 50]LogInit: XAudio2 using 'Headphone (Realtek High Definition Audio)' : 2 channels at 48 kHz using 32 bits per sample (channel mask 0x3)
[2017.04.24-15.45.04:537][ 50]LogInit: FAudioDevice initialized.
[2017.04.24-15.45.04:566][ 50]LogLoad: Game class is 'GameModeBase'
[2017.04.24-15.45.04:567][ 50]LogWorld: Bringing World /Game/Maps/UEDPIE_0_MapMain.MapMain up for play (max tick rate 60) at 2017.04.24-11.45.04
[2017.04.24-15.45.04:568][ 50]LogWorld: Bringing up level for play took: 0.001137
[2017.04.24-15.45.04:570][ 50]PIE: Info Play in editor start time for /Game/Maps/UEDPIE_0_MapMain -0.513
[2017.04.24-15.45.53:077][423]Cmd: OBJ SAVEPACKAGE PACKAGE="/Game/Maps/MapMain" FILE="../../../../../../Users/arodriguez/Desktop/IskyRestrubel/Saved/Autosaves/Game/Maps/MapMain_Auto1.umap" SILENT=true AUTOSAVING=true KEEPDIRTY=false
[2017.04.24-15.45.53:198][423]LogSavePackage: Save=82.07ms
[2017.04.24-15.45.53:198][423]LogSavePackage: Moving '../../../../../../Users/arodriguez/Desktop/IskyRestrubel/Saved/MapMain_Auto1B4E264064FF931DBC26C51BEA94E5689.tmp' to '../../../../../../Users/arodriguez/Desktop/IskyRestrubel/Saved/Autosaves/Game/Maps/MapMain_Auto1.umap'
[2017.04.24-15.45.53:200][423]LogSavePackage:Display: Finished SavePackage ../../../../../../Users/arodriguez/Desktop/IskyRestrubel/Saved/Autosaves/Game/Maps/MapMain_Auto1.umap
[2017.04.24-15.45.53:212][423]LogFileHelpers: Editor autosave (incl. sublevels) for '/Game/Maps/MapMain' took 0.276
[2017.04.24-15.45.53:212][423]LogFileHelpers: Editor autosave (incl. sublevels) for all levels took 0.276
[2017.04.24-15.50.31:299][318]LogEditorViewport: Clicking Background
[2017.04.24-15.50.32:534][368]Cmd: OBJ SAVEPACKAGE PACKAGE="/Game/Maps/MapMain" FILE="../../../../../../Users/arodriguez/Desktop/IskyRestrubel/Content/Maps/MapMain.umap" SILENT=true AUTOSAVING=false KEEPDIRTY=false
[2017.04.24-15.50.32:719][368]LogSavePackage: Save=69.86ms
[2017.04.24-15.50.32:719][368]LogSavePackage: Moving '../../../../../../Users/arodriguez/Desktop/IskyRestrubel/Saved/MapMain23687B3746A95B2F20104F80E97F15BB.tmp' to '../../../../../../Users/arodriguez/Desktop/IskyRestrubel/Content/Maps/MapMain.umap'
[2017.04.24-15.50.32:724][368]LogSavePackage:Display: Finished SavePackage ../../../../../../Users/arodriguez/Desktop/IskyRestrubel/Content/Maps/MapMain.umap
[2017.04.24-15.50.32:793][368]LogFileHelpers: Saving map 'MapMain' took 0.355
[2017.04.24-15.50.37:841][560]Cmd: QUIT_EDITOR
[2017.04.24-15.50.38:000][560]LogExit: Preparing to exit.
[2017.04.24-15.50.38:571][560]LogDirectoryWatcher: A directory notification for 'C:/Users/arodriguez/Desktop/IskyRestrubel/Content/' was aborted.
[2017.04.24-15.50.38:620][560]LogExit: Editor shut down
[2017.04.24-15.50.38:620][560]LogExit: Transaction tracking system shut down
[2017.04.24-15.50.38:920][560]LogObj: Freed 0b from 0 cluster array pools.
[2017.04.24-15.50.38:920][560]LogExit: Object subsystem successfully closed.
[2017.04.24-15.50.39:020][560]LogD3D11RHI: Shutdown
[2017.04.24-15.50.39:020][560]LogD3D11RHI: CleanupD3DDevice
[2017.04.24-15.50.39:107][560]LogD3D11RHI: ~FD3D11DynamicRHI
[2017.04.24-15.50.39:190][560]LogModuleManager: Shutting down and abandoning module BlueprintGraph (504)
[2017.04.24-15.50.39:190][560]LogModuleManager: Shutting down and abandoning module BlueprintProfiler (502)
[2017.04.24-15.50.39:194][560]LogModuleManager: Shutting down and abandoning module MovieSceneCapture (500)
[2017.04.24-15.50.39:194][560]LogModuleManager: Shutting down and abandoning module HierarchicalLODOutliner (498)
[2017.04.24-15.50.39:194][560]LogModuleManager: Shutting down and abandoning module CrashTracker (496)
[2017.04.24-15.50.39:194][560]LogModuleManager: Shutting down and abandoning module SceneOutliner (494)
[2017.04.24-15.50.39:194][560]LogModuleManager: Shutting down and abandoning module AddContentDialog (492)
[2017.04.24-15.50.39:195][560]LogDirectoryWatcher: A directory notification for 'C:/Program Files/Epic Games/UE_4.15/FeaturePacks/' was aborted.
[2017.04.24-15.50.39:197][560]LogModuleManager: Shutting down and abandoning module WidgetCarousel (491)
[2017.04.24-15.50.39:197][560]LogModuleManager: Shutting down and abandoning module EditorWidgets (488)
[2017.04.24-15.50.39:197][560]LogModuleManager: Shutting down and abandoning module CollectionManager (486)
[2017.04.24-15.50.39:198][560]LogDirectoryWatcher: A directory notification for 'C:/Users/arodriguez/Desktop/IskyRestrubel/Content/Collections/' was aborted.
[2017.04.24-15.50.39:198][560]LogDirectoryWatcher: A directory notification for 'C:/Users/arodriguez/Desktop/IskyRestrubel/Content/Developers/arodriguez/Collections/' was aborted.
[2017.04.24-15.50.39:198][560]LogDirectoryWatcher: A directory notification for 'C:/Users/arodriguez/Desktop/IskyRestrubel/Saved/Collections/' was aborted.
[2017.04.24-15.50.39:199][560]LogModuleManager: Shutting down and abandoning module StatsViewer (484)
[2017.04.24-15.50.39:199][560]LogModuleManager: Shutting down and abandoning module FoliageEdit (482)
[2017.04.24-15.50.39:200][560]LogModuleManager: Shutting down and abandoning module LandscapeEditor (480)
[2017.04.24-15.50.39:201][560]LogModuleManager: Shutting down and abandoning module SceneDepthPickerMode (478)
[2017.04.24-15.50.39:201][560]LogModuleManager: Shutting down and abandoning module ActorPickerMode (476)
[2017.04.24-15.50.39:201][560]LogModuleManager: Shutting down and abandoning module GeometryMode (474)
[2017.04.24-15.50.39:201][560]LogModuleManager: Shutting down and abandoning module TextureAlignMode (472)
[2017.04.24-15.50.39:201][560]LogModuleManager: Shutting down and abandoning module BspMode (470)
[2017.04.24-15.50.39:201][560]LogModuleManager: Shutting down and abandoning module HardwareSurvey (468)
[2017.04.24-15.50.39:201][560]LogModuleManager: Shutting down and abandoning module SequenceRecorderSections (466)
[2017.04.24-15.50.39:201][560]LogModuleManager: Shutting down and abandoning module AutomationWorker (464)
[2017.04.24-15.50.39:201][560]LogModuleManager: Shutting down and abandoning module MatineeToLevelSequence (462)
[2017.04.24-15.50.39:201][560]LogModuleManager: Shutting down and abandoning module LevelSequenceEditor (460)
[2017.04.24-15.50.39:204][560]LogModuleManager: Shutting down and abandoning module PlacementMode (459)
[2017.04.24-15.50.39:204][560]LogModuleManager: Shutting down and abandoning module WmfMediaFactory (456)
[2017.04.24-15.50.39:204][560]LogModuleManager: Shutting down and abandoning module WmfMediaEditor (454)
[2017.04.24-15.50.39:204][560]LogModuleManager: Shutting down and abandoning module MfMediaFactory (452)
[2017.04.24-15.50.39:204][560]LogModuleManager: Shutting down and abandoning module MfMediaEditor (450)
[2017.04.24-15.50.39:204][560]LogModuleManager: Shutting down and abandoning module AvfMediaFactory (448)
[2017.04.24-15.50.39:204][560]LogModuleManager: Shutting down and abandoning module AvfMediaEditor (446)
[2017.04.24-15.50.39:204][560]LogModuleManager: Shutting down and abandoning module AndroidMediaFactory (444)
[2017.04.24-15.50.39:204][560]LogModuleManager: Shutting down and abandoning module Media (443)
[2017.04.24-15.50.39:204][560]LogModuleManager: Shutting down and abandoning module AndroidMediaEditor (440)
[2017.04.24-15.50.39:204][560]LogModuleManager: Shutting down and abandoning module CharacterAI (438)
[2017.04.24-15.50.39:204][560]LogModuleManager: Shutting down and abandoning module AudioCapture (436)
[2017.04.24-15.50.39:204][560]LogModuleManager: Shutting down and abandoning module SequenceRecorder (435)
[2017.04.24-15.50.39:206][560]LogModuleManager: Shutting down and abandoning module SmartSnapping (432)
[2017.04.24-15.50.39:207][560]LogModuleManager: Shutting down and abandoning module SessionServices (430)
[2017.04.24-15.50.39:207][560]LogModuleManager: Shutting down and abandoning module ViewportSnapping (428)
[2017.04.24-15.50.39:207][560]LogModuleManager: Shutting down and abandoning module ViewportInteraction (426)
[2017.04.24-15.50.39:207][560]LogModuleManager: Shutting down and abandoning module LogVisualizer (424)
[2017.04.24-15.50.39:214][560]LogModuleManager: Shutting down and abandoning module IntroTutorials (422)
[2017.04.24-15.50.39:214][560]LogModuleManager: Shutting down and abandoning module GameProjectGeneration (421)
[2017.04.24-15.50.39:216][560]LogModuleManager: Shutting down and abandoning module EditorLiveStreaming (418)
[2017.04.24-15.50.39:216][560]LogModuleManager: Shutting down and abandoning module IOSPlatformEditor (416)
[2017.04.24-15.50.39:216][560]LogModuleManager: Shutting down and abandoning module HTML5PlatformEditor (414)
[2017.04.24-15.50.39:216][560]LogModuleManager: Shutting down and abandoning module AndroidPlatformEditor (412)
[2017.04.24-15.50.39:217][560]LogModuleManager: Shutting down and abandoning module AndroidDeviceDetection (411)
[2017.04.24-15.50.39:561][560]LogModuleManager: Shutting down and abandoning module IOSRuntimeSettings (408)
[2017.04.24-15.50.39:561][560]LogModuleManager: Shutting down and abandoning module AndroidRuntimeSettings (406)
[2017.04.24-15.50.39:561][560]LogModuleManager: Shutting down and abandoning module InputBindingEditor (404)
[2017.04.24-15.50.39:562][560]LogModuleManager: Shutting down and abandoning module NiagaraEditor (402)
[2017.04.24-15.50.39:577][560]LogModuleManager: Shutting down and abandoning module MergeActors (400)
[2017.04.24-15.50.39:578][560]LogModuleManager: Shutting down and abandoning module SizeMap (398)
[2017.04.24-15.50.39:579][560]LogModuleManager: Shutting down and abandoning module TreeMap (396)
[2017.04.24-15.50.39:580][560]LogModuleManager: Shutting down and abandoning module ReferenceViewer (394)
[2017.04.24-15.50.39:580][560]LogModuleManager: Shutting down and abandoning module LocalizationDashboard (392)
[2017.04.24-15.50.39:581][560]LogModuleManager: Shutting down and abandoning module LocalizationService (391)
[2017.04.24-15.50.39:581][560]LogModuleManager: Shutting down and abandoning module HardwareTargeting (388)
[2017.04.24-15.50.39:582][560]LogModuleManager: Shutting down and abandoning module DeviceProfileEditor (386)
[2017.04.24-15.50.39:582][560]LogModuleManager: Shutting down and abandoning module UndoHistory (384)
[2017.04.24-15.50.39:583][560]LogModuleManager: Shutting down and abandoning module UserFeedback (382)
[2017.04.24-15.50.39:583][560]LogModuleManager: Shutting down and abandoning module XmlParser (380)
[2017.04.24-15.50.39:583][560]LogModuleManager: Shutting down and abandoning module Blutility (378)
[2017.04.24-15.50.39:583][560]LogModuleManager: Shutting down and abandoning module ProjectSettingsViewer (376)
[2017.04.24-15.50.39:583][560]LogModuleManager: Shutting down and abandoning module ProjectTargetPlatformEditor (375)
[2017.04.24-15.50.39:583][560]LogModuleManager: Shutting down and abandoning module EditorSettingsViewer (372)
[2017.04.24-15.50.39:584][560]LogModuleManager: Shutting down and abandoning module SettingsEditor (370)
[2017.04.24-15.50.39:585][560]LogModuleManager: Shutting down and abandoning module ProjectLauncher (368)
[2017.04.24-15.50.39:590][560]LogModuleManager: Shutting down and abandoning module SessionFrontend (366)
[2017.04.24-15.50.39:591][560]LogModuleManager: Shutting down and abandoning module ProfilerClient (364)
[2017.04.24-15.50.39:592][560]LogModuleManager: Shutting down and abandoning module DeviceManager (362)
[2017.04.24-15.50.39:594][560]LogModuleManager: Shutting down and abandoning module TargetDeviceServices (361)
[2017.04.24-15.50.39:644][560]LogModuleManager: Shutting down and abandoning module AutomationController (358)
[2017.04.24-15.50.39:645][560]LogModuleManager: Shutting down and abandoning module AutomationWindow (356)
[2017.04.24-15.50.39:669][560]LogModuleManager: Shutting down and abandoning module Layers (354)
[2017.04.24-15.50.39:672][560]LogModuleManager: Shutting down and abandoning module ComponentVisualizers (352)
[2017.04.24-15.50.39:672][560]LogModuleManager: Shutting down and abandoning module DetailCustomizations (350)
[2017.04.24-15.50.39:673][560]LogModuleManager: Shutting down and abandoning module PackagesDialog (348)
[2017.04.24-15.50.39:674][560]LogModuleManager: Shutting down and abandoning module Persona (346)
[2017.04.24-15.50.39:675][560]LogModuleManager: Shutting down and abandoning module AnimGraph (345)
[2017.04.24-15.50.39:675][560]LogModuleManager: Shutting down and abandoning module Kismet (342)
[2017.04.24-15.50.39:683][560]LogModuleManager: Shutting down and abandoning module GraphEditor (340)
[2017.04.24-15.50.39:683][560]LogModuleManager: Shutting down and abandoning module ClassViewer (338)
[2017.04.24-15.50.39:683][560]LogModuleManager: Shutting down and abandoning module Toolbox (336)
[2017.04.24-15.50.39:683][560]LogModuleManager: Shutting down and abandoning module ModuleUI (334)
[2017.04.24-15.50.39:685][560]LogModuleManager: Shutting down and abandoning module MovieSceneTools (332)
[2017.04.24-15.50.39:685][560]LogModuleManager: Shutting down and abandoning module OutputLog (330)
[2017.04.24-15.50.39:685][560]LogModuleManager: Shutting down and abandoning module GammaUI (328)
[2017.04.24-15.50.39:686][560]LogModuleManager: Shutting down and abandoning module Documentation (326)
[2017.04.24-15.50.39:686][560]LogModuleManager: Shutting down and abandoning module Niagara (324)
[2017.04.24-15.50.39:686][560]LogModuleManager: Shutting down and abandoning module StreamingPauseRendering (322)
[2017.04.24-15.50.39:686][560]LogModuleManager: Shutting down and abandoning module AnalyticsET (320)
[2017.04.24-15.50.39:686][560]LogModuleManager: Shutting down and abandoning module PortalServices (318)
[2017.04.24-15.50.39:686][560]LogModuleManager: Shutting down and abandoning module PortalRpc (316)
[2017.04.24-15.50.39:686][560]LogModuleManager: Shutting down and abandoning module MessagingRpc (314)
[2017.04.24-15.50.39:686][560]LogModuleManager: Shutting down and abandoning module AIModule (312)
[2017.04.24-15.50.39:686][560]LogModuleManager: Shutting down and abandoning module GameplayDebugger (311)
[2017.04.24-15.50.39:686][560]LogModuleManager: Shutting down and abandoning module AITestSuite (309)
[2017.04.24-15.50.39:686][560]LogModuleManager: Shutting down and abandoning module ProfilerService (306)
[2017.04.24-15.50.39:753][560]LogModuleManager: Shutting down and abandoning module TaskGraph (304)
[2017.04.24-15.50.39:759][560]LogModuleManager: Shutting down and abandoning module SteamVRController (302)
[2017.04.24-15.50.39:759][560]LogModuleManager: Shutting down and abandoning module SteamVR (300)
[2017.04.24-15.50.39:759][560]LogModuleManager: Shutting down and abandoning module ProceduralMeshComponentEditor (298)
[2017.04.24-15.50.39:759][560]LogModuleManager: Shutting down and abandoning module ProceduralMeshComponent (296)
[2017.04.24-15.50.39:760][560]LogModuleManager: Shutting down and abandoning module OculusLibrary (294)
[2017.04.24-15.50.39:760][560]LogModuleManager: Shutting down and abandoning module OculusInput (292)
[2017.04.24-15.50.39:760][560]LogModuleManager: Shutting down and abandoning module MobilePatchingUtils (290)
[2017.04.24-15.50.39:760][560]LogModuleManager: Shutting down and abandoning module CustomMeshComponent (288)
[2017.04.24-15.50.39:760][560]LogModuleManager: Shutting down and abandoning module CableComponent (286)
[2017.04.24-15.50.39:760][560]LogModuleManager: Shutting down and abandoning module ArchVisCharacter (284)
[2017.04.24-15.50.39:760][560]LogModuleManager: Shutting down and abandoning module MediaPlayerEditor (280)
[2017.04.24-15.50.39:763][560]LogModuleManager: Shutting down and abandoning module HTML5Networking (278)
[2017.04.24-15.50.39:763][560]LogModuleManager: Shutting down and abandoning module AlembicImporter (276)
[2017.04.24-15.50.39:764][560]LogModuleManager: Shutting down and abandoning module AlembicLibrary (275)
[2017.04.24-15.50.39:764][560]LogModuleManager: Shutting down and abandoning module GeometryCache (274)
[2017.04.24-15.50.39:764][560]LogModuleManager: Shutting down and abandoning module GeometryCacheEd (273)
[2017.04.24-15.50.39:764][560]LogModuleManager: Shutting down and abandoning module SuperSearchEditor (268)
[2017.04.24-15.50.39:764][560]LogModuleManager: Shutting down and abandoning module SuperSearch (267)
[2017.04.24-15.50.39:764][560]LogModuleManager: Shutting down and abandoning module SpeedTreeImporter (264)
[2017.04.24-15.50.39:764][560]LogModuleManager: Shutting down and abandoning module PluginBrowser (262)
[2017.04.24-15.50.39:766][560]LogModuleManager: Shutting down and abandoning module MobileLauncherProfileWizard (260)
[2017.04.24-15.50.39:768][560]LogModuleManager: Shutting down and abandoning module EpicSurvey (258)
[2017.04.24-15.50.39:768][560]LogModuleManager: Shutting down and abandoning module VisualStudioSourceCodeAccess (256)
[2017.04.24-15.50.39:768][560]LogModuleManager: Shutting down and abandoning module DesktopPlatform (255)
[2017.04.24-15.50.39:768][560]LogModuleManager: Shutting down and abandoning module UObjectPlugin (252)
[2017.04.24-15.50.39:768][560]LogModuleManager: Shutting down and abandoning module SubversionSourceControl (250)
[2017.04.24-15.50.39:769][560]LogModuleManager: Shutting down and abandoning module PerforceSourceControl (248)
[2017.04.24-15.50.39:771][560]LogModuleManager: Shutting down and abandoning module GitSourceControl (246)
[2017.04.24-15.50.39:771][560]LogModuleManager: Shutting down and abandoning module SourceControl (245)
[2017.04.24-15.50.39:772][560]LogModuleManager: Shutting down and abandoning module LightPropagationVolumeEditor (242)
[2017.04.24-15.50.39:772][560]LogModuleManager: Shutting down and abandoning module PaperTiledImporter (240)
[2017.04.24-15.50.39:772][560]LogModuleManager: Shutting down and abandoning module PaperSpriteSheetImporter (238)
[2017.04.24-15.50.39:772][560]LogModuleManager: Shutting down and abandoning module Paper2DEditor (236)
[2017.04.24-15.50.39:773][560]LogModuleManager: Shutting down and abandoning module MeshPaint (235)
[2017.04.24-15.50.39:773][560]LogModuleManager: Shutting down and abandoning module LevelEditor (233)
[2017.04.24-15.50.39:776][560]LogModuleManager: Shutting down and abandoning module PixelInspectorModule (232)
[2017.04.24-15.50.39:777][560]LogModuleManager: Shutting down and abandoning module MainFrame (230)
[2017.04.24-15.50.39:777][560]LogModuleManager: Shutting down and abandoning module HotReload (229)
[2017.04.24-15.50.39:778][560]LogModuleManager: Shutting down and abandoning module ContentBrowser (225)
[2017.04.24-15.50.39:779][560]LogModuleManager: Shutting down and abandoning module PhysXVehiclesEditor (222)
[2017.04.24-15.50.39:780][560]LogModuleManager: Shutting down and abandoning module PhysXVehicles (220)
[2017.04.24-15.50.39:780][560]LogModuleManager: Shutting down and abandoning module LocationServicesBPLibrary (218)
[2017.04.24-15.50.39:780][560]LogModuleManager: Shutting down and abandoning module UdpMessaging (216)
[2017.04.24-15.50.39:880][560]LogModuleManager: Shutting down and abandoning module TcpMessaging (214)
[2017.04.24-15.50.39:980][560]LogModuleManager: Shutting down and abandoning module GameplayTagsEditor (212)
[2017.04.24-15.50.39:986][560]LogModuleManager: Shutting down and abandoning module FacialAnimationEditor (210)
[2017.04.24-15.50.39:986][560]LogModuleManager: Shutting down and abandoning module FacialAnimation (208)
[2017.04.24-15.50.39:986][560]LogModuleManager: Shutting down and abandoning module LightPropagationVolumeRuntime (206)
[2017.04.24-15.50.39:986][560]LogModuleManager: Shutting down and abandoning module Paper2D (204)
[2017.04.24-15.50.39:986][560]LogModuleManager: Shutting down and abandoning module WindowsMoviePlayer (202)
[2017.04.24-15.50.39:986][560]LogModuleManager: Shutting down and abandoning module WmfMedia (200)
[2017.04.24-15.50.39:987][560]LogModuleManager: Shutting down and abandoning module MfMedia (198)
[2017.04.24-15.50.39:987][560]LogModuleManager: Shutting down and abandoning module MediaAssets (196)
[2017.04.24-15.50.39:987][560]LogModuleManager: Shutting down and abandoning module GameLiveStreaming (194)
[2017.04.24-15.50.39:987][560]LogModuleManager: Shutting down and abandoning module VREditor (192)
[2017.04.24-15.50.39:987][560]LogModuleManager: Shutting down and abandoning module GameplayTasksEditor (190)
[2017.04.24-15.50.39:987][560]LogModuleManager: Shutting down and abandoning module BehaviorTreeEditor (188)
[2017.04.24-15.50.40:003][560]LogModuleManager: Shutting down and abandoning module FunctionalTesting (186)
[2017.04.24-15.50.40:003][560]LogModuleManager: Shutting down and abandoning module CollisionAnalyzer (184)
[2017.04.24-15.50.40:005][560]LogModuleManager: Shutting down and abandoning module UMG (182)
[2017.04.24-15.50.40:006][560]LogModuleManager: Shutting down and abandoning module UMGEditor (181)
[2017.04.24-15.50.40:014][560]LogModuleManager: Shutting down and abandoning module Sequencer (180)
[2017.04.24-15.50.40:024][560]LogModuleManager: Shutting down and abandoning module AssetTools (178)
[2017.04.24-15.50.40:028][560]LogModuleManager: Shutting down and abandoning module MessageLog (177)
[2017.04.24-15.50.40:029][560]LogModuleManager: Shutting down and abandoning module WorkspaceMenuStructure (176)
[2017.04.24-15.50.40:029][560]LogModuleManager: Shutting down and abandoning module SlateReflector (170)
[2017.04.24-15.50.40:033][560]LogModuleManager: Shutting down and abandoning module Slate (168)
[2017.04.24-15.50.40:033][560]LogModuleManager: Shutting down and abandoning module EditorStyle (166)
[2017.04.24-15.50.40:035][560]LogModuleManager: Shutting down and abandoning module SourceCodeAccess (164)
[2017.04.24-15.50.40:035][560]LogModuleManager: Shutting down and abandoning module HeadMountedDisplay (162)
[2017.04.24-15.50.40:035][560]LogModuleManager: Shutting down and abandoning module XAudio2 (160)
[2017.04.24-15.50.40:035][560]LogModuleManager: Shutting down and abandoning module Networking (158)
[2017.04.24-15.50.40:035][560]LogModuleManager: Shutting down and abandoning module Core (154)
[2017.04.24-15.50.40:035][560]LogModuleManager: Shutting down and abandoning module AssetRegistry (152)
[2017.04.24-15.50.40:177][560]LogDirectoryWatcher: A directory notification for '../../../Engine/Content/' was aborted.
[2017.04.24-15.50.40:177][560]LogDirectoryWatcher: A directory notification for '../../../../../../Users/arodriguez/Desktop/IskyRestrubel/Content/' was aborted.
[2017.04.24-15.50.40:177][560]LogDirectoryWatcher: A directory notification for '../../../Engine/Plugins/2D/Paper2D/Content/' was aborted.
[2017.04.24-15.50.40:178][560]LogModuleManager: Shutting down and abandoning module DirectoryWatcher (151)
[2017.04.24-15.50.40:179][560]LogModuleManager: Shutting down and abandoning module KismetCompiler (148)
[2017.04.24-15.50.40:179][560]LogModuleManager: Shutting down and abandoning module PhysXFormats (146)
[2017.04.24-15.50.40:179][560]LogModuleManager: Shutting down and abandoning module MeshUtilities (144)
[2017.04.24-15.50.40:181][560]LogModuleManager: Shutting down and abandoning module SimplygonSwarm (143)
[2017.04.24-15.50.40:182][560]LogModuleManager: Shutting down and abandoning module SimplygonMeshReduction (141)
[2017.04.24-15.50.40:182][560]LogModuleManager: Shutting down and abandoning module QuadricMeshReduction (139)
[2017.04.24-15.50.40:182][560]LogModuleManager: Shutting down and abandoning module PropertyEditor (137)
[2017.04.24-15.50.40:182][560]LogModuleManager: Shutting down and abandoning module DerivedDataCache (134)
[2017.04.24-15.50.40:188][560]LogDerivedDataCache: Shutdown
[2017.04.24-15.50.40:188][560]LogModuleManager: Shutting down and abandoning module TargetPlatform (132)
[2017.04.24-15.50.40:188][560]LogModuleManager: Shutting down and abandoning module VulkanShaderFormat (131)
[2017.04.24-15.50.40:189][560]LogModuleManager: Shutting down and abandoning module ShaderFormatOpenGL (129)
[2017.04.24-15.50.40:190][560]LogModuleManager: Shutting down and abandoning module ShaderFormatD3D (127)
[2017.04.24-15.50.40:190][560]LogModuleManager: Shutting down and abandoning module MetalShaderFormat (125)
[2017.04.24-15.50.40:191][560]LogModuleManager: Shutting down and abandoning module TextureFormatUncompressed (123)
[2017.04.24-15.50.40:191][560]LogModuleManager: Shutting down and abandoning module TextureFormatPVR (121)
[2017.04.24-15.50.40:191][560]LogModuleManager: Shutting down and abandoning module TextureFormatDXT (119)
[2017.04.24-15.50.40:191][560]LogModuleManager: Shutting down and abandoning module TextureFormatIntelISPCTexComp (117)
[2017.04.24-15.50.40:191][560]LogModuleManager: Shutting down and abandoning module TextureFormatASTC (115)
[2017.04.24-15.50.40:191][560]LogModuleManager: Shutting down and abandoning module ImageWrapper (114)
[2017.04.24-15.50.40:191][560]LogModuleManager: Shutting down and abandoning module TextureFormatAndroid (111)
[2017.04.24-15.50.40:191][560]LogModuleManager: Shutting down and abandoning module AudioFormatOpus (109)
[2017.04.24-15.50.40:197][560]LogModuleManager: Shutting down and abandoning module AudioFormatOgg (107)
[2017.04.24-15.50.40:197][560]LogModuleManager: Shutting down and abandoning module AudioFormatADPCM (105)
[2017.04.24-15.50.40:197][560]LogModuleManager: Shutting down and abandoning module LinuxTargetPlatform (103)
[2017.04.24-15.50.40:197][560]LogModuleManager: Shutting down and abandoning module LinuxServerTargetPlatform (101)
[2017.04.24-15.50.40:197][560]LogModuleManager: Shutting down and abandoning module LinuxNoEditorTargetPlatform (99)
[2017.04.24-15.50.40:197][560]LogModuleManager: Shutting down and abandoning module LinuxClientTargetPlatform (97)
[2017.04.24-15.50.40:197][560]LogModuleManager: Shutting down and abandoning module TVOSTargetPlatform (95)
[2017.04.24-15.50.40:197][560]LogModuleManager: Shutting down and abandoning module Messaging (93)
[2017.04.24-15.50.40:197][560]LogModuleManager: Shutting down and abandoning module IOSTargetPlatform (91)
[2017.04.24-15.50.40:197][560]LogModuleManager: Shutting down and abandoning module HTML5TargetPlatform (89)
[2017.04.24-15.50.40:198][560]LogModuleManager: Shutting down and abandoning module Android_PVRTCTargetPlatform (87)
[2017.04.24-15.50.40:198][560]LogModuleManager: Shutting down and abandoning module Android_MultiTargetPlatform (85)
[2017.04.24-15.50.40:198][560]LogModuleManager: Shutting down and abandoning module Android_ETC2TargetPlatform (83)
[2017.04.24-15.50.40:198][560]LogModuleManager: Shutting down and abandoning module Android_ETC1TargetPlatform (81)
[2017.04.24-15.50.40:198][560]LogModuleManager: Shutting down and abandoning module Android_DXTTargetPlatform (79)
[2017.04.24-15.50.40:198][560]LogModuleManager: Shutting down and abandoning module Android_ATCTargetPlatform (77)
[2017.04.24-15.50.40:198][560]LogModuleManager: Shutting down and abandoning module Android_ASTCTargetPlatform (75)
[2017.04.24-15.50.40:198][560]LogModuleManager: Shutting down and abandoning module AndroidTargetPlatform (73)
[2017.04.24-15.50.40:198][560]LogModuleManager: Shutting down and abandoning module WindowsTargetPlatform (71)
[2017.04.24-15.50.40:198][560]LogModuleManager: Shutting down and abandoning module WindowsServerTargetPlatform (69)
[2017.04.24-15.50.40:198][560]LogModuleManager: Shutting down and abandoning module WindowsNoEditorTargetPlatform (67)
[2017.04.24-15.50.40:198][560]LogModuleManager: Shutting down and abandoning module WindowsClientTargetPlatform (65)
[2017.04.24-15.50.40:198][560]LogModuleManager: Shutting down and abandoning module MacTargetPlatform (63)
[2017.04.24-15.50.40:198][560]LogModuleManager: Shutting down and abandoning module MacServerTargetPlatform (61)
[2017.04.24-15.50.40:198][560]LogModuleManager: Shutting down and abandoning module MacNoEditorTargetPlatform (59)
[2017.04.24-15.50.40:198][560]LogModuleManager: Shutting down and abandoning module MacClientTargetPlatform (57)
[2017.04.24-15.50.40:198][560]LogModuleManager: Shutting down and abandoning module AllDesktopTargetPlatform (55)
[2017.04.24-15.50.40:198][560]LogModuleManager: Shutting down and abandoning module InputCore (52)
[2017.04.24-15.50.40:198][560]LogModuleManager: Shutting down and abandoning module Settings (50)
[2017.04.24-15.50.40:198][560]LogModuleManager: Shutting down and abandoning module OculusRift (48)
[2017.04.24-15.50.40:198][560]LogModuleManager: Shutting down and abandoning module GearVR (46)
[2017.04.24-15.50.40:198][560]LogModuleManager: Shutting down and abandoning module ExampleDeviceProfileSelector (44)
[2017.04.24-15.50.40:198][560]LogModuleManager: Shutting down and abandoning module OnlineBlueprintSupport (42)
[2017.04.24-15.50.40:198][560]LogModuleManager: Shutting down and abandoning module OnlineSubsystem (38)
[2017.04.24-15.50.40:198][560]LogOnline:Display: Unloading online subsystem: NULL
[2017.04.24-15.50.40:200][560]LogModuleManager: Shutting down and abandoning module XMPP (37)
[2017.04.24-15.50.40:202][560]LogModuleManager: Shutting down and abandoning module HTTP (35)
[2017.04.24-15.50.40:202][560]LogHttp:Display: Http module shutting down, but needs to wait on 1 outstanding Http requests:
[2017.04.24-15.50.40:202][560]LogHttp:Display: 	verb=[POST] url=[https://datarouter.ol.epicgames.com/datarouter/api/v1/public/data?SessionID=%7B534E9975-4FAB-EB8E-DB2D-DE95A94E8B9C%7D&AppID=UEEditor.Rocket.Release&AppVersion=4.15.1-3348071%2B%2B%2BUE4%2BRelease-4.15&UserID=248f341a4c546dde656610975e5d6bea%7Ce4b27134f6bf412e9a100d05c6700cdb%7C01533b05-ceac-45b3-a5fb-27bdcf21a394&AppEnvironment=datacollector-binary&UploadType=eteventstream] status=Processing
[2017.04.24-15.50.40:233][560]LogModuleManager: Shutting down and abandoning module SSL (34)
[2017.04.24-15.50.40:234][560]LogModuleManager: Shutting down and abandoning module AudioEditor (30)
[2017.04.24-15.50.40:235][560]LogModuleManager: Shutting down and abandoning module TextureCompressor (28)
[2017.04.24-15.50.40:235][560]LogModuleManager: Shutting down and abandoning module ShaderCore (26)
[2017.04.24-15.50.40:235][560]LogModuleManager: Shutting down and abandoning module Landscape (24)
[2017.04.24-15.50.40:235][560]LogModuleManager: Shutting down and abandoning module SlateRHIRenderer (22)
[2017.04.24-15.50.40:253][560]LogModuleManager: Shutting down and abandoning module OpenGLDrv (20)
[2017.04.24-15.50.40:254][560]LogModuleManager: Shutting down and abandoning module D3D11RHI (18)
[2017.04.24-15.50.40:254][560]LogModuleManager: Shutting down and abandoning module AnimGraphRuntime (16)
[2017.04.24-15.50.40:254][560]LogModuleManager: Shutting down and abandoning module Renderer (14)
[2017.04.24-15.50.40:254][560]LogModuleManager: Shutting down and abandoning module Engine (12)
[2017.04.24-15.50.40:254][560]LogModuleManager: Shutting down and abandoning module CoreUObject (10)
[2017.04.24-15.50.40:254][560]LogModuleManager: Shutting down and abandoning module NetworkFile (8)
[2017.04.24-15.50.40:254][560]LogModuleManager: Shutting down and abandoning module StreamingFile (6)
[2017.04.24-15.50.40:254][560]LogModuleManager: Shutting down and abandoning module SandboxFile (4)
[2017.04.24-15.50.40:254][560]LogModuleManager: Shutting down and abandoning module PakFile (2)
[2017.04.24-15.50.40:257][560]LogExit: Exiting.
[2017.04.24-15.50.40:259][560]Log file closed, 04/24/17 11:50:40
