Log file open, 04/24/17 12:37:07
LogInit:Display: Running engine for game: IskyRestrubel
LogPlatformFile: Not using cached read wrapper
LogInit:Display: RandInit(1867108477) SRandInit(1867108478).
LogTaskGraph: Started task graph with 5 named threads and 6 total threads with 1 sets of task threads.
LogStats: Stats thread started at 0.098902
LogInit: Using libcurl 7.47.1
LogInit:  - built for x86_64-pc-win32
LogInit:  - supports SSL with OpenSSL/1.0.2g
LogInit:  - supports HTTP deflate (compression) using libz 1.2.8
LogInit:  - other features:
LogInit:      CURL_VERSION_SSL
LogInit:      CURL_VERSION_LIBZ
LogInit:      CURL_VERSION_IPV6
LogInit:      CURL_VERSION_ASYNCHDNS
LogInit:      CURL_VERSION_LARGEFILE
LogInit:      CURL_VERSION_IDN
LogInit:  CurlRequestOptions (configurable via config and command line):
LogInit:  - bVerifyPeer = false  - Libcurl will NOT verify peer certificate
LogInit:  - bUseHttpProxy = false  - Libcurl will NOT use HTTP proxy
LogInit:  - bDontReuseConnections = false  - Libcurl will reuse connections
LogInit:  - CertBundlePath = nullptr  - Libcurl will use whatever was configured at build time.
LogInit: Build: ++UE4+Release-4.15-CL-3348071
LogInit: Engine Version: 4.15.1-3348071+++UE4+Release-4.15
LogInit: Compatible Engine Version: 4.15.0-3299760+++UE4+Release-4.15
LogInit: Net CL: 3299760
LogDevObjectVersion: Number of dev versions registered: 14
LogDevObjectVersion:   Dev-Blueprints (B0D832E4-1F89-4F0D-ACCF-7EB736FD4AA2): 8
LogDevObjectVersion:   Dev-Build (E1C64328-A22C-4D53-A36C-8E866417BD8C): 0
LogDevObjectVersion:   Dev-Core (375EC13C-06E4-48FB-B500-84F0262A717E): 2
LogDevObjectVersion:   Dev-Editor (E4B068ED-F494-42E9-A231-DA0B2E46BB41): 14
LogDevObjectVersion:   Dev-Framework (CFFC743F-43B0-4480-9391-14DF171D2073): 22
LogDevObjectVersion:   Dev-Mobile (B02B49B5-BB20-44E9-A304-32B752E40360): 0
LogDevObjectVersion:   Dev-Networking (A4E4105C-59A1-49B5-A7C5-40C4547EDFEE): 0
LogDevObjectVersion:   Dev-Online (39C831C9-5AE6-47DC-9A44-9C173E1C8E7C): 0
LogDevObjectVersion:   Dev-Physics (78F01B33-EBEA-4F98-B9B4-84EACCB95AA2): 0
LogDevObjectVersion:   Dev-Platform (6631380F-2D4D-43E0-8009-CF276956A95A): 0
LogDevObjectVersion:   Dev-Rendering (12F88B9F-8875-4AFC-A67C-D90C383ABD29): 12
LogDevObjectVersion:   Dev-Sequencer (7B5AE74C-D270-4C10-A958-57980B212A5A): 3
LogDevObjectVersion:   Dev-VR (D7296918-1DD6-4BDD-9DE2-64A83CC13884): 0
LogDevObjectVersion:   Dev-LoadTimes (C2A15278-BFE7-4AFE-6C17-90FF531DF755): 1
LogInit: Compiled (64-bit): Mar 15 2017 16:52:47
LogInit: Compiled with Visual C++: 19.00.23026.00
LogInit: Build Configuration: Development
LogInit: Branch Name: ++UE4+Release-4.15
LogInit: Command line:  
LogInit: Base directory: C:/Program Files/Epic Games/UE_4.15/Engine/Binaries/Win64/
LogInit: Installed Engine Build: 1
LogInit: Presizing for max 8388607 objects, including 0 objects not considered by GC, pre-allocating 0 bytes for permanent pool.
LogInit: Object subsystem initialized
[2017.04.24-16.37.09:964][  0]LogInit: Selected Device Profile: [Windows]
[2017.04.24-16.37.09:964][  0]LogInit: Applying CVar settings loaded from the selected device profile: [Windows]
[2017.04.24-16.37.10:034][  0]LogInit: Computer: PRG22740
[2017.04.24-16.37.10:034][  0]LogInit: User: arodriguez
[2017.04.24-16.37.10:034][  0]LogInit: CPU Page size=65536, Cores=2
[2017.04.24-16.37.10:034][  0]LogInit: High frequency timer resolution =2.435888 MHz
[2017.04.24-16.37.10:035][  0]LogMemory: Memory total: Physical=7.9GB (8GB approx)
[2017.04.24-16.37.10:035][  0]LogMemory: Platform Memory Stats for Windows
[2017.04.24-16.37.10:035][  0]LogMemory: Process Physical Memory: 262.63 MB used, 262.63 MB peak
[2017.04.24-16.37.10:035][  0]LogMemory: Process Virtual Memory: 264.02 MB used, 264.02 MB peak
[2017.04.24-16.37.10:035][  0]LogMemory: Physical Memory: 5952.23 MB used,  2144.91 MB free, 8097.14 MB total
[2017.04.24-16.37.10:035][  0]LogMemory: Virtual Memory: 628.97 MB used,  2144.91 MB free, 8388608.00 MB total
[2017.04.24-16.37.10:211][  0]LogTextLocalizationManager: No specific translations for ('en-US') exist, so ('en') translations will be used.
[2017.04.24-16.37.11:316][  0]LogD3D11RHI: D3D11 adapters:
[2017.04.24-16.37.11:340][  0]LogD3D11RHI:    0. 'Intel(R) HD Graphics 4600' (Feature Level 11_0)
[2017.04.24-16.37.11:340][  0]LogD3D11RHI:       2094/0/3792 MB DedicatedVideo/DedicatedSystem/SharedSystem, Outputs:2, VendorId:0x8086
[2017.04.24-16.37.11:340][  0]LogD3D11RHI: Chosen D3D11 Adapter: 0
[2017.04.24-16.37.11:346][  0]LogD3D11RHI: Creating new Direct3DDevice
[2017.04.24-16.37.11:346][  0]LogD3D11RHI:     GPU DeviceId: 0x416 (for the marketing name, search the web for "GPU Device Id")
[2017.04.24-16.37.11:346][  0]LogWindows: EnumDisplayDevices:
[2017.04.24-16.37.11:346][  0]LogWindows:    0. 'Intel(R) HD Graphics 4600' (P:1 D:1)
[2017.04.24-16.37.11:347][  0]LogWindows:    1. 'Intel(R) HD Graphics 4600' (P:0 D:1)
[2017.04.24-16.37.11:347][  0]LogWindows:    2. 'Intel(R) HD Graphics 4600' (P:0 D:0)
[2017.04.24-16.37.11:347][  0]LogWindows:    3. 'Intel(R) HD Graphics 4600' (P:0 D:0)
[2017.04.24-16.37.11:347][  0]LogWindows:    4. 'Intel(R) HD Graphics 4600' (P:0 D:0)
[2017.04.24-16.37.11:347][  0]LogWindows:    5. 'Intel(R) HD Graphics 4600' (P:0 D:0)
[2017.04.24-16.37.11:348][  0]LogWindows:    6. 'Intel(R) HD Graphics 4600' (P:0 D:0)
[2017.04.24-16.37.11:348][  0]LogWindows:    7. 'Intel(R) HD Graphics 4600' (P:0 D:0)
[2017.04.24-16.37.11:348][  0]LogWindows:    8. 'Intel(R) HD Graphics 4600' (P:0 D:0)
[2017.04.24-16.37.11:348][  0]LogWindows:    9. 'RDPDD Chained DD' (P:0 D:0)
[2017.04.24-16.37.11:348][  0]LogWindows:    10. 'RDP Encoder Mirror Driver' (P:0 D:0)
[2017.04.24-16.37.11:349][  0]LogWindows:    11. 'RDP Reflector Display Driver' (P:0 D:0)
[2017.04.24-16.37.11:349][  0]LogWindows: DebugString: GetVideoDriverDetailsInvalid PrimaryIsNotTheChoosenAdapter GetVideoDriverDetailsInvalid PrimaryIsNotTheChoosenAdapter GetVideoDriverDetailsInvalid PrimaryIsNotTheChoosenAdapter FoundDriverCount:9 
[2017.04.24-16.37.11:349][  0]LogD3D11RHI:     Adapter Name: Intel(R) HD Graphics 4600
[2017.04.24-16.37.11:349][  0]LogD3D11RHI:   Driver Version: 10.18.14.4099 (internal:10.18.14.4099, unified:10.18.14.4099)
[2017.04.24-16.37.11:349][  0]LogD3D11RHI:      Driver Date: 1-19-2015
[2017.04.24-16.37.11:349][  0]LogRHI: Texture pool is 1361 MB (70% of 1945 MB)
[2017.04.24-16.37.11:363][  0]LogD3D11RHI: Async texture creation enabled
[2017.04.24-16.37.11:373][  0]LogD3D11RHI: GPU Timing Frequency: 12.500000 (Debug: 2 1)
[2017.04.24-16.37.11:374][  0]LogShaderCompilers: Guid format shader working directory is 17 characters bigger than the processId version (H:/RusskyIstrebetel2/IskyRestrubel/Intermediate/Shaders/WorkingDirectory/2340/).
[2017.04.24-16.37.11:374][  0]LogShaderCompilers: Cleaned the shader compiler working directory 'C:/Users/arodriguez/AppData/Local/Temp/UnrealShaderWorkingDir/038863EA4776ADB01E843CB9AC9C996B/'.
[2017.04.24-16.37.11:374][  0]LogShaderCompilers:Display: Using Local Shader Compiler.
[2017.04.24-16.37.12:943][  0]LogTemp:Display: Loaded TP AllDesktopTargetPlatform
[2017.04.24-16.37.13:031][  0]LogTemp:Display: Loaded TP MacClientTargetPlatform
[2017.04.24-16.37.13:129][  0]LogTemp:Display: Loaded TP MacNoEditorTargetPlatform
[2017.04.24-16.37.13:217][  0]LogTemp:Display: Loaded TP MacServerTargetPlatform
[2017.04.24-16.37.13:296][  0]LogTemp:Display: Loaded TP MacTargetPlatform
[2017.04.24-16.37.13:387][  0]LogTemp:Display: Loaded TP WindowsClientTargetPlatform
[2017.04.24-16.37.13:486][  0]LogTemp:Display: Loaded TP WindowsNoEditorTargetPlatform
[2017.04.24-16.37.13:575][  0]LogTemp:Display: Loaded TP WindowsServerTargetPlatform
[2017.04.24-16.37.13:640][  0]LogTemp:Display: Loaded TP WindowsTargetPlatform
[2017.04.24-16.37.13:730][  0]LogTemp:Display: Loaded TP AndroidTargetPlatform
[2017.04.24-16.37.13:822][  0]LogTemp:Display: Loaded TP Android_ASTCTargetPlatform
[2017.04.24-16.37.13:904][  0]LogTemp:Display: Loaded TP Android_ATCTargetPlatform
[2017.04.24-16.37.13:988][  0]LogTemp:Display: Loaded TP Android_DXTTargetPlatform
[2017.04.24-16.37.14:106][  0]LogTemp:Display: Loaded TP Android_ETC1TargetPlatform
[2017.04.24-16.37.14:196][  0]LogTemp:Display: Loaded TP Android_ETC2TargetPlatform
[2017.04.24-16.37.14:392][  0]LogTemp:Display: Loaded TP Android_MultiTargetPlatform
[2017.04.24-16.37.14:392][  0]LogTemp:Display: Loaded TP Android_PVRTCTargetPlatform
[2017.04.24-16.37.14:484][  0]LogTemp:Display: Loaded TP HTML5TargetPlatform
[2017.04.24-16.37.14:613][  0]LogTemp:Display: Loaded TP IOSTargetPlatform
[2017.04.24-16.37.14:671][  0]LogTemp:Display: Loaded TP TVOSTargetPlatform
[2017.04.24-16.37.14:751][  0]LogTemp:Display: Loaded TP LinuxClientTargetPlatform
[2017.04.24-16.37.14:844][  0]LogTemp:Display: Loaded TP LinuxNoEditorTargetPlatform
[2017.04.24-16.37.14:933][  0]LogTemp:Display: Loaded TP LinuxServerTargetPlatform
[2017.04.24-16.37.15:017][  0]LogTemp:Display: Loaded TP LinuxTargetPlatform
[2017.04.24-16.37.15:017][  0]LogTargetPlatformManager:Display: Building Assets For Windows
[2017.04.24-16.37.15:689][  0]LogDerivedDataCache:Display: Max Cache Size: 512 MB
[2017.04.24-16.37.15:757][  0]LogDerivedDataCache: Loaded boot cache 0.07s 50MB C:/Users/arodriguez/AppData/Local/UnrealEngine/4.15/DerivedDataCache/Boot.ddc.
[2017.04.24-16.37.15:758][  0]LogDerivedDataCache:Display: Loaded Boot cache: C:/Users/arodriguez/AppData/Local/UnrealEngine/4.15/DerivedDataCache/Boot.ddc
[2017.04.24-16.37.15:760][  0]LogDerivedDataCache: FDerivedDataBackendGraph:  Pak pak cache file H:/RusskyIstrebetel2/IskyRestrubel/DerivedDataCache/DDC.ddp not found, will not use a pak cache.
[2017.04.24-16.37.15:760][  0]LogDerivedDataCache: Unable to find inner node Pak for hierarchical cache Hierarchy.
[2017.04.24-16.37.15:761][  0]LogDerivedDataCache: FDerivedDataBackendGraph:  CompressedPak pak cache file H:/RusskyIstrebetel2/IskyRestrubel/DerivedDataCache/Compressed.ddp not found, will not use a pak cache.
[2017.04.24-16.37.15:761][  0]LogDerivedDataCache: Unable to find inner node CompressedPak for hierarchical cache Hierarchy.
[2017.04.24-16.37.15:788][  0]LogDerivedDataCache:Display: Pak cache opened for reading ../../../Engine/DerivedDataCache/Compressed.ddp.
[2017.04.24-16.37.15:800][  0]LogDerivedDataCache: Using Local data cache path C:/Users/arodriguez/AppData/Local/UnrealEngine/Common/DerivedDataCache: Writable
[2017.04.24-16.37.15:814][  0]LogSlate: Using Freetype 2.6.0
[2017.04.24-16.37.15:815][  0]LogSlate: SlateFontCache - WITH_FREETYPE: 1, WITH_HARFBUZZ: 1
[2017.04.24-16.37.15:815][  0]LogSlate: SlateFontCache - WITH_FREETYPE: 1, WITH_HARFBUZZ: 1
[2017.04.24-16.37.16:241][  0]LogInit: Selected Device Profile: [Windows]
[2017.04.24-16.37.16:245][  0]LogContentStreaming: Texture pool size is 0.00 MB
[2017.04.24-16.37.16:600][  0]LogMeshUtilities: Using QuadricMeshReduction for automatic static mesh reduction
[2017.04.24-16.37.16:680][  0]LogSimplygon: Simplygon DLL not present - disabling.
[2017.04.24-16.37.16:740][  0]LogMeshUtilities: Using SimplygonSwarm for distributed automatic mesh merging
[2017.04.24-16.37.16:740][  0]LogMeshUtilities: No automatic skeletal mesh reduction module available
[2017.04.24-16.37.16:740][  0]LogMeshUtilities: No automatic mesh merging module available
[2017.04.24-16.37.17:579][  0]LogNetVersion: GetLocalNetworkVersion: CL: 3299760, ProjectName: iskyrestrubel, ProjectVersion: , EngineNetworkVersion: 2, GameNetworkVersion: 0, NetworkChecksum: 3238313141
[2017.04.24-16.37.17:638][  0]LogAssetRegistry: FAssetRegistry took 0.0203 seconds to start up
[2017.04.24-16.37.19:011][  0]LogPackageLocalizationCache: Processed 3 localized package path(s) for 2 prioritized culture(s) in 1.333876 seconds
[2017.04.24-16.37.19:034][  0]LogUObjectArray: 32493 objects as part of root set at end of initial load.
[2017.04.24-16.37.19:034][  0]LogUObjectAllocator: 7077024 out of 0 bytes used by permanent object pool.
[2017.04.24-16.37.19:034][  0]LogUObjectArray: CloseDisregardForGC: 0/0 objects in disregard for GC pool
[2017.04.24-16.37.19:326][  0]LogInit: WinSock: version 1.1 (2.2), MaxSocks=32767, MaxUdp=65467
[2017.04.24-16.37.23:522][  0]LogTcpMessaging: Initializing TcpMessaging bridge
[2017.04.24-16.37.23:596][  0]LogUdpMessaging: Initializing bridge on interface 0.0.0.0:0 to multicast group 230.0.0.1:6666.
[2017.04.24-16.37.24:551][  0]LogMaterial: Uniform references updated for custom material expression Custom.
[2017.04.24-16.37.25:334][  0]SourceControl: Info Source control is disabled
[2017.04.24-16.37.25:379][  0]SourceControl: Info Source control is disabled
[2017.04.24-16.37.25:469][  0]SourceControl: Info Source control is disabled
[2017.04.24-16.37.25:563][  0]SourceControl: Info Source control is disabled
[2017.04.24-16.37.27:544][  0]LogEngine: Initializing Engine...
[2017.04.24-16.37.27:544][  0]LogHMD: Failed to initialize OpenVR with code 110
[2017.04.24-16.37.27:862][  0]LogAIModule: Creating AISystem for world Untitled
[2017.04.24-16.37.27:885][  0]LogInit: XAudio2 using 'Headphone (Realtek High Definition Audio)' : 2 channels at 48 kHz using 32 bits per sample (channel mask 0x3)
[2017.04.24-16.37.27:901][  0]LogInit: FAudioDevice initialized.
[2017.04.24-16.37.27:933][  0]LogDerivedDataCache: Saved boot cache 0.03s 50MB C:/Users/arodriguez/AppData/Local/UnrealEngine/4.15/DerivedDataCache/Boot.ddc.
[2017.04.24-16.37.27:943][  0]LogInit: Texture streaming: Enabled
[2017.04.24-16.37.28:084][  0]LogEngineSessionManager: EngineSessionManager initialized
[2017.04.24-16.37.28:219][  0]LogInit: Transaction tracking system initialized
[2017.04.24-16.37.28:714][  0]BlueprintLog: New page: Editor Load
[2017.04.24-16.37.30:115][  0]LocalizationService: Info Localization service is disabled
[2017.04.24-16.37.31:365][  0]LogConsoleResponse:Display: 
[2017.04.24-16.37.31:559][  0]LogCook:Display: Max memory allowance for cook 16384mb min free memory 0mb
[2017.04.24-16.37.31:559][  0]LogCook:Display: Mobile HDR setting 1
[2017.04.24-16.37.32:135][  0]LogFileCache: Scanning file cache for directory 'H:/RusskyIstrebetel2/IskyRestrubel/Content/' took 0.11s
[2017.04.24-16.37.33:037][  0]SourceControl: Info Source control is disabled
[2017.04.24-16.37.33:037][  0]Cmd: MAP LOAD FILE="H:/RusskyIstrebetel2/IskyRestrubel/Content/Maps/MapMain.umap" TEMPLATE=0 SHOWPROGRESS=1 FEATURELEVEL=3
[2017.04.24-16.37.33:043][  0]LightingResults: New page: Lighting Build
[2017.04.24-16.37.33:098][  0]MapCheck: New page: Map Check
[2017.04.24-16.37.33:098][  0]LightingResults: New page: Lighting Build
[2017.04.24-16.37.33:651][  0]LogAIModule: Creating AISystem for world MapMain
[2017.04.24-16.37.33:681][  0]LogEditorServer: Finished looking for orphan Actors (0.000 secs)
[2017.04.24-16.37.33:682][  0]Cmd: MAP CHECKDEP NOCLEARLOG
[2017.04.24-16.37.33:728][  0]MapCheck: Info Map check complete: 0 Error(s), 0 Warning(s), took 45.766ms to complete.
[2017.04.24-16.37.33:728][  0]LogFileHelpers: Loading map 'MapMain' took 0.692
[2017.04.24-16.37.33:973][  0]LogCollectionManager: Loaded 0 collections in 0.003992 seconds
[2017.04.24-16.37.34:092][  0]LogFileCache: Scanning file cache for directory 'H:/RusskyIstrebetel2/IskyRestrubel/Saved/Collections/' took 0.01s
[2017.04.24-16.37.34:092][  0]LogFileCache: Scanning file cache for directory 'H:/RusskyIstrebetel2/IskyRestrubel/Content/Developers/arodriguez/Collections/' took 0.01s
[2017.04.24-16.37.34:092][  0]LogFileCache: Scanning file cache for directory 'H:/RusskyIstrebetel2/IskyRestrubel/Content/Collections/' took 0.01s
[2017.04.24-16.37.34:092][  0]LogCollectionManager: Rebuilt the GUID cache for 0 collections in 0.000002 seconds
[2017.04.24-16.37.34:106][  0]LogContentBrowser: Native class hierarchy populated in 0.0133 seconds. Added 2245 classes and 453 folders.
[2017.04.24-16.37.34:115][  0]LogStats: UGameplayTagsManager::ConstructGameplayTagTree: Construct from data asset -  0.000 s
[2017.04.24-16.37.34:115][  0]LogStats: UGameplayTagsManager::ConstructGameplayTagTree: GameplayTagTreeChangedEvent.Broadcast -  0.000 s
[2017.04.24-16.37.34:207][  0]LogContentBrowser: Native class hierarchy updated for 'WidgetCarousel' in 0.0028 seconds. Added 0 classes and 0 folders.
[2017.04.24-16.37.34:267][  0]LogContentBrowser: Native class hierarchy updated for 'AddContentDialog' in 0.0024 seconds. Added 0 classes and 0 folders.
[2017.04.24-16.37.34:334][  0]LogContentBrowser: Native class hierarchy updated for 'SceneOutliner' in 0.0022 seconds. Added 1 classes and 2 folders.
[2017.04.24-16.37.34:403][  0]LogCrashTracker: Crashtracker disabled due to settings.
[2017.04.24-16.37.34:408][  0]LogUObjectGlobals:Warning: Failed to find object 'Class None.'
[2017.04.24-16.37.34:495][  0]LogContentBrowser: Native class hierarchy updated for 'HierarchicalLODOutliner' in 0.0015 seconds. Added 1 classes and 2 folders.
[2017.04.24-16.37.34:495][  0]LogLoad: (Engine Initialization) Total time: 29.37 seconds
[2017.04.24-16.37.34:495][  0]LogLoad: (Engine Initialization) Total Blueprint compile time: 0.17 seconds
[2017.04.24-16.37.34:495][  0]LogExternalProfiler: Found external profiler: VSPerf
[2017.04.24-16.37.34:495][  0]LogExternalProfiler: Using external profiler: VSPerf
[2017.04.24-16.37.34:513][  0]LogOcInput: OculusInput pre-init called
[2017.04.24-16.37.34:533][  0]LogContentStreaming: Texture pool size now 400 MB
[2017.04.24-16.37.34:535][  0]LogSlate: Took 0.000379 seconds to synchronously load lazily loaded font '../../../Engine/Content/Slate/Fonts/Roboto-Regular.ttf' (155K)
[2017.04.24-16.37.34:540][  0]LogSlate: Took 0.000335 seconds to synchronously load lazily loaded font '../../../Engine/Content/Slate/Fonts/Roboto-Bold.ttf' (160K)
[2017.04.24-16.37.34:547][  0]LogSlate: Took 0.000221 seconds to synchronously load lazily loaded font '../../../Engine/Content/Editor/Slate/Fonts/FontAwesome.ttf' (139K)
[2017.04.24-16.37.34:699][  0]LogRenderer: Reallocating scene render targets to support 1208x600 NumSamples 1 (Frame:2).
[2017.04.24-16.37.34:877][  0]LogSlate: Took 0.000399 seconds to synchronously load lazily loaded font '../../../Engine/Content/Slate/Fonts/Roboto-Light.ttf' (159K)
[2017.04.24-16.37.35:227][  2]LogAssetRegistry: Asset discovery search completed in 17.6277 seconds
[2017.04.24-16.37.35:227][  2]LogCollectionManager: Rebuilt the object cache for 0 collections in 0.000006 seconds (found 0 objects)
[2017.04.24-16.37.35:228][  2]LogCollectionManager: Fixed up redirectors for 0 collections in 0.000069 seconds (updated 0 objects)
[2017.04.24-16.37.35:571][ 12]LogSlate: Took 0.000235 seconds to synchronously load lazily loaded font '../../../Engine/Content/Slate/Fonts/Roboto-Light.ttf' (159K)
[2017.04.24-16.37.47:139][502]LogSlate: Took 0.000224 seconds to synchronously load lazily loaded font '../../../Engine/Content/Slate/Fonts/Roboto-Light.ttf' (159K)
[2017.04.24-16.37.47:858][502]LogContentBrowser: Native class hierarchy updated for 'BlueprintGraph' in 0.0030 seconds. Added 112 classes and 0 folders.
[2017.04.24-16.37.48:748][502]LogSlate: Took 0.000278 seconds to synchronously load lazily loaded font '../../../Engine/Content/Editor/Slate/Fonts/Roboto-BoldCondensed.ttf' (158K)
[2017.04.24-16.37.49:146][503]LogSlate: Took 0.000258 seconds to synchronously load lazily loaded font '../../../Engine/Content/Editor/Slate/Fonts/Roboto-Italic.ttf' (157K)
[2017.04.24-16.37.58:235][733]LogTemp: Repeting last play command: Selected Viewport
[2017.04.24-16.37.58:302][733]LogPlayLevel: PlayLevel: No blueprints needed recompiling
[2017.04.24-16.37.58:303][733]PIE: New page: PIE session: MapMain (Apr 24, 2017, 8:37:58 AM)
[2017.04.24-16.37.58:303][733]LogPlayLevel: Creating play world package: /Game/Maps/UEDPIE_0_MapMain
[2017.04.24-16.37.58:308][733]LogPlayLevel: PIE: StaticDuplicateObject took: (0.004363s)
[2017.04.24-16.37.58:309][733]LogAIModule: Creating AISystem for world MapMain
[2017.04.24-16.37.58:310][733]LogPlayLevel: PIE: World Init took: (0.002528s)
[2017.04.24-16.37.58:310][733]LogPlayLevel: PIE: Created PIE world by copying editor world from /Game/Maps/MapMain.MapMain to /Game/Maps/UEDPIE_0_MapMain.MapMain (0.007342s)
[2017.04.24-16.37.58:415][733]LogInit: XAudio2 using 'Headphone (Realtek High Definition Audio)' : 2 channels at 48 kHz using 32 bits per sample (channel mask 0x3)
[2017.04.24-16.37.58:439][733]LogInit: FAudioDevice initialized.
[2017.04.24-16.37.58:491][733]LogLoad: Game class is 'GameModeBase'
[2017.04.24-16.37.58:494][733]LogWorld: Bringing World /Game/Maps/UEDPIE_0_MapMain.MapMain up for play (max tick rate 60) at 2017.04.24-12.37.58
[2017.04.24-16.37.58:494][733]LogWorld: Bringing up level for play took: 0.001534
[2017.04.24-16.37.58:634][733]LogContentBrowser: Native class hierarchy updated for 'MovieSceneCapture' in 0.0052 seconds. Added 11 classes and 0 folders.
[2017.04.24-16.37.58:638][733]PIE: Info Play in editor start time for /Game/Maps/UEDPIE_0_MapMain 0.754
[2017.04.24-16.38.35:837][297]Cmd: TRANSACTION UNDO
[2017.04.24-16.38.35:837][297]LogEditorTransaction: Undo Delete current selection
[2017.04.24-16.38.38:899][394]LogEditorTransaction: Redo Delete current selection
[2017.04.24-16.40.30:456][211]BlueprintLog: New page: Compile BPPlayer
[2017.04.24-16.40.31:359][224]Cmd: OBJ SAVEPACKAGE PACKAGE="/Game/Blueprints/BPPlayer" FILE="H:/RusskyIstrebetel2/IskyRestrubel/Content/Blueprints/BPPlayer.uasset" SILENT=true
[2017.04.24-16.40.32:544][224]LogSlate: Took 0.000205 seconds to synchronously load lazily loaded font '../../../Engine/Content/Slate/Fonts/Roboto-Regular.ttf' (155K)
[2017.04.24-16.40.32:793][224]LogSavePackage: Save=1143.16ms
[2017.04.24-16.40.32:793][224]LogSavePackage: Moving 'H:/RusskyIstrebetel2/IskyRestrubel/Saved/BPPlayerF2D22A5445341F189DCE25B706F9298A.tmp' to 'H:/RusskyIstrebetel2/IskyRestrubel/Content/Blueprints/BPPlayer.uasset'
[2017.04.24-16.40.32:871][224]LogSavePackage:Display: Finished SavePackage H:/RusskyIstrebetel2/IskyRestrubel/Content/Blueprints/BPPlayer.uasset
[2017.04.24-16.40.34:548][309]LogTemp: Repeting last play command: Selected Viewport
[2017.04.24-16.40.34:601][309]LogPlayLevel: PlayLevel: No blueprints needed recompiling
[2017.04.24-16.40.34:602][309]PIE: New page: PIE session: MapMain (Apr 24, 2017, 8:40:34 AM)
[2017.04.24-16.40.34:602][309]LogPlayLevel: Creating play world package: /Game/Maps/UEDPIE_0_MapMain
[2017.04.24-16.40.34:605][309]LogPlayLevel: PIE: StaticDuplicateObject took: (0.003548s)
[2017.04.24-16.40.34:607][309]LogAIModule: Creating AISystem for world MapMain
[2017.04.24-16.40.34:607][309]LogPlayLevel: PIE: World Init took: (0.001731s)
[2017.04.24-16.40.34:608][309]LogPlayLevel: PIE: Created PIE world by copying editor world from /Game/Maps/MapMain.MapMain to /Game/Maps/UEDPIE_0_MapMain.MapMain (0.005804s)
[2017.04.24-16.40.34:656][309]LogInit: XAudio2 using 'Headphone (Realtek High Definition Audio)' : 2 channels at 48 kHz using 32 bits per sample (channel mask 0x3)
[2017.04.24-16.40.34:671][309]LogInit: FAudioDevice initialized.
[2017.04.24-16.40.34:706][309]LogLoad: Game class is 'GameModeBase'
[2017.04.24-16.40.34:707][309]LogWorld: Bringing World /Game/Maps/UEDPIE_0_MapMain.MapMain up for play (max tick rate 60) at 2017.04.24-12.40.34
[2017.04.24-16.40.34:708][309]LogWorld: Bringing up level for play took: 0.001092
[2017.04.24-16.40.34:710][309]PIE: Info Play in editor start time for /Game/Maps/UEDPIE_0_MapMain 0.984
[2017.04.24-16.40.48:344][895]BlueprintLog: New page: Compile BPPlayer
[2017.04.24-16.40.50:134][962]LogTemp: Repeting last play command: Selected Viewport
[2017.04.24-16.40.50:174][962]LogPlayLevel: PlayLevel: No blueprints needed recompiling
[2017.04.24-16.40.50:174][962]PIE: New page: PIE session: MapMain (Apr 24, 2017, 8:40:50 AM)
[2017.04.24-16.40.50:174][962]LogPlayLevel: Creating play world package: /Game/Maps/UEDPIE_0_MapMain
[2017.04.24-16.40.50:178][962]LogPlayLevel: PIE: StaticDuplicateObject took: (0.003331s)
[2017.04.24-16.40.50:179][962]LogAIModule: Creating AISystem for world MapMain
[2017.04.24-16.40.50:179][962]LogPlayLevel: PIE: World Init took: (0.000976s)
[2017.04.24-16.40.50:179][962]LogPlayLevel: PIE: Created PIE world by copying editor world from /Game/Maps/MapMain.MapMain to /Game/Maps/UEDPIE_0_MapMain.MapMain (0.004692s)
[2017.04.24-16.40.50:232][962]LogInit: XAudio2 using 'Headphone (Realtek High Definition Audio)' : 2 channels at 48 kHz using 32 bits per sample (channel mask 0x3)
[2017.04.24-16.40.50:247][962]LogInit: FAudioDevice initialized.
[2017.04.24-16.40.50:282][962]LogLoad: Game class is 'GameModeBase'
[2017.04.24-16.40.50:284][962]LogWorld: Bringing World /Game/Maps/UEDPIE_0_MapMain.MapMain up for play (max tick rate 60) at 2017.04.24-12.40.50
[2017.04.24-16.40.50:284][962]LogWorld: Bringing up level for play took: 0.002005
[2017.04.24-16.40.50:287][962]PIE: Info Play in editor start time for /Game/Maps/UEDPIE_0_MapMain 0.577
[2017.04.24-16.40.57:648][271]BlueprintLog: New page: Compile BPPlayer
[2017.04.24-16.40.58:929][319]LogTemp: Repeting last play command: Selected Viewport
[2017.04.24-16.40.58:970][319]LogPlayLevel: PlayLevel: No blueprints needed recompiling
[2017.04.24-16.40.58:971][319]PIE: New page: PIE session: MapMain (Apr 24, 2017, 8:40:58 AM)
[2017.04.24-16.40.58:971][319]LogPlayLevel: Creating play world package: /Game/Maps/UEDPIE_0_MapMain
[2017.04.24-16.40.58:973][319]LogPlayLevel: PIE: StaticDuplicateObject took: (0.002328s)
[2017.04.24-16.40.58:974][319]LogAIModule: Creating AISystem for world MapMain
[2017.04.24-16.40.58:974][319]LogPlayLevel: PIE: World Init took: (0.000998s)
[2017.04.24-16.40.58:974][319]LogPlayLevel: PIE: Created PIE world by copying editor world from /Game/Maps/MapMain.MapMain to /Game/Maps/UEDPIE_0_MapMain.MapMain (0.003626s)
[2017.04.24-16.40.59:019][319]LogInit: XAudio2 using 'Headphone (Realtek High Definition Audio)' : 2 channels at 48 kHz using 32 bits per sample (channel mask 0x3)
[2017.04.24-16.40.59:035][319]LogInit: FAudioDevice initialized.
[2017.04.24-16.40.59:071][319]LogLoad: Game class is 'GameModeBase'
[2017.04.24-16.40.59:073][319]LogWorld: Bringing World /Game/Maps/UEDPIE_0_MapMain.MapMain up for play (max tick rate 60) at 2017.04.24-12.40.59
[2017.04.24-16.40.59:073][319]LogWorld: Bringing up level for play took: 0.001949
[2017.04.24-16.40.59:076][319]PIE: Info Play in editor start time for /Game/Maps/UEDPIE_0_MapMain -0.625
[2017.04.24-16.41.48:068][160]LogEditorViewport: Clicking on Actor (context menu): BPGameController_C (BPGameController)
[2017.04.24-16.42.37:299][360]BlueprintLog: New page: Compile BPGameController
[2017.04.24-16.42.38:968][413]Cmd: OBJ SAVEPACKAGE PACKAGE="/Game/Maps/MapMain" FILE="H:/RusskyIstrebetel2/IskyRestrubel/Content/Maps/MapMain.umap" SILENT=true AUTOSAVING=false KEEPDIRTY=false
[2017.04.24-16.42.39:586][413]LogSavePackage: Save=324.54ms
[2017.04.24-16.42.39:586][413]LogSavePackage: Moving 'H:/RusskyIstrebetel2/IskyRestrubel/Saved/MapMain0F558B7044AE5F9BC7EA819BB2715495.tmp' to 'H:/RusskyIstrebetel2/IskyRestrubel/Content/Maps/MapMain.umap'
[2017.04.24-16.42.39:641][413]LogSavePackage:Display: Finished SavePackage H:/RusskyIstrebetel2/IskyRestrubel/Content/Maps/MapMain.umap
[2017.04.24-16.42.40:217][432]LogTemp: Repeting last play command: Selected Viewport
[2017.04.24-16.42.40:259][432]LogPlayLevel: PlayLevel: No blueprints needed recompiling
[2017.04.24-16.42.40:259][432]PIE: New page: PIE session: MapMain (Apr 24, 2017, 8:42:40 AM)
[2017.04.24-16.42.40:260][432]LogPlayLevel: Creating play world package: /Game/Maps/UEDPIE_0_MapMain
[2017.04.24-16.42.40:263][432]LogPlayLevel: PIE: StaticDuplicateObject took: (0.002958s)
[2017.04.24-16.42.40:263][432]LogAIModule: Creating AISystem for world MapMain
[2017.04.24-16.42.40:264][432]LogPlayLevel: PIE: World Init took: (0.001037s)
[2017.04.24-16.42.40:264][432]LogPlayLevel: PIE: Created PIE world by copying editor world from /Game/Maps/MapMain.MapMain to /Game/Maps/UEDPIE_0_MapMain.MapMain (0.004316s)
[2017.04.24-16.42.40:330][432]LogInit: XAudio2 using 'Headphone (Realtek High Definition Audio)' : 2 channels at 48 kHz using 32 bits per sample (channel mask 0x3)
[2017.04.24-16.42.40:347][432]LogInit: FAudioDevice initialized.
[2017.04.24-16.42.40:380][432]LogLoad: Game class is 'GameModeBase'
[2017.04.24-16.42.40:381][432]LogWorld: Bringing World /Game/Maps/UEDPIE_0_MapMain.MapMain up for play (max tick rate 60) at 2017.04.24-12.42.40
[2017.04.24-16.42.40:382][432]LogWorld: Bringing up level for play took: 0.001066
[2017.04.24-16.42.40:383][432]PIE: Info Play in editor start time for /Game/Maps/UEDPIE_0_MapMain 0.784
[2017.04.24-16.42.51:342][890]LogEditorViewport: Clicking Background
[2017.04.24-16.42.53:343][960]LogTemp: Repeting last play command: Selected Viewport
[2017.04.24-16.42.53:391][960]LogPlayLevel: PlayLevel: No blueprints needed recompiling
[2017.04.24-16.42.53:391][960]PIE: New page: PIE session: MapMain (Apr 24, 2017, 8:42:53 AM)
[2017.04.24-16.42.53:391][960]LogPlayLevel: Creating play world package: /Game/Maps/UEDPIE_0_MapMain
[2017.04.24-16.42.53:394][960]LogPlayLevel: PIE: StaticDuplicateObject took: (0.002326s)
[2017.04.24-16.42.53:394][960]LogAIModule: Creating AISystem for world MapMain
[2017.04.24-16.42.53:394][960]LogPlayLevel: PIE: World Init took: (0.000693s)
[2017.04.24-16.42.53:395][960]LogPlayLevel: PIE: Created PIE world by copying editor world from /Game/Maps/MapMain.MapMain to /Game/Maps/UEDPIE_0_MapMain.MapMain (0.003263s)
[2017.04.24-16.42.53:442][960]LogInit: XAudio2 using 'Headphone (Realtek High Definition Audio)' : 2 channels at 48 kHz using 32 bits per sample (channel mask 0x3)
[2017.04.24-16.42.53:458][960]LogInit: FAudioDevice initialized.
[2017.04.24-16.42.53:488][960]LogLoad: Game class is 'GameModeBase'
[2017.04.24-16.42.53:490][960]LogWorld: Bringing World /Game/Maps/UEDPIE_0_MapMain.MapMain up for play (max tick rate 60) at 2017.04.24-12.42.53
[2017.04.24-16.42.53:490][960]LogWorld: Bringing up level for play took: 0.001078
[2017.04.24-16.42.53:492][960]PIE: Info Play in editor start time for /Game/Maps/UEDPIE_0_MapMain -0.094
[2017.04.24-16.43.01:612][321]LogEditorViewport: Clicking on Actor (LMB): DirectionalLight (Light Source)
[2017.04.24-16.43.07:828][562]LogTemp: Repeting last play command: Selected Viewport
[2017.04.24-16.43.07:885][562]LogPlayLevel: PlayLevel: No blueprints needed recompiling
[2017.04.24-16.43.07:885][562]PIE: New page: PIE session: MapMain (Apr 24, 2017, 8:43:07 AM)
[2017.04.24-16.43.07:885][562]LogPlayLevel: Creating play world package: /Game/Maps/UEDPIE_0_MapMain
[2017.04.24-16.43.07:889][562]LogPlayLevel: PIE: StaticDuplicateObject took: (0.003667s)
[2017.04.24-16.43.07:890][562]LogAIModule: Creating AISystem for world MapMain
[2017.04.24-16.43.07:890][562]LogPlayLevel: PIE: World Init took: (0.000996s)
[2017.04.24-16.43.07:890][562]LogPlayLevel: PIE: Created PIE world by copying editor world from /Game/Maps/MapMain.MapMain to /Game/Maps/UEDPIE_0_MapMain.MapMain (0.004949s)
[2017.04.24-16.43.07:959][562]LogInit: XAudio2 using 'Headphone (Realtek High Definition Audio)' : 2 channels at 48 kHz using 32 bits per sample (channel mask 0x3)
[2017.04.24-16.43.07:978][562]LogInit: FAudioDevice initialized.
[2017.04.24-16.43.08:016][562]LogLoad: Game class is 'GameModeBase'
[2017.04.24-16.43.08:018][562]LogWorld: Bringing World /Game/Maps/UEDPIE_0_MapMain.MapMain up for play (max tick rate 60) at 2017.04.24-12.43.08
[2017.04.24-16.43.08:019][562]LogWorld: Bringing up level for play took: 0.001918
[2017.04.24-16.43.08:022][562]PIE: Info Play in editor start time for /Game/Maps/UEDPIE_0_MapMain 0.451
[2017.04.24-16.43.20:125][990]LogEditorViewport: Clicking on Actor (LMB): DirectionalLight (Light Source)
[2017.04.24-16.43.24:612][224]LogTemp: Repeting last play command: Selected Viewport
[2017.04.24-16.43.24:658][224]LogPlayLevel: PlayLevel: No blueprints needed recompiling
[2017.04.24-16.43.24:658][224]PIE: New page: PIE session: MapMain (Apr 24, 2017, 8:43:24 AM)
[2017.04.24-16.43.24:658][224]LogPlayLevel: Creating play world package: /Game/Maps/UEDPIE_0_MapMain
[2017.04.24-16.43.24:662][224]LogPlayLevel: PIE: StaticDuplicateObject took: (0.003393s)
[2017.04.24-16.43.24:663][224]LogAIModule: Creating AISystem for world MapMain
[2017.04.24-16.43.24:663][224]LogPlayLevel: PIE: World Init took: (0.001156s)
[2017.04.24-16.43.24:663][224]LogPlayLevel: PIE: Created PIE world by copying editor world from /Game/Maps/MapMain.MapMain to /Game/Maps/UEDPIE_0_MapMain.MapMain (0.005042s)
[2017.04.24-16.43.24:708][224]LogInit: XAudio2 using 'Headphone (Realtek High Definition Audio)' : 2 channels at 48 kHz using 32 bits per sample (channel mask 0x3)
[2017.04.24-16.43.24:721][224]LogInit: FAudioDevice initialized.
[2017.04.24-16.43.24:755][224]LogLoad: Game class is 'GameModeBase'
[2017.04.24-16.43.24:756][224]LogWorld: Bringing World /Game/Maps/UEDPIE_0_MapMain.MapMain up for play (max tick rate 60) at 2017.04.24-12.43.24
[2017.04.24-16.43.24:757][224]LogWorld: Bringing up level for play took: 0.001090
[2017.04.24-16.43.24:759][224]PIE: Info Play in editor start time for /Game/Maps/UEDPIE_0_MapMain -0.796
[2017.04.24-16.43.50:607][223]LogRenderer: Reallocating scene render targets to support 1432x964 NumSamples 1 (Frame:4322).
[2017.04.24-16.45.10:595][183]LogActorComponent: UnregisterComponent: (/Engine/Transient.EditorFloorComp) Not registered. Aborting.
[2017.04.24-16.45.10:810][183]LogActorComponent: UnregisterComponent: (/Engine/Transient.EditorFloorComp) Not registered. Aborting.
[2017.04.24-16.45.13:270][183]LogObjectTools:Warning: ForceReplaceReferences replaced references for a transient object 'TRASH_StaticMeshComponent_1' or package '/Engine/Transient'.
[2017.04.24-16.45.13:271][183]LogObjectTools:Warning: ForceReplaceReferences replaced references for a transient object 'StaticMeshComponent_22' or package '/Engine/Transient'.
[2017.04.24-16.45.13:271][183]LogObjectTools:Warning: ForceReplaceReferences replaced references for a transient object 'StaticMesh' or package '/Engine/Transient'.
[2017.04.24-16.45.13:273][183]LogObjectTools:Warning: ForceReplaceReferences replaced references for a transient object 'TRASH_StaticMeshComponent_19' or package '/Engine/Transient'.
[2017.04.24-16.45.17:369][190]LogFactory: FactoryCreateFile: StaticMesh with FbxFactory (0 0 ../../../../../../Users/arodriguez/Documents/Jet.fbx)
[2017.04.24-16.45.17:471][190]LogFbx: ItemName: GlobalSettings, ItemCount : 1
[2017.04.24-16.45.17:471][190]LogFbx: ItemName: NodeAttribute, ItemCount : 19
[2017.04.24-16.45.17:471][190]LogFbx: ItemName: Geometry, ItemCount : 1
[2017.04.24-16.45.17:471][190]LogFbx: ItemName: Model, ItemCount : 20
[2017.04.24-16.45.17:471][190]LogFbx: ItemName: Material, ItemCount : 14
[2017.04.24-16.45.17:493][190]LogFbx: Loading FBX Scene from ../../../../../../Users/arodriguez/Documents/Jet.fbx
[2017.04.24-16.45.17:658][190]LogFbx: FBX Scene Loaded Succesfully
[2017.04.24-16.45.28:417][190]LogFbx: Loading FBX Scene from ../../../../../../Users/arodriguez/Documents/Jet.fbx
[2017.04.24-16.45.28:605][190]LogFbx: FBX Scene Loaded Succesfully
[2017.04.24-16.45.28:892][190]LogStaticMesh: Building static mesh Jet...
[2017.04.24-16.45.29:153][190]LogMeshUtilities: Invalid vertex normals found for mesh. Forcing recomputation of vertex normals for MikkTSpace. Fix mesh or disable "Use MikkTSpace Tangent Space" to avoid forced recomputation of normals.
[2017.04.24-16.45.33:026][190]LogStaticMesh: Built static mesh [4.14s] /Game/Models/Jet.Jet
[2017.04.24-16.45.33:237][190]LogStaticMesh:Warning: Jet has degenerate tangent bases which will result in incorrect shading.  MikkTSpace relies on tangent bases and may result in mesh corruption, consider disabling this option.
[2017.04.24-16.45.33:472][190]FBXImport:Warning: Warning No smoothing group information was found in this FBX scene.  Please make sure to enable the 'Export Smoothing Groups' option in the FBX Exporter plug-in before exporting the file.  Even for tools that don't support smoothing groups, the FBX Exporter will generate appropriate smoothing data at export-time so that correct vertex normals can be inferred while importing. 
[2017.04.24-16.45.33:472][190]FBXImport:Warning: Warning Jet has degenerate tangent bases which will result in incorrect shading.  MikkTSpace relies on tangent bases and may result in mesh corruption, consider disabling this option. 
[2017.04.24-16.45.52:678][930]BlueprintLog: New page: Compile BPPlayer
[2017.04.24-16.45.54:255][983]LogTemp: Repeting last play command: Selected Viewport
[2017.04.24-16.45.54:310][983]LogPlayLevel: PlayLevel: No blueprints needed recompiling
[2017.04.24-16.45.54:310][983]PIE: New page: PIE session: MapMain (Apr 24, 2017, 8:45:54 AM)
[2017.04.24-16.45.54:310][983]LogPlayLevel: Creating play world package: /Game/Maps/UEDPIE_0_MapMain
[2017.04.24-16.45.54:313][983]LogPlayLevel: PIE: StaticDuplicateObject took: (0.002603s)
[2017.04.24-16.45.54:314][983]LogAIModule: Creating AISystem for world MapMain
[2017.04.24-16.45.54:314][983]LogPlayLevel: PIE: World Init took: (0.000677s)
[2017.04.24-16.45.54:314][983]LogPlayLevel: PIE: Created PIE world by copying editor world from /Game/Maps/MapMain.MapMain to /Game/Maps/UEDPIE_0_MapMain.MapMain (0.003539s)
[2017.04.24-16.45.54:359][983]LogInit: XAudio2 using 'Headphone (Realtek High Definition Audio)' : 2 channels at 48 kHz using 32 bits per sample (channel mask 0x3)
[2017.04.24-16.45.54:378][983]LogInit: FAudioDevice initialized.
[2017.04.24-16.45.54:411][983]LogLoad: Game class is 'GameModeBase'
[2017.04.24-16.45.54:412][983]LogWorld: Bringing World /Game/Maps/UEDPIE_0_MapMain.MapMain up for play (max tick rate 60) at 2017.04.24-12.45.54
[2017.04.24-16.45.54:412][983]LogWorld: Bringing up level for play took: 0.001081
[2017.04.24-16.45.54:414][983]PIE: Info Play in editor start time for /Game/Maps/UEDPIE_0_MapMain 1.01
[2017.04.24-16.46.11:139][496]LogSlate: Only BGRA pngs, bmps or icos are supported in by External Image Picker
[2017.04.24-16.46.12:099][502]LogTemp:Display: Executing iPhonePackager certificates Engine -bundlename com.YourCompany.IskyRestrubel

[2017.04.24-16.46.12:099][502]LogTemp:Display: CWD: C:\Program Files\Epic Games\UE_4.15\Engine\Binaries\DotNET\IOS

[2017.04.24-16.46.12:099][502]LogTemp:Display: Initial Dir: C:\Program Files\Epic Games\UE_4.15

[2017.04.24-16.46.12:099][502]LogTemp:Display: Env CWD: C:\Program Files\Epic Games\UE_4.15\Engine\Binaries\DotNET\IOS

[2017.04.24-16.46.12:099][502]LogTemp:Display: BranchPath = PRG22740/C/Program Files/Epic Games/UE_4.15/Engine/Binaries --- GameBranchPath = PRG22740/C/Program Files/Epic Games/UE_4.15/Engine/Binaries

[2017.04.24-16.46.12:755][530]LogTemp:Display: IPP ERROR: Application exception: System.IO.DirectoryNotFoundException: Could not find a part of the path 'C:\Users\arodriguez\AppData\Local\Apple Computer\MobileDevice\Provisioning Profiles'.

[2017.04.24-16.46.12:755][530]LogTemp:Display:    at System.IO.__Error.WinIOError(Int32 errorCode, String maybeFullPath)

[2017.04.24-16.46.12:755][530]LogTemp:Display:    at System.IO.FileSystemEnumerableIterator`1.CommonInit()

[2017.04.24-16.46.12:755][530]LogTemp:Display:    at System.IO.FileSystemEnumerableIterator`1..ctor(String path, String originalUserPath, String searchPattern, SearchOption searchOption, SearchResultHandler`1 resultHandler, Boolean checkHost)

[2017.04.24-16.46.12:755][530]LogTemp:Display:    at System.IO.Directory.EnumerateFiles(String path, String searchPattern)

[2017.04.24-16.46.12:755][530]LogTemp:Display:    at iPhonePackager.CodeSignatureBuilder.FindProvisions(String CFBundleIdentifier)

[2017.04.24-16.46.12:755][530]LogTemp:Display:    at iPhonePackager.Program.Main(String[] args)

[2017.04.24-16.46.25:194][140]LogTemp: Repeting last play command: Selected Viewport
[2017.04.24-16.46.25:240][140]LogPlayLevel: PlayLevel: No blueprints needed recompiling
[2017.04.24-16.46.25:240][140]PIE: New page: PIE session: MapMain (Apr 24, 2017, 8:46:25 AM)
[2017.04.24-16.46.25:240][140]LogPlayLevel: Creating play world package: /Game/Maps/UEDPIE_0_MapMain
[2017.04.24-16.46.25:243][140]LogPlayLevel: PIE: StaticDuplicateObject took: (0.002963s)
[2017.04.24-16.46.25:244][140]LogAIModule: Creating AISystem for world MapMain
[2017.04.24-16.46.25:244][140]LogPlayLevel: PIE: World Init took: (0.000902s)
[2017.04.24-16.46.25:244][140]LogPlayLevel: PIE: Created PIE world by copying editor world from /Game/Maps/MapMain.MapMain to /Game/Maps/UEDPIE_0_MapMain.MapMain (0.004170s)
[2017.04.24-16.46.25:287][140]LogInit: XAudio2 using 'Headphone (Realtek High Definition Audio)' : 2 channels at 48 kHz using 32 bits per sample (channel mask 0x3)
[2017.04.24-16.46.25:302][140]LogInit: FAudioDevice initialized.
[2017.04.24-16.46.25:334][140]LogLoad: Game class is 'GameModeBase'
[2017.04.24-16.46.25:335][140]LogWorld: Bringing World /Game/Maps/UEDPIE_0_MapMain.MapMain up for play (max tick rate 60) at 2017.04.24-12.46.25
[2017.04.24-16.46.25:335][140]LogWorld: Bringing up level for play took: 0.001098
[2017.04.24-16.46.25:337][140]PIE: Info Play in editor start time for /Game/Maps/UEDPIE_0_MapMain -0.036
[2017.04.24-16.46.53:422][  4]BlueprintLog: New page: Compile BPEnemy
[2017.04.24-16.46.58:729][ 59]Cmd: OBJ SAVEPACKAGE PACKAGE="/Game/Maps/MapMain" FILE="H:/RusskyIstrebetel2/IskyRestrubel/Content/Maps/MapMain.umap" SILENT=true AUTOSAVING=false KEEPDIRTY=false
[2017.04.24-16.46.59:872][ 59]LogSavePackage: Save=594.28ms
[2017.04.24-16.46.59:872][ 59]LogSavePackage: Moving 'H:/RusskyIstrebetel2/IskyRestrubel/Saved/MapMain2986C2584F626E4F16FDD7885218C09C.tmp' to 'H:/RusskyIstrebetel2/IskyRestrubel/Content/Maps/MapMain.umap'
[2017.04.24-16.46.59:993][ 59]LogSavePackage:Display: Finished SavePackage H:/RusskyIstrebetel2/IskyRestrubel/Content/Maps/MapMain.umap
[2017.04.24-16.47.00:112][ 59]LogFileHelpers: Saving map 'MapMain' took 1.702
[2017.04.24-16.47.00:120][ 59]Cmd: OBJ SAVEPACKAGE PACKAGE="/Game/Blueprints/BPGameController" FILE="H:/RusskyIstrebetel2/IskyRestrubel/Content/Blueprints/BPGameController.uasset" SILENT=true
[2017.04.24-16.47.01:801][ 59]LogSavePackage: Save=1251.24ms
[2017.04.24-16.47.01:801][ 59]LogSavePackage: Moving 'H:/RusskyIstrebetel2/IskyRestrubel/Saved/BPGameController58AE5B434D76F4FD5C4759BA3F7F5023.tmp' to 'H:/RusskyIstrebetel2/IskyRestrubel/Content/Blueprints/BPGameController.uasset'
[2017.04.24-16.47.01:871][ 59]LogSavePackage:Display: Finished SavePackage H:/RusskyIstrebetel2/IskyRestrubel/Content/Blueprints/BPGameController.uasset
[2017.04.24-16.47.01:918][ 59]Cmd: OBJ SAVEPACKAGE PACKAGE="/Game/Blueprints/BPEnemy" FILE="H:/RusskyIstrebetel2/IskyRestrubel/Content/Blueprints/BPEnemy.uasset" SILENT=true
[2017.04.24-16.47.02:375][ 59]LogSavePackage: Save=150.89ms
[2017.04.24-16.47.02:375][ 59]LogSavePackage: Moving 'H:/RusskyIstrebetel2/IskyRestrubel/Saved/BPEnemy02DD395B4EEDA2063C29298DE2328BF6.tmp' to 'H:/RusskyIstrebetel2/IskyRestrubel/Content/Blueprints/BPEnemy.uasset'
[2017.04.24-16.47.02:448][ 59]LogSavePackage:Display: Finished SavePackage H:/RusskyIstrebetel2/IskyRestrubel/Content/Blueprints/BPEnemy.uasset
[2017.04.24-16.47.02:501][ 59]Cmd: OBJ SAVEPACKAGE PACKAGE="/Game/Models/Jet" FILE="H:/RusskyIstrebetel2/IskyRestrubel/Content/Models/Jet.uasset" SILENT=true
[2017.04.24-16.47.03:193][ 59]LogSavePackage: Save=662.94ms
[2017.04.24-16.47.03:193][ 59]LogSavePackage: Moving 'H:/RusskyIstrebetel2/IskyRestrubel/Saved/JetE29ADEC24513866D18DBFA8C74D6BCAA.tmp' to 'H:/RusskyIstrebetel2/IskyRestrubel/Content/Models/Jet.uasset'
[2017.04.24-16.47.03:263][ 59]LogSavePackage:Display: Finished SavePackage H:/RusskyIstrebetel2/IskyRestrubel/Content/Models/Jet.uasset
[2017.04.24-16.47.03:317][ 59]Cmd: OBJ SAVEPACKAGE PACKAGE="/Game/Blueprints/BPPlayer" FILE="H:/RusskyIstrebetel2/IskyRestrubel/Content/Blueprints/BPPlayer.uasset" SILENT=true
[2017.04.24-16.47.04:783][ 59]LogSavePackage: Save=1263.83ms
[2017.04.24-16.47.04:783][ 59]LogSavePackage: Moving 'H:/RusskyIstrebetel2/IskyRestrubel/Saved/BPPlayer35BFD0884ED49CF376018A85BD7D35D6.tmp' to 'H:/RusskyIstrebetel2/IskyRestrubel/Content/Blueprints/BPPlayer.uasset'
[2017.04.24-16.47.04:847][ 59]LogSavePackage:Display: Finished SavePackage H:/RusskyIstrebetel2/IskyRestrubel/Content/Blueprints/BPPlayer.uasset
[2017.04.24-16.47.07:606][144]LogTemp: Repeting last play command: Selected Viewport
[2017.04.24-16.47.07:651][144]LogPlayLevel: PlayLevel: No blueprints needed recompiling
[2017.04.24-16.47.07:651][144]PIE: New page: PIE session: MapMain (Apr 24, 2017, 8:47:07 AM)
[2017.04.24-16.47.07:651][144]LogPlayLevel: Creating play world package: /Game/Maps/UEDPIE_0_MapMain
[2017.04.24-16.47.07:654][144]LogPlayLevel: PIE: StaticDuplicateObject took: (0.003243s)
[2017.04.24-16.47.07:655][144]LogAIModule: Creating AISystem for world MapMain
[2017.04.24-16.47.07:655][144]LogPlayLevel: PIE: World Init took: (0.000908s)
[2017.04.24-16.47.07:655][144]LogPlayLevel: PIE: Created PIE world by copying editor world from /Game/Maps/MapMain.MapMain to /Game/Maps/UEDPIE_0_MapMain.MapMain (0.004428s)
[2017.04.24-16.47.07:699][144]LogInit: XAudio2 using 'Headphone (Realtek High Definition Audio)' : 2 channels at 48 kHz using 32 bits per sample (channel mask 0x3)
[2017.04.24-16.47.07:712][144]LogInit: FAudioDevice initialized.
[2017.04.24-16.47.07:741][144]LogLoad: Game class is 'GameModeBase'
[2017.04.24-16.47.07:742][144]LogWorld: Bringing World /Game/Maps/UEDPIE_0_MapMain.MapMain up for play (max tick rate 60) at 2017.04.24-12.47.07
[2017.04.24-16.47.07:742][144]LogWorld: Bringing up level for play took: 0.001070
[2017.04.24-16.47.07:745][144]PIE: Info Play in editor start time for /Game/Maps/UEDPIE_0_MapMain 0.416
[2017.04.24-16.47.21:225][663]LogSpawn:Warning: SpawnActor failed because of collision at the spawn location [X=45.499 Y=-110.000 Z=210.000] for [BPEnemy_C]
[2017.04.24-16.47.21:226][663]LogScript:Warning: Attempted to access BPEnemy_C_6 via property CallFunc_FinishSpawningActor_ReturnValue2, but BPEnemy_C_6 is pending kill
	BPGameController_C /Game/Maps/UEDPIE_0_MapMain.MapMain:PersistentLevel.BPGameController_226
	Function /Game/Blueprints/BPGameController.BPGameController_C:ExecuteUbergraph_BPGameController:04D1
[2017.04.24-16.47.21:226][663]PIE:Error: Error Blueprint Runtime Error: Attempted to access BPEnemy_C_6 via property CallFunc_FinishSpawningActor_ReturnValue2, but BPEnemy_C_6 is pending kill from function: 'ExecuteUbergraph_BPGameController' from node: Bind Event to OnDestroyed in graph: EventGraph in object: BPGameController with description: Attempted to access BPEnemy_C_6 via property CallFunc_FinishSpawningActor_ReturnValue2, but BPEnemy_C_6 is pending kill
[2017.04.24-16.47.35:650][157]LogSpawn:Warning: SpawnActor failed because of collision at the spawn location [X=60.965 Y=-110.000 Z=210.000] for [BPEnemy_C]
[2017.04.24-16.47.35:650][157]LogScript:Warning: Attempted to access BPEnemy_C_10 via property CallFunc_FinishSpawningActor_ReturnValue2, but BPEnemy_C_10 is pending kill
	BPGameController_C /Game/Maps/UEDPIE_0_MapMain.MapMain:PersistentLevel.BPGameController_226
	Function /Game/Blueprints/BPGameController.BPGameController_C:ExecuteUbergraph_BPGameController:04D1
[2017.04.24-16.47.35:651][157]PIE:Error: Error Blueprint Runtime Error: Attempted to access BPEnemy_C_10 via property CallFunc_FinishSpawningActor_ReturnValue2, but BPEnemy_C_10 is pending kill from function: 'ExecuteUbergraph_BPGameController' from node: Bind Event to OnDestroyed in graph: EventGraph in object: BPGameController with description: Attempted to access BPEnemy_C_10 via property CallFunc_FinishSpawningActor_ReturnValue2, but BPEnemy_C_10 is pending kill
[2017.04.24-16.50.01:457][848]LogSlate: Only BGRA pngs, bmps or icos are supported in by External Image Picker
[2017.04.24-16.50.01:717][854]LogTemp:Display: Executing iPhonePackager certificates Engine -bundlename com.YourCompany.IskyRestrubel

[2017.04.24-16.50.01:717][854]LogTemp:Display: CWD: C:\Program Files\Epic Games\UE_4.15\Engine\Binaries\DotNET\IOS

[2017.04.24-16.50.01:717][854]LogTemp:Display: Initial Dir: C:\Program Files\Epic Games\UE_4.15

[2017.04.24-16.50.01:717][854]LogTemp:Display: Env CWD: C:\Program Files\Epic Games\UE_4.15\Engine\Binaries\DotNET\IOS

[2017.04.24-16.50.01:717][854]LogTemp:Display: BranchPath = PRG22740/C/Program Files/Epic Games/UE_4.15/Engine/Binaries --- GameBranchPath = PRG22740/C/Program Files/Epic Games/UE_4.15/Engine/Binaries

[2017.04.24-16.50.01:798][856]LogTemp:Display: IPP ERROR: Application exception: System.IO.DirectoryNotFoundException: Could not find a part of the path 'C:\Users\arodriguez\AppData\Local\Apple Computer\MobileDevice\Provisioning Profiles'.

[2017.04.24-16.50.01:798][856]LogTemp:Display:    at System.IO.__Error.WinIOError(Int32 errorCode, String maybeFullPath)

[2017.04.24-16.50.01:798][856]LogTemp:Display:    at System.IO.FileSystemEnumerableIterator`1.CommonInit()

[2017.04.24-16.50.01:799][856]LogTemp:Display:    at System.IO.FileSystemEnumerableIterator`1..ctor(String path, String originalUserPath, String searchPattern, SearchOption searchOption, SearchResultHandler`1 resultHandler, Boolean checkHost)

[2017.04.24-16.50.01:799][856]LogTemp:Display:    at System.IO.Directory.EnumerateFiles(String path, String searchPattern)

[2017.04.24-16.50.01:799][856]LogTemp:Display:    at iPhonePackager.CodeSignatureBuilder.FindProvisions(String CFBundleIdentifier)

[2017.04.24-16.50.01:799][856]LogTemp:Display:    at iPhonePackager.Program.Main(String[] args)

[2017.04.24-16.51.21:144][321]BlueprintLog: New page: Compile BPProjectile
[2017.04.24-16.51.22:099][340]Cmd: OBJ SAVEPACKAGE PACKAGE="/Game/Blueprints/BPProjectile" FILE="H:/RusskyIstrebetel2/IskyRestrubel/Content/Blueprints/BPProjectile.uasset" SILENT=true
[2017.04.24-16.51.22:975][340]LogSavePackage: Save=573.89ms
[2017.04.24-16.51.22:975][340]LogSavePackage: Moving 'H:/RusskyIstrebetel2/IskyRestrubel/Saved/BPProjectile06DEF82C4542D9C4420BC894FA32D661.tmp' to 'H:/RusskyIstrebetel2/IskyRestrubel/Content/Blueprints/BPProjectile.uasset'
[2017.04.24-16.51.23:071][340]LogSavePackage:Display: Finished SavePackage H:/RusskyIstrebetel2/IskyRestrubel/Content/Blueprints/BPProjectile.uasset
[2017.04.24-16.54.34:970][518]LogSlate: Took 0.178254 seconds to synchronously load lazily loaded font '../../../Engine/Content/Editor/Slate/Fonts/Roboto-BoldCondensedItalic.ttf' (160K)
[2017.04.24-16.55.05:569][ 66]LogEditorTransaction: Undo Edit Z
[2017.04.24-16.55.06:267][ 80]LogEditorTransaction: Undo Move Nodes
[2017.04.24-16.55.07:141][105]LogEditorTransaction: Undo Resize Node
[2017.04.24-16.55.07:654][120]LogEditorTransaction: Undo Move Node
[2017.04.24-16.55.08:291][139]LogEditorTransaction: Undo Delete current selection
[2017.04.24-16.55.09:252][170]LogEditorTransaction: Undo Delete current selection
[2017.04.24-16.55.10:768][225]LogEditorTransaction: Undo Delete current selection
[2017.04.24-16.57.44:624][976]LogFileHelpers: Editor autosave (incl. sublevels) for '/Game/Maps/MapMain' took 0.073
[2017.04.24-16.57.44:655][976]OBJ SavePackage: Generating thumbnails for [1] asset(s) in package [/Game/Blueprints/BPProjectileMissile] ([1] browsable assets)...
[2017.04.24-16.57.44:667][976]OBJ SavePackage:     Rendered thumbnail for [Blueprint /Game/Blueprints/BPProjectileMissile.BPProjectileMissile]
[2017.04.24-16.57.44:667][976]OBJ SavePackage: Finished generating thumbnails for package [/Game/Blueprints/BPProjectileMissile]
[2017.04.24-16.57.44:667][976]Cmd: OBJ SAVEPACKAGE PACKAGE="/Game/Blueprints/BPProjectileMissile" FILE="H:/RusskyIstrebetel2/IskyRestrubel/Saved/Autosaves/Game/Blueprints/BPProjectileMissile_Auto1.uasset" SILENT=false AUTOSAVING=true
[2017.04.24-16.57.45:347][976]LogSavePackage: Save=650.82ms
[2017.04.24-16.57.45:347][976]LogSavePackage: Moving 'H:/RusskyIstrebetel2/IskyRestrubel/Saved/BPProjectileMissile_Auto1270085F24F33B9557B0830AD4845A7D5.tmp' to 'H:/RusskyIstrebetel2/IskyRestrubel/Saved/Autosaves/Game/Blueprints/BPProjectileMissile_Auto1.uasset'
[2017.04.24-16.57.45:397][976]LogSavePackage:Display: Finished SavePackage H:/RusskyIstrebetel2/IskyRestrubel/Saved/Autosaves/Game/Blueprints/BPProjectileMissile_Auto1.uasset
[2017.04.24-16.57.45:397][976]LogFileHelpers: Auto-saving content packages took 0.773
[2017.04.24-16.58.59:218][730]LogEditorTransaction: Undo Delete current selection
[2017.04.24-16.58.59:474][737]LogEditorTransaction: Undo Delete current selection
[2017.04.24-16.59.24:421][965]LogEditorTransaction: Undo Move Node
[2017.04.24-17.00.54:841][290]LogEditorTransaction: Undo Break Pin Link
[2017.04.24-17.03.56:068][618]LogEditorTransaction: Undo Add Node
[2017.04.24-17.04.40:868][ 82]BlueprintLog: New page: Compile BPProjectileMissile
[2017.04.24-17.05.29:539][143]LogEditorTransaction: Undo Add new track
[2017.04.24-17.05.41:770][730]BlueprintLog: New page: Compile BPProjectileMissile
[2017.04.24-17.06.05:824][819]LogEditorTransaction: Undo Add Node
[2017.04.24-17.08.16:176][284]LogEditorTransaction: Undo Add Key(s)
[2017.04.24-17.08.16:514][289]LogEditorTransaction: Undo Add Key(s)
[2017.04.24-17.08.16:904][299]LogEditorTransaction: Undo Add Key(s)
[2017.04.24-17.08.17:274][309]LogEditorTransaction: Undo Add Key(s)
[2017.04.24-17.08.23:929][535]LogFileHelpers: Editor autosave (incl. sublevels) for '/Game/Maps/MapMain' took 0.068
[2017.04.24-17.08.23:956][535]OBJ SavePackage: Generating thumbnails for [1] asset(s) in package [/Game/Blueprints/BPProjectileMissile] ([1] browsable assets)...
[2017.04.24-17.08.23:966][535]OBJ SavePackage:     Rendered thumbnail for [Blueprint /Game/Blueprints/BPProjectileMissile.BPProjectileMissile]
[2017.04.24-17.08.23:966][535]OBJ SavePackage: Finished generating thumbnails for package [/Game/Blueprints/BPProjectileMissile]
[2017.04.24-17.08.23:966][535]Cmd: OBJ SAVEPACKAGE PACKAGE="/Game/Blueprints/BPProjectileMissile" FILE="H:/RusskyIstrebetel2/IskyRestrubel/Saved/Autosaves/Game/Blueprints/BPProjectileMissile_Auto2.uasset" SILENT=false AUTOSAVING=true
[2017.04.24-17.08.24:380][535]LogSavePackage: Save=387.88ms
[2017.04.24-17.08.24:381][535]LogSavePackage: Moving 'H:/RusskyIstrebetel2/IskyRestrubel/Saved/BPProjectileMissile_Auto23E3327574CBFE513FF2CACA1B3783E2A.tmp' to 'H:/RusskyIstrebetel2/IskyRestrubel/Saved/Autosaves/Game/Blueprints/BPProjectileMissile_Auto2.uasset'
[2017.04.24-17.08.24:404][535]LogSavePackage:Display: Finished SavePackage H:/RusskyIstrebetel2/IskyRestrubel/Saved/Autosaves/Game/Blueprints/BPProjectileMissile_Auto2.uasset
[2017.04.24-17.08.24:404][535]LogFileHelpers: Auto-saving content packages took 0.475
[2017.04.24-17.09.16:800][262]LogEditorTransaction: Undo New Value Entered
[2017.04.24-17.09.17:333][270]LogEditorTransaction: Undo New Time Entered
[2017.04.24-17.09.18:262][303]LogEditorTransaction: Undo New Value Entered
[2017.04.24-17.09.18:696][316]LogEditorTransaction: Undo New Time Entered
[2017.04.24-17.09.19:204][333]LogEditorTransaction: Undo New Value Entered
[2017.04.24-17.09.45:214][275]LogEditorTransaction: Undo New Value Entered
[2017.04.24-17.09.45:738][285]LogEditorTransaction: Undo New Value Entered
[2017.04.24-17.13.35:846][ 13]BlueprintLog: New page: Compile BPProjectileMissile
[2017.04.24-17.13.36:688][ 35]Cmd: OBJ SAVEPACKAGE PACKAGE="/Game/Blueprints/BPProjectileMissile" FILE="H:/RusskyIstrebetel2/IskyRestrubel/Content/Blueprints/BPProjectileMissile.uasset" SILENT=true
[2017.04.24-17.13.37:175][ 35]LogSavePackage: Save=456.54ms
[2017.04.24-17.13.37:175][ 35]LogSavePackage: Moving 'H:/RusskyIstrebetel2/IskyRestrubel/Saved/BPProjectileMissile337CF70A44AAB63A2F94FFB0A33FB424.tmp' to 'H:/RusskyIstrebetel2/IskyRestrubel/Content/Blueprints/BPProjectileMissile.uasset'
[2017.04.24-17.13.37:241][ 35]LogSavePackage:Display: Finished SavePackage H:/RusskyIstrebetel2/IskyRestrubel/Content/Blueprints/BPProjectileMissile.uasset
[2017.04.24-17.14.18:606][919]LogEditorTransaction: Undo Add Node
[2017.04.24-17.18.51:933][457]BlueprintLog: New page: Compile BPProjectile
[2017.04.24-17.18.51:962][457]LogBlueprint:Error: [Compiler BPProjectile] Error The type of  Object  is undetermined.  Connect something to  Cast To BPProjectileMissile  to imply a specific type.
[2017.04.24-17.18.51:963][457]LogBlueprint:Error: [Compiler BPProjectile] Error The current value of the ' Object ' pin is invalid: Unsupported type Object Wildcard on pin Object
[2017.04.24-17.18.52:266][457]BlueprintEditorCompileResults:Error: Error The type of  Object  is undetermined.  Connect something to  Cast To BPProjectileMissile  to imply a specific type.
[2017.04.24-17.18.52:266][457]BlueprintEditorCompileResults:Error: Error The current value of the ' Object ' pin is invalid: Unsupported type Object Wildcard on pin Object
[2017.04.24-17.18.52:267][457]LogBlueprint:Warning: [Compiler BPProjectile] Warning [2509.64] Compile of BPProjectile failed. 2 Fatal Issue(s) 0 Warning(s) [in 333 ms] (/Game/Blueprints/BPProjectile.BPProjectile)
[2017.04.24-17.19.07:603][135]BlueprintLog: New page: Compile BPProjectile
[2017.04.24-17.19.08:685][156]Cmd: OBJ SAVEPACKAGE PACKAGE="/Game/Blueprints/BPProjectile" FILE="H:/RusskyIstrebetel2/IskyRestrubel/Content/Blueprints/BPProjectile.uasset" SILENT=true
[2017.04.24-17.19.09:343][156]LogSavePackage: Save=396.95ms
[2017.04.24-17.19.09:343][156]LogSavePackage: Moving 'H:/RusskyIstrebetel2/IskyRestrubel/Saved/BPProjectileBC4111FE4ADEAC695F30CEB5409C13B1.tmp' to 'H:/RusskyIstrebetel2/IskyRestrubel/Content/Blueprints/BPProjectile.uasset'
[2017.04.24-17.19.09:401][156]LogSavePackage:Display: Finished SavePackage H:/RusskyIstrebetel2/IskyRestrubel/Content/Blueprints/BPProjectile.uasset
[2017.04.24-17.19.16:242][530]BlueprintLog: New page: Compile BPProjectileMissile
[2017.04.24-17.19.17:190][552]Cmd: OBJ SAVEPACKAGE PACKAGE="/Game/Blueprints/BPProjectileMissile" FILE="H:/RusskyIstrebetel2/IskyRestrubel/Content/Blueprints/BPProjectileMissile.uasset" SILENT=true
[2017.04.24-17.19.17:703][552]LogSavePackage: Save=377.17ms
[2017.04.24-17.19.17:704][552]LogSavePackage: Moving 'H:/RusskyIstrebetel2/IskyRestrubel/Saved/BPProjectileMissileD660562D4C83CDDAB8A429ACC3920828.tmp' to 'H:/RusskyIstrebetel2/IskyRestrubel/Content/Blueprints/BPProjectileMissile.uasset'
[2017.04.24-17.19.17:755][552]LogSavePackage:Display: Finished SavePackage H:/RusskyIstrebetel2/IskyRestrubel/Content/Blueprints/BPProjectileMissile.uasset
[2017.04.24-17.21.44:194][386]BlueprintLog: New page: Compile BPProjectileMissile
[2017.04.24-17.23.04:681][893]LogFileHelpers: Editor autosave (incl. sublevels) for '/Game/Maps/MapMain' took 0.053
[2017.04.24-17.23.04:691][893]OBJ SavePackage: Generating thumbnails for [1] asset(s) in package [/Game/Blueprints/BPPlayer] ([1] browsable assets)...
[2017.04.24-17.23.04:715][893]OBJ SavePackage:     Rendered thumbnail for [Blueprint /Game/Blueprints/BPPlayer.BPPlayer]
[2017.04.24-17.23.04:715][893]OBJ SavePackage: Finished generating thumbnails for package [/Game/Blueprints/BPPlayer]
[2017.04.24-17.23.04:715][893]Cmd: OBJ SAVEPACKAGE PACKAGE="/Game/Blueprints/BPPlayer" FILE="H:/RusskyIstrebetel2/IskyRestrubel/Saved/Autosaves/Game/Blueprints/BPPlayer_Auto3.uasset" SILENT=false AUTOSAVING=true
[2017.04.24-17.23.06:432][893]LogSavePackage: Save=1406.34ms
[2017.04.24-17.23.06:432][893]LogSavePackage: Moving 'H:/RusskyIstrebetel2/IskyRestrubel/Saved/BPPlayer_Auto32E452E464F1ABB2958DA669718022062.tmp' to 'H:/RusskyIstrebetel2/IskyRestrubel/Saved/Autosaves/Game/Blueprints/BPPlayer_Auto3.uasset'
[2017.04.24-17.23.06:511][893]LogSavePackage:Display: Finished SavePackage H:/RusskyIstrebetel2/IskyRestrubel/Saved/Autosaves/Game/Blueprints/BPPlayer_Auto3.uasset
[2017.04.24-17.23.06:531][893]OBJ SavePackage: Generating thumbnails for [1] asset(s) in package [/Game/Blueprints/BPProjectileMissile] ([1] browsable assets)...
[2017.04.24-17.23.06:554][893]OBJ SavePackage:     Rendered thumbnail for [Blueprint /Game/Blueprints/BPProjectileMissile.BPProjectileMissile]
[2017.04.24-17.23.06:554][893]OBJ SavePackage: Finished generating thumbnails for package [/Game/Blueprints/BPProjectileMissile]
[2017.04.24-17.23.06:554][893]Cmd: OBJ SAVEPACKAGE PACKAGE="/Game/Blueprints/BPProjectileMissile" FILE="H:/RusskyIstrebetel2/IskyRestrubel/Saved/Autosaves/Game/Blueprints/BPProjectileMissile_Auto3.uasset" SILENT=false AUTOSAVING=true
[2017.04.24-17.23.07:406][893]LogSavePackage: Save=550.04ms
[2017.04.24-17.23.07:406][893]LogSavePackage: Moving 'H:/RusskyIstrebetel2/IskyRestrubel/Saved/BPProjectileMissile_Auto39B49C56847CAD90BE6E89584B39B8E96.tmp' to 'H:/RusskyIstrebetel2/IskyRestrubel/Saved/Autosaves/Game/Blueprints/BPProjectileMissile_Auto3.uasset'
[2017.04.24-17.23.07:448][893]LogSavePackage:Display: Finished SavePackage H:/RusskyIstrebetel2/IskyRestrubel/Saved/Autosaves/Game/Blueprints/BPProjectileMissile_Auto3.uasset
[2017.04.24-17.23.07:449][893]LogFileHelpers: Auto-saving content packages took 2.769
[2017.04.24-17.23.09:537][944]Cmd: OBJ SAVEPACKAGE PACKAGE="/Game/Blueprints/BPPlayer" FILE="H:/RusskyIstrebetel2/IskyRestrubel/Content/Blueprints/BPPlayer.uasset" SILENT=true
[2017.04.24-17.23.10:806][944]LogSavePackage: Save=1095.19ms
[2017.04.24-17.23.10:806][944]LogSavePackage: Moving 'H:/RusskyIstrebetel2/IskyRestrubel/Saved/BPPlayerDDADD31C4ECFD709E8251287439760DB.tmp' to 'H:/RusskyIstrebetel2/IskyRestrubel/Content/Blueprints/BPPlayer.uasset'
[2017.04.24-17.23.10:871][944]LogSavePackage:Display: Finished SavePackage H:/RusskyIstrebetel2/IskyRestrubel/Content/Blueprints/BPPlayer.uasset
[2017.04.24-17.23.10:879][944]Cmd: OBJ SAVEPACKAGE PACKAGE="/Game/Blueprints/BPProjectileMissile" FILE="H:/RusskyIstrebetel2/IskyRestrubel/Content/Blueprints/BPProjectileMissile.uasset" SILENT=true
[2017.04.24-17.23.11:480][944]LogSavePackage: Save=461.88ms
[2017.04.24-17.23.11:480][944]LogSavePackage: Moving 'H:/RusskyIstrebetel2/IskyRestrubel/Saved/BPProjectileMissileFF5F5A7E43747F4B2BD3C2B36D57D3D5.tmp' to 'H:/RusskyIstrebetel2/IskyRestrubel/Content/Blueprints/BPProjectileMissile.uasset'
[2017.04.24-17.23.11:536][944]LogSavePackage:Display: Finished SavePackage H:/RusskyIstrebetel2/IskyRestrubel/Content/Blueprints/BPProjectileMissile.uasset
[2017.04.24-17.23.14:057][ 57]BlueprintLog: New page: Compile BPPlayer
[2017.04.24-17.23.38:735][ 13]BlueprintLog: New page: Compile BPPlayer
[2017.04.24-17.23.41:013][ 88]LogTemp: Repeting last play command: Selected Viewport
[2017.04.24-17.23.41:067][ 88]LogPlayLevel: PlayLevel: No blueprints needed recompiling
[2017.04.24-17.23.41:067][ 88]PIE: New page: PIE session: MapMain (Apr 24, 2017, 9:23:41 AM)
[2017.04.24-17.23.41:067][ 88]LogPlayLevel: Creating play world package: /Game/Maps/UEDPIE_0_MapMain
[2017.04.24-17.23.41:070][ 88]LogPlayLevel: PIE: StaticDuplicateObject took: (0.002790s)
[2017.04.24-17.23.41:071][ 88]LogAIModule: Creating AISystem for world MapMain
[2017.04.24-17.23.41:071][ 88]LogPlayLevel: PIE: World Init took: (0.000839s)
[2017.04.24-17.23.41:071][ 88]LogPlayLevel: PIE: Created PIE world by copying editor world from /Game/Maps/MapMain.MapMain to /Game/Maps/UEDPIE_0_MapMain.MapMain (0.003854s)
[2017.04.24-17.23.41:122][ 88]LogInit: XAudio2 using 'Headphone (Realtek High Definition Audio)' : 2 channels at 48 kHz using 32 bits per sample (channel mask 0x3)
[2017.04.24-17.23.41:137][ 88]LogInit: FAudioDevice initialized.
[2017.04.24-17.23.41:170][ 88]LogLoad: Game class is 'GameModeBase'
[2017.04.24-17.23.41:172][ 88]LogWorld: Bringing World /Game/Maps/UEDPIE_0_MapMain.MapMain up for play (max tick rate 60) at 2017.04.24-13.23.41
[2017.04.24-17.23.41:172][ 88]LogWorld: Bringing up level for play took: 0.001267
[2017.04.24-17.23.41:175][ 88]PIE: Info Play in editor start time for /Game/Maps/UEDPIE_0_MapMain 0.056
[2017.04.24-17.24.26:961][987]Cmd: OBJ SAVEPACKAGE PACKAGE="/Game/Blueprints/BPProjectileMissile" FILE="H:/RusskyIstrebetel2/IskyRestrubel/Content/Blueprints/BPProjectileMissile.uasset" SILENT=true
[2017.04.24-17.24.27:501][987]LogSavePackage: Save=323.12ms
[2017.04.24-17.24.27:501][987]LogSavePackage: Moving 'H:/RusskyIstrebetel2/IskyRestrubel/Saved/BPProjectileMissileD8195C1743A6EC3C18CD21B09A146A90.tmp' to 'H:/RusskyIstrebetel2/IskyRestrubel/Content/Blueprints/BPProjectileMissile.uasset'
[2017.04.24-17.24.27:536][987]LogSavePackage:Display: Finished SavePackage H:/RusskyIstrebetel2/IskyRestrubel/Content/Blueprints/BPProjectileMissile.uasset
[2017.04.24-17.25.13:148][625]LogEditorTransaction: Undo Mouse Drag
[2017.04.24-17.25.45:113][917]BlueprintLog: New page: Compile BPProjectileMissile
[2017.04.24-17.25.48:646][ 15]LogTemp: Repeting last play command: Selected Viewport
[2017.04.24-17.25.48:702][ 15]LogPlayLevel: PlayLevel: No blueprints needed recompiling
[2017.04.24-17.25.48:702][ 15]PIE: New page: PIE session: MapMain (Apr 24, 2017, 9:25:48 AM)
[2017.04.24-17.25.48:703][ 15]LogPlayLevel: Creating play world package: /Game/Maps/UEDPIE_0_MapMain
[2017.04.24-17.25.48:707][ 15]LogPlayLevel: PIE: StaticDuplicateObject took: (0.004294s)
[2017.04.24-17.25.48:709][ 15]LogAIModule: Creating AISystem for world MapMain
[2017.04.24-17.25.48:709][ 15]LogPlayLevel: PIE: World Init took: (0.002363s)
[2017.04.24-17.25.48:710][ 15]LogPlayLevel: PIE: Created PIE world by copying editor world from /Game/Maps/MapMain.MapMain to /Game/Maps/UEDPIE_0_MapMain.MapMain (0.007035s)
[2017.04.24-17.25.48:785][ 15]LogInit: XAudio2 using 'Headphone (Realtek High Definition Audio)' : 2 channels at 48 kHz using 32 bits per sample (channel mask 0x3)
[2017.04.24-17.25.48:831][ 15]LogInit: FAudioDevice initialized.
[2017.04.24-17.25.48:869][ 15]LogLoad: Game class is 'GameModeBase'
[2017.04.24-17.25.48:871][ 15]LogWorld: Bringing World /Game/Maps/UEDPIE_0_MapMain.MapMain up for play (max tick rate 60) at 2017.04.24-13.25.48
[2017.04.24-17.25.48:871][ 15]LogWorld: Bringing up level for play took: 0.001848
[2017.04.24-17.25.48:876][ 15]PIE: Info Play in editor start time for /Game/Maps/UEDPIE_0_MapMain -0.113
[2017.04.24-17.26.18:232][584]LogTemp: Repeting last play command: Selected Viewport
[2017.04.24-17.26.18:329][584]LogPlayLevel: PlayLevel: No blueprints needed recompiling
[2017.04.24-17.26.18:329][584]PIE: New page: PIE session: MapMain (Apr 24, 2017, 9:26:18 AM)
[2017.04.24-17.26.18:329][584]LogPlayLevel: Creating play world package: /Game/Maps/UEDPIE_0_MapMain
[2017.04.24-17.26.18:332][584]LogPlayLevel: PIE: StaticDuplicateObject took: (0.003297s)
[2017.04.24-17.26.18:333][584]LogAIModule: Creating AISystem for world MapMain
[2017.04.24-17.26.18:333][584]LogPlayLevel: PIE: World Init took: (0.001103s)
[2017.04.24-17.26.18:334][584]LogPlayLevel: PIE: Created PIE world by copying editor world from /Game/Maps/MapMain.MapMain to /Game/Maps/UEDPIE_0_MapMain.MapMain (0.004717s)
[2017.04.24-17.26.18:381][584]LogInit: XAudio2 using 'Headphone (Realtek High Definition Audio)' : 2 channels at 48 kHz using 32 bits per sample (channel mask 0x3)
[2017.04.24-17.26.18:396][584]LogInit: FAudioDevice initialized.
[2017.04.24-17.26.18:429][584]LogLoad: Game class is 'GameModeBase'
[2017.04.24-17.26.18:431][584]LogWorld: Bringing World /Game/Maps/UEDPIE_0_MapMain.MapMain up for play (max tick rate 60) at 2017.04.24-13.26.18
[2017.04.24-17.26.18:431][584]LogWorld: Bringing up level for play took: 0.001604
[2017.04.24-17.26.18:434][584]PIE: Info Play in editor start time for /Game/Maps/UEDPIE_0_MapMain -0.525
[2017.04.24-17.31.00:025][240]BlueprintLog: New page: Compile BPProjectileMissile
[2017.04.24-17.31.01:926][244]Cmd: OBJ SAVEPACKAGE PACKAGE="/Game/Blueprints/BPProjectileMissile" FILE="H:/RusskyIstrebetel2/IskyRestrubel/Content/Blueprints/BPProjectileMissile.uasset" SILENT=true
[2017.04.24-17.31.02:953][244]LogSavePackage: Save=645.62ms
[2017.04.24-17.31.02:953][244]LogSavePackage: Moving 'H:/RusskyIstrebetel2/IskyRestrubel/Saved/BPProjectileMissile1BA6F3EF40D27421D7B4E597015ECE31.tmp' to 'H:/RusskyIstrebetel2/IskyRestrubel/Content/Blueprints/BPProjectileMissile.uasset'
[2017.04.24-17.31.03:016][244]LogSavePackage:Display: Finished SavePackage H:/RusskyIstrebetel2/IskyRestrubel/Content/Blueprints/BPProjectileMissile.uasset
[2017.04.24-17.31.04:811][318]LogTemp: Repeting last play command: Selected Viewport
[2017.04.24-17.31.04:873][318]LogPlayLevel: PlayLevel: No blueprints needed recompiling
[2017.04.24-17.31.04:873][318]PIE: New page: PIE session: MapMain (Apr 24, 2017, 9:31:04 AM)
[2017.04.24-17.31.04:873][318]LogPlayLevel: Creating play world package: /Game/Maps/UEDPIE_0_MapMain
[2017.04.24-17.31.04:877][318]LogPlayLevel: PIE: StaticDuplicateObject took: (0.004318s)
[2017.04.24-17.31.04:878][318]LogAIModule: Creating AISystem for world MapMain
[2017.04.24-17.31.04:879][318]LogPlayLevel: PIE: World Init took: (0.001288s)
[2017.04.24-17.31.04:879][318]LogPlayLevel: PIE: Created PIE world by copying editor world from /Game/Maps/MapMain.MapMain to /Game/Maps/UEDPIE_0_MapMain.MapMain (0.005938s)
[2017.04.24-17.31.04:970][318]LogInit: XAudio2 using 'Headphone (Realtek High Definition Audio)' : 2 channels at 48 kHz using 32 bits per sample (channel mask 0x3)
[2017.04.24-17.31.04:990][318]LogInit: FAudioDevice initialized.
[2017.04.24-17.31.05:029][318]LogLoad: Game class is 'GameModeBase'
[2017.04.24-17.31.05:030][318]LogWorld: Bringing World /Game/Maps/UEDPIE_0_MapMain.MapMain up for play (max tick rate 60) at 2017.04.24-13.31.05
[2017.04.24-17.31.05:031][318]LogWorld: Bringing up level for play took: 0.001169
[2017.04.24-17.31.05:033][318]PIE: Info Play in editor start time for /Game/Maps/UEDPIE_0_MapMain 0.363
[2017.04.24-17.33.55:961][832]LogFileHelpers: Editor autosave (incl. sublevels) for '/Game/Maps/MapMain' took 0.044
[2017.04.24-17.33.55:971][832]OBJ SavePackage: Generating thumbnails for [1] asset(s) in package [/Game/Blueprints/BPPlayer] ([1] browsable assets)...
[2017.04.24-17.33.55:993][832]OBJ SavePackage:     Rendered thumbnail for [Blueprint /Game/Blueprints/BPPlayer.BPPlayer]
[2017.04.24-17.33.55:993][832]OBJ SavePackage: Finished generating thumbnails for package [/Game/Blueprints/BPPlayer]
[2017.04.24-17.33.55:993][832]Cmd: OBJ SAVEPACKAGE PACKAGE="/Game/Blueprints/BPPlayer" FILE="H:/RusskyIstrebetel2/IskyRestrubel/Saved/Autosaves/Game/Blueprints/BPPlayer_Auto4.uasset" SILENT=false AUTOSAVING=true
[2017.04.24-17.33.57:473][832]LogSavePackage: Save=1164.97ms
[2017.04.24-17.33.57:473][832]LogSavePackage: Moving 'H:/RusskyIstrebetel2/IskyRestrubel/Saved/BPPlayer_Auto43B270DDD473A4C135B6B739B7E40A677.tmp' to 'H:/RusskyIstrebetel2/IskyRestrubel/Saved/Autosaves/Game/Blueprints/BPPlayer_Auto4.uasset'
[2017.04.24-17.33.57:515][832]LogSavePackage:Display: Finished SavePackage H:/RusskyIstrebetel2/IskyRestrubel/Saved/Autosaves/Game/Blueprints/BPPlayer_Auto4.uasset
[2017.04.24-17.33.57:515][832]LogFileHelpers: Auto-saving content packages took 1.554
[2017.04.24-17.40.12:019][179]BlueprintLog: New page: Compile BPProjectileMissile
[2017.04.24-17.40.14:149][238]LogTemp: Repeting last play command: Selected Viewport
[2017.04.24-17.40.14:200][238]LogPlayLevel: PlayLevel: No blueprints needed recompiling
[2017.04.24-17.40.14:200][238]PIE: New page: PIE session: MapMain (Apr 24, 2017, 9:40:14 AM)
[2017.04.24-17.40.14:200][238]LogPlayLevel: Creating play world package: /Game/Maps/UEDPIE_0_MapMain
[2017.04.24-17.40.14:203][238]LogPlayLevel: PIE: StaticDuplicateObject took: (0.002661s)
[2017.04.24-17.40.14:204][238]LogAIModule: Creating AISystem for world MapMain
[2017.04.24-17.40.14:205][238]LogPlayLevel: PIE: World Init took: (0.001599s)
[2017.04.24-17.40.14:205][238]LogPlayLevel: PIE: Created PIE world by copying editor world from /Game/Maps/MapMain.MapMain to /Game/Maps/UEDPIE_0_MapMain.MapMain (0.004591s)
[2017.04.24-17.40.14:262][238]LogInit: XAudio2 using 'Headphone (Realtek High Definition Audio)' : 2 channels at 48 kHz using 32 bits per sample (channel mask 0x3)
[2017.04.24-17.40.14:279][238]LogInit: FAudioDevice initialized.
[2017.04.24-17.40.14:314][238]LogLoad: Game class is 'GameModeBase'
[2017.04.24-17.40.14:316][238]LogWorld: Bringing World /Game/Maps/UEDPIE_0_MapMain.MapMain up for play (max tick rate 60) at 2017.04.24-13.40.14
[2017.04.24-17.40.14:316][238]LogWorld: Bringing up level for play took: 0.001461
[2017.04.24-17.40.14:318][238]PIE: Info Play in editor start time for /Game/Maps/UEDPIE_0_MapMain 0.202
[2017.04.24-17.42.24:583][683]Cmd: OBJ SAVEPACKAGE PACKAGE="/Game/Blueprints/BPPlayer" FILE="H:/RusskyIstrebetel2/IskyRestrubel/Content/Blueprints/BPPlayer.uasset" SILENT=true
[2017.04.24-17.42.26:202][683]LogSavePackage: Save=1303.66ms
[2017.04.24-17.42.26:203][683]LogSavePackage: Moving 'H:/RusskyIstrebetel2/IskyRestrubel/Saved/BPPlayer9941EB284D5A0DF97DB2E38C65D10B30.tmp' to 'H:/RusskyIstrebetel2/IskyRestrubel/Content/Blueprints/BPPlayer.uasset'
[2017.04.24-17.42.26:253][683]LogSavePackage:Display: Finished SavePackage H:/RusskyIstrebetel2/IskyRestrubel/Content/Blueprints/BPPlayer.uasset
[2017.04.24-17.42.26:268][683]Cmd: OBJ SAVEPACKAGE PACKAGE="/Game/Blueprints/BPProjectileMissile" FILE="H:/RusskyIstrebetel2/IskyRestrubel/Content/Blueprints/BPProjectileMissile.uasset" SILENT=true
[2017.04.24-17.42.26:745][683]LogSavePackage: Save=339.05ms
[2017.04.24-17.42.26:745][683]LogSavePackage: Moving 'H:/RusskyIstrebetel2/IskyRestrubel/Saved/BPProjectileMissile434292E1417389213D8DC094016D7EE2.tmp' to 'H:/RusskyIstrebetel2/IskyRestrubel/Content/Blueprints/BPProjectileMissile.uasset'
[2017.04.24-17.42.26:803][683]LogSavePackage:Display: Finished SavePackage H:/RusskyIstrebetel2/IskyRestrubel/Content/Blueprints/BPProjectileMissile.uasset
[2017.04.24-17.42.27:968][724]BlueprintLog: New page: Compile BPProjectileMissile
[2017.04.24-17.42.29:532][765]BlueprintLog: New page: Compile BPProjectile
[2017.04.24-17.43.57:172][870]LogBlueprint:Warning: [Compiler ] Warning Pasted node  CustomEvent   conflicted with  Event BeginPlay  and was replaced as a Custom Event!
[2017.04.24-17.43.57:176][870]LogLinker: Can't find file '/Game/Blueprint/BPProjectileLaser'
[2017.04.24-17.43.57:178][870]LogLinker: Can't find file '/Game/Blueprint/BPProjectileLaser'
[2017.04.24-17.43.57:182][870]LogBlueprint:Warning: [Compiler ] Warning Pasted node  CustomEvent_1   conflicted with  OnComponentBeginOverlap (Projectile)  and was replaced as a Custom Event!
[2017.04.24-17.43.57:211][870]LogBlueprint:Warning: [BPProjectileMissile] 'ProjectileColour' variable not found. Base class was probably changed.
[2017.04.24-17.43.57:234][870]BlueprintEditorCompileResults:Warning: Warning Pasted node  CustomEvent   conflicted with  Event BeginPlay  and was replaced as a Custom Event!
[2017.04.24-17.43.57:234][870]BlueprintEditorCompileResults:Warning: Warning Pasted node  CustomEvent_1   conflicted with  OnComponentBeginOverlap (Projectile)  and was replaced as a Custom Event!
[2017.04.24-17.44.01:992][ 50]BlueprintLog: New page: Compile BPProjectileMissile
[2017.04.24-17.44.02:019][ 50]LogBlueprint:Warning: [Compiler BPProjectileMissile] Warning Could not find a variable named "ProjectileColour" in 'BPProjectileMissile_C'.
Make sure 'BPProjectileMissile_C' has been compiled for  Get ProjectileColour
[2017.04.24-17.44.02:020][ 50]LogBlueprint:Error: [Compiler BPProjectileMissile] Error The property associated with  Projectile Colour  could not be found
[2017.04.24-17.44.02:599][ 50]BlueprintEditorCompileResults:Warning: Warning Could not find a variable named "ProjectileColour" in 'BPProjectileMissile_C'.
Make sure 'BPProjectileMissile_C' has been compiled for  Get ProjectileColour
[2017.04.24-17.44.02:599][ 50]BlueprintEditorCompileResults:Error: Error The property associated with  Projectile Colour  could not be found
[2017.04.24-17.44.02:599][ 50]LogBlueprint:Warning: [Compiler BPProjectileMissile] Warning [4021.50] Compile of BPProjectileMissile failed. 1 Fatal Issue(s) 1 Warning(s) [in 608 ms] (/Game/Blueprints/BPProjectileMissile.BPProjectileMissile)
[2017.04.24-17.44.33:549][398]BlueprintLog: New page: Compile BPProjectileMissile
[2017.04.24-17.44.35:867][483]LogTemp: Repeting last play command: Selected Viewport
[2017.04.24-17.44.35:925][483]LogPlayLevel: PlayLevel: No blueprints needed recompiling
[2017.04.24-17.44.35:925][483]PIE: New page: PIE session: MapMain (Apr 24, 2017, 9:44:35 AM)
[2017.04.24-17.44.35:925][483]LogPlayLevel: Creating play world package: /Game/Maps/UEDPIE_0_MapMain
[2017.04.24-17.44.35:928][483]LogPlayLevel: PIE: StaticDuplicateObject took: (0.002982s)
[2017.04.24-17.44.35:929][483]LogAIModule: Creating AISystem for world MapMain
[2017.04.24-17.44.35:929][483]LogPlayLevel: PIE: World Init took: (0.001112s)
[2017.04.24-17.44.35:930][483]LogPlayLevel: PIE: Created PIE world by copying editor world from /Game/Maps/MapMain.MapMain to /Game/Maps/UEDPIE_0_MapMain.MapMain (0.004554s)
[2017.04.24-17.44.35:989][483]LogInit: XAudio2 using 'Headphone (Realtek High Definition Audio)' : 2 channels at 48 kHz using 32 bits per sample (channel mask 0x3)
[2017.04.24-17.44.36:004][483]LogInit: FAudioDevice initialized.
[2017.04.24-17.44.36:039][483]LogLoad: Game class is 'GameModeBase'
[2017.04.24-17.44.36:041][483]LogWorld: Bringing World /Game/Maps/UEDPIE_0_MapMain.MapMain up for play (max tick rate 60) at 2017.04.24-13.44.36
[2017.04.24-17.44.36:041][483]LogWorld: Bringing up level for play took: 0.001354
[2017.04.24-17.44.36:043][483]PIE: Info Play in editor start time for /Game/Maps/UEDPIE_0_MapMain 0.191
[2017.04.24-17.45.16:959][112]LogEditorTransaction: Undo Add new track
[2017.04.24-17.45.18:052][153]LogEditorTransaction: Undo Delete current selection
[2017.04.24-17.45.18:589][172]LogEditorTransaction: Undo Add Node
[2017.04.24-17.45.19:092][190]LogEditorTransaction: Undo Create Pin Link
[2017.04.24-17.45.27:125][617]LogEditorTransaction: Undo Delete current selection
[2017.04.24-17.45.40:252][933]LogEditorTransaction: Undo Add Node
[2017.04.24-17.45.42:944][ 42]LogEditorTransaction: Undo Delete current selection
[2017.04.24-17.45.45:160][134]LogEditorTransaction: Undo Create Pin Link
[2017.04.24-17.45.46:662][199]LogEditorTransaction: Undo Create Pin Link
[2017.04.24-17.45.48:903][294]LogEditorTransaction: Undo Delete current selection
[2017.04.24-17.45.49:344][306]LogEditorTransaction: Undo Paste clipboard contents
[2017.04.24-17.45.49:350][306]LogBlueprint:Warning: Loaded invalid component bound event in node /Game/Blueprints/BPProjectileMissile.BPProjectileMissile:EventGraph.K2Node_ComponentBoundEvent_3.
[2017.04.24-17.45.50:956][371]LogEditorTransaction: Undo Delete current selection
[2017.04.24-17.45.56:915][648]BlueprintLog: New page: Compile BPProjectileMissile
[2017.04.24-17.45.58:867][709]LogTemp: Repeting last play command: Selected Viewport
[2017.04.24-17.45.58:917][709]LogPlayLevel: PlayLevel: No blueprints needed recompiling
[2017.04.24-17.45.58:917][709]PIE: New page: PIE session: MapMain (Apr 24, 2017, 9:45:58 AM)
[2017.04.24-17.45.58:917][709]LogPlayLevel: Creating play world package: /Game/Maps/UEDPIE_0_MapMain
[2017.04.24-17.45.58:920][709]LogPlayLevel: PIE: StaticDuplicateObject took: (0.003067s)
[2017.04.24-17.45.58:921][709]LogAIModule: Creating AISystem for world MapMain
[2017.04.24-17.45.58:921][709]LogPlayLevel: PIE: World Init took: (0.000988s)
[2017.04.24-17.45.58:922][709]LogPlayLevel: PIE: Created PIE world by copying editor world from /Game/Maps/MapMain.MapMain to /Game/Maps/UEDPIE_0_MapMain.MapMain (0.004410s)
[2017.04.24-17.45.58:967][709]LogInit: XAudio2 using 'Headphone (Realtek High Definition Audio)' : 2 channels at 48 kHz using 32 bits per sample (channel mask 0x3)
[2017.04.24-17.45.58:982][709]LogInit: FAudioDevice initialized.
[2017.04.24-17.45.59:014][709]LogLoad: Game class is 'GameModeBase'
[2017.04.24-17.45.59:016][709]LogWorld: Bringing World /Game/Maps/UEDPIE_0_MapMain.MapMain up for play (max tick rate 60) at 2017.04.24-13.45.59
[2017.04.24-17.45.59:016][709]LogWorld: Bringing up level for play took: 0.001272
[2017.04.24-17.45.59:018][709]PIE: Info Play in editor start time for /Game/Maps/UEDPIE_0_MapMain -0.752
[2017.04.24-17.46.28:609][ 98]LogFileHelpers: Editor autosave (incl. sublevels) for '/Game/Maps/MapMain' took 0.148
[2017.04.24-17.46.28:631][ 98]OBJ SavePackage: Generating thumbnails for [1] asset(s) in package [/Game/Blueprints/BPProjectileMissile] ([1] browsable assets)...
[2017.04.24-17.46.28:651][ 98]OBJ SavePackage:     Rendered thumbnail for [Blueprint /Game/Blueprints/BPProjectileMissile.BPProjectileMissile]
[2017.04.24-17.46.28:651][ 98]OBJ SavePackage: Finished generating thumbnails for package [/Game/Blueprints/BPProjectileMissile]
[2017.04.24-17.46.28:651][ 98]Cmd: OBJ SAVEPACKAGE PACKAGE="/Game/Blueprints/BPProjectileMissile" FILE="H:/RusskyIstrebetel2/IskyRestrubel/Saved/Autosaves/Game/Blueprints/BPProjectileMissile_Auto5.uasset" SILENT=false AUTOSAVING=true
[2017.04.24-17.46.30:154][ 98]LogStats: FPlatformStackWalk::StackWalkAndDump -  0.857 s
[2017.04.24-17.46.30:154][ 98]LogOutputDevice:Error: === Handled ensure: ===
[2017.04.24-17.46.30:154][ 98]LogOutputDevice:Error: 
[2017.04.24-17.46.30:154][ 98]LogOutputDevice:Error: Ensure condition failed: nullptr != CDO [File:D:\Build\++UE4+Release-4.15+Compile\Sync\Engine\Source\Runtime\CoreUObject\Private\UObject\SavePackage.cpp] [Line: 3054]
[2017.04.24-17.46.30:154][ 98]LogOutputDevice:Error: Error: Invalid CDO in class /Engine/Transient.TRASHCLASS_BPProjectileMissile_222
[2017.04.24-17.46.30:154][ 98]LogOutputDevice:Error: Stack: 
[2017.04.24-17.46.30:154][ 98]LogOutputDevice:Error: UE4Editor-Core.dll!0x00000000D9F595E6
[2017.04.24-17.46.30:154][ 98]LogOutputDevice:Error: UE4Editor-Core.dll!0x00000000D9D09B82
[2017.04.24-17.46.30:154][ 98]LogOutputDevice:Error: UE4Editor-Core.dll!0x00000000D9D1B666
[2017.04.24-17.46.30:154][ 98]LogOutputDevice:Error: UE4Editor-CoreUObject.dll!0x00000000D9879D15
[2017.04.24-17.46.30:154][ 98]LogOutputDevice:Error: UE4Editor-CoreUObject.dll!0x00000000D98654CB
[2017.04.24-17.46.30:154][ 98]LogOutputDevice:Error: UE4Editor-CoreUObject.dll!0x00000000D986548C
[2017.04.24-17.46.30:154][ 98]LogOutputDevice:Error: UE4Editor-CoreUObject.dll!0x00000000D983859F
[2017.04.24-17.46.30:154][ 98]LogOutputDevice:Error: UE4Editor-CoreUObject.dll!0x00000000D9896B17
[2017.04.24-17.46.30:154][ 98]LogOutputDevice:Error: UE4Editor-CoreUObject.dll!0x00000000D9897FD5
[2017.04.24-17.46.30:154][ 98]LogOutputDevice:Error: UE4Editor-CoreUObject.dll!0x00000000D97ABDC3
[2017.04.24-17.46.30:154][ 98]LogOutputDevice:Error: UE4Editor-CoreUObject.dll!0x00000000D97AA1EC
[2017.04.24-17.46.30:154][ 98]LogOutputDevice:Error: UE4Editor-CoreUObject.dll!0x00000000D9897E06
[2017.04.24-17.46.30:154][ 98]LogOutputDevice:Error: UE4Editor-CoreUObject.dll!0x00000000D989527B
[2017.04.24-17.46.30:154][ 98]LogOutputDevice:Error: UE4Editor-CoreUObject.dll!0x00000000D9897FD5
[2017.04.24-17.46.30:154][ 98]LogOutputDevice:Error: UE4Editor-CoreUObject.dll!0x00000000D97ABDC3
[2017.04.24-17.46.30:154][ 98]LogOutputDevice:Error: UE4Editor-CoreUObject.dll!0x00000000D9815DA9
[2017.04.24-17.46.30:154][ 98]LogOutputDevice:Error: UE4Editor-CoreUObject.dll!0x00000000D98125CE
[2017.04.24-17.46.30:154][ 98]LogOutputDevice:Error: UE4Editor-CoreUObject.dll!0x00000000D9877622
[2017.04.24-17.46.30:154][ 98]LogOutputDevice:Error: UE4Editor-CoreUObject.dll!0x00000000D98990C7
[2017.04.24-17.46.30:154][ 98]LogOutputDevice:Error: UE4Editor-CoreUObject.dll!0x00000000D9889E22
[2017.04.24-17.46.30:154][ 98]LogOutputDevice:Error: UE4Editor-UnrealEd.dll!0x00000000D626F160
[2017.04.24-17.46.30:154][ 98]LogOutputDevice:Error: UE4Editor-UnrealEd.dll!0x00000000D626FA99
[2017.04.24-17.46.30:154][ 98]LogOutputDevice:Error: UE4Editor-UnrealEd.dll!0x00000000D62ACB78
[2017.04.24-17.46.30:155][ 98]LogOutputDevice:Error: UE4Editor-UnrealEd.dll!0x00000000D62A9559
[2017.04.24-17.46.30:155][ 98]LogOutputDevice:Error: UE4Editor-UnrealEd.dll!0x00000000D6A9A945
[2017.04.24-17.46.30:155][ 98]LogOutputDevice:Error: UE4Editor-UnrealEd.dll!0x00000000D64DFB37
[2017.04.24-17.46.30:155][ 98]LogOutputDevice:Error: UE4Editor-UnrealEd.dll!0x00000000D6733783
[2017.04.24-17.46.30:155][ 98]LogOutputDevice:Error: UE4Editor-UnrealEd.dll!0x00000000D6A82101
[2017.04.24-17.46.30:155][ 98]LogOutputDevice:Error: UE4Editor.exe!0x000000003F43DEE3
[2017.04.24-17.46.30:155][ 98]LogOutputDevice:Error: UE4Editor.exe!0x000000003F42EB40
[2017.04.24-17.46.30:155][ 98]LogOutputDevice:Error: UE4Editor.exe!0x000000003F42EBBA
[2017.04.24-17.46.30:155][ 98]LogOutputDevice:Error: UE4Editor.exe!0x000000003F440A29
[2017.04.24-17.46.30:155][ 98]LogOutputDevice:Error: UE4Editor.exe!0x000000003F4422B6
[2017.04.24-17.46.30:155][ 98]LogOutputDevice:Error: kernel32.dll!0x00000000774759CD
[2017.04.24-17.46.30:155][ 98]LogOutputDevice:Error: ntdll.dll!0x00000000775AA561
[2017.04.24-17.46.30:155][ 98]LogOutputDevice:Error: 
[2017.04.24-17.46.30:161][ 98]LogStats:                SubmitErrorReport -  0.000 s
