Log file open, 04/20/17 11:45:59
LogInit:Display: Running engine for game: IskyRestrubel
LogPlatformFile: Not using cached read wrapper
LogInit:Display: RandInit(-1363886427) SRandInit(-1363886426).
LogTaskGraph: Started task graph with 5 named threads and 6 total threads with 1 sets of task threads.
LogStats: Stats thread started at 0.151868
LogInit: Using libcurl 7.47.1
LogInit:  - built for x86_64-pc-win32
LogInit:  - supports SSL with OpenSSL/1.0.2g
LogInit:  - supports HTTP deflate (compression) using libz 1.2.8
LogInit:  - other features:
LogInit:      CURL_VERSION_SSL
LogInit:      CURL_VERSION_LIBZ
LogInit:      CURL_VERSION_IPV6
LogInit:      CURL_VERSION_ASYNCHDNS
LogInit:      CURL_VERSION_LARGEFILE
LogInit:      CURL_VERSION_IDN
LogInit:  CurlRequestOptions (configurable via config and command line):
LogInit:  - bVerifyPeer = false  - Libcurl will NOT verify peer certificate
LogInit:  - bUseHttpProxy = false  - Libcurl will NOT use HTTP proxy
LogInit:  - bDontReuseConnections = false  - Libcurl will reuse connections
LogInit:  - CertBundlePath = nullptr  - Libcurl will use whatever was configured at build time.
LogInit: Build: ++UE4+Release-4.15-CL-3348071
LogInit: Engine Version: 4.15.1-3348071+++UE4+Release-4.15
LogInit: Compatible Engine Version: 4.15.0-3299760+++UE4+Release-4.15
LogInit: Net CL: 3299760
LogDevObjectVersion: Number of dev versions registered: 14
LogDevObjectVersion:   Dev-Blueprints (B0D832E4-1F89-4F0D-ACCF-7EB736FD4AA2): 8
LogDevObjectVersion:   Dev-Build (E1C64328-A22C-4D53-A36C-8E866417BD8C): 0
LogDevObjectVersion:   Dev-Core (375EC13C-06E4-48FB-B500-84F0262A717E): 2
LogDevObjectVersion:   Dev-Editor (E4B068ED-F494-42E9-A231-DA0B2E46BB41): 14
LogDevObjectVersion:   Dev-Framework (CFFC743F-43B0-4480-9391-14DF171D2073): 22
LogDevObjectVersion:   Dev-Mobile (B02B49B5-BB20-44E9-A304-32B752E40360): 0
LogDevObjectVersion:   Dev-Networking (A4E4105C-59A1-49B5-A7C5-40C4547EDFEE): 0
LogDevObjectVersion:   Dev-Online (39C831C9-5AE6-47DC-9A44-9C173E1C8E7C): 0
LogDevObjectVersion:   Dev-Physics (78F01B33-EBEA-4F98-B9B4-84EACCB95AA2): 0
LogDevObjectVersion:   Dev-Platform (6631380F-2D4D-43E0-8009-CF276956A95A): 0
LogDevObjectVersion:   Dev-Rendering (12F88B9F-8875-4AFC-A67C-D90C383ABD29): 12
LogDevObjectVersion:   Dev-Sequencer (7B5AE74C-D270-4C10-A958-57980B212A5A): 3
LogDevObjectVersion:   Dev-VR (D7296918-1DD6-4BDD-9DE2-64A83CC13884): 0
LogDevObjectVersion:   Dev-LoadTimes (C2A15278-BFE7-4AFE-6C17-90FF531DF755): 1
LogInit: Compiled (64-bit): Mar 15 2017 16:52:47
LogInit: Compiled with Visual C++: 19.00.23026.00
LogInit: Build Configuration: Development
LogInit: Branch Name: ++UE4+Release-4.15
LogInit: Command line:  
LogInit: Base directory: C:/Program Files/Epic Games/UE_4.15/Engine/Binaries/Win64/
LogInit: Installed Engine Build: 1
LogInit: Presizing for max 8388607 objects, including 0 objects not considered by GC, pre-allocating 0 bytes for permanent pool.
LogInit: Object subsystem initialized
[2017.04.20-15.46.01:585][  0]LogInit: Selected Device Profile: [Windows]
[2017.04.20-15.46.01:585][  0]LogInit: Applying CVar settings loaded from the selected device profile: [Windows]
[2017.04.20-15.46.01:691][  0]LogInit: Computer: PRG22740
[2017.04.20-15.46.01:691][  0]LogInit: User: arodriguez
[2017.04.20-15.46.01:691][  0]LogInit: CPU Page size=65536, Cores=2
[2017.04.20-15.46.01:691][  0]LogInit: High frequency timer resolution =2.435888 MHz
[2017.04.20-15.46.01:692][  0]LogMemory: Memory total: Physical=7.9GB (8GB approx)
[2017.04.20-15.46.01:692][  0]LogMemory: Platform Memory Stats for Windows
[2017.04.20-15.46.01:692][  0]LogMemory: Process Physical Memory: 262.38 MB used, 262.38 MB peak
[2017.04.20-15.46.01:692][  0]LogMemory: Process Virtual Memory: 263.90 MB used, 263.90 MB peak
[2017.04.20-15.46.01:692][  0]LogMemory: Physical Memory: 3096.55 MB used,  5000.59 MB free, 8097.14 MB total
[2017.04.20-15.46.01:692][  0]LogMemory: Virtual Memory: 628.97 MB used,  5000.59 MB free, 8388608.00 MB total
[2017.04.20-15.46.02:399][  0]LogTextLocalizationManager: No specific translations for ('en-US') exist, so ('en') translations will be used.
[2017.04.20-15.46.07:828][  0]LogD3D11RHI: D3D11 adapters:
[2017.04.20-15.46.07:844][  0]LogD3D11RHI:    0. 'Intel(R) HD Graphics 4600' (Feature Level 11_0)
[2017.04.20-15.46.07:844][  0]LogD3D11RHI:       2094/0/3792 MB DedicatedVideo/DedicatedSystem/SharedSystem, Outputs:2, VendorId:0x8086
[2017.04.20-15.46.07:844][  0]LogD3D11RHI: Chosen D3D11 Adapter: 0
[2017.04.20-15.46.07:849][  0]LogD3D11RHI: Creating new Direct3DDevice
[2017.04.20-15.46.07:849][  0]LogD3D11RHI:     GPU DeviceId: 0x416 (for the marketing name, search the web for "GPU Device Id")
[2017.04.20-15.46.07:849][  0]LogWindows: EnumDisplayDevices:
[2017.04.20-15.46.07:849][  0]LogWindows:    0. 'Intel(R) HD Graphics 4600' (P:1 D:1)
[2017.04.20-15.46.07:849][  0]LogWindows:    1. 'Intel(R) HD Graphics 4600' (P:0 D:1)
[2017.04.20-15.46.07:850][  0]LogWindows:    2. 'Intel(R) HD Graphics 4600' (P:0 D:0)
[2017.04.20-15.46.07:850][  0]LogWindows:    3. 'Intel(R) HD Graphics 4600' (P:0 D:0)
[2017.04.20-15.46.07:850][  0]LogWindows:    4. 'Intel(R) HD Graphics 4600' (P:0 D:0)
[2017.04.20-15.46.07:850][  0]LogWindows:    5. 'Intel(R) HD Graphics 4600' (P:0 D:0)
[2017.04.20-15.46.07:850][  0]LogWindows:    6. 'Intel(R) HD Graphics 4600' (P:0 D:0)
[2017.04.20-15.46.07:850][  0]LogWindows:    7. 'Intel(R) HD Graphics 4600' (P:0 D:0)
[2017.04.20-15.46.07:851][  0]LogWindows:    8. 'Intel(R) HD Graphics 4600' (P:0 D:0)
[2017.04.20-15.46.07:851][  0]LogWindows:    9. 'RDPDD Chained DD' (P:0 D:0)
[2017.04.20-15.46.07:851][  0]LogWindows:    10. 'RDP Encoder Mirror Driver' (P:0 D:0)
[2017.04.20-15.46.07:851][  0]LogWindows:    11. 'RDP Reflector Display Driver' (P:0 D:0)
[2017.04.20-15.46.07:851][  0]LogWindows: DebugString: GetVideoDriverDetailsInvalid PrimaryIsNotTheChoosenAdapter GetVideoDriverDetailsInvalid PrimaryIsNotTheChoosenAdapter GetVideoDriverDetailsInvalid PrimaryIsNotTheChoosenAdapter FoundDriverCount:9 
[2017.04.20-15.46.07:851][  0]LogD3D11RHI:     Adapter Name: Intel(R) HD Graphics 4600
[2017.04.20-15.46.07:851][  0]LogD3D11RHI:   Driver Version: 10.18.14.4099 (internal:10.18.14.4099, unified:10.18.14.4099)
[2017.04.20-15.46.07:851][  0]LogD3D11RHI:      Driver Date: 1-19-2015
[2017.04.20-15.46.07:851][  0]LogRHI: Texture pool is 1361 MB (70% of 1945 MB)
[2017.04.20-15.46.07:867][  0]LogD3D11RHI: Async texture creation enabled
[2017.04.20-15.46.07:876][  0]LogD3D11RHI: GPU Timing Frequency: 12.500000 (Debug: 2 1)
[2017.04.20-15.46.07:877][  0]LogShaderCompilers: Guid format shader working directory is -5 characters bigger than the processId version (../../../../../../Users/arodriguez/Desktop/IskyRestrubel/Intermediate/Shaders/WorkingDirectory/8528/).
[2017.04.20-15.46.07:877][  0]LogShaderCompilers: Cleaned the shader compiler working directory 'C:/Users/arodriguez/AppData/Local/Temp/UnrealShaderWorkingDir/15EAD755478C54E8AE528FB956DC0F37/'.
[2017.04.20-15.46.07:877][  0]LogShaderCompilers:Display: Using Local Shader Compiler.
[2017.04.20-15.46.12:186][  0]LogTemp:Display: Loaded TP AllDesktopTargetPlatform
[2017.04.20-15.46.12:256][  0]LogTemp:Display: Loaded TP MacClientTargetPlatform
[2017.04.20-15.46.12:318][  0]LogTemp:Display: Loaded TP MacNoEditorTargetPlatform
[2017.04.20-15.46.12:371][  0]LogTemp:Display: Loaded TP MacServerTargetPlatform
[2017.04.20-15.46.12:463][  0]LogTemp:Display: Loaded TP MacTargetPlatform
[2017.04.20-15.46.12:524][  0]LogTemp:Display: Loaded TP WindowsClientTargetPlatform
[2017.04.20-15.46.12:580][  0]LogTemp:Display: Loaded TP WindowsNoEditorTargetPlatform
[2017.04.20-15.46.12:644][  0]LogTemp:Display: Loaded TP WindowsServerTargetPlatform
[2017.04.20-15.46.12:693][  0]LogTemp:Display: Loaded TP WindowsTargetPlatform
[2017.04.20-15.46.12:782][  0]LogTemp:Display: Loaded TP AndroidTargetPlatform
[2017.04.20-15.46.12:847][  0]LogTemp:Display: Loaded TP Android_ASTCTargetPlatform
[2017.04.20-15.46.12:912][  0]LogTemp:Display: Loaded TP Android_ATCTargetPlatform
[2017.04.20-15.46.12:978][  0]LogTemp:Display: Loaded TP Android_DXTTargetPlatform
[2017.04.20-15.46.13:037][  0]LogTemp:Display: Loaded TP Android_ETC1TargetPlatform
[2017.04.20-15.46.13:098][  0]LogTemp:Display: Loaded TP Android_ETC2TargetPlatform
[2017.04.20-15.46.13:214][  0]LogTemp:Display: Loaded TP Android_MultiTargetPlatform
[2017.04.20-15.46.13:214][  0]LogTemp:Display: Loaded TP Android_PVRTCTargetPlatform
[2017.04.20-15.46.13:250][  0]LogTemp:Display: Loaded TP HTML5TargetPlatform
[2017.04.20-15.46.13:453][  0]LogTemp:Display: Loaded TP IOSTargetPlatform
[2017.04.20-15.46.13:498][  0]LogTemp:Display: Loaded TP TVOSTargetPlatform
[2017.04.20-15.46.13:556][  0]LogTemp:Display: Loaded TP LinuxClientTargetPlatform
[2017.04.20-15.46.13:614][  0]LogTemp:Display: Loaded TP LinuxNoEditorTargetPlatform
[2017.04.20-15.46.13:676][  0]LogTemp:Display: Loaded TP LinuxServerTargetPlatform
[2017.04.20-15.46.13:752][  0]LogTemp:Display: Loaded TP LinuxTargetPlatform
[2017.04.20-15.46.13:752][  0]LogTargetPlatformManager:Display: Building Assets For Windows
[2017.04.20-15.46.14:740][  0]LogDerivedDataCache:Display: Max Cache Size: 512 MB
[2017.04.20-15.46.15:304][  0]LogDerivedDataCache: Loaded boot cache 0.56s 50MB C:/Users/arodriguez/AppData/Local/UnrealEngine/4.15/DerivedDataCache/Boot.ddc.
[2017.04.20-15.46.15:304][  0]LogDerivedDataCache:Display: Loaded Boot cache: C:/Users/arodriguez/AppData/Local/UnrealEngine/4.15/DerivedDataCache/Boot.ddc
[2017.04.20-15.46.15:304][  0]LogDerivedDataCache: FDerivedDataBackendGraph:  Pak pak cache file ../../../../../../Users/arodriguez/Desktop/IskyRestrubel/DerivedDataCache/DDC.ddp not found, will not use a pak cache.
[2017.04.20-15.46.15:304][  0]LogDerivedDataCache: Unable to find inner node Pak for hierarchical cache Hierarchy.
[2017.04.20-15.46.15:304][  0]LogDerivedDataCache: FDerivedDataBackendGraph:  CompressedPak pak cache file ../../../../../../Users/arodriguez/Desktop/IskyRestrubel/DerivedDataCache/Compressed.ddp not found, will not use a pak cache.
[2017.04.20-15.46.15:304][  0]LogDerivedDataCache: Unable to find inner node CompressedPak for hierarchical cache Hierarchy.
[2017.04.20-15.46.15:379][  0]LogDerivedDataCache:Display: Pak cache opened for reading ../../../Engine/DerivedDataCache/Compressed.ddp.
[2017.04.20-15.46.15:410][  0]LogDerivedDataCache: Using Local data cache path C:/Users/arodriguez/AppData/Local/UnrealEngine/Common/DerivedDataCache: Writable
[2017.04.20-15.46.15:421][  0]LogSlate: Using Freetype 2.6.0
[2017.04.20-15.46.15:603][  0]LogSlate: SlateFontCache - WITH_FREETYPE: 1, WITH_HARFBUZZ: 1
[2017.04.20-15.46.15:604][  0]LogSlate: SlateFontCache - WITH_FREETYPE: 1, WITH_HARFBUZZ: 1
[2017.04.20-15.46.28:046][  0]LogInit: Selected Device Profile: [Windows]
[2017.04.20-15.46.28:056][  0]LogContentStreaming: Texture pool size is 0.00 MB
[2017.04.20-15.46.28:863][  0]LogMeshUtilities: Using QuadricMeshReduction for automatic static mesh reduction
[2017.04.20-15.46.28:965][  0]LogSimplygon: Simplygon DLL not present - disabling.
[2017.04.20-15.46.29:077][  0]LogMeshUtilities: Using SimplygonSwarm for distributed automatic mesh merging
[2017.04.20-15.46.29:077][  0]LogMeshUtilities: No automatic skeletal mesh reduction module available
[2017.04.20-15.46.29:077][  0]LogMeshUtilities: No automatic mesh merging module available
[2017.04.20-15.46.31:980][  0]LogNetVersion: GetLocalNetworkVersion: CL: 3299760, ProjectName: iskyrestrubel, ProjectVersion: , EngineNetworkVersion: 2, GameNetworkVersion: 0, NetworkChecksum: 3238313141
[2017.04.20-15.46.32:036][  0]LogAssetRegistry: FAssetRegistry took 0.0206 seconds to start up
[2017.04.20-15.46.32:147][  0]LogPackageLocalizationCache: Processed 3 localized package path(s) for 2 prioritized culture(s) in 0.071824 seconds
[2017.04.20-15.46.32:159][  0]LogUObjectArray: 32493 objects as part of root set at end of initial load.
[2017.04.20-15.46.32:159][  0]LogUObjectAllocator: 7077032 out of 0 bytes used by permanent object pool.
[2017.04.20-15.46.32:159][  0]LogUObjectArray: CloseDisregardForGC: 0/0 objects in disregard for GC pool
[2017.04.20-15.46.32:280][  0]LogInit: WinSock: version 1.1 (2.2), MaxSocks=32767, MaxUdp=65467
[2017.04.20-15.46.52:313][  0]LogTcpMessaging: Initializing TcpMessaging bridge
[2017.04.20-15.46.52:365][  0]LogUdpMessaging: Initializing bridge on interface 0.0.0.0:0 to multicast group 230.0.0.1:6666.
[2017.04.20-15.46.53:979][  0]LogMaterial: Uniform references updated for custom material expression Custom.
[2017.04.20-15.46.55:263][  0]SourceControl: Info Source control is disabled
[2017.04.20-15.46.55:918][  0]SourceControl: Info Source control is disabled
[2017.04.20-15.46.56:028][  0]SourceControl: Info Source control is disabled
[2017.04.20-15.46.56:120][  0]SourceControl: Info Source control is disabled
[2017.04.20-15.46.59:696][  0]LogEngine: Initializing Engine...
[2017.04.20-15.46.59:697][  0]LogHMD: Failed to initialize OpenVR with code 110
[2017.04.20-15.47.00:560][  0]LogAIModule: Creating AISystem for world Untitled
[2017.04.20-15.47.00:584][  0]LogInit: XAudio2 using 'Headphone (Realtek High Definition Audio)' : 2 channels at 48 kHz using 32 bits per sample (channel mask 0x3)
[2017.04.20-15.47.00:791][  0]LogInit: FAudioDevice initialized.
[2017.04.20-15.47.00:904][  0]LogDerivedDataCache: Saved boot cache 0.11s 50MB C:/Users/arodriguez/AppData/Local/UnrealEngine/4.15/DerivedDataCache/Boot.ddc.
[2017.04.20-15.47.00:915][  0]LogInit: Texture streaming: Enabled
[2017.04.20-15.47.01:081][  0]LogEngineSessionManager: EngineSessionManager initialized
[2017.04.20-15.47.01:288][  0]LogInit: Transaction tracking system initialized
[2017.04.20-15.47.01:984][  0]BlueprintLog: New page: Editor Load
[2017.04.20-15.47.03:476][  0]LocalizationService: Info Localization service is disabled
[2017.04.20-15.47.04:485][  0]LogConsoleResponse:Display: 
[2017.04.20-15.47.07:255][  0]LogCook:Display: Max memory allowance for cook 16384mb min free memory 0mb
[2017.04.20-15.47.07:255][  0]LogCook:Display: Mobile HDR setting 1
[2017.04.20-15.47.07:822][  0]LogFileCache: Scanning file cache for directory 'C:/Users/arodriguez/Desktop/IskyRestrubel/Content/' took 0.06s
[2017.04.20-15.47.11:851][  0]SourceControl: Info Source control is disabled
[2017.04.20-15.47.12:059][  0]LogSlate: Took 0.013951 seconds to synchronously load lazily loaded font '../../../Engine/Content/Slate/Fonts/Roboto-Regular.ttf' (155K)
[2017.04.20-15.47.27:073][  0]Cmd: MAP LOAD FILE="../../../../../../Users/arodriguez/Desktop/IskyRestrubel/Content/Maps/MapMain.umap" TEMPLATE=0 SHOWPROGRESS=1 FEATURELEVEL=3
[2017.04.20-15.47.27:074][  0]LightingResults: New page: Lighting Build
[2017.04.20-15.47.27:288][  0]MapCheck: New page: Map Check
[2017.04.20-15.47.27:288][  0]LightingResults: New page: Lighting Build
[2017.04.20-15.47.27:924][  0]LogAIModule: Creating AISystem for world MapMain
[2017.04.20-15.47.28:051][  0]LogEditorServer: Finished looking for orphan Actors (0.000 secs)
[2017.04.20-15.47.28:056][  0]Cmd: MAP CHECKDEP NOCLEARLOG
[2017.04.20-15.47.28:163][  0]MapCheck: Info Map check complete: 0 Error(s), 0 Warning(s), took 106.245ms to complete.
[2017.04.20-15.47.28:163][  0]LogFileHelpers: Loading map 'MapMain' took 1.091
[2017.04.20-15.47.29:105][  0]LogStats:Warning: MetaData mismatch. Did you assign a stat to two groups? New //STATGROUP_Threads//SplashScreenThread///Thread_1180_0///####STATCAT_Advanced#### old //STATGROUP_Threads//SplashScreenThread///Thread_2008_0///####STATCAT_Advanced####
[2017.04.20-15.47.29:105][  0]LogCollectionManager: Loaded 0 collections in 0.005123 seconds
[2017.04.20-15.47.29:361][  0]LogFileCache: Scanning file cache for directory 'C:/Users/arodriguez/Desktop/IskyRestrubel/Saved/Collections/' took 0.01s
[2017.04.20-15.47.29:361][  0]LogFileCache: Scanning file cache for directory 'C:/Users/arodriguez/Desktop/IskyRestrubel/Content/Developers/arodriguez/Collections/' took 0.01s
[2017.04.20-15.47.29:361][  0]LogFileCache: Scanning file cache for directory 'C:/Users/arodriguez/Desktop/IskyRestrubel/Content/Collections/' took 0.01s
[2017.04.20-15.47.29:361][  0]LogCollectionManager: Rebuilt the GUID cache for 0 collections in 0.000005 seconds
[2017.04.20-15.47.29:401][  0]LogContentBrowser: Native class hierarchy populated in 0.0386 seconds. Added 2245 classes and 453 folders.
[2017.04.20-15.47.29:412][  0]LogStats: UGameplayTagsManager::ConstructGameplayTagTree: Construct from data asset -  0.000 s
[2017.04.20-15.47.29:412][  0]LogStats: UGameplayTagsManager::ConstructGameplayTagTree: GameplayTagTreeChangedEvent.Broadcast -  0.000 s
[2017.04.20-15.47.29:622][  0]LogContentBrowser: Native class hierarchy updated for 'WidgetCarousel' in 0.0016 seconds. Added 0 classes and 0 folders.
[2017.04.20-15.47.34:042][  0]LogContentBrowser: Native class hierarchy updated for 'AddContentDialog' in 0.0018 seconds. Added 0 classes and 0 folders.
[2017.04.20-15.47.34:138][  0]LogContentBrowser: Native class hierarchy updated for 'SceneOutliner' in 0.0010 seconds. Added 1 classes and 2 folders.
[2017.04.20-15.47.34:252][  0]LogCrashTracker: Crashtracker disabled due to settings.
[2017.04.20-15.47.34:263][  0]LogUObjectGlobals:Warning: Failed to find object 'Class None.'
[2017.04.20-15.47.34:448][  0]LogContentBrowser: Native class hierarchy updated for 'HierarchicalLODOutliner' in 0.0016 seconds. Added 1 classes and 2 folders.
[2017.04.20-15.47.34:449][  0]LogLoad: (Engine Initialization) Total time: 103.14 seconds
[2017.04.20-15.47.34:449][  0]LogLoad: (Engine Initialization) Total Blueprint compile time: 0.29 seconds
[2017.04.20-15.47.34:449][  0]LogExternalProfiler: Found external profiler: VSPerf
[2017.04.20-15.47.34:449][  0]LogExternalProfiler: Using external profiler: VSPerf
[2017.04.20-15.47.34:468][  0]LogOcInput: OculusInput pre-init called
[2017.04.20-15.47.34:500][  0]LogContentStreaming: Texture pool size now 1000 MB
[2017.04.20-15.47.34:549][  0]LogSlate: Took 0.042662 seconds to synchronously load lazily loaded font '../../../Engine/Content/Slate/Fonts/Roboto-Bold.ttf' (160K)
[2017.04.20-15.47.34:648][  0]LogSlate: Took 0.085171 seconds to synchronously load lazily loaded font '../../../Engine/Content/Editor/Slate/Fonts/FontAwesome.ttf' (139K)
[2017.04.20-15.47.35:996][  0]LogRenderer: Reallocating scene render targets to support 856x376 NumSamples 1 (Frame:2).
[2017.04.20-15.47.35:996][  0]LogSlate: Took 0.337103 seconds to synchronously load lazily loaded font '../../../Engine/Content/Slate/Fonts/Roboto-Light.ttf' (159K)
[2017.04.20-15.47.36:559][  2]LogSlate: Took 0.000357 seconds to synchronously load lazily loaded font '../../../Engine/Content/Slate/Fonts/Roboto-Light.ttf' (159K)
[2017.04.20-15.47.36:644][  3]LogAssetRegistry: Asset discovery search completed in 64.6225 seconds
[2017.04.20-15.47.36:644][  3]LogCollectionManager: Rebuilt the object cache for 0 collections in 0.000009 seconds (found 0 objects)
[2017.04.20-15.47.36:644][  3]LogCollectionManager: Fixed up redirectors for 0 collections in 0.000028 seconds (updated 0 objects)
[2017.04.20-15.47.57:363][482]LogSlate: Took 0.000315 seconds to synchronously load lazily loaded font '../../../Engine/Content/Slate/Fonts/Roboto-Light.ttf' (159K)
[2017.04.20-15.47.58:222][482]LogSlate: Took 0.000223 seconds to synchronously load lazily loaded font '../../../Engine/Content/Slate/Fonts/Roboto-Regular.ttf' (155K)
[2017.04.20-15.47.58:775][482]LogContentBrowser: Native class hierarchy updated for 'BlueprintGraph' in 0.0023 seconds. Added 112 classes and 0 folders.
[2017.04.20-15.48.00:927][482]LogSlate: Took 0.083532 seconds to synchronously load lazily loaded font '../../../Engine/Content/Editor/Slate/Fonts/Roboto-BoldCondensed.ttf' (158K)
[2017.04.20-15.48.06:452][585]LogSlate: Took 0.022818 seconds to synchronously load lazily loaded font '../../../Engine/Content/Editor/Slate/Fonts/Roboto-Italic.ttf' (157K)
